0.27 0.0405 38.2327 0.645497 849.854 0.00112153 1.74183 0.0273046 8.06987e+12 1.02584e+13
0.28 0.042 39.6537 0.64806 879.371 0.00108819 1.72962 0.0286369 1.00391e+13 1.25114e+13
0.29 0.0435 41.075 0.650452 911.891 0.00105326 1.71593 0.0302048 1.26969e+13 1.55348e+13
0.3 0.045 42.4967 0.652636 947.575 0.001017 1.7006 0.0319762 1.62856e+13 1.95944e+13
0.31 0.0465 43.9187 0.654531 986.608 0.0009796 1.68346 0.0338736 2.11103e+13 2.50338e+13
0.32 0.048 45.3412 0.655989 1029.16 0.000941187 1.66436 0.0359665 2.76837e+13 3.24659e+13
0.33 0.0495 46.764 0.656747 1075.4 0.000901759 1.64316 0.0386565 3.70667e+13 4.32194e+13
0.34 0.051 48.1872 0.656372 1125.38 0.000861223 1.61985 0.0412553 4.96449e+13 5.80511e+13
0.35 0.0525 49.6108 0.654152 1179.07 0.000819225 1.59458 0.0436838 6.63623e+13 7.89249e+13
0.36 0.054 51.0348 0.648971 1236.21 0.000775167 1.56781 0.0474704 9.13688e+13 1.13072e+14
0.37 0.0555 52.4592 0.639113 1296.22 0.000728051 1.54049 0.0505786 1.23386e+14 1.64841e+14
0.38 0.057 53.8839 0.622021 1357.74 0.000676472 1.51445 0.053356 1.64127e+14 2.51097e+14
0.39 0.0585 55.309 0.593967 1417.76 0.000618617 1.49311 0.0539475 2.06014e+14 3.96981e+14
0.4 0.06 56.7346 0.54937 1469.21 0.000552132 1.48308 0.0520039 2.3734e+14 6.75664e+14
0.41 0.0615 58.1605 0.479801 1494.94 0.000473915 1.49749 0.0477386 2.37628e+14 1.3313e+15
0.42 0.063 59.5868 0.37447 1451.87 0.000380848 1.56138 0.0778292 3.34725e+14 6.47575e+15
0.43 0.0645 61.0135 0.233958 1235.31 0.000279657 1.70893 0.0536436 1.02873e+14 2.09075e+16
0.44 0.066 62.4406 0.124221 762.389 0.000240592 1.89368 0.0066426 1.14059e+12 5.4934e+15
0.45 0.0675 63.868 0.0961538 401.168 0.000353918 1.96873 0.00322685 2.23521e+10 3.87411e+14
0.46 0.069 65.2959 0.0915993 247.578 0.000546315 1.98712 0.00139465 8.64837e+08 1.91055e+13
0.47 0.0705 66.7242 0.0910356 175.082 0.000767772 1.99336 0.00081522 8.94111e+07 2.03714e+12
0.48 0.072 68.1529 0.0915865 134.668 0.00100422 1.9963 0.000568269 1.67797e+07 3.70948e+11
0.49 0.0735 69.582 0.0926059 109.339 0.00125062 1.99804 0.000444029 4.62589e+06 9.67581e+10
0.5 0.075 71.0114 0.093878 92.129 0.00150463 1.99923 0.000375665 1.66223e+06 3.24757e+10
0.51 0.0765 72.4413 0.0953098 79.737 0.00176498 2.00013 0.00033758 725414 1.31396e+10
0.52 0.078 73.8716 0.0968537 70.419 0.0020309 2.00085 0.000318682 367889 6.14924e+09
0.53 0.0795 75.3024 0.0984841 63.172 0.002302 2.00144 0.00031394 210562 3.23768e+09
0.54 0.081 76.7335 0.100185 57.383 0.00257798 2.00192 0.000321235 133244 1.88074e+09
0.55 0.0825 78.1651 0.101945 52.658 0.00285867 2.0023 0.000339834 91727 1.18674e+09
0.56 0.084 79.597 0.103759 48.73 0.00314407 2.00256 0.000370031 67784.4 8.02951e+08
0.57 0.0855 81.0294 0.105622 45.416 0.00343407 2.00271 0.000412374 53118.4 5.75643e+08
0.58 0.087 82.4623 0.107531 42.583 0.00372874 2.00273 0.000468037 43688.9 4.32892e+08
0.59 0.0885 83.8956 0.109486 40.133 0.00402827 2.00262 0.000538082 37347.9 3.38192e+08
0.6 0.09 85.3293 0.111484 37.994 0.0043327 2.00235 0.000623867 32928.9 2.72401e+08
0.61 0.0915 86.7635 0.113525 36.111 0.00464209 2.00191 0.000727079 29763.8 2.24866e+08
0.62 0.093 88.1981 0.11561 34.44 0.00495672 2.00128 0.000848851 27419.3 1.89133e+08
0.63 0.0945 89.6332 0.117738 32.947 0.00527673 2.00045 0.000991818 25669.7 1.61628e+08
0.64 0.096 91.0687 0.119912 31.606 0.00560218 1.99941 0.00115558 24297.3 1.39612e+08
0.65 0.0975 92.5047 0.122131 30.395 0.00593318 1.99813 0.00134289 23225.3 1.21762e+08
0.66 0.099 93.9412 0.124398 29.295 0.00627022 1.9966 0.00155482 22364.4 1.06949e+08
0.67 0.1005 95.3782 0.126712 28.291 0.00661352 1.9948 0.00179435 21679.9 9.4548e+07
0.68 0.102 96.8157 0.129076 27.373 0.00696283 1.99272 0.00206121 21117.5 8.39656e+07
0.69 0.1035 98.2536 0.131491 26.528 0.00731905 1.99034 0.0023567 20641.3 7.48067e+07
0.7 0.105 99.6921 0.133959 25.75 0.00768167 1.98764 0.00268383 20255.9 6.68936e+07
0.71 0.1065 101.131 0.13648 25.03 0.00805142 1.98464 0.00304133 19919.5 5.99254e+07
0.72 0.108 102.571 0.139058 24.362 0.00842841 1.98123 0.0034375 19666.1 5.38795e+07
0.73 0.1095 104.011 0.141694 23.741 0.00881282 1.97752 0.00386274 19422.3 4.8443e+07
0.74 0.111 105.451 0.14439 23.162 0.00920498 1.97345 0.00432356 19214.6 4.36151e+07
0.75 0.1125 106.892 0.147147 22.621 0.00960509 1.96894 0.0048263 19058.2 3.93564e+07
0.76 0.114 108.334 0.149968 22.115 0.0100132 1.96403 0.00536833 18931.4 3.55531e+07
0.77 0.1155 109.776 0.152854 21.641 0.0104295 1.95875 0.00594592 18815.5 3.21231e+07
0.78 0.117 111.219 0.155772 21.2 0.0108497 1.95314 0.00655376 18710.2 2.90613e+07
0.79 0.1185 112.662 0.158728 20.79 0.0112736 1.94714 0.00719866 18639.5 2.63539e+07
0.8 0.12 114.106 0.161735 20.404 0.0117045 1.94075 0.00788093 18580.8 2.39179e+07
0.81 0.1215 115.551 0.164799 20.042 0.0121416 1.93395 0.0086014 18543.2 2.17316e+07
0.82 0.123 116.996 0.167925 19.7 0.0125867 1.92686 0.00935049 18495.9 1.97324e+07
0.83 0.1245 118.442 0.171114 19.376 0.0130402 1.91929 0.0101445 18469.7 1.79355e+07
0.84 0.126 119.888 0.174372 19.07 0.0135017 1.91122 0.0109871 18473.3 1.63248e+07
0.85 0.1275 121.335 0.1777 18.78 0.0139719 1.90281 0.0118622 18473.6 1.48525e+07
0.86 0.129 122.783 0.181102 18.505 0.0144509 1.89415 0.0127605 18459.6 1.34988e+07
0.87 0.1305 124.231 0.184579 18.244 0.0149391 1.88486 0.0137184 18484.7 1.2291e+07
0.88 0.132 125.68 0.188135 17.995 0.0154376 1.8752 0.0147127 18508.1 1.11866e+07
0.89 0.1335 127.129 0.191772 17.758 0.0159461 1.86528 0.0157316 18520.5 1.0172e+07
0.9 0.135 128.579 0.195493 17.533 0.0164641 1.85471 0.0168134 18571.5 9.2656e+06
0.91 0.1365 130.03 0.1993 17.318 0.0169931 1.84374 0.0179326 18622.7 8.43705e+06
0.92 0.138 131.482 0.203195 17.113 0.0175327 1.83237 0.019091 18679.7 7.68228e+06
0.93 0.1395 132.934 0.207181 16.917 0.0180838 1.8209 0.0202576 18711.8 6.98317e+06
0.94 0.141 134.387 0.21126 16.731 0.0186448 1.80886 0.0214797 18773.6 6.35548e+06
0.95 0.1425 135.841 0.215434 16.553 0.0192177 1.79623 0.0227581 18855.1 5.78816e+06
0.96 0.144 137.296 0.219706 16.382 0.0198033 1.78322 0.0240734 18935.8 5.26939e+06
0.97 0.1455 138.751 0.224078 16.22 0.0203991 1.77017 0.0253913 19004.2 4.79225e+06
0.98 0.147 140.207 0.228552 16.065 0.0210071 1.75646 0.0267734 19099.3 4.36293e+06
0.99 0.1485 141.664 0.233129 15.916 0.0216285 1.74177 0.0282509 19235.8 3.97934e+06
1 0.15 143.122 0.237814 15.774 0.0222617 1.72734 0.0297016 19337.4 3.62159e+06
1.01 0.1515 144.581 0.242606 15.639 0.0229063 1.7129 0.0311522 19428.7 3.29321e+06
1.02 0.153 146.04 0.24751 15.509 0.0235652 1.69782 0.0326652 19539.5 2.99668e+06
1.03 0.1545 147.5 0.252525 15.386 0.0242349 1.68239 0.0342106 19665.3 2.72812e+06
1.04 0.156 148.961 0.257655 15.267 0.02492 1.66731 0.0357197 19750.9 2.47788e+06
1.05 0.1575 150.424 0.262901 15.154 0.025617 1.65121 0.0373277 19887.4 2.25581e+06
1.06 0.159 151.886 0.268266 15.046 0.0263273 1.6348 0.0389657 20030.8 2.05379e+06
1.07 0.1605 153.35 0.273751 14.943 0.0270508 1.61837 0.040604 20168.2 1.86885e+06
1.08 0.162 154.815 0.279358 14.845 0.0277872 1.6015 0.0422833 20322.7 1.7016e+06
1.09 0.1635 156.281 0.285089 14.751 0.0285379 1.58426 0.0439965 20485 1.54959e+06
1.1 0.165 157.748 0.290946 14.661 0.0293029 1.56776 0.0456323 20606.3 1.40807e+06
1.11 0.1665 159.215 0.29693 14.575 0.0300821 1.5501 0.0473826 20776.5 1.28229e+06
1.12 0.168 160.684 0.303044 14.494 0.030873 1.53238 0.0491353 20952.9 1.1679e+06
1.13 0.1695 162.154 0.309288 14.416 0.0316796 1.51475 0.0508743 21117 1.06293e+06
1.14 0.171 163.625 0.315664 14.342 0.0324996 1.49656 0.0526669 21305.7 968402
1.15 0.1725 165.097 0.322175 14.271 0.0333349 1.47979 0.0543077 21431.1 879573
1.16 0.174 166.57 0.328821 14.204 0.0341831 1.4607 0.0561839 21655.9 802536
1.17 0.1755 168.044 0.335604 14.14 0.0350461 1.44334 0.0578747 21809.5 729789
1.18 0.177 169.519 0.342526 14.079 0.0359239 1.42471 0.0596914 22013.1 665122
1.19 0.1785 170.995 0.349587 14.021 0.0368162 1.40632 0.0614766 22208.3 605935
1.2 0.18 172.473 0.35679 13.966 0.0377227 1.38758 0.0632925 22419.3 552392
1.21 0.1815 173.952 0.364134 13.914 0.0386431 1.36922 0.0650606 22619.8 503345
1.22 0.183 175.431 0.371624 13.864 0.0395801 1.35174 0.0667267 22785.2 457954
1.23 0.1845 176.913 0.379257 13.817 0.0405306 1.33188 0.0686371 23043 418365
1.24 0.186 178.395 0.387037 13.773 0.0414941 1.31365 0.0703676 23250.2 381371
1.25 0.1875 179.879 0.394964 13.731 0.0424735 1.29597 0.0720279 23438.1 347391
1.26 0.189 181.364 0.403039 13.691 0.0434685 1.27783 0.0737281 23643.9 316714
1.27 0.1905 182.85 0.411264 13.654 0.0444758 1.25911 0.0754803 23880.5 289150
1.28 0.192 184.337 0.419639 13.619 0.0454981 1.24081 0.0771769 24105.9 263895
1.29 0.1935 185.826 0.428165 13.586 0.0465352 1.22437 0.0786622 24273.6 240307
1.3 0.195 187.317 0.436841 13.554 0.0475903 1.20455 0.0804981 24549 219836
1.31 0.1965 188.808 0.445671 13.525 0.0486564 1.18615 0.0821692 24791.7 200872
1.32 0.198 190.302 0.454654 13.498 0.0497364 1.17012 0.0835717 24964.1 183061
1.33 0.1995 191.796 0.46379 13.472 0.0508337 1.15031 0.085369 25256.4 167668
1.34 0.201 193.292 0.47308 13.448 0.0519445 1.13381 0.086794 25450 153003
1.35 0.2025 194.79 0.482525 13.426 0.0530684 1.11642 0.0883012 25680.9 139861
1.36 0.204 196.289 0.492124 13.406 0.0542049 1.09949 0.0897447 25906.9 127858
1.37 0.2055 197.79 0.501879 13.387 0.0553577 1.0817 0.0912645 26159.5 117036
1.38 0.207 199.292 0.511789 13.369 0.0565268 1.0664 0.0924973 26335 106848
1.39 0.2085 200.796 0.521853 13.353 0.0577075 1.04938 0.0939015 26575.2 97818.5
1.4 0.21 202.301 0.532073 13.338 0.0589037 1.03126 0.0954081 26850.3 89697.6
1.41 0.2115 203.808 0.542447 13.325 0.0601109 1.01419 0.0967842 27105.1 82214.5
1.42 0.213 205.317 0.552977 13.313 0.0613329 0.997648 0.0980851 27345.9 75343.1
1.43 0.2145 206.827 0.563661 13.302 0.0625697 0.982925 0.0991688 27534 68938.9
1.44 0.216 208.34 0.574499 13.292 0.0638206 0.967415 0.10032 27749.1 63166.9
1.45 0.2175 209.854 0.58549 13.283 0.0650857 0.951404 0.101507 27982.4 57939.4
1.46 0.219 211.369 0.596632 13.276 0.0663594 0.935626 0.102651 28223.4 53181.6
1.47 0.2205 212.887 0.607928 13.269 0.0676513 0.920037 0.103753 28451.3 48812.2
1.48 0.222 214.406 0.619374 13.264 0.0689511 0.904688 0.104812 28687.6 44834.6
1.49 0.2235 215.928 0.630971 13.259 0.0702686 0.892174 0.105541 28832.7 41069.9
1.5 0.225 217.451 0.642717 13.256 0.0715929 0.878044 0.106429 29042.3 37724
1.51 0.2265 218.976 0.654607 13.253 0.0729338 0.8635 0.107339 29257.7 34675.5
1.52 0.228 220.503 0.666648 13.251 0.0742866 0.846061 0.108543 29563.5 31985.9
1.53 0.2295 222.032 0.678831 13.25 0.0756499 0.834618 0.109079 29698.2 29350
1.54 0.231 223.563 0.691153 13.25 0.0770231 0.818143 0.110138 29986.7 27085.8
1.55 0.2325 225.096 0.703623 13.25 0.0784127 0.806543 0.11065 30125.9 24884.4
1.56 0.234 226.631 0.716229 13.251 0.0798116 0.794368 0.111205 30288.5 22893
1.57 0.2355 228.169 0.728971 13.253 0.0812192 0.781103 0.111858 30489.4 21100
1.58 0.237 229.708 0.741846 13.255 0.0826412 0.766718 0.112608 30717 19475.8
1.59 0.2385 231.25 0.754856 13.258 0.0840715 0.755381 0.113015 30862.8 17939.1
1.6 0.24 232.794 0.767996 13.262 0.0855091 0.741981 0.113622 31075.5 16569.5
1.61 0.2415 234.34 0.781263 13.266 0.08696 0.730108 0.114046 31238.6 15289.4
1.62 0.243 235.888 0.794655 13.271 0.0884173 0.721015 0.114162 31329.2 14084.5
1.63 0.2445 237.439 0.808169 13.276 0.0898872 0.706024 0.114874 31584.1 13050.9
1.64 0.246 238.991 0.821801 13.282 0.091362 0.69363 0.115297 31772 12075.3
1.65 0.2475 240.547 0.835549 13.288 0.0928485 0.682712 0.115545 31912.5 11163.1
1.66 0.249 242.104 0.84941 13.294 0.0943462 0.672665 0.115684 32023.1 10317.2
1.67 0.2505 243.664 0.86338 13.301 0.0958473 0.663529 0.115716 32116.2 9536.76
1.68 0.252 245.227 0.877455 13.308 0.0973587 0.65297 0.115875 32245 8831.26
1.69 0.2535 246.792 0.891631 13.316 0.0988722 0.643445 0.115915 32353.2 8178.56
1.7 0.255 248.36 0.905908 13.324 0.100395 0.62932 0.116401 32586.7 7608.62
1.71 0.2565 249.93 0.920279 13.332 0.101926 0.623468 0.116036 32582.1 7031.83
1.72 0.258 251.502 0.934738 13.341 0.103458 0.613446 0.116079 32704.4 6528.92
1.73 0.2595 253.078 0.949286 13.349 0.105005 0.606588 0.115787 32720.1 6046.65
1.74 0.261 254.655 0.963917 13.358 0.106552 0.593555 0.116094 32917.6 5635.3
1.75 0.2625 256.236 0.978623 13.367 0.108105 0.585363 0.115909 32976 5233.65
1.76 0.264 257.819 0.993407 13.377 0.109656 0.577749 0.115659 33028.1 4863.33
1.77 0.2655 259.405 1.00826 13.386 0.11122 0.566877 0.115705 33152.7 4532.59
1.78 0.267 260.994 1.02318 13.396 0.112781 0.560079 0.115351 33174.8 4214.47
1.79 0.2685 262.586 1.03815 13.406 0.114347 0.551622 0.115144 33238.9 3926.65
1.8 0.27 264.18 1.05319 13.416 0.115917 0.543146 0.114926 33300 3660.98
1.81 0.2715 265.778 1.06828 13.426 0.11749 0.535046 0.114661 33347.2 3414.5
1.82 0.273 267.378 1.08341 13.436 0.119066 0.530333 0.114071 33299.3 3177.98
1.83 0.2745 268.981 1.09859 13.446 0.120644 0.52036 0.113959 33390.7 2972.58
1.84 0.276 270.587 1.1138 13.457 0.122215 0.515744 0.113352 33348.8 2771.54
1.85 0.2775 272.196 1.12905 13.467 0.123796 0.510636 0.112778 33303.5 2585.84
1.86 0.279 273.808 1.14433 13.478 0.125369 0.503551 0.112383 33322.7 2419.18
1.87 0.2805 275.423 1.15963 13.488 0.126951 0.492434 0.112333 33431.6 2271.12
1.88 0.282 277.042 1.17495 13.498 0.128533 0.490559 0.111456 33293.6 2118.07
1.89 0.2835 278.663 1.19029 13.509 0.130104 0.484173 0.11098 33286.8 1984.7
1.9 0.285 280.288 1.20564 13.519 0.131684 0.474066 0.110815 33360.4 1865.67
1.91 0.2865 281.915 1.22099 13.53 0.133253 0.473583 0.10982 33195.8 1742.65
1.92 0.288 283.546 1.23634 13.54 0.134829 0.466454 0.109389 33187.8 1636.72
1.93 0.2895 285.18 1.25169 13.55 0.136402 0.461832 0.108742 33113.3 1535.34
1.94 0.291 286.818 1.26703 13.56 0.137972 0.456573 0.108147 33053.9 1442.03
1.95 0.2925 288.458 1.28236 13.571 0.139528 0.44967 0.107693 33048.9 1357.66
1.96 0.294 290.102 1.29767 13.581 0.14109 0.446973 0.106885 32922.1 1274.53
1.97 0.2955 291.75 1.31296 13.591 0.142647 0.440414 0.106393 32891.3 1200.9
1.98 0.297 293.401 1.32823 13.601 0.144199 0.436947 0.105652 32782.4 1129.71
1.99 0.2985 295.055 1.34346 13.61 0.145757 0.431578 0.105056 32705.7 1064.59
2 0.3 296.712 1.35866 13.62 0.147298 0.427634 0.104357 32607.5 1003.33
2.01 0.3015 298.374 1.37383 13.63 0.148833 0.430006 0.103171 32355.5 941.832
2.02 0.303 300.038 1.38895 13.639 0.150372 0.418731 0.103038 32420.4 893.459
2.03 0.3045 301.706 1.40402 13.648 0.151904 0.420658 0.101894 32166.6 839.882
2.04 0.306 303.378 1.41905 13.658 0.153417 0.417449 0.101157 32050.9 793.479
2.05 0.3075 305.053 1.43402 13.667 0.154934 0.409161 0.100794 32041.3 752.683
2.06 0.309 306.732 1.44894 13.675 0.156454 0.404465 0.100157 31932.2 712.296
2.07 0.3105 308.414 1.4638 13.684 0.157954 0.401626 0.099396 31794 673.947
2.08 0.312 310.101 1.47859 13.693 0.159445 0.397754 0.0987157 31680.3 638.611
2.09 0.3135 311.79 1.49332 13.701 0.160939 0.396192 0.0978685 31500.3 604.284
2.1 0.315 313.484 1.50797 13.709 0.162424 0.397779 0.096809 31250.4 570.918
2.11 0.3165 315.181 1.52256 13.718 0.163887 0.392155 0.0962716 31179 542.853
2.12 0.318 316.882 1.53706 13.726 0.165352 0.392666 0.0953083 30957.1 514.032
2.13 0.3195 318.587 1.55149 13.733 0.166819 0.386283 0.0948176 30876.4 489.29
2.14 0.321 320.295 1.56584 13.741 0.168264 0.384349 0.0940377 30711.7 464.79
2.15 0.3225 322.008 1.5801 13.748 0.16971 0.386198 0.093008 30452.9 440.446
2.16 0.324 323.724 1.59427 13.755 0.171145 0.37923 0.0925714 30387.2 420.302
2.17 0.3255 325.444 1.60836 13.763 0.172557 0.382231 0.0914973 30122 398.706
2.18 0.327 327.168 1.62235 13.769 0.173983 0.382032 0.0906294 29901.4 379.008
2.19 0.3285 328.896 1.63626 13.776 0.175384 0.379392 0.0899353 29747.9 361.314
2.2 0.33 330.628 1.65006 13.783 0.176774 0.372811 0.0894965 29678 345.636
2.21 0.3315 332.363 1.66377 13.789 0.178165 0.3772 0.088373 29369.3 328.182
2.22 0.333 334.103 1.67738 13.795 0.179544 0.375034 0.0876688 29198.7 313.253
2.23 0.3345 335.847 1.69089 13.801 0.180912 0.367916 0.0872732 29130.2 300.233
2.24 0.336 337.594 1.70429 13.807 0.182266 0.373395 0.0861262 28809.9 285.437
2.25 0.3375 339.346 1.71759 13.812 0.183622 0.372617 0.0853608 28605.6 272.609
2.26 0.339 341.102 1.73078 13.818 0.184952 0.368997 0.0847799 28472.7 261.158
2.27 0.3405 342.862 1.74387 13.823 0.186283 0.371296 0.0838566 28213.6 249.216
2.28 0.342 344.626 1.75685 13.828 0.187602 0.363625 0.0835168 28150.2 239.606
2.29 0.3435 346.394 1.76971 13.833 0.188908 0.369309 0.0824254 27832.6 228.414
2.3 0.345 348.166 1.78247 13.838 0.190201 0.369251 0.0816733 27628.5 218.741
2.31 0.3465 349.943 1.79512 13.842 0.191495 0.368559 0.0809595 27426.6 209.602
2.32 0.348 351.723 1.80765 13.846 0.192776 0.36859 0.080217 27214.4 200.869
2.33 0.3495 353.508 1.82007 13.85 0.194044 0.36711 0.0795672 27033 192.815
2.34 0.351 355.297 1.83237 13.854 0.1953 0.36749 0.0788281 26820.5 184.962
2.35 0.3525 357.09 1.84456 13.858 0.196542 0.367946 0.0780967 26610.1 177.527
2.36 0.354 358.887 1.85664 13.862 0.197772 0.367443 0.0774267 26419.9 170.6
2.37 0.3555 360.689 1.8686 13.865 0.199003 0.367273 0.0767419 26214.5 163.926
2.38 0.357 362.495 1.88044 13.868 0.20022 0.367446 0.0760506 26006.5 157.569
2.39 0.3585 364.305 1.89217 13.871 0.201425 0.367633 0.0753695 25801.5 151.542
2.4 0.36 366.119 1.90378 13.874 0.202617 0.375263 0.0743312 25473.6 145.11
2.41 0.3615 367.938 1.91527 13.877 0.203796 0.376231 0.0736379 25263.3 139.646
2.42 0.363 369.761 1.92664 13.879 0.204977 0.369791 0.073306 25167.5 135.059
2.43 0.3645 371.588 1.9379 13.882 0.20613 0.369877 0.0726735 24977.4 130.19
2.44 0.366 373.42 1.94904 13.884 0.207285 0.376979 0.071712 24664.7 124.928
2.45 0.3675 375.256 1.96006 13.886 0.208427 0.371688 0.0713468 24556.7 120.923
2.46 0.369 377.096 1.97096 13.888 0.209557 0.374441 0.0706145 24322.2 116.492
2.47 0.3705 378.941 1.98175 13.889 0.210689 0.375234 0.0699763 24111.1 112.371
2.48 0.372 380.79 1.99242 13.891 0.211793 0.375257 0.0693915 23926.8 108.558
2.49 0.3735 382.644 2.00298 13.892 0.212899 0.37622 0.0687662 23719.7 104.813
2.5 0.375 384.502 2.01341 13.894 0.213978 0.375862 0.0682177 23547.5 101.383
2.51 0.3765 386.365 2.02374 13.895 0.215059 0.384231 0.0672895 23235.4 97.514
2.52 0.378 388.232 2.03394 13.896 0.216128 0.385546 0.0666827 23034.2 94.2684
2.53 0.3795 390.103 2.04403 13.896 0.2172 0.386406 0.0660975 22832 91.1575
2.54 0.381 391.979 2.05401 13.897 0.218245 0.381993 0.0657523 22721 88.5324
2.55 0.3825 393.859 2.06387 13.898 0.219277 0.382932 0.0651886 22534.3 85.7275
2.56 0.384 395.744 2.07361 13.898 0.220312 0.390346 0.0643594 22247.6 82.6664
2.57 0.3855 397.634 2.08325 13.898 0.221336 0.386794 0.0639925 22120.8 80.3123
2.58 0.387 399.527 2.09277 13.898 0.222347 0.388634 0.0634133 21920.6 77.7914
2.59 0.3885 401.426 2.10218 13.898 0.223347 0.395385 0.0626482 21656.1 75.1483
2.6 0.39 403.329 2.11147 13.898 0.224335 0.396069 0.0621362 21479.1 72.9076
2.61 0.3915 405.236 2.12066 13.898 0.22531 0.399031 0.0615439 21274.4 70.6622
2.62 0.393 407.148 2.12974 13.897 0.226291 0.399625 0.0610452 21094.4 68.5842
2.63 0.3945 409.065 2.1387 13.897 0.227244 0.396747 0.0606952 20973.5 66.7734
2.64 0.396 410.986 2.14756 13.896 0.228201 0.40403 0.0599587 20711.5 64.5908
2.65 0.3975 412.912 2.15631 13.895 0.229148 0.400684 0.0596327 20591.5 62.9241
2.66 0.399 414.842 2.16495 13.894 0.230082 0.403053 0.0591 20400.2 61.1052
2.67 0.4005 416.777 2.17349 13.893 0.231006 0.40505 0.0585898 20216.8 59.3758
2.68 0.402 418.717 2.18192 13.892 0.231919 0.412382 0.0578954 19970 57.5273
2.69 0.4035 420.661 2.19024 13.891 0.232821 0.407993 0.0576329 19872.3 56.1657
2.7 0.405 422.61 2.19846 13.889 0.233728 0.419302 0.0568101 19574.5 54.2976
2.71 0.4065 424.564 2.20658 13.888 0.234608 0.417942 0.056454 19444.8 52.953
2.72 0.408 426.522 2.2146 13.886 0.235494 0.420091 0.055974 19265.6 51.5223
2.73 0.4095 428.484 2.22251 13.884 0.23637 0.424305 0.0554311 19065 50.0843
2.74 0.411 430.452 2.23032 13.882 0.237235 0.427321 0.0549383 18881.9 48.7407
2.75 0.4125 432.424 2.23804 13.88 0.23809 0.421886 0.054738 18799.5 47.6976
2.76 0.414 434.401 2.24565 13.878 0.238934 0.432032 0.054021 18539.9 46.2466
2.77 0.4155 436.382 2.25317 13.876 0.239769 0.434691 0.0535636 18369.7 45.0624
2.78 0.417 438.368 2.26059 13.874 0.240593 0.436029 0.0531569 18217.1 43.9595
2.79 0.4185 440.359 2.26791 13.872 0.241407 0.439237 0.0526966 18046.3 42.8492
2.8 0.42 442.355 2.27514 13.869 0.242229 0.44158 0.052264 17878.8 41.7814
2.81 0.4215 444.355 2.28228 13.867 0.243023 0.438323 0.0520231 17783.6 40.9133
2.82 0.423 446.36 2.28932 13.864 0.243826 0.447026 0.0514031 17552.7 39.7649
2.83 0.4245 448.37 2.29626 13.861 0.244619 0.447142 0.0510603 17416.7 38.8635
2.84 0.426 450.384 2.30312 13.859 0.245385 0.445024 0.0507993 17315.2 38.0653
2.85 0.4275 452.403 2.30989 13.856 0.246159 0.455938 0.0501374 17071.1 36.9822
2.86 0.429 454.427 2.31656 13.853 0.246924 0.45818 0.0497486 16920.4 36.1306
2.87 0.4305 456.456 2.32315 13.85 0.24768 0.45324 0.0495805 16845 35.4623
2.88 0.432 458.489 2.32965 13.847 0.248426 0.464041 0.0489489 16612.4 34.4878
2.89 0.4335 460.527 2.33606 13.843 0.249182 0.46673 0.0485581 16456 33.6965
2.9 0.435 462.57 2.34239 13.84 0.249911 0.46245 0.0483834 16379 33.0886
2.91 0.4365 464.618 2.34863 13.837 0.250631 0.4732 0.0477786 16156.7 32.2082
2.92 0.438 466.67 2.35479 13.833 0.251361 0.474022 0.0474594 16025.6 31.5314
2.93 0.4395 468.728 2.36086 13.83 0.252064 0.476799 0.0470972 15886.1 30.8567
2.94 0.441 470.79 2.36685 13.826 0.252776 0.479869 0.0467254 15737.9 30.1841
2.95 0.4425 472.856 2.37276 13.823 0.253463 0.483381 0.0463542 15595.9 29.5412
2.96 0.444 474.928 2.37859 13.819 0.254159 0.48656 0.0459909 15451.3 28.9105
2.97 0.4455 477.004 2.38434 13.815 0.254847 0.489722 0.0456335 15309 28.3005
2.98 0.447 479.086 2.39001 13.811 0.255527 0.486624 0.0454506 15225.6 27.8141
2.99 0.4485 481.172 2.3956 13.807 0.256199 0.495682 0.0449451 15034.5 27.1458
3 0.45 483.262 2.40111 13.803 0.256863 0.492952 0.0447601 14950.9 26.6865
3.01 0.4515 485.358 2.40655 13.799 0.257519 0.50188 0.0442714 14766.3 26.0604
3.02 0.453 487.459 2.41191 13.795 0.258168 0.503693 0.0439756 14646.4 25.5627
3.03 0.4545 489.564 2.4172 13.791 0.258809 0.506952 0.043647 14515.9 25.059
3.04 0.456 491.674 2.42242 13.787 0.259443 0.512059 0.043276 14371.6 24.5439
3.05 0.4575 493.789 2.42756 13.783 0.260069 0.515353 0.0429568 14244.9 24.071
3.06 0.459 495.909 2.43263 13.778 0.260707 0.518089 0.0426493 14117.3 23.6079
3.07 0.4605 498.033 2.43763 13.774 0.261319 0.520168 0.0423697 14004.4 23.18
3.08 0.462 500.163 2.44256 13.77 0.261923 0.524771 0.0420319 13872.6 22.7311
3.09 0.4635 502.297 2.44742 13.765 0.26254 0.520918 0.0418992 13803.8 22.3945
3.1 0.465 504.436 2.45221 13.761 0.26313 0.531171 0.0414325 13630.2 21.8977
3.11 0.4665 506.58 2.45693 13.756 0.263732 0.527792 0.0412944 13560.1 21.5766
3.12 0.468 508.729 2.46159 13.751 0.264328 0.537055 0.040856 13391.7 21.108
3.13 0.4695 510.883 2.46618 13.747 0.264898 0.541216 0.040552 13272.8 20.7265
3.14 0.471 513.041 2.4707 13.742 0.265481 0.546753 0.0402133 13138 20.3289
3.15 0.4725 515.205 2.47516 13.737 0.266056 0.545933 0.0400275 13053.5 20.017
3.16 0.474 517.373 2.47955 13.732 0.266626 0.550446 0.039721 12930 19.6525
3.17 0.4755 519.546 2.48388 13.728 0.267169 0.55492 0.0394267 12815.5 19.3093
3.18 0.477 521.725 2.48816 13.723 0.267726 0.558036 0.0391606 12705.9 18.9803
3.19 0.4785 523.908 2.49236 13.718 0.268277 0.561816 0.0388834 12593 18.6534
3.2 0.48 526.095 2.49651 13.713 0.268821 0.565235 0.0386181 12484.3 18.3393
3.21 0.4815 528.288 2.5006 13.708 0.26936 0.571693 0.0382891 12355.4 18.002
3.22 0.483 530.486 2.50462 13.703 0.269892 0.564336 0.0382691 12326.4 17.816
3.23 0.4845 532.688 2.50859 13.698 0.270418 0.574225 0.0378718 12176.2 17.4601
3.24 0.486 534.896 2.5125 13.693 0.270939 0.579461 0.0375814 12060.8 17.1604
3.25 0.4875 537.108 2.51636 13.687 0.271473 0.574819 0.037501 12008.6 16.9558
3.26 0.489 539.325 2.52015 13.682 0.271982 0.584771 0.0371161 11863.7 16.6254
3.27 0.4905 541.547 2.5239 13.677 0.272485 0.582214 0.037002 11805.6 16.4217
3.28 0.492 543.774 2.52758 13.672 0.272983 0.592351 0.036622 11663.1 16.1054
3.29 0.4935 546.006 2.53121 13.666 0.273495 0.594583 0.036406 11568.8 15.8611
3.3 0.495 548.243 2.53479 13.661 0.273982 0.601699 0.0360981 11450 15.5877
3.31 0.4965 550.485 2.53831 13.656 0.274463 0.603338 0.035907 11368.6 15.3698
3.32 0.498 552.732 2.54178 13.65 0.274959 0.606172 0.0356876 11274.3 15.1385
3.33 0.4995 554.983 2.5452 13.645 0.27543 0.609643 0.0354646 11183.4 14.9158
3.34 0.501 557.24 2.54857 13.64 0.275896 0.611966 0.0352676 11100.9 14.7082
3.35 0.5025 559.501 2.55189 13.634 0.276377 0.620374 0.0349452 10975.2 14.4474
3.36 0.504 561.768 2.55516 13.629 0.276832 0.624602 0.0347164 10883.4 14.2352
3.37 0.5055 564.039 2.55837 13.623 0.277303 0.627737 0.0345057 10793.6 14.0291
3.38 0.507 566.315 2.56154 13.618 0.277748 0.6317 0.0342879 10705.8 13.8291
3.39 0.5085 568.596 2.56467 13.612 0.278209 0.631538 0.0341466 10638.2 13.6584
3.4 0.51 570.882 2.56774 13.606 0.278665 0.635261 0.0339321 10548.1 13.4618
3.41 0.5115 573.173 2.57077 13.601 0.279096 0.638254 0.0337406 10469.3 13.2828
3.42 0.513 575.469 2.57375 13.595 0.279543 0.644181 0.0334894 10368.5 13.0789
3.43 0.5145 577.77 2.57668 13.59 0.279965 0.648112 0.0332855 10286.4 12.9017
3.44 0.516 580.076 2.57957 13.584 0.280403 0.650231 0.0331117 10210.1 12.7345
3.45 0.5175 582.387 2.58241 13.578 0.280836 0.652261 0.0329418 10135.3 12.5717
3.46 0.519 584.703 2.58521 13.572 0.281265 0.658323 0.0326992 10038.5 12.3843
3.47 0.5205 587.023 2.58797 13.567 0.281668 0.660053 0.0325456 9972.91 12.238
3.48 0.522 589.349 2.59069 13.561 0.282089 0.66617 0.0323075 9878.08 12.0583
3.49 0.5235 591.679 2.59336 13.555 0.282504 0.670656 0.032102 9793.54 11.8937
3.5 0.525 594.015 2.59598 13.55 0.282895 0.671686 0.0319674 9734.5 11.7622
3.51 0.5265 596.355 2.59857 13.544 0.283303 0.678283 0.0317285 9640.39 11.5906
3.52 0.528 598.701 2.60112 13.538 0.283706 0.68143 0.0315539 9566.13 11.4451
3.53 0.5295 601.051 2.60362 13.532 0.284105 0.682354 0.0314207 9504.65 11.317
3.54 0.531 603.406 2.60609 13.526 0.2845 0.68915 0.0311859 9412.72 11.1546
3.55 0.5325 605.767 2.60852 13.52 0.284892 0.689539 0.0310656 9355.65 11.0354
3.56 0.534 608.132 2.61091 13.514 0.285279 0.696826 0.0308272 9263.25 10.8766
3.57 0.5355 610.502 2.61326 13.509 0.285642 0.698931 0.0306868 9204.04 10.7586
3.58 0.537 612.877 2.61557 13.503 0.286021 0.701841 0.0305284 9136.2 10.6322
3.59 0.5385 615.257 2.61784 13.497 0.286397 0.705292 0.0303625 9066.38 10.5052
3.6 0.54 617.642 2.62008 13.491 0.286769 0.712365 0.0301373 8979.14 10.3598
3.61 0.5415 620.032 2.62228 13.485 0.287138 0.713954 0.0300068 8920.41 10.2489
3.62 0.543 622.427 2.62444 13.479 0.287503 0.719015 0.0298198 8845.11 10.1206
3.63 0.5445 624.827 2.62657 13.473 0.287864 0.719797 0.029706 8791.75 10.0188
3.64 0.546 627.232 2.62866 13.467 0.288222 0.723609 0.0295433 8724.17 9.90227
3.65 0.5475 629.642 2.63072 13.461 0.288576 0.735595 0.0292485 8617.9 9.74342
3.66 0.549 632.057 2.63275 13.455 0.288927 0.732782 0.0291983 8583.93 9.66779
3.67 0.5505 634.477 2.63474 13.449 0.289274 0.736266 0.0290465 8520.28 9.5599
3.68 0.552 636.902 2.63669 13.443 0.289618 0.740415 0.0288857 8454.22 9.45065
3.69 0.5535 639.332 2.63862 13.437 0.289959 0.746028 0.0287031 8382.07 9.33588
3.7 0.555 641.766 2.64051 13.431 0.290296 0.7496 0.0285551 8320.24 9.2339
3.71 0.5565 644.206 2.64237 13.425 0.29063 0.753193 0.0284084 8259.01 9.13375
3.72 0.558 646.651 2.64419 13.419 0.290961 0.757387 0.0282537 8195.71 9.03248
3.73 0.5595 649.1 2.64599 13.413 0.291289 0.760712 0.0281143 8137.07 8.93747
3.74 0.561 651.555 2.64775 13.407 0.291614 0.764678 0.0279665 8076.18 8.8411
3.75 0.5625 654.015 2.64948 13.401 0.291935 0.767179 0.0278428 8022.5 8.75364
3.76 0.564 656.479 2.65119 13.395 0.292254 0.770866 0.0277022 7964.14 8.66209
3.77 0.5655 658.949 2.65286 13.389 0.292569 0.781084 0.0274632 7877.75 8.54114
3.78 0.567 661.424 2.6545 13.383 0.292882 0.77524 0.0274712 7862.39 8.49814
3.79 0.5685 663.903 2.65612 13.376 0.293213 0.777907 0.0273444 7805.67 8.41124
3.8 0.57 666.388 2.6577 13.37 0.29352 0.784725 0.0271621 7736.24 8.31159
3.81 0.5715 668.877 2.65926 13.364 0.293824 0.788895 0.0270213 7678.89 8.22585
3.82 0.573 671.372 2.66079 13.358 0.294125 0.793147 0.0268807 7621.82 8.14128
3.83 0.5745 673.871 2.66229 13.352 0.294423 0.796815 0.0267503 7567.81 8.06083
3.84 0.576 676.376 2.66376 13.346 0.294718 0.806874 0.026527 7487.79 7.95358
3.85 0.5775 678.885 2.66521 13.34 0.295011 0.801194 0.0265367 7473.7 7.91709
3.86 0.579 681.4 2.66663 13.334 0.295301 0.807924 0.0263651 7408.71 7.82738
3.87 0.5805 683.919 2.66802 13.328 0.295588 0.812407 0.026228 7353.6 7.74889
3.88 0.582 686.444 2.66941 13.322 0.295875 0.821156 0.0260301 7281.71 7.65322
3.89 0.5835 688.973 2.67078 13.315 0.296182 0.818825 0.0259876 7250.73 7.60118
3.9 0.585 691.508 2.67212 13.309 0.296464 0.823367 0.0258527 7196.87 7.52581
3.91 0.5865 694.048 2.67343 13.303 0.296744 0.831773 0.0256643 7128.34 7.43584
3.92 0.588 696.592 2.67472 13.297 0.297021 0.831617 0.0255988 7094.13 7.38234
3.93 0.5895 699.142 2.67598 13.29 0.297318 0.834049 0.0254921 7045.98 7.31495
3.94 0.591 701.697 2.67722 13.284 0.29759 0.833648 0.0254316 7013.4 7.2643
3.95 0.5925 704.257 2.67843 13.278 0.297859 0.842598 0.0252413 6945.2 7.17738
3.96 0.594 706.821 2.67962 13.272 0.298126 0.853536 0.0250254 6870.25 7.0842
3.97 0.5955 709.391 2.68079 13.265 0.298413 0.847622 0.0250384 6855.72 7.05387
3.98 0.597 711.966 2.68193 13.259 0.298675 0.853902 0.0248893 6799.51 6.98116
3.99 0.5985 714.546 2.68305 13.253 0.298935 0.855616 0.0248041 6760.9 6.92708
4 0.6 717.131 2.68414 13.247 0.299192 0.861475 0.0246633 6707.32 6.85818
4.01 0.6015 719.722 2.68521 13.241 0.299447 0.860463 0.0246168 6679.52 6.81614
4.02 0.603 722.317 2.68626 13.234 0.299723 0.866776 0.0244667 6621.26 6.74351
4.03 0.6045 724.917 2.68729 13.228 0.299973 0.879212 0.0242413 6545.43 6.65354
4.04 0.606 727.522 2.68829 13.222 0.300221 0.874659 0.0242445 6531.43 6.62693
4.05 0.6075 730.133 2.68927 13.216 0.300468 0.880906 0.0241043 6478.94 6.56166
4.06 0.609 732.748 2.69024 13.209 0.300734 0.881732 0.0240317 6442.36 6.51296
4.07 0.6105 735.368 2.69118 13.203 0.300976 0.887585 0.0238989 6392.21 6.45098
4.08 0.612 737.994 2.6921 13.197 0.301216 0.889463 0.0238193 6356.47 6.40396
4.09 0.6135 740.624 2.693 13.191 0.301454 0.893691 0.0237098 6312.88 6.34943
4.1 0.615 743.26 2.69387 13.185 0.301689 0.897304 0.0236093 6271.82 6.29786
4.11 0.6165 745.901 2.69473 13.178 0.301946 0.900666 0.0235077 6228.27 6.24416
4.12 0.618 748.546 2.69557 13.172 0.302177 0.905591 0.023392 6183.53 6.18967
4.13 0.6195 751.197 2.69639 13.166 0.302407 0.908654 0.0233012 6145.5 6.14227
4.14 0.621 753.853 2.69719 13.16 0.302634 0.910674 0.0232244 6111.31 6.09904
4.15 0.6225 756.513 2.69797 13.154 0.30286 0.916013 0.0231062 6066.35 6.04542
4.16 0.624 759.179 2.69873 13.148 0.303084 0.928381 0.0229003 5998.61 5.96948
4.17 0.6255 761.85 2.69948 13.141 0.303329 0.92271 0.0229177 5987.2 5.94993
4.18 0.627 764.526 2.7002 13.135 0.303549 0.933222 0.0227376 5926.6 5.8818
4.19 0.6285 767.207 2.70091 13.129 0.303767 0.930554 0.0227231 5909.31 5.85697
4.2 0.63 769.893 2.7016 13.123 0.303984 0.941165 0.0225441 5849.38 5.79018
4.21 0.6315 772.584 2.70227 13.117 0.304198 0.937814 0.022539 5834.69 5.76848
4.22 0.633 775.28 2.70292 13.111 0.304411 0.949047 0.0223546 5773.73 5.7013
4.23 0.6345 777.981 2.70356 13.105 0.304622 0.945252 0.0223557 5760.81 5.68186
4.24 0.636 780.687 2.70418 13.098 0.304855 0.955467 0.022181 5700.54 5.61597
4.25 0.6375 783.398 2.70478 13.092 0.305062 0.951608 0.0221835 5688.15 5.59752
4.26 0.639 786.115 2.70537 13.086 0.305268 0.963103 0.0220004 5628.27 5.5326
4.27 0.6405 788.836 2.70594 13.08 0.305473 0.957139 0.022029 5622.68 5.5213
4.28 0.642 791.562 2.70649 13.074 0.305675 0.963855 0.0219052 5578.27 5.47208
4.29 0.6435 794.294 2.70703 13.068 0.305876 0.966815 0.0218273 5545.68 5.43472
4.3 0.645 797.03 2.70755 13.062 0.306076 0.971413 0.0217304 5508.43 5.39302
4.31 0.6465 799.771 2.70805 13.056 0.306274 0.974185 0.0216561 5476.97 5.35721
4.32 0.648 802.518 2.70855 13.05 0.30647 0.978259 0.0215669 5441.89 5.31808
4.33 0.6495 805.269 2.70902 13.044 0.306665 0.981497 0.0214882 5409.59 5.28187
4.34 0.651 808.026 2.70948 13.038 0.306858 0.985323 0.0214032 5375.81 5.24444
4.35 0.6525 810.787 2.70993 13.032 0.30705 0.989186 0.0213184 5342.21 5.20738
4.36 0.654 813.554 2.71036 13.025 0.307264 0.992257 0.0212387 5307.95 5.16988
4.37 0.6555 816.326 2.71077 13.019 0.307453 0.99486 0.0211698 5278.56 5.1373
4.38 0.657 819.102 2.71118 13.013 0.30764 0.997597 0.0210999 5249 5.10475
4.39 0.6585 821.884 2.71156 13.007 0.307826 1.00923 0.0209282 5194.31 5.04794
4.4 0.66 824.671 2.71194 13.001 0.30801 1.00428 0.0209477 5187.17 5.03754
4.41 0.6615 827.462 2.7123 12.995 0.308194 1.01689 0.0207666 5130.48 4.97917
4.42 0.663 830.259 2.71264 12.989 0.308375 1.01252 0.02078 5121.94 4.96771
4.43 0.6645 833.061 2.71298 12.983 0.308556 1.01715 0.0206912 5088.29 4.93205
4.44 0.666 835.868 2.7133 12.977 0.308735 1.0195 0.0206289 5061.24 4.90294
4.45 0.6675 838.68 2.7136 12.971 0.308912 1.02157 0.0205702 5035.19 4.87494
4.46 0.669 841.497 2.7139 12.966 0.309065 1.02786 0.0204692 5000.82 4.83906
4.47 0.6705 844.319 2.71418 12.96 0.30924 1.02991 0.0204117 4975.25 4.81182
4.48 0.672 847.146 2.71445 12.954 0.309414 1.04216 0.0202412 4922.27 4.75823
4.49 0.6735 849.978 2.7147 12.948 0.309586 1.03824 0.020251 4913.26 4.74729
4.5 0.675 852.815 2.71494 12.942 0.309758 1.04072 0.02019 4887.12 4.71991
4.51 0.6765 855.657 2.71518 12.936 0.309928 1.04505 0.0201091 4856.27 4.68812
4.52 0.678 858.504 2.71539 12.93 0.310097 1.04693 0.0200557 4832.16 4.66297
4.53 0.6795 861.356 2.7156 12.924 0.310264 1.0616 0.0198629 4774.62 4.60568
4.54 0.681 864.213 2.7158 12.918 0.310431 1.05559 0.0198965 4771.6 4.60112
4.55 0.6825 867.076 2.71598 12.912 0.310596 1.06386 0.019775 4731.45 4.56086
4.56 0.684 869.943 2.71615 12.906 0.31076 1.06171 0.0197669 4718.54 4.54697
4.57 0.6855 872.815 2.71631 12.9 0.310923 1.06383 0.0197129 4694.71 4.52268
4.58 0.687 875.692 2.71646 12.895 0.311061 1.07743 0.0195405 4644.64 4.47321
4.59 0.6885 878.575 2.7166 12.889 0.311221 1.07296 0.0195581 4638.03 4.4657
4.6 0.69 881.462 2.71673 12.883 0.311381 1.07446 0.0195119 4616.31 4.44374
4.61 0.6915 884.354 2.71685 12.877 0.311539 1.07717 0.0194531 4591.7 4.4191
4.62 0.693 887.252 2.71695 12.871 0.311697 1.08272 0.0193647 4560.19 4.38791
4.63 0.6945 890.154 2.71705 12.865 0.311853 1.09117 0.0192461 4521.71 4.35012
4.64 0.696 893.062 2.71713 12.86 0.311984 1.08841 0.0192508 4514.03 4.34206
4.65 0.6975 895.974 2.71721 12.854 0.312138 1.09324 0.0191714 4484.93 4.31347
4.66 0.699 898.891 2.71727 12.848 0.312292 1.101 0.0190619 4448.91 4.27831
4.67 0.7005 901.814 2.71733 12.842 0.312444 1.09736 0.0190718 4440.85 4.27014
4.68 0.702 904.741 2.71737 12.836 0.312595 1.1025 0.0189904 4411.58 4.24164
4.69 0.7035 907.674 2.71741 12.831 0.312721 1.11199 0.018869 4374.83 4.20604
4.7 0.705 910.612 2.71743 12.825 0.31287 1.10776 0.0188856 4368.45 4.19971
4.71 0.7065 913.554 2.71745 12.819 0.313018 1.11309 0.0188035 4339.31 4.17157
4.72 0.708 916.502 2.71745 12.813 0.313166 1.12149 0.0186905 4303.14 4.13676
4.73 0.7095 919.454 2.71745 12.808 0.313287 1.11744 0.0187101 4299.25 4.13304
4.74 0.711 922.412 2.71744 12.802 0.313433 1.12295 0.0186275 4270.27 4.10527
4.75 0.7125 925.375 2.71742 12.796 0.313577 1.12452 0.0185855 4250.66 4.08658
4.76 0.714 928.342 2.71739 12.791 0.313696 1.13811 0.0184263 4206.02 4.04389
4.77 0.7155 931.315 2.71735 12.785 0.313839 1.13115 0.0184714 4206.43 4.04457
4.78 0.717 934.293 2.7173 12.779 0.313981 1.13617 0.0183954 4179.31 4.01886
4.79 0.7185 937.276 2.71724 12.774 0.314097 1.14518 0.0182842 4145.92 3.98716
4.8 0.72 940.263 2.71718 12.768 0.314237 1.1404 0.0183075 4141.46 3.98335
4.81 0.7215 943.256 2.7171 12.762 0.314376 1.14389 0.018248 4118.31 3.96163
4.82 0.723 946.254 2.71702 12.757 0.31449 1.14974 0.0181696 4092.59 3.93748
4.83 0.7245 949.257 2.71693 12.751 0.314628 1.15735 0.0180699 4060.57 3.90732
4.84 0.726 952.265 2.71683 12.745 0.314764 1.16326 0.0179875 4032.56 3.88108
4.85 0.7275 955.278 2.71673 12.74 0.314875 1.15721 0.0180282 4033.76 3.88299
4.86 0.729 958.295 2.71661 12.734 0.315011 1.16071 0.0179702 4011.32 3.86221
4.87 0.7305 961.318 2.71649 12.728 0.315145 1.1631 0.0179234 3991.46 3.84396
4.88 0.732 964.346 2.71636 12.723 0.315253 1.17616 0.0177765 3950.98 3.80589
4.89 0.7335 967.379 2.71622 12.717 0.315386 1.16915 0.0178225 3951.86 3.80771
4.9 0.735 970.417 2.71607 12.712 0.315493 1.1734 0.0177626 3930.85 3.78847
4.91 0.7365 973.46 2.71592 12.706 0.315624 1.17604 0.0177144 3910.95 3.77036
4.92 0.738 976.508 2.71576 12.701 0.31573 1.17965 0.0176614 3891.58 3.7528
4.93 0.7395 979.561 2.71559 12.695 0.31586 1.19171 0.0175228 3851.91 3.7157
4.94 0.741 982.619 2.71542 12.69 0.315964 1.19628 0.0174613 3830.85 3.69657
4.95 0.7425 985.682 2.71523 12.684 0.316092 1.18875 0.0175123 3832.95 3.69984
4.96 0.744 988.75 2.71504 12.679 0.316195 1.19211 0.0174627 3814.58 3.6834
4.97 0.7455 991.823 2.71485 12.673 0.316321 1.19482 0.0174154 3795.25 3.66606
4.98 0.747 994.901 2.71464 12.668 0.316422 1.19859 0.0173624 3776.26 3.64908
4.99 0.7485 997.984 2.71443 12.662 0.316548 1.20143 0.0173145 3756.92 3.6318
5 0.75 1001.07 2.71422 12.657 0.316648 1.21465 0.0171724 3718.73 3.59632
5.01 0.7515 1004.17 2.71399 12.651 0.316772 1.21696 0.0171301 3700.8 3.58045
5.02 0.753 1007.26 2.71376 12.646 0.31687 1.21026 0.0171773 3703.67 3.58475
5.03 0.7545 1010.37 2.71353 12.64 0.316993 1.21308 0.0171305 3684.81 3.56805
5.04 0.756 1013.47 2.71328 12.635 0.31709 1.21633 0.0170839 3667.54 3.55292
5.05 0.7575 1016.59 2.71303 12.629 0.317211 1.21904 0.0170387 3649.14 3.53672
5.06 0.759 1019.71 2.71278 12.624 0.317307 1.22284 0.0169874 3630.96 3.52077
5.07 0.7605 1022.83 2.71251 12.619 0.317402 1.22621 0.0169405 3613.77 3.50579
5.08 0.762 1025.96 2.71225 12.613 0.317522 1.22857 0.0168991 3596.38 3.49064
5.09 0.7635 1029.09 2.71197 12.608 0.317615 1.23231 0.0168491 3578.65 3.47519
5.1 0.765 1032.23 2.71169 12.602 0.317734 1.23458 0.016809 3561.63 3.46045
5.11 0.7665 1035.37 2.71141 12.597 0.317826 1.23814 0.0167611 3544.44 3.44557
5.12 0.768 1038.52 2.71111 12.592 0.317918 1.2483 0.0166526 3514.53 3.41833
5.13 0.7695 1041.67 2.71082 12.586 0.318035 1.25386 0.0165831 3491.51 3.39781
5.14 0.771 1044.83 2.71051 12.581 0.318126 1.25735 0.0165368 3474.87 3.3835
5.15 0.7725 1047.99 2.7102 12.576 0.318216 1.25836 0.0165133 3463.04 3.37391
5.16 0.774 1051.16 2.70989 12.57 0.318331 1.2608 0.016473 3446.35 3.35959
5.17 0.7755 1054.34 2.70957 12.565 0.31842 1.26589 0.0164127 3426.91 3.34262
5.18 0.777 1057.51 2.70924 12.56 0.318508 1.2689 0.0163715 3411.52 3.32961
5.19 0.7785 1060.7 2.70891 12.555 0.318596 1.27174 0.0163322 3396.55 3.31702
5.2 0.78 1063.88 2.70858 12.549 0.318709 1.27113 0.0163201 3385.95 3.30872
5.21 0.7815 1067.08 2.70824 12.544 0.318796 1.27081 0.0163095 3377.01 3.30207
5.22 0.783 1070.28 2.70789 12.539 0.318882 1.27103 0.0162941 3367.09 3.29448
5.23 0.7845 1073.48 2.70754 12.534 0.318968 1.27425 0.0162518 3351.67 3.28152
5.24 0.786 1076.69 2.70718 12.528 0.319079 1.2759 0.0162198 3337.07 3.26938
5.25 0.7875 1079.9 2.70682 12.523 0.319164 1.27937 0.0161757 3321.36 3.25616
5.26 0.789 1083.12 2.70645 12.518 0.319248 1.28229 0.0161366 3306.71 3.244
5.27 0.7905 1086.34 2.70608 12.513 0.319332 1.28528 0.016097 3292.02 3.2318
5.28 0.792 1089.57 2.7057 12.507 0.31944 1.28712 0.016064 3277.4 3.21968
5.29 0.7935 1092.8 2.70532 12.502 0.319523 1.28835 0.0160404 3266.06 3.2108
5.3 0.795 1096.04 2.70494 12.497 0.319605 1.30195 0.0159075 3232.52 3.18009
5.31 0.7965 1099.28 2.70455 12.492 0.319687 1.30498 0.0158684 3218.13 3.16823
5.32 0.798 1102.53 2.70415 12.487 0.319768 1.30933 0.0158179 3201.48 3.15413
5.33 0.7995 1105.79 2.70375 12.482 0.319849 1.30328 0.015859 3203.36 3.15832
5.34 0.801 1109.04 2.70335 12.476 0.319955 1.30481 0.0158296 3189.75 3.14724
5.35 0.8025 1112.31 2.70294 12.471 0.320035 1.3076 0.0157931 3176.02 3.13607
5.36 0.804 1115.58 2.70253 12.466 0.320115 1.30872 0.0157714 3165.31 3.12788
5.37 0.8055 1118.85 2.70211 12.461 0.320194 1.3111 0.0157387 3152.43 3.11755
5.38 0.807 1122.13 2.70169 12.456 0.320272 1.32442 0.0156111 3120.58 3.08847
5.39 0.8085 1125.41 2.70127 12.451 0.320351 1.32859 0.0155633 3104.8 3.07527
5.4 0.81 1128.7 2.70084 12.446 0.320428 1.32228 0.0156066 3107.18 3.08007
5.41 0.8115 1131.99 2.7004 12.441 0.320506 1.32346 0.0155849 3096.64 3.07209
5.42 0.813 1135.29 2.69997 12.436 0.320583 1.32585 0.0155529 3084.07 3.0621
5.43 0.8145 1138.59 2.69952 12.431 0.320659 1.33897 0.0154285 3053.27 3.034
5.44 0.816 1141.9 2.69908 12.426 0.320735 1.34334 0.0153799 3037.54 3.02086
5.45 0.8175 1145.21 2.69863 12.421 0.320811 1.33588 0.015433 3041.89 3.0277
5.46 0.819 1148.53 2.69818 12.416 0.320886 1.33746 0.0154085 3030.94 3.01935
5.47 0.8205 1151.86 2.69772 12.411 0.320961 1.35011 0.0152893 3001.46 2.99251
5.48 0.822 1155.18 2.69726 12.406 0.321036 1.35436 0.0152424 2986.23 2.97986
5.49 0.8235 1158.52 2.69679 12.401 0.32111 1.34699 0.0152946 2990.41 2.98661
5.5 0.825 1161.85 2.69632 12.396 0.321183 1.34791 0.015276 2980.77 2.97956
5.51 0.8265 1165.2 2.69585 12.391 0.321257 1.36094 0.0151549 2951.18 2.95257
5.52 0.828 1168.55 2.69538 12.386 0.32133 1.35828 0.015167 2947.57 2.95156
5.53 0.8295 1171.9 2.6949 12.381 0.321403 1.3556 0.0151793 2944.01 2.95062
5.54 0.831 1175.26 2.69442 12.376 0.321475 1.35822 0.0151468 2931.79 2.941
5.55 0.8325 1178.62 2.69393 12.371 0.321547 1.37318 0.0150106 2899.56 2.91129
5.56 0.834 1181.99 2.69344 12.366 0.321618 1.36363 0.0150808 2907.23 2.92164
5.57 0.8355 1185.36 2.69295 12.361 0.32169 1.36617 0.0150492 2895.3 2.91231
5.58 0.837 1188.74 2.69245 12.356 0.321761 1.38073 0.0149172 2864.1 2.88358
5.59 0.8385 1192.12 2.69195 12.351 0.321831 1.37152 0.0149844 2871.19 2.8934
5.6 0.84 1195.51 2.69145 12.346 0.321901 1.37399 0.0149539 2859.53 2.88435
5.61 0.8415 1198.9 2.69095 12.342 0.321945 1.38912 0.0148216 2829.66 2.85689
5.62 0.843 1202.3 2.69044 12.337 0.322015 1.37988 0.0148888 2836.73 2.86674
5.63 0.8445 1205.7 2.68993 12.332 0.322084 1.39252 0.0147742 2809.19 2.84161
5.64 0.846 1209.11 2.68941 12.327 0.322153 1.38997 0.0147857 2805.69 2.84079
5.65 0.8475 1212.53 2.68889 12.322 0.322222 1.38709 0.0148 2802.72 2.84051
5.66 0.849 1215.94 2.68837 12.317 0.32229 1.40191 0.0146682 2772.12 2.81222
5.67 0.8505 1219.37 2.68785 12.313 0.322332 1.39306 0.0147355 2780.31 2.82328
5.68 0.852 1222.79 2.68732 12.308 0.3224 1.40592 0.0146202 2752.97 2.79826
5.69 0.8535 1226.23 2.68679 12.303 0.322467 1.39842 0.0146726 2757.24 2.80536
5.7 0.855 1229.66 2.68626 12.298 0.322535 1.39987 0.0146515 2747.68 2.7984
5.71 0.8565 1233.11 2.68573 12.293 0.322602 1.41466 0.0145212 2717.7 2.77063
5.72 0.858 1236.56 2.68519 12.289 0.322642 1.40535 0.0145919 2726.49 2.78237
5.73 0.8595 1240.01 2.68465 12.284 0.322708 1.42018 0.0144618 2696.69 2.75473
5.74 0.861 1243.47 2.6841 12.279 0.322774 1.41033 0.0145331 2704.49 2.76549
5.75 0.8625 1246.93 2.68356 12.274 0.32284 1.42467 0.0144076 2675.67 2.73881
5.76 0.864 1250.4 2.68301 12.27 0.322879 1.41592 0.0144733 2683.5 2.74964
5.77 0.8655 1253.87 2.68246 12.265 0.322945 1.43026 0.0143483 2654.9 2.72313
5.78 0.867 1257.35 2.68191 12.26 0.32301 1.42043 0.0144192 2662.58 2.73383
5.79 0.8685 1260.83 2.68135 12.256 0.323048 1.43558 0.0142915 2634.71 2.70801
5.8 0.87 1264.32 2.68079 12.251 0.323113 1.42606 0.0143598 2641.9 2.71823
5.81 0.8715 1267.81 2.68023 12.246 0.323177 1.43996 0.0142392 2614.37 2.69273
5.82 0.873 1271.31 2.67967 12.242 0.323215 1.43127 0.0143042 2622.02 2.70345
5.83 0.8745 1274.81 2.6791 12.237 0.323278 1.4448 0.014187 2595.22 2.67865
5.84 0.876 1278.32 2.67853 12.232 0.323342 1.43524 0.0142553 2602.41 2.68891
5.85 0.8775 1281.83 2.67796 12.228 0.323379 1.44875 0.0141422 2577.53 2.66605
5.86 0.879 1285.35 2.67739 12.223 0.323442 1.44024 0.014202 2583.15 2.67471
5.87 0.8805 1288.87 2.67681 12.218 0.323505 1.44559 0.0141509 2568.6 2.66251
5.88 0.882 1292.4 2.67624 12.214 0.323541 1.44555 0.0141465 2563.6 2.66019
5.89 0.8835 1295.93 2.67566 12.209 0.323603 1.44782 0.0141202 2553.59 2.65268
5.9 0.885 1299.47 2.67508 12.204 0.323665 1.4614 0.0140041 2527.42 2.62835
5.91 0.8865 1303.01 2.67449 12.2 0.323701 1.45264 0.0140692 2535 2.63911
5.92 0.888 1306.56 2.67391 12.195 0.323763 1.46426 0.013969 2511.79 2.61782
5.93 0.8895 1310.11 2.67332 12.191 0.323798 1.45718 0.0140205 2516.93 2.62606
5.94 0.891 1313.67 2.67273 12.186 0.323859 1.45932 0.0139956 2507.31 2.61891
5.95 0.8925 1317.23 2.67214 12.182 0.323894 1.47255 0.0138867 2483.72 2.59714
5.96 0.894 1320.8 2.67154 12.177 0.323955 1.46395 0.0139467 2489.33 2.60591
5.97 0.8955 1324.37 2.67095 12.173 0.323989 1.4675 0.0139143 2479.48 2.59849
5.98 0.897 1327.95 2.67035 12.168 0.324049 1.4792 0.0138145 2456.65 2.57745
5.99 0.8985 1331.53 2.66975 12.164 0.324083 1.47179 0.0138684 2462.18 2.58615
6 0.9 1335.12 2.66915 12.159 0.324143 1.4743 0.013841 2452.27 2.57865
6.01 0.9015 1338.71 2.66854 12.155 0.324177 1.48644 0.0137417 2430.67 2.55883
6.02 0.903 1342.31 2.66794 12.15 0.324236 1.47778 0.0138019 2436.29 2.56766
6.03 0.9045 1345.91 2.66733 12.146 0.324269 1.48149 0.0137686 2426.43 2.56018
6.04 0.906 1349.52 2.66672 12.141 0.324329 1.49332 0.0136689 2403.9 2.53931
6.05 0.9075 1353.13 2.66611 12.137 0.324361 1.48746 0.0137105 2407.25 2.54575
6.06 0.909 1356.74 2.6655 12.132 0.32442 1.48755 0.0137023 2400.85 2.54191
6.07 0.9105 1360.37 2.66488 12.128 0.324453 1.4939 0.0136489 2387.56 2.53075
6.08 0.912 1363.99 2.66427 12.123 0.324511 1.50216 0.0135776 2370.19 2.51524
6.09 0.9135 1367.63 2.66365 12.119 0.324543 1.49465 0.0136317 2375.72 2.52404
6.1 0.915 1371.26 2.66303 12.115 0.324575 1.49785 0.013603 2366.81 2.51749
6.11 0.9165 1374.9 2.66241 12.11 0.324633 1.50255 0.0135594 2354.36 2.50717
6.12 0.918 1378.55 2.66179 12.106 0.324665 1.51193 0.0134832 2337.26 2.49188
6.13 0.9195 1382.2 2.66116 12.101 0.324723 1.50501 0.0135293 2340.42 2.49817
6.14 0.921 1385.86 2.66054 12.097 0.324754 1.5061 0.013517 2334.43 2.49471
6.15 0.9225 1389.52 2.65991 12.093 0.324785 1.50903 0.0134907 2326.04 2.48867
6.16 0.924 1393.19 2.65928 12.088 0.324842 1.52054 0.0133953 2304.81 2.46888
6.17 0.9255 1396.86 2.65865 12.084 0.324873 1.52295 0.0133731 2297.18 2.46362
6.18 0.927 1400.54 2.65802 12.08 0.324903 1.51709 0.0134143 2300.45 2.47006
6.19 0.9285 1404.22 2.65739 12.075 0.32496 1.5172 0.0134065 2294.35 2.46645
6.2 0.93 1407.91 2.65675 12.071 0.32499 1.51974 0.0133833 2286.6 2.46105
6.21 0.9315 1411.6 2.65612 12.067 0.32502 1.52553 0.0133355 2274.66 2.45113
6.22 0.933 1415.29 2.65548 12.062 0.325077 1.53344 0.0132684 2258.52 2.43666
6.23 0.9345 1419 2.65484 12.058 0.325107 1.53633 0.0132428 2250.44 2.43086
6.24 0.936 1422.7 2.6542 12.054 0.325136 1.53924 0.0132171 2242.35 2.42504
6.25 0.9375 1426.41 2.65356 12.049 0.325193 1.52973 0.0132826 2248.79 2.43495
6.26 0.939 1430.13 2.65292 12.045 0.325222 1.53258 0.0132574 2240.8 2.42923
6.27 0.9405 1433.85 2.65228 12.041 0.325251 1.5348 0.0132371 2233.66 2.42443
6.28 0.942 1437.58 2.65163 12.037 0.32528 1.53722 0.0132153 2226.27 2.41935
6.29 0.9435 1441.31 2.65098 12.032 0.325336 1.54156 0.0131757 2215 2.41004
6.3 0.945 1445.05 2.65034 12.028 0.325365 1.55072 0.0131032 2199.15 2.39571
6.31 0.9465 1448.79 2.64969 12.024 0.325393 1.5534 0.0130796 2191.54 2.39034
6.32 0.948 1452.53 2.64904 12.02 0.325422 1.55613 0.0130557 2183.9 2.38494
6.33 0.9495 1456.28 2.64839 12.015 0.325477 1.55748 0.0130391 2176.58 2.37987
6.34 0.951 1460.04 2.64774 12.011 0.325505 1.55975 0.0130187 2169.57 2.37512
6.35 0.9525 1463.8 2.64708 12.007 0.325534 1.56225 0.0129966 2162.29 2.37007
6.36 0.954 1467.57 2.64643 12.003 0.325562 1.56483 0.0129741 2154.94 2.36494
6.37 0.9555 1471.34 2.64577 11.999 0.325589 1.55627 0.0130349 2161.45 2.37501
6.38 0.957 1475.11 2.64512 11.995 0.325617 1.55839 0.0130157 2154.67 2.3705
6.39 0.9585 1478.9 2.64446 11.99 0.325672 1.55944 0.0130015 2147.83 2.36591
6.4 0.96 1482.68 2.6438 11.986 0.3257 1.56153 0.0129825 2141.12 2.36146
6.41 0.9615 1486.47 2.64314 11.982 0.325727 1.56399 0.012961 2134 2.35654
6.42 0.963 1490.27 2.64248 11.978 0.325755 1.5662 0.0129413 2127.21 2.35198
6.43 0.9645 1494.07 2.64182 11.974 0.325782 1.56841 0.0129217 2120.43 2.34743
6.44 0.966 1497.87 2.64116 11.97 0.325809 1.57049 0.012903 2113.84 2.34306
6.45 0.9675 1501.69 2.6405 11.966 0.325836 1.5728 0.0128827 2106.99 2.3384
6.46 0.969 1505.5 2.63983 11.962 0.325863 1.57481 0.0128646 2100.52 2.33415
6.47 0.9705 1509.32 2.63917 11.957 0.325917 1.58641 0.0127724 2081.11 2.31549
6.48 0.972 1513.15 2.6385 11.953 0.325944 1.58849 0.0127539 2074.62 2.31119
6.49 0.9735 1516.98 2.63784 11.949 0.325971 1.59073 0.0127343 2067.97 2.30669
6.5 0.975 1520.81 2.63717 11.945 0.325998 1.59281 0.0127159 2061.53 2.30242
6.51 0.9765 1524.65 2.6365 11.941 0.326024 1.59457 0.0127 2055.5 2.29859
6.52 0.978 1528.5 2.63583 11.937 0.326051 1.59676 0.0126808 2048.96 2.29419
6.53 0.9795 1532.35 2.63516 11.933 0.326077 1.59233 0.0127105 2050.32 2.29863
6.54 0.981 1536.21 2.63449 11.929 0.326104 1.59102 0.0127171 2047.95 2.2989
6.55 0.9825 1540.07 2.63382 11.925 0.32613 1.59287 0.0127005 2041.85 2.29498
6.56 0.984 1543.93 2.63315 11.921 0.326156 1.59464 0.0126845 2035.86 2.29116
6.57 0.9855 1547.8 2.63248 11.917 0.326182 1.59528 0.0126769 2031.23 2.28887
6.58 0.987 1551.68 2.6318 11.913 0.326208 1.59876 0.0126483 2023.25 2.28281
6.59 0.9885 1555.56 2.63113 11.909 0.326234 1.61116 0.0125546 2004.89 2.26499
6.6 0.99 1559.44 2.63045 11.905 0.32626 1.61261 0.0125411 1999.37 2.26165
6.61 0.9915 1563.33 2.62978 11.901 0.326286 1.61453 0.0125242 1993.33 2.25772
6.62 0.993 1567.23 2.6291 11.897 0.326312 1.60661 0.0125792 1998.72 2.26673
6.63 0.9945 1571.13 2.62843 11.893 0.326337 1.60845 0.0125629 1992.77 2.2629
6.64 0.996 1575.03 2.62775 11.889 0.326363 1.61054 0.0125448 1986.55 2.25875
6.65 0.9975 1578.94 2.62707 11.885 0.326389 1.62247 0.0124551 1969.03 2.24171
6.66 0.999 1582.86 2.62639 11.881 0.326414 1.62404 0.0124408 1963.48 2.23829
6.67 1.001 1586.78 2.62571 11.877 0.326439 1.61885 0.0124757 1965.67 2.24369
6.68 1.002 1590.7 2.62503 11.873 0.326465 1.61771 0.0124812 1963.23 2.2438
6.69 1.004 1594.63 2.62435 11.869 0.32649 1.61751 0.0124799 1959.71 2.24269
6.7 1.005 1598.56 2.62367 11.866 0.326488 1.63266 0.0123703 1940.04 2.22307
6.71 1.007 1602.5 2.62299 11.862 0.326513 1.63434 0.0123553 1934.44 2.21952
6.72 1.008 1606.45 2.62231 11.858 0.326538 1.62862 0.012394 1937.22 2.2256
6.73 1.01 1610.4 2.62162 11.854 0.326564 1.62546 0.0124141 1937.1 2.22836
6.74 1.011 1614.35 2.62094 11.85 0.326589 1.62965 0.012381 1928.67 2.22157
6.75 1.013 1618.31 2.62025 11.846 0.326614 1.64116 0.0122952 1912.07 2.20532
6.76 1.014 1622.28 2.61957 11.842 0.326639 1.63597 0.0123299 1914.24 2.21071
6.77 1.016 1626.25 2.61889 11.838 0.326664 1.63233 0.0123535 1914.66 2.21408
6.78 1.017 1630.22 2.6182 11.835 0.326661 1.6373 0.0123179 1906.72 2.20779
6.79 1.019 1634.2 2.61752 11.831 0.326686 1.64894 0.0122314 1890.14 2.19145
6.8 1.02 1638.18 2.61683 11.827 0.326711 1.6405 0.0122894 1895.9 2.20101
6.81 1.022 1642.17 2.61614 11.823 0.326735 1.63987 0.0122913 1892.98 2.20052
6.82 1.023 1646.17 2.61545 11.819 0.32676 1.65454 0.0121833 1873.18 2.18036
6.83 1.025 1650.17 2.61477 11.816 0.326757 1.64957 0.0122193 1876.32 2.18689
6.84 1.026 1654.17 2.61408 11.812 0.326782 1.64581 0.0122436 1876.88 2.19043
6.85 1.028 1658.18 2.61339 11.808 0.326807 1.65998 0.0121394 1857.77 2.17097
6.86 1.029 1662.19 2.6127 11.804 0.326831 1.66111 0.0121287 1852.98 2.16824
6.87 1.031 1666.21 2.61202 11.8 0.326856 1.65075 0.0122002 1860.75 2.18019
6.88 1.032 1670.23 2.61133 11.797 0.326853 1.66588 0.0120924 1841.96 2.16103
6.89 1.034 1674.26 2.61064 11.793 0.326877 1.66038 0.0121291 1844.42 2.16678
6.9 1.035 1678.3 2.60995 11.789 0.326902 1.65624 0.012156 1845.39 2.17077
6.91 1.037 1682.34 2.60926 11.785 0.326926 1.67033 0.012053 1826.64 2.15156
6.92 1.038 1686.38 2.60857 11.782 0.326923 1.66551 0.0120877 1829.57 2.15787
6.93 1.04 1690.43 2.60788 11.778 0.326947 1.66359 0.0120988 1828.14 2.15904
6.94 1.041 1694.48 2.60718 11.774 0.326972 1.67552 0.0120113 1811.85 2.14264
6.95 1.043 1698.54 2.60649 11.771 0.326968 1.66601 0.0120793 1819.79 2.15488
6.96 1.044 1702.6 2.6058 11.767 0.326993 1.67925 0.0119826 1802.15 2.13683
6.97 1.046 1706.67 2.60511 11.763 0.327017 1.67377 0.012019 1804.55 2.14252
6.98 1.047 1710.74 2.60442 11.759 0.327042 1.67208 0.0120285 1802.91 2.14341
6.99 1.049 1714.82 2.60373 11.756 0.327038 1.6847 0.0119394 1787.27 2.12765
7 1.05 1718.9 2.60303 11.752 0.327062 1.67392 0.0120132 1795.27 2.14002
7.01 1.052 1722.99 2.60234 11.749 0.327059 1.68877 0.0119085 1777.34 2.12147
7.02 1.053 1727.09 2.60165 11.745 0.327083 1.6781 0.0119814 1785.19 2.13368
7.03 1.055 1731.18 2.60095 11.741 0.327107 1.69096 0.011888 1768.26 2.11626
7.04 1.056 1735.29 2.60026 11.738 0.327104 1.68658 0.0119193 1770.65 2.12195
7.05 1.058 1739.39 2.59957 11.734 0.327128 1.68479 0.0119295 1769.14 2.12297
7.06 1.059 1743.51 2.59887 11.73 0.327152 1.68942 0.0118943 1760.92 2.11592
7.07 1.061 1747.62 2.59818 11.727 0.327148 1.68827 0.0119028 1759.92 2.11754
7.08 1.062 1751.75 2.59748 11.723 0.327172 1.69948 0.0118214 1744.91 2.10229
7.09 1.064 1755.87 2.59679 11.719 0.327197 1.69059 0.0118814 1750.78 2.11218
7.1 1.065 1760.01 2.5961 11.716 0.327193 1.7031 0.0117938 1735.64 2.09672
7.11 1.067 1764.14 2.5954 11.712 0.327217 1.69426 0.0118535 1741.45 2.10656
7.12 1.068 1768.29 2.59471 11.709 0.327213 1.70659 0.0117673 1726.57 2.09136
7.13 1.07 1772.43 2.59401 11.705 0.327238 1.69796 0.0118253 1732.13 2.1009
7.14 1.071 1776.59 2.59332 11.702 0.327234 1.70346 0.0117872 1724.33 2.09424
7.15 1.073 1780.74 2.59262 11.698 0.327258 1.70168 0.0117972 1722.85 2.09524
7.16 1.074 1784.91 2.59193 11.694 0.327282 1.70548 0.0117681 1715.66 2.08931
7.17 1.076 1789.07 2.59123 11.691 0.327279 1.71452 0.0117052 1704.3 2.07825
7.18 1.077 1793.24 2.59054 11.687 0.327303 1.70456 0.0117725 1711.17 2.08943
7.19 1.079 1797.42 2.58984 11.684 0.327299 1.71804 0.0116786 1695.34 2.07288
7.2 1.08 1801.6 2.58915 11.68 0.327323 1.70766 0.0117487 1702.61 2.08456
7.21 1.082 1805.79 2.58845 11.677 0.327319 1.72095 0.0116562 1687.03 2.06827
7.22 1.083 1809.98 2.58776 11.673 0.327344 1.71232 0.011714 1692.5 2.07777
7.23 1.085 1814.18 2.58706 11.67 0.32734 1.72387 0.0116338 1678.75 2.06365
7.24 1.086 1818.38 2.58637 11.666 0.327364 1.71551 0.0116897 1683.93 2.07281
7.25 1.088 1822.59 2.58567 11.663 0.32736 1.71664 0.0116822 1680.69 2.0716
7.26 1.089 1826.8 2.58498 11.659 0.327384 1.72855 0.0115968 1665.55 2.0557
7.27 1.091 1831.01 2.58428 11.656 0.32738 1.72093 0.0116502 1671.06 2.06528
7.28 1.092 1835.24 2.58359 11.652 0.327405 1.72492 0.01162 1663.87 2.05916
7.29 1.094 1839.46 2.58289 11.649 0.327401 1.73409 0.0115567 1652.67 2.04805
7.3 1.095 1843.69 2.5822 11.645 0.327425 1.72346 0.0116282 1660.05 2.05997
7.31 1.097 1847.93 2.5815 11.642 0.327421 1.73643 0.0115385 1645.12 2.04419
7.32 1.098 1852.17 2.58081 11.639 0.327418 1.72878 0.0115919 1650.61 2.05378
7.33 1.1 1856.42 2.58011 11.635 0.327442 1.72854 0.0115912 1647.67 2.05288
7.34 1.101 1860.67 2.57941 11.632 0.327438 1.74143 0.0115022 1632.91 2.03724
7.35 1.103 1864.92 2.57872 11.628 0.327462 1.7326 0.011561 1638.44 2.0469
7.36 1.104 1869.18 2.57802 11.625 0.327459 1.73333 0.0115563 1635.67 2.04619
7.37 1.106 1873.45 2.57733 11.622 0.327455 1.74633 0.0114667 1620.88 2.03043
7.38 1.107 1877.72 2.57663 11.618 0.327479 1.73728 0.0115269 1626.6 2.04033
7.39 1.109 1882 2.57594 11.615 0.327476 1.73805 0.0115219 1623.8 2.03957
7.4 1.11 1886.28 2.57525 11.611 0.3275 1.74987 0.0114379 1609.18 2.02394
7.41 1.112 1890.56 2.57455 11.608 0.327496 1.75209 0.0114229 1604.99 2.0214
7.42 1.113 1894.85 2.57386 11.605 0.327493 1.74268 0.0114882 1612.09 2.03308
7.43 1.115 1899.15 2.57316 11.601 0.327517 1.74677 0.0114576 1605.02 2.02689
7.44 1.116 1903.45 2.57247 11.598 0.327513 1.75676 0.0113891 1593.36 2.01489
7.45 1.118 1907.75 2.57177 11.595 0.32751 1.74866 0.0114452 1599.15 2.02494
7.46 1.119 1912.06 2.57108 11.591 0.327535 1.74807 0.011447 1596.63 2.02448
7.47 1.121 1916.38 2.57038 11.588 0.327531 1.76116 0.0113571 1582.05 2.0087
7.48 1.122 1920.7 2.56969 11.585 0.327527 1.76314 0.0113439 1578.17 2.00647
7.49 1.124 1925.02 2.569 11.581 0.327552 1.75405 0.011404 1583.8 2.01635
7.5 1.125 1929.35 2.5683 11.578 0.327548 1.75443 0.0114018 1581.43 2.01606
7.51 1.127 1933.69 2.56761 11.575 0.327545 1.76578 0.0113241 1568.63 2.00244
7.52 1.128 1938.03 2.56692 11.571 0.32757 1.76779 0.011308 1563.68 1.99882
7.53 1.13 1942.37 2.56622 11.568 0.327566 1.75973 0.0113636 1569.35 2.00878
7.54 1.131 1946.72 2.56553 11.565 0.327562 1.76022 0.0113606 1566.89 2.00835
7.55 1.133 1951.07 2.56484 11.561 0.327587 1.76443 0.0113293 1559.88 2.00205
7.56 1.134 1955.43 2.56415 11.558 0.327584 1.7746 0.0112599 1548.31 1.9899
7.57 1.136 1959.8 2.56345 11.555 0.327581 1.7756 0.0112534 1545.41 1.98885
7.58 1.137 1964.17 2.56276 11.552 0.327577 1.76712 0.0113118 1551.42 1.99928
7.59 1.139 1968.54 2.56207 11.548 0.327602 1.76655 0.0113134 1548.94 1.99879
7.6 1.14 1972.92 2.56138 11.545 0.327599 1.77177 0.0112779 1542.09 1.99263
7.61 1.142 1977.3 2.56069 11.542 0.327595 1.78029 0.0112199 1532.17 1.98249
7.62 1.143 1981.69 2.56 11.539 0.327592 1.78317 0.0112006 1527.54 1.97916
7.63 1.145 1986.09 2.5593 11.536 0.327589 1.78418 0.0111939 1524.65 1.97809
7.64 1.146 1990.49 2.55861 11.532 0.327614 1.77504 0.0112541 1530.19 1.98796
7.65 1.148 1994.89 2.55792 11.529 0.327611 1.77541 0.0112518 1527.89 1.98766
7.66 1.149 1999.3 2.55723 11.526 0.327608 1.78036 0.0112183 1521.36 1.98182
7.67 1.151 2003.71 2.55654 11.523 0.327605 1.78248 0.0112041 1517.46 1.97941
7.68 1.152 2008.13 2.55585 11.519 0.32763 1.79134 0.0111414 1506.34 1.96758
7.69 1.154 2012.55 2.55516 11.516 0.327627 1.79275 0.0111321 1503.13 1.96603
7.7 1.155 2016.98 2.55447 11.513 0.327624 1.79322 0.0111291 1500.77 1.96559
7.71 1.157 2021.42 2.55378 11.51 0.327621 1.78485 0.0111864 1506.54 1.97581
7.72 1.158 2025.85 2.55309 11.507 0.327618 1.78692 0.0111726 1502.71 1.97345
7.73 1.16 2030.3 2.55241 11.504 0.327615 1.78876 0.0111603 1499.11 1.97138
7.74 1.161 2034.74 2.55172 11.5 0.32764 1.78776 0.0111648 1497.1 1.97139
7.75 1.163 2039.2 2.55103 11.497 0.327637 1.79245 0.0111331 1490.91 1.96589
7.76 1.164 2043.66 2.55034 11.494 0.327634 1.79417 0.0111217 1487.43 1.96395
7.77 1.166 2048.12 2.54965 11.491 0.327632 1.80231 0.0110666 1478.14 1.95432
7.78 1.167 2052.59 2.54897 11.488 0.327629 1.80389 0.0110562 1474.81 1.95255
7.79 1.169 2057.06 2.54828 11.485 0.327626 1.80704 0.011035 1470.07 1.9489
7.8 1.17 2061.54 2.54759 11.482 0.327623 1.8081 0.0110281 1467.23 1.94776
7.81 1.172 2066.02 2.54691 11.479 0.327621 1.80967 0.0110177 1463.93 1.946
7.82 1.173 2070.51 2.54622 11.475 0.327647 1.80981 0.0110144 1460.95 1.94465
7.83 1.175 2075 2.54553 11.472 0.327644 1.81085 0.0110076 1458.14 1.94353
7.84 1.176 2079.5 2.54485 11.469 0.327641 1.81215 0.010999 1455.1 1.94209
7.85 1.178 2084 2.54416 11.466 0.327639 1.81366 0.010989 1451.88 1.9404
7.86 1.179 2088.5 2.54348 11.463 0.327636 1.80525 0.0110462 1457.53 1.95057
7.87 1.181 2093.02 2.54279 11.46 0.327634 1.8068 0.011036 1454.27 1.94883
7.88 1.182 2097.53 2.54211 11.457 0.327632 1.80805 0.0110277 1451.27 1.94744
7.89 1.184 2102.06 2.54143 11.454 0.327629 1.8094 0.0110187 1448.2 1.94593
7.9 1.185 2106.58 2.54074 11.451 0.327627 1.81083 0.0110093 1445.06 1.94433
7.91 1.187 2111.11 2.54006 11.448 0.327625 1.81225 0.0109999 1441.94 1.94274
7.92 1.188 2115.65 2.53938 11.445 0.327623 1.81364 0.0109907 1438.84 1.94117
7.93 1.19 2120.19 2.53869 11.442 0.32762 1.81485 0.0109826 1435.91 1.93982
7.94 1.191 2124.74 2.53801 11.439 0.327618 1.82618 0.0109063 1424.06 1.9264
7.95 1.193 2129.29 2.53733 11.436 0.327616 1.82724 0.0108993 1421.29 1.92523
7.96 1.194 2133.85 2.53665 11.433 0.327614 1.82836 0.010892 1418.46 1.92399
7.97 1.196 2138.41 2.53597 11.43 0.327612 1.82988 0.0108819 1415.3 1.92228
7.98 1.197 2142.97 2.53529 11.427 0.32761 1.83116 0.0108735 1412.34 1.92084
7.99 1.199 2147.54 2.53461 11.424 0.327608 1.83226 0.0108662 1409.55 1.91961
8 1.2 2152.12 2.53393 11.421 0.327606 1.83218 0.0108669 1407.79 1.91979
