0.27 0.0405 38.2174 0.642628 821.82 0.00115464 1.75326 0.0260627 6.51346e+12 8.46642e+12
0.28 0.042 39.6373 0.645211 845.394 0.00112695 1.74361 0.0270724 7.79348e+12 9.92909e+12
0.29 0.0435 41.0577 0.647807 872.02 0.00109694 1.73255 0.028316 9.51858e+12 1.18858e+13
0.3 0.045 42.4784 0.650366 901.978 0.00106469 1.71991 0.0297177 1.18278e+13 1.44811e+13
0.31 0.0465 43.8996 0.652823 935.62 0.00103029 1.70545 0.0313737 1.49959e+13 1.80169e+13
0.32 0.048 45.3211 0.655089 973.278 0.000993863 1.68892 0.0331678 1.93112e+13 2.28031e+13
0.33 0.0495 46.743 0.657016 1015.32 0.000955513 1.67006 0.0354431 2.54949e+13 2.96659e+13
0.34 0.051 48.1653 0.65834 1062.09 0.000915279 1.64862 0.0377423 3.40043e+13 3.91713e+13
0.35 0.0525 49.588 0.658599 1113.81 0.000873114 1.62445 0.0403285 4.60876e+13 5.29866e+13
0.36 0.054 51.0112 0.656981 1170.69 0.000828659 1.59756 0.0438624 6.42986e+13 7.48379e+13
0.37 0.0555 52.4347 0.652106 1232.61 0.00078119 1.56833 0.0477338 9.05436e+13 1.09384e+14
0.38 0.057 53.8587 0.641692 1298.96 0.000729446 1.53789 0.0511065 1.25999e+14 1.64975e+14
0.39 0.0585 55.283 0.622079 1368.03 0.000671446 1.50871 0.053823 1.71934e+14 2.62918e+14
0.4 0.06 56.7078 0.587472 1435.27 0.000604389 1.48598 0.0552212 2.24225e+14 4.56492e+14
0.41 0.0615 58.1331 0.528516 1488.05 0.000524449 1.48114 0.0525361 2.55536e+14 8.82773e+14
0.42 0.063 59.5587 0.430264 1490.16 0.000426348 1.51983 0.0531682 2.60452e+14 2.51616e+15
0.43 0.0645 60.9848 0.279027 1334.09 0.000308832 1.65169 0.0319457 9.00014e+13 7.58065e+15
0.44 0.066 62.4113 0.132495 831.52 0.000235282 1.87378 0.00585891 1.55271e+12 5.41728e+15
0.45 0.0675 63.8383 0.0950245 390.308 0.000359493 1.97033 0.00320017 1.9325e+10 3.55326e+14
0.46 0.069 65.2657 0.0906681 225.919 0.000592604 1.98916 0.00119943 4.70596e+08 1.09411e+13
0.47 0.0705 66.6936 0.0905932 155.333 0.000861181 1.99485 0.000684685 4.1278e+07 9.63667e+11
0.48 0.072 68.1219 0.0916025 117.843 0.0011478 1.99747 0.000480462 7.27925e+06 1.60781e+11
0.49 0.0735 69.5506 0.0930634 95.001 0.00144648 1.99903 0.000383714 1.97951e+06 4.03969e+10
0.5 0.075 70.9798 0.0947733 79.766 0.00175441 2.00013 0.000335357 721947 1.34512e+10
0.51 0.0765 72.4095 0.0966444 68.942 0.00206993 2.00098 0.000314414 326460 5.5161e+09
0.52 0.078 73.8396 0.0986303 60.885 0.00239201 2.00164 0.000312732 174435 2.66236e+09
0.53 0.0795 75.2702 0.100706 54.672 0.0027199 2.00214 0.000327309 106584 1.46588e+09
0.54 0.081 76.7013 0.102855 49.744 0.00305316 2.0025 0.000357669 72626.4 8.9876e+08
0.55 0.0825 78.1328 0.105068 45.747 0.00339133 2.0027 0.000404455 54024.7 6.01072e+08
0.56 0.084 79.5649 0.107335 42.444 0.00373412 2.00273 0.000468952 43064.5 4.3062e+08
0.57 0.0855 80.9974 0.109652 39.671 0.00408137 2.00257 0.000553014 36225.2 3.25548e+08
0.58 0.087 82.4303 0.112015 37.312 0.00443291 2.0022 0.000658058 31726.1 2.56288e+08
0.59 0.0885 83.8638 0.11442 35.282 0.00478865 2.00159 0.000786368 28661.7 2.08194e+08
0.6 0.09 85.2978 0.116866 33.518 0.00514843 2.00073 0.000939445 26495.5 1.73144e+08
0.61 0.0915 86.7322 0.119353 31.971 0.00551239 1.99961 0.00111877 24913.3 1.46538e+08
0.62 0.093 88.1672 0.121878 30.605 0.00588023 1.99819 0.00132643 23744.1 1.25783e+08
0.63 0.0945 89.6026 0.12444 29.389 0.00625228 1.99648 0.00156301 22845.3 1.09064e+08
0.64 0.096 91.0386 0.12704 28.301 0.00662827 1.99445 0.0018311 22163.1 9.54158e+07
0.65 0.0975 92.475 0.129676 27.321 0.0070085 1.99208 0.00213114 21627.4 8.40221e+07
0.66 0.099 93.912 0.13235 26.435 0.00739275 1.98939 0.00246275 21194.7 7.4353e+07
0.67 0.1005 95.3495 0.13506 25.63 0.00778112 1.98633 0.00282929 20860.8 6.61265e+07
0.68 0.102 96.7876 0.137809 24.895 0.00817385 1.98293 0.00322814 20578.9 5.89831e+07
0.69 0.1035 98.2261 0.140594 24.222 0.00857077 1.97915 0.00366367 20364.6 5.28111e+07
0.7 0.105 99.6653 0.143418 23.603 0.00897221 1.97499 0.00413511 20194.5 4.7413e+07
0.71 0.1065 101.105 0.146281 23.032 0.00937819 1.97043 0.00464432 20067.4 4.26811e+07
0.72 0.108 102.545 0.149183 22.504 0.00978866 1.96552 0.00518721 19959.1 3.84791e+07
0.73 0.1095 103.986 0.152126 22.014 0.010204 1.96026 0.00576318 19864 3.47319e+07
0.74 0.111 105.427 0.15511 21.559 0.0106237 1.95457 0.00637928 19807.3 3.14276e+07
0.75 0.1125 106.869 0.158135 21.134 0.0110487 1.94851 0.00703123 19762.8 2.84701e+07
0.76 0.114 108.312 0.161204 20.737 0.0114787 1.94213 0.0077135 19719.3 2.58047e+07
0.77 0.1155 109.755 0.164315 20.366 0.0119134 1.93542 0.00842626 19682.2 2.34083e+07
0.78 0.117 111.198 0.167471 20.017 0.0123539 1.9281 0.00919647 19702.7 2.13066e+07
0.79 0.1185 112.642 0.170636 19.694 0.0127938 1.92075 0.00996903 19689.4 1.93894e+07
0.8 0.12 114.087 0.173809 19.392 0.0132347 1.91297 0.0107819 19711.3 1.77026e+07
0.81 0.1215 115.533 0.177007 19.109 0.0136777 1.90497 0.0116145 19728.8 1.61748e+07
0.82 0.123 116.979 0.180234 18.842 0.0141245 1.89677 0.0124651 19735.2 1.47823e+07
0.83 0.1245 118.425 0.183496 18.591 0.0145743 1.88814 0.0133565 19775 1.35416e+07
0.84 0.126 119.872 0.186794 18.353 0.0150286 1.87927 0.0142711 19810.8 1.241e+07
0.85 0.1275 121.32 0.190132 18.127 0.0154878 1.87011 0.0152126 19849.2 1.13804e+07
0.86 0.129 122.769 0.193511 17.913 0.0159514 1.86058 0.0161892 19905.6 1.04505e+07
0.87 0.1305 124.218 0.196933 17.71 0.0164196 1.85112 0.0171575 19927.7 9.58407e+06
0.88 0.132 125.667 0.2004 17.516 0.0168937 1.84083 0.0182067 20013.2 8.82087e+06
0.89 0.1335 127.118 0.203915 17.331 0.0173735 1.83047 0.0192617 20078.1 8.11273e+06
0.9 0.135 128.569 0.207478 17.155 0.0178585 1.82021 0.0203058 20113.3 7.45259e+06
0.91 0.1365 130.02 0.211092 16.986 0.0183503 1.8095 0.0213942 20168 6.85477e+06
0.92 0.138 131.472 0.214757 16.825 0.0188475 1.7984 0.0225193 20241.4 6.31231e+06
0.93 0.1395 132.925 0.218477 16.671 0.0193511 1.78732 0.0236419 20295.5 5.80844e+06
0.94 0.141 134.379 0.22225 16.524 0.0198605 1.77597 0.0247901 20359.3 5.34859e+06
0.95 0.1425 135.833 0.226081 16.383 0.0203766 1.76435 0.0259643 20429.3 4.92746e+06
0.96 0.144 137.288 0.229969 16.247 0.0209006 1.75233 0.0271764 20510.1 4.54263e+06
0.97 0.1455 138.744 0.233917 16.117 0.0214309 1.74064 0.0283561 20557.8 4.1817e+06
0.98 0.147 140.201 0.237925 15.992 0.0219684 1.72783 0.0296445 20671.3 3.8624e+06
0.99 0.1485 141.658 0.241995 15.873 0.0225118 1.71531 0.0309045 20760 3.56352e+06
1 0.15 143.116 0.246129 15.757 0.0230649 1.70252 0.032189 20844.2 3.28744e+06
1.01 0.1515 144.574 0.250327 15.647 0.0236233 1.69013 0.0334332 20904.6 3.02961e+06
1.02 0.153 146.034 0.254592 15.54 0.0241911 1.67705 0.0347451 20992.2 2.79591e+06
1.03 0.1545 147.494 0.258924 15.438 0.0247653 1.66439 0.0360139 21054.1 2.57729e+06
1.04 0.156 148.955 0.263323 15.34 0.025347 1.65101 0.0373526 21152.3 2.38011e+06
1.05 0.1575 150.417 0.267793 15.245 0.0259379 1.63742 0.0387114 21251.3 2.19824e+06
1.06 0.159 151.879 0.272333 15.154 0.026536 1.62403 0.040048 21336.7 2.02913e+06
1.07 0.1605 153.342 0.276945 15.066 0.027143 1.61016 0.0414317 21440.4 1.87478e+06
1.08 0.162 154.807 0.28163 14.982 0.027757 1.59712 0.0427286 21502 1.72889e+06
1.09 0.1635 156.272 0.286389 14.9 0.0283813 1.58232 0.0442035 21642 1.60031e+06
1.1 0.165 157.738 0.291223 14.822 0.0290123 1.56914 0.0455099 21704.5 1.47607e+06
1.11 0.1665 159.204 0.296133 14.747 0.0296515 1.555 0.0469132 21813.4 1.3645e+06
1.12 0.168 160.672 0.301121 14.674 0.0303009 1.5407 0.0483286 21920.8 1.26136e+06
1.13 0.1695 162.14 0.306186 14.604 0.0309582 1.52623 0.0497596 22036.7 1.16655e+06
1.14 0.171 163.61 0.31133 14.537 0.0316234 1.51181 0.0511834 22152 1.07893e+06
1.15 0.1725 165.08 0.316554 14.472 0.0322984 1.49769 0.0525725 22249.1 997149
1.16 0.174 166.551 0.321858 14.41 0.0329809 1.48341 0.0539737 22357 922095
1.17 0.1755 168.023 0.327245 14.35 0.0336731 1.46963 0.0553209 22441.9 851883
1.18 0.177 169.496 0.332713 14.292 0.0343747 1.45427 0.0568281 22591.1 789361
1.19 0.1785 170.97 0.338265 14.236 0.0350858 1.44077 0.0581366 22662.1 728959
1.2 0.18 172.445 0.3439 14.183 0.0358036 1.42619 0.0595546 22785.9 674826
1.21 0.1815 173.921 0.349619 14.131 0.036533 1.41138 0.0609923 22911.3 624824
1.22 0.183 175.398 0.355424 14.081 0.0372714 1.39705 0.0623738 23018.7 578138
1.23 0.1845 176.876 0.361314 14.034 0.038016 1.38256 0.0637689 23143.4 535409
1.24 0.186 178.355 0.367292 13.988 0.038772 1.36882 0.0650785 23234.1 495173
1.25 0.1875 179.835 0.373355 13.944 0.0395364 1.35453 0.0664401 23349.5 458513
1.26 0.189 181.317 0.379507 13.902 0.0403092 1.33844 0.0679877 23535.7 425909
1.27 0.1905 182.799 0.385745 13.861 0.0410931 1.32433 0.0693197 23645 394387
1.28 0.192 184.282 0.392073 13.822 0.041885 1.31085 0.0705785 23737.6 364998
1.29 0.1935 185.766 0.398488 13.784 0.0426877 1.29697 0.071872 23842.2 338029
1.3 0.195 187.252 0.404994 13.748 0.0434982 1.28184 0.0732925 23997.6 313770
1.31 0.1965 188.738 0.411589 13.714 0.0443161 1.26819 0.0745498 24108.9 290768
1.32 0.198 190.226 0.418273 13.681 0.0451445 1.25392 0.0758651 24240.5 269729
1.33 0.1995 191.715 0.425048 13.649 0.0459832 1.23966 0.0771709 24370.7 250244
1.34 0.201 193.205 0.431913 13.619 0.0468288 1.22541 0.0784686 24509.4 232294
1.35 0.2025 194.696 0.438868 13.59 0.0476845 1.21137 0.0797359 24641.2 215615
1.36 0.204 196.189 0.445914 13.562 0.0485501 1.19771 0.0809546 24761.1 200078
1.37 0.2055 197.682 0.453051 13.535 0.0494255 1.18384 0.0821867 24888.8 185761
1.38 0.207 199.177 0.460279 13.51 0.050307 1.17147 0.0832484 24978.3 172243
1.39 0.2085 200.673 0.467598 13.485 0.0512017 1.15825 0.084393 25088.3 159880
1.4 0.21 202.171 0.475008 13.462 0.0521019 1.14308 0.0857381 25271.6 148873
1.41 0.2115 203.669 0.482508 13.44 0.0530113 1.13127 0.0867122 25350.5 138086
1.42 0.213 205.169 0.4901 13.419 0.0539296 1.11761 0.0878764 25490.8 128424
1.43 0.2145 206.67 0.497782 13.399 0.0548567 1.10536 0.0888776 25589.7 119276
1.44 0.216 208.173 0.505555 13.379 0.0557965 1.09165 0.0900257 25727.3 110978
1.45 0.2175 209.677 0.513418 13.361 0.0567407 1.07881 0.0910703 25851.3 103231
1.46 0.219 211.182 0.521372 13.344 0.0576931 1.0658 0.092124 25984.4 96086.2
1.47 0.2205 212.689 0.529416 13.328 0.0586535 1.05399 0.0930372 26085.1 89349.9
1.48 0.222 214.197 0.537549 13.312 0.0596262 1.0425 0.0939024 26170 83061.4
1.49 0.2235 215.706 0.545771 13.297 0.0606066 1.03013 0.0948533 26286.4 77332.7
1.5 0.225 217.217 0.554083 13.283 0.0615944 1.0172 0.0958541 26424.2 72079.8
1.51 0.2265 218.73 0.562483 13.27 0.0625894 1.006 0.0966563 26515.2 67086.3
1.52 0.228 220.244 0.570971 13.258 0.0635914 0.993857 0.0975499 26639.6 62537.9
1.53 0.2295 221.759 0.579545 13.246 0.0646049 0.981685 0.0984336 26759.5 58307.7
1.54 0.231 223.276 0.588208 13.235 0.065625 0.969659 0.0992904 26880.5 54383.6
1.55 0.2325 224.794 0.596958 13.225 0.0666516 0.958117 0.100084 26993.1 50724.8
1.56 0.234 226.314 0.605792 13.215 0.0676891 0.946474 0.100875 27103.8 47325.9
1.57 0.2355 227.835 0.614711 13.206 0.0687325 0.935751 0.101556 27194.1 44137.2
1.58 0.237 229.358 0.623717 13.198 0.0697818 0.923742 0.102365 27327.6 41242.9
1.59 0.2385 230.883 0.632806 13.19 0.0708416 0.915295 0.102778 27354.8 38403.1
1.6 0.24 232.409 0.641976 13.183 0.0719063 0.902341 0.103663 27517.2 35949.8
1.61 0.2415 233.937 0.65123 13.176 0.0729816 0.891337 0.104325 27619.5 33591.4
1.62 0.243 235.466 0.660564 13.17 0.0740613 0.880539 0.104954 27723 31401.6
1.63 0.2445 236.997 0.66998 13.164 0.0751513 0.869855 0.105558 27818.9 29357.4
1.64 0.246 238.53 0.679472 13.159 0.076245 0.86209 0.105841 27840.7 27384.6
1.65 0.2475 240.065 0.689045 13.154 0.0773486 0.851771 0.106382 27929.9 25616.3
1.66 0.249 241.601 0.698695 13.15 0.0784557 0.841709 0.106886 28019.4 23972.1
1.67 0.2505 243.139 0.70842 13.147 0.0795659 0.832208 0.10732 28101.2 22436.5
1.68 0.252 244.679 0.71822 13.143 0.0806911 0.821773 0.107836 28193.3 21015.8
1.69 0.2535 246.22 0.728095 13.14 0.0818192 0.812171 0.108254 28270.4 19682.4
1.7 0.255 247.763 0.738042 13.138 0.0829496 0.803533 0.108562 28329.2 18429.6
1.71 0.2565 249.309 0.748061 13.136 0.0840885 0.794396 0.108909 28398.2 17270
1.72 0.258 250.855 0.75815 13.134 0.0852355 0.785149 0.109255 28466.7 16190
1.73 0.2595 252.404 0.768308 13.132 0.0863907 0.775262 0.109654 28548.9 15191.4
1.74 0.261 253.955 0.778536 13.131 0.0875475 0.769967 0.109571 28516.4 14203.2
1.75 0.2625 255.508 0.788827 13.13 0.0887115 0.757751 0.110188 28666 13370.3
1.76 0.264 257.062 0.799182 13.13 0.089876 0.749126 0.110426 28728.1 12553.5
1.77 0.2655 258.619 0.809603 13.13 0.0910479 0.744192 0.110277 28689.2 11750.1
1.78 0.267 260.177 0.820084 13.13 0.0922266 0.733044 0.110748 28811.9 11065.3
1.79 0.2685 261.737 0.830626 13.13 0.0934122 0.724868 0.110906 28852.8 10395.5
1.8 0.27 263.3 0.841225 13.131 0.0945969 0.716795 0.111046 28900.2 9772.97
1.81 0.2715 264.864 0.851883 13.132 0.0957882 0.711313 0.110915 28877.1 9169.34
1.82 0.273 266.431 0.862596 13.133 0.0969853 0.70456 0.110901 28884.7 8616.22
1.83 0.2745 267.999 0.873361 13.134 0.0981883 0.695831 0.111074 28940.6 8113.79
1.84 0.276 269.57 0.88418 13.136 0.0993894 0.685714 0.111377 29041.6 7656
1.85 0.2775 271.143 0.89505 13.137 0.100604 0.681471 0.111085 28976.5 7186.15
1.86 0.279 272.718 0.905966 13.139 0.101815 0.673068 0.111197 29027.9 6775.51
1.87 0.2805 274.295 0.916929 13.141 0.103031 0.666997 0.111072 29017.2 6377.7
1.88 0.282 275.874 0.927938 13.144 0.104245 0.660458 0.110988 29028.4 6010.55
1.89 0.2835 277.455 0.93899 13.146 0.10547 0.6546 0.110825 29007.8 5661.03
1.9 0.285 279.039 0.950082 13.148 0.1067 0.647977 0.110727 29004.3 5337.54
1.91 0.2865 280.624 0.961214 13.151 0.107925 0.640325 0.110723 29036.4 5041.12
1.92 0.288 282.212 0.972383 13.154 0.109155 0.633538 0.110628 29044.6 4759.53
1.93 0.2895 283.803 0.983588 13.157 0.110387 0.627505 0.110454 29031.9 4492.58
1.94 0.291 285.395 0.994826 13.16 0.111623 0.624933 0.109949 28932.1 4229.91
1.95 0.2925 286.99 1.0061 13.163 0.112862 0.618858 0.109766 28916.9 3996.13
1.96 0.294 288.587 1.0174 13.166 0.114103 0.609967 0.109835 28968.1 3785.79
1.97 0.2955 290.187 1.02872 13.17 0.115338 0.607405 0.109319 28876 3570.56
1.98 0.297 291.789 1.04007 13.173 0.116585 0.598527 0.109371 28922.5 3385.35
1.99 0.2985 293.393 1.05145 13.177 0.117824 0.593764 0.109046 28880.3 3201.46
2 0.3 295 1.06284 13.18 0.119074 0.590623 0.108564 28785.5 3023.51
2.01 0.3015 296.609 1.07426 13.184 0.120316 0.586321 0.108189 28729.6 2860.68
2.02 0.303 298.221 1.08569 13.188 0.12156 0.581639 0.107844 28681.4 2708.62
2.03 0.3045 299.835 1.09714 13.191 0.122814 0.575829 0.107588 28646 2567.07
2.04 0.306 301.452 1.1086 13.195 0.124059 0.571358 0.107215 28590 2432.32
2.05 0.3075 303.071 1.12008 13.199 0.125305 0.566961 0.106833 28531.2 2305.52
2.06 0.309 304.693 1.13156 13.203 0.126551 0.562101 0.106487 28481.9 2187.13
2.07 0.3105 306.317 1.14304 13.206 0.127807 0.553544 0.106448 28503.9 2081.01
2.08 0.312 307.944 1.15454 13.21 0.129053 0.549379 0.106033 28435.9 1974.75
2.09 0.3135 309.573 1.16603 13.214 0.130299 0.548196 0.105364 28299.3 1870.27
2.1 0.315 311.205 1.17753 13.218 0.131543 0.54558 0.104817 28195 1774.17
2.11 0.3165 312.84 1.18903 13.222 0.132787 0.540131 0.104505 28153.7 1687.58
2.12 0.318 314.477 1.20052 13.226 0.13403 0.536458 0.104043 28071.6 1603.65
2.13 0.3195 316.117 1.212 13.23 0.135272 0.534053 0.103477 27960.9 1523.06
2.14 0.321 317.76 1.22348 13.234 0.136512 0.528342 0.103179 27922.6 1450.94
2.15 0.3225 319.405 1.23495 13.237 0.13776 0.525756 0.102619 27802.7 1378.86
2.16 0.324 321.054 1.24641 13.241 0.138996 0.522559 0.102116 27708.2 1312.15
2.17 0.3255 322.705 1.25786 13.245 0.14023 0.51914 0.10163 27618.1 1249.46
2.18 0.327 324.358 1.26929 13.249 0.141462 0.514513 0.10124 27553.5 1191.41
2.19 0.3285 326.015 1.2807 13.252 0.142702 0.512261 0.100656 27425.6 1133.97
2.2 0.33 327.674 1.29209 13.256 0.143928 0.508914 0.100165 27333.1 1081.19
2.21 0.3315 329.336 1.30347 13.26 0.145151 0.506202 0.0996261 27227.1 1030.83
2.22 0.333 331.001 1.31482 13.263 0.146382 0.506405 0.0988604 27048.4 980.618
2.23 0.3345 332.669 1.32614 13.267 0.147598 0.499986 0.0986057 27019.4 938.45
2.24 0.336 334.34 1.33744 13.27 0.148822 0.497303 0.098062 26900.8 895.521
2.25 0.3375 336.014 1.34871 13.274 0.150031 0.495117 0.0974903 26784.3 855.006
2.26 0.339 337.691 1.35995 13.277 0.151247 0.492403 0.0969533 26666.9 816.656
2.27 0.3405 339.37 1.37116 13.28 0.152459 0.494893 0.0960394 26445.4 777.304
2.28 0.342 341.053 1.38234 13.283 0.153667 0.486803 0.0958977 26436.2 746.127
2.29 0.3435 342.738 1.39348 13.287 0.154859 0.484979 0.0953103 26313.9 713.457
2.3 0.345 344.427 1.40458 13.29 0.156058 0.484483 0.0946252 26154.2 681.535
2.31 0.3465 346.119 1.41565 13.293 0.157252 0.485725 0.0938234 25961.9 650.492
2.32 0.348 347.813 1.42668 13.296 0.158441 0.479968 0.0935166 25906.2 624.399
2.33 0.3495 349.511 1.43766 13.299 0.159625 0.47836 0.0929223 25770.6 597.759
2.34 0.351 351.212 1.44861 13.301 0.160816 0.475966 0.0923788 25639.2 572.585
2.35 0.3525 352.916 1.4595 13.304 0.161989 0.478389 0.0915192 25429.3 547.009
2.36 0.354 354.623 1.47036 13.307 0.163157 0.472623 0.0912189 25374.4 525.98
2.37 0.3555 356.333 1.48116 13.309 0.164331 0.473995 0.0904355 25175.4 503.095
2.38 0.357 358.046 1.49192 13.312 0.165487 0.473398 0.0897974 25025.9 482.337
2.39 0.3585 359.763 1.50263 13.314 0.16665 0.473542 0.0891093 24852.8 462.174
2.4 0.36 361.482 1.51328 13.317 0.167794 0.466398 0.088907 24824.4 445.618
2.41 0.3615 363.205 1.52389 13.319 0.168945 0.471066 0.0879375 24572.1 425.953
2.42 0.363 364.931 1.53444 13.321 0.170089 0.469331 0.087387 24436.6 409.238
2.43 0.3645 366.66 1.54494 13.323 0.171227 0.467979 0.086817 24295.5 393.238
2.44 0.366 368.393 1.55538 13.325 0.172358 0.461643 0.086563 24242.6 379.385
2.45 0.3675 370.128 1.56577 13.327 0.173483 0.464629 0.0857319 24027.8 363.719
2.46 0.369 371.868 1.57609 13.329 0.174601 0.460055 0.0853741 23945.5 350.752
2.47 0.3705 373.61 1.58636 13.33 0.175726 0.458761 0.0848111 23796.5 337.432
2.48 0.372 375.355 1.59657 13.332 0.17683 0.457598 0.084253 23657.7 324.874
2.49 0.3735 377.104 1.60672 13.334 0.177927 0.463344 0.0832886 23404.4 311.372
2.5 0.375 378.857 1.61681 13.335 0.179031 0.462544 0.0827161 23252.3 299.816
2.51 0.3765 380.612 1.62684 13.336 0.180128 0.461218 0.08218 23110.2 288.915
2.52 0.378 382.371 1.6368 13.338 0.181204 0.461244 0.0815785 22958.3 278.387
2.53 0.3795 384.134 1.6467 13.339 0.182286 0.460435 0.081024 22810.8 268.383
2.54 0.381 385.899 1.65653 13.34 0.183361 0.460633 0.080418 22648.7 258.659
2.55 0.3825 387.669 1.6663 13.341 0.184429 0.46016 0.0798566 22499 249.504
2.56 0.384 389.441 1.67601 13.342 0.185489 0.458297 0.0793787 22372.7 241.004
2.57 0.3855 391.217 1.68565 13.343 0.186541 0.460195 0.0786979 22189.2 232.271
2.58 0.387 392.997 1.69522 13.343 0.187601 0.4595 0.0781597 22037.4 224.244
2.59 0.3885 394.78 1.70472 13.344 0.188638 0.45975 0.0775839 21883.3 216.537
2.6 0.39 396.566 1.71415 13.344 0.189682 0.459635 0.0770267 21726.1 209.131
2.61 0.3915 398.356 1.72352 13.345 0.190704 0.459456 0.0764869 21581.9 202.159
2.62 0.393 400.149 1.73282 13.345 0.191733 0.459214 0.0759491 21430.2 195.409
2.63 0.3945 401.946 1.74205 13.345 0.192754 0.465934 0.0750549 21177.9 188.047
2.64 0.396 403.747 1.75121 13.346 0.193753 0.460244 0.0748213 21119.9 182.679
2.65 0.3975 405.551 1.7603 13.346 0.194759 0.460394 0.0742825 20967.8 176.73
2.66 0.399 407.358 1.76931 13.346 0.195757 0.467038 0.0734217 20724.8 170.275
2.67 0.4005 409.169 1.77826 13.345 0.196761 0.460913 0.0732056 20656.1 165.483
2.68 0.402 410.984 1.78714 13.345 0.197744 0.46075 0.0727016 20513.9 160.303
2.69 0.4035 412.802 1.79594 13.345 0.198718 0.461727 0.0721476 20357.5 155.22
2.7 0.405 414.624 1.80468 13.345 0.199684 0.464506 0.0715127 20178.4 150.166
2.71 0.4065 416.449 1.81334 13.344 0.200658 0.468853 0.0708031 19970.7 145.104
2.72 0.408 418.279 1.82193 13.344 0.201609 0.464479 0.0705281 19893.1 141.165
2.73 0.4095 420.111 1.83045 13.343 0.202566 0.464017 0.0700623 19754.3 136.948
2.74 0.411 421.948 1.8389 13.342 0.203516 0.471314 0.0692377 19514.5 132.207
2.75 0.4125 423.788 1.84727 13.342 0.204443 0.472668 0.0687094 19365.6 128.251
2.76 0.414 425.631 1.85558 13.341 0.205378 0.473212 0.0682177 19219.8 124.463
2.77 0.4155 427.479 1.86381 13.34 0.206304 0.468013 0.0679941 19149.7 121.294
2.78 0.417 429.33 1.87197 13.339 0.207223 0.471084 0.067398 18974.6 117.589
2.79 0.4185 431.184 1.88005 13.337 0.208149 0.469345 0.0670179 18853.5 114.347
2.8 0.42 433.043 1.88807 13.336 0.209052 0.47708 0.0662292 18624.6 110.582
2.81 0.4215 434.905 1.89601 13.335 0.209948 0.477962 0.0657536 18484 107.467
2.82 0.423 436.771 1.90388 13.334 0.210835 0.480099 0.0652296 18329.8 104.386
2.83 0.4245 438.64 1.91168 13.332 0.21173 0.480141 0.0647952 18194.1 101.516
2.84 0.426 440.514 1.91941 13.331 0.212602 0.47764 0.0644827 18099.5 98.9722
2.85 0.4275 442.391 1.92707 13.329 0.213482 0.478442 0.0640259 17957.8 96.262
2.86 0.429 444.272 1.93465 13.327 0.214355 0.47941 0.063568 17816 93.6444
2.87 0.4305 446.156 1.94217 13.326 0.215203 0.485487 0.0629111 17625.3 90.8637
2.88 0.432 448.045 1.94961 13.324 0.216061 0.486698 0.0624569 17484.9 88.4324
2.89 0.4335 449.937 1.95698 13.322 0.21691 0.483397 0.0621929 17398 86.3478
2.9 0.435 451.833 1.96428 13.32 0.217752 0.489532 0.0615494 17205 83.8148
2.91 0.4365 453.733 1.97151 13.318 0.218587 0.491333 0.0610892 17063.6 81.6124
2.92 0.438 455.636 1.97868 13.316 0.219413 0.488052 0.0608372 16980.4 79.7557
2.93 0.4395 457.544 1.98576 13.314 0.220233 0.494423 0.0602074 16792 77.473
2.94 0.441 459.455 1.99279 13.311 0.221061 0.490297 0.0599889 16712.3 75.7556
2.95 0.4425 461.37 1.99974 13.309 0.221866 0.497605 0.0593373 16518.3 73.5835
2.96 0.444 463.289 2.00662 13.307 0.222663 0.499145 0.058917 16389 71.7647
2.97 0.4455 465.212 2.01344 13.304 0.223469 0.49595 0.0586746 16303.1 70.1889
2.98 0.447 467.139 2.02019 13.302 0.224252 0.498385 0.0582295 16167.3 68.4488
2.99 0.4485 469.069 2.02686 13.299 0.225044 0.504096 0.0576609 15991.4 66.5961
3 0.45 471.004 2.03347 13.297 0.225812 0.508384 0.0571607 15840.8 64.9038
3.01 0.4515 472.942 2.04002 13.294 0.22659 0.502525 0.0570322 15787.3 63.6535
3.02 0.453 474.884 2.04649 13.291 0.227361 0.509721 0.0564294 15602.9 61.9208
3.03 0.4545 476.83 2.0529 13.288 0.228124 0.506439 0.0562134 15525.6 60.6587
3.04 0.456 478.78 2.05925 13.285 0.228881 0.515559 0.0555558 15326.7 58.9642
3.05 0.4575 480.734 2.06553 13.283 0.229613 0.51557 0.0552384 15227.6 57.6986
3.06 0.459 482.692 2.07174 13.28 0.230356 0.512873 0.0550125 15148.3 56.542
3.07 0.4605 484.654 2.07789 13.276 0.231109 0.513774 0.0546564 15027.5 55.2668
3.08 0.462 486.619 2.08397 13.273 0.231838 0.515874 0.0542708 14904.7 54.0197
3.09 0.4635 488.589 2.08999 13.27 0.23256 0.522803 0.0537247 14738 52.651
3.1 0.465 490.563 2.09594 13.267 0.233275 0.527433 0.0532646 14595.3 51.4047
3.11 0.4665 492.54 2.10183 13.264 0.233984 0.522616 0.053129 14541.7 50.5021
3.12 0.468 494.522 2.10766 13.26 0.234704 0.529508 0.0525958 14374 49.2333
3.13 0.4695 496.507 2.11343 13.257 0.235399 0.534146 0.0521522 14236.7 48.1011
3.14 0.471 498.496 2.11913 13.254 0.236088 0.536388 0.0517936 14122.8 47.0777
3.15 0.4725 500.49 2.12477 13.25 0.236788 0.531067 0.0516787 14070.2 46.2831
3.16 0.474 502.487 2.13036 13.247 0.237464 0.540675 0.0510893 13894 45.1079
3.17 0.4755 504.489 2.13588 13.243 0.238151 0.542976 0.0507352 13776.9 44.1526
3.18 0.477 506.494 2.14134 13.24 0.238814 0.545641 0.0503814 13665.3 43.2393
3.19 0.4785 508.503 2.14674 13.236 0.239489 0.547744 0.0500428 13553 42.3473
3.2 0.48 510.517 2.15208 13.232 0.240157 0.549078 0.0497325 13448.6 41.5023
3.21 0.4815 512.534 2.15736 13.228 0.240819 0.55079 0.0494144 13342.4 40.6728
3.22 0.483 514.555 2.16259 13.225 0.241457 0.547394 0.049265 13287 40.0172
3.23 0.4845 516.581 2.16775 13.221 0.242107 0.556986 0.0487131 13118.3 39.0406
3.24 0.486 518.61 2.17286 13.217 0.242751 0.559703 0.0483771 13008.1 38.2597
3.25 0.4875 520.644 2.17791 13.213 0.243389 0.556041 0.0482371 12950.9 37.6518
3.26 0.489 522.681 2.1829 13.209 0.244021 0.564399 0.0477401 12798 36.7838
3.27 0.4905 524.723 2.18784 13.205 0.244647 0.565509 0.0474644 12704.9 36.1059
3.28 0.492 526.768 2.19272 13.201 0.245267 0.56106 0.0473552 12656.5 35.5697
3.29 0.4935 528.818 2.19755 13.197 0.245882 0.57184 0.0468032 12490 34.718
3.3 0.495 530.872 2.20232 13.193 0.24649 0.573436 0.0465244 12396.8 34.0872
3.31 0.4965 532.929 2.20704 13.189 0.247093 0.576213 0.046215 12295.7 33.4494
3.32 0.498 534.991 2.2117 13.184 0.247709 0.578082 0.0459284 12196.3 32.8307
3.33 0.4995 537.057 2.21631 13.18 0.248301 0.580871 0.0456264 12097.7 32.228
3.34 0.501 539.127 2.22087 13.176 0.248887 0.583603 0.0453299 12000.9 31.6434
3.35 0.5025 541.201 2.22538 13.172 0.249468 0.586464 0.0450334 11904.3 31.0723
3.36 0.504 543.279 2.22983 13.167 0.250062 0.588786 0.0447485 11806.6 30.5107
3.37 0.5055 545.361 2.23423 13.163 0.250631 0.591818 0.0444547 11711.2 29.9673
3.38 0.507 547.447 2.23858 13.159 0.251196 0.590236 0.0442899 11650.1 29.5224
3.39 0.5085 549.538 2.24288 13.154 0.251774 0.596795 0.0439004 11525.7 28.9285
3.4 0.51 551.632 2.24713 13.15 0.252327 0.600423 0.0436013 11429.8 28.4175
3.41 0.5115 553.731 2.25133 13.145 0.252895 0.601979 0.0433541 11343.4 27.9407
3.42 0.513 555.833 2.25548 13.141 0.253438 0.605905 0.0430542 11247.8 27.4512
3.43 0.5145 557.94 2.25958 13.136 0.253996 0.60701 0.042825 11166.7 27.0068
3.44 0.516 560.051 2.26363 13.132 0.254529 0.60592 0.0426626 11107.4 26.6238
3.45 0.5175 562.166 2.26764 13.127 0.255076 0.613659 0.042267 10983.5 26.0951
3.46 0.519 564.285 2.27159 13.122 0.255619 0.61574 0.0420215 10898.9 25.6694
3.47 0.5205 566.408 2.27551 13.118 0.256137 0.618992 0.0417559 10813.5 25.2501
3.48 0.522 568.536 2.27937 13.113 0.25667 0.624102 0.0414401 10711.3 24.8002
3.49 0.5235 570.667 2.28319 13.108 0.257198 0.624949 0.0412347 10637.9 24.4251
3.5 0.525 572.803 2.28696 13.104 0.257701 0.62755 0.040995 10559.9 24.0468
3.51 0.5265 574.942 2.29068 13.099 0.25822 0.629854 0.0407586 10479 23.669
3.52 0.528 577.086 2.29437 13.094 0.258734 0.632652 0.0405128 10396 23.2936
3.53 0.5295 579.234 2.298 13.089 0.259243 0.635103 0.0402785 10316.1 22.9323
3.54 0.531 581.386 2.3016 13.084 0.259747 0.638063 0.0400345 10234.1 22.5729
3.55 0.5325 583.543 2.30515 13.079 0.260247 0.642926 0.0397477 10141.3 22.1968
3.56 0.534 585.703 2.30865 13.075 0.260723 0.638877 0.0396839 10109.6 21.9597
3.57 0.5355 587.868 2.31212 13.07 0.261214 0.647631 0.03931 9995.19 21.549
3.58 0.537 590.036 2.31554 13.065 0.261701 0.650644 0.039076 9916.72 21.2224
3.59 0.5385 592.209 2.31892 13.06 0.262183 0.655501 0.0388017 9828.27 20.8803
3.6 0.54 594.386 2.32225 13.055 0.262661 0.65045 0.0387609 9799.16 20.6693
3.61 0.5415 596.568 2.32555 13.05 0.263135 0.659483 0.0383949 9688.05 20.2904
3.62 0.543 598.753 2.32881 13.045 0.263604 0.664326 0.0381295 9602.68 19.9714
3.63 0.5445 600.943 2.33202 13.04 0.264069 0.664175 0.0379811 9546.97 19.719
3.64 0.546 603.136 2.3352 13.035 0.26453 0.670793 0.037681 9453.4 19.3933
3.65 0.5475 605.334 2.33834 13.03 0.264987 0.670557 0.0375384 9399.58 19.154
3.66 0.549 607.536 2.34143 13.025 0.26544 0.677244 0.0372429 9307.69 18.8416
3.67 0.5505 609.743 2.3445 13.02 0.265889 0.676673 0.0371116 9257.1 18.6172
3.68 0.552 611.953 2.34752 13.014 0.266355 0.682646 0.0368311 9165.99 18.3157
3.69 0.5535 614.168 2.3505 13.009 0.266795 0.682364 0.0366972 9115.13 18.0988
3.7 0.555 616.386 2.35344 13.004 0.267233 0.684802 0.0365055 9050.1 17.8575
3.71 0.5565 618.609 2.35635 12.999 0.267666 0.691679 0.03622 8962.06 17.575
3.72 0.558 620.837 2.35922 12.994 0.268095 0.691333 0.0360928 8913.44 17.3735
3.73 0.5595 623.068 2.36206 12.989 0.26852 0.695022 0.0358808 8844.06 17.1351
3.74 0.561 625.304 2.36486 12.984 0.268942 0.69784 0.0356897 8780.02 16.9106
3.75 0.5625 627.543 2.36762 12.978 0.269381 0.70295 0.0354459 8699.92 16.6588
3.76 0.564 629.787 2.37035 12.973 0.269795 0.706132 0.0352515 8635.56 16.4406
3.77 0.5655 632.036 2.37304 12.968 0.270205 0.709559 0.0350542 8570.69 16.2248
3.78 0.567 634.288 2.3757 12.963 0.270613 0.710097 0.0349188 8521.13 16.0409
3.79 0.5685 636.545 2.37832 12.957 0.271037 0.712524 0.0347396 8457.81 15.8341
3.8 0.57 638.805 2.38091 12.952 0.271437 0.715768 0.0345518 8395.87 15.6328
3.81 0.5715 641.07 2.38347 12.947 0.271833 0.719424 0.0343578 8332.61 15.432
3.82 0.573 643.34 2.38599 12.941 0.272247 0.721757 0.0341862 8271.81 15.2386
3.83 0.5745 645.613 2.38848 12.936 0.272637 0.725168 0.034001 8211.11 15.048
3.84 0.576 647.891 2.39094 12.931 0.273023 0.728585 0.0338176 8151.06 14.8614
3.85 0.5775 650.173 2.39336 12.926 0.273405 0.731757 0.0336411 8092.84 14.6806
3.86 0.579 652.459 2.39576 12.92 0.273806 0.734197 0.0334746 8034.11 14.5014
3.87 0.5805 654.749 2.39812 12.915 0.274182 0.740298 0.0332441 7963.38 14.3031
3.88 0.582 657.044 2.40045 12.909 0.274576 0.742748 0.0330812 7905.95 14.1311
3.89 0.5835 659.342 2.40275 12.904 0.274946 0.746666 0.0328976 7846.86 13.9585
3.9 0.585 661.645 2.40502 12.899 0.275312 0.755883 0.0326139 7764.15 13.7464
3.91 0.5865 663.953 2.40726 12.893 0.275697 0.749708 0.0326218 7747.97 13.654
3.92 0.588 666.264 2.40947 12.888 0.276057 0.752517 0.0324645 7695.67 13.4998
3.93 0.5895 668.58 2.41165 12.883 0.276413 0.758862 0.0322417 7628.05 13.3208
3.94 0.591 670.9 2.4138 12.877 0.276789 0.761929 0.032077 7571.42 13.1631
3.95 0.5925 673.224 2.41592 12.872 0.27714 0.762555 0.0319657 7530.51 13.0346
3.96 0.594 675.552 2.41801 12.866 0.277509 0.765658 0.0318032 7474.78 12.8823
3.97 0.5955 677.885 2.42008 12.861 0.277854 0.770834 0.0316099 7414.94 12.7247
3.98 0.597 680.222 2.42211 12.856 0.278196 0.780985 0.0313272 7334.34 12.5336
3.99 0.5985 682.563 2.42412 12.85 0.278557 0.77552 0.0313272 7317.24 12.4527
4 0.6 684.908 2.4261 12.845 0.278893 0.780921 0.0311351 7258.24 12.3019
4.01 0.6015 687.258 2.42805 12.839 0.279248 0.789992 0.0308726 7180.24 12.1209
4.02 0.603 689.612 2.42998 12.834 0.279578 0.784893 0.0308738 7166.57 12.0499
4.03 0.6045 691.97 2.43188 12.828 0.279928 0.789359 0.0306976 7109.02 11.9065
4.04 0.606 694.332 2.43375 12.823 0.280253 0.791294 0.0305742 7066.66 11.7901
4.05 0.6075 696.699 2.4356 12.817 0.280597 0.795493 0.0304059 7011.32 11.6534
4.06 0.609 699.069 2.43742 12.812 0.280916 0.805601 0.0301409 6936.67 11.4864
4.07 0.6105 701.444 2.43922 12.806 0.281255 0.802917 0.0300969 6910.36 11.4007
4.08 0.612 703.824 2.44099 12.801 0.281569 0.805584 0.0299659 6866.85 11.2879
4.09 0.6135 706.207 2.44274 12.795 0.281902 0.809395 0.0298103 6815.2 11.163
4.1 0.615 708.595 2.44446 12.79 0.282211 0.812162 0.0296801 6772.18 11.0536
4.11 0.6165 710.987 2.44615 12.784 0.28254 0.815568 0.0295343 6723.13 10.9355
4.12 0.618 713.384 2.44783 12.779 0.282843 0.818658 0.0294011 6679.71 10.8278
4.13 0.6195 715.784 2.44947 12.774 0.283144 0.822312 0.0292595 6634.56 10.7185
4.14 0.621 718.189 2.4511 12.768 0.283465 0.825056 0.0291288 6589.43 10.6104
4.15 0.6225 720.598 2.4527 12.762 0.283784 0.827922 0.0289973 6544.27 10.5033
4.16 0.624 723.012 2.45428 12.757 0.284078 0.836999 0.0287687 6479.97 10.3667
4.17 0.6255 725.429 2.45583 12.751 0.284391 0.834973 0.0287215 6454.14 10.2928
4.18 0.627 727.851 2.45736 12.746 0.28468 0.834552 0.0286538 6426.33 10.2165
4.19 0.6285 730.278 2.45887 12.741 0.284967 0.841948 0.0284576 6369.81 10.0956
4.2 0.63 732.708 2.46036 12.735 0.285274 0.84396 0.028346 6329.91 10.0021
4.21 0.6315 735.143 2.46182 12.729 0.285578 0.846803 0.0282218 6287.33 9.90532
4.22 0.633 737.582 2.46327 12.724 0.285858 0.850656 0.0280879 6245.23 9.81021
4.23 0.6345 740.025 2.46469 12.718 0.286158 0.850158 0.0280201 6215.47 9.73533
4.24 0.636 742.472 2.46609 12.713 0.286433 0.857541 0.0278314 6161.48 9.62342
4.25 0.6375 744.924 2.46747 12.708 0.286706 0.860207 0.02772 6124.78 9.53939
4.26 0.639 747.38 2.46882 12.702 0.286999 0.86877 0.02751 6064.03 9.41883
4.27 0.6405 749.841 2.47016 12.696 0.28729 0.866583 0.0274724 6041.47 9.3584
4.28 0.642 752.305 2.47148 12.691 0.287557 0.868903 0.0273696 6007 9.28026
4.29 0.6435 754.774 2.47277 12.685 0.287844 0.87829 0.0271508 5944.92 9.1603
4.3 0.645 757.247 2.47405 12.68 0.288106 0.875782 0.0271258 5927.75 9.1103
4.31 0.6465 759.725 2.47531 12.674 0.288388 0.878118 0.0270199 5890.65 9.03034
4.32 0.648 762.207 2.47654 12.669 0.288646 0.888274 0.0267991 5831 8.91659
4.33 0.6495 764.693 2.47776 12.663 0.288925 0.885098 0.0267806 5813.19 8.86754
4.34 0.651 767.183 2.47896 12.658 0.289179 0.888162 0.0266718 5778.15 8.7928
4.35 0.6525 769.677 2.48014 12.652 0.289454 0.887759 0.0266115 5751.44 8.73136
4.36 0.654 772.176 2.4813 12.647 0.289704 0.895071 0.0264395 5702.98 8.63757
4.37 0.6555 774.679 2.48244 12.641 0.289975 0.897432 0.0263387 5667.76 8.56451
4.38 0.657 777.187 2.48356 12.636 0.290221 0.900842 0.0262283 5632.85 8.49253
4.39 0.6585 779.698 2.48467 12.63 0.290488 0.910398 0.0260209 5575.07 8.38674
4.4 0.66 782.214 2.48576 12.625 0.29073 0.907383 0.0260089 5561.47 8.34801
4.41 0.6615 784.735 2.48682 12.619 0.290993 0.910258 0.0259037 5525.83 8.27671
4.42 0.663 787.259 2.48788 12.614 0.291232 0.910706 0.0258409 5501.52 8.22288
4.43 0.6645 789.788 2.48891 12.608 0.291491 0.91645 0.0256948 5457.41 8.14004
4.44 0.666 792.321 2.48993 12.603 0.291726 0.920119 0.0255858 5423.5 8.07296
4.45 0.6675 794.859 2.49093 12.598 0.291959 0.923369 0.0254839 5391.19 8.00878
4.46 0.669 797.4 2.49191 12.592 0.292213 0.923338 0.0254253 5366 7.95566
4.47 0.6705 799.946 2.49287 12.586 0.292466 0.928947 0.0252852 5323.72 7.87769
4.48 0.672 802.496 2.49382 12.581 0.292693 0.932665 0.0251789 5290.81 7.81411
4.49 0.6735 805.051 2.49476 12.576 0.292919 0.935845 0.0250811 5259.81 7.75382
4.5 0.675 807.61 2.49567 12.57 0.293167 0.935047 0.025036 5237.83 7.70725
4.51 0.6765 810.173 2.49657 12.565 0.293389 0.948034 0.0247995 5178.04 7.60553
4.52 0.678 812.74 2.49746 12.559 0.293633 0.94493 0.0247885 5163.39 7.5706
4.53 0.6795 815.312 2.49833 12.554 0.293853 0.948598 0.0246868 5131.99 7.51149
4.54 0.681 817.888 2.49918 12.548 0.294093 0.950178 0.0246102 5103.85 7.45756
4.55 0.6825 820.468 2.50002 12.543 0.294309 0.96108 0.0244084 5051.93 7.36933
4.56 0.684 823.053 2.50084 12.537 0.294547 0.957315 0.0244082 5039.81 7.33957
4.57 0.6855 825.642 2.50165 12.532 0.29476 0.960563 0.0243154 5010.65 7.28534
4.58 0.687 828.235 2.50244 12.526 0.294994 0.962651 0.0242342 4981.98 7.23219
4.59 0.6885 830.832 2.50322 12.521 0.295204 0.964214 0.0241661 4958.07 7.18631
4.6 0.69 833.434 2.50398 12.516 0.295412 0.970994 0.0240266 4919.6 7.1197
4.61 0.6915 836.04 2.50473 12.51 0.295642 0.97304 0.0239479 4891.76 7.06883
4.62 0.693 838.651 2.50546 12.505 0.295847 0.976046 0.0238619 4864.45 7.01907
4.63 0.6945 841.265 2.50618 12.499 0.296074 0.978797 0.0237748 4835.07 6.96667
4.64 0.696 843.884 2.50689 12.494 0.296276 0.988695 0.0235966 4789.24 6.89092
4.65 0.6975 846.507 2.50758 12.489 0.296476 0.986494 0.023583 4776.93 6.86372
4.66 0.699 849.135 2.50826 12.483 0.296699 0.98848 0.0235082 4750.34 6.8163
4.67 0.7005 851.767 2.50892 12.478 0.296896 0.991593 0.0234238 4723.82 6.76927
4.68 0.702 854.403 2.50957 12.472 0.297116 0.994251 0.0233411 4695.83 6.72043
4.69 0.7035 857.043 2.51021 12.467 0.297311 1.00433 0.0231653 4651.13 6.64801
4.7 0.705 859.688 2.51084 12.462 0.297504 1.00116 0.0231664 4642.02 6.62673
4.71 0.7065 862.337 2.51145 12.456 0.29772 1.003 0.0230962 4616.83 6.58275
4.72 0.708 864.99 2.51205 12.451 0.297911 1.00749 0.0229966 4587.71 6.53344
4.73 0.7095 867.648 2.51263 12.445 0.298124 1.01654 0.0228331 4544.12 6.46382
4.74 0.711 870.31 2.51321 12.44 0.298312 1.0136 0.0228321 4534.8 6.4432
4.75 0.7125 872.976 2.51377 12.435 0.298498 1.01617 0.0227596 4511.33 6.40271
4.76 0.714 875.647 2.51432 12.429 0.298708 1.01779 0.0226949 4487.65 6.36216
4.77 0.7155 878.321 2.51485 12.424 0.298892 1.02259 0.0225944 4458.81 6.31452
4.78 0.717 881.001 2.51538 12.419 0.299074 1.03236 0.0224307 4417.6 6.24965
4.79 0.7185 883.684 2.51589 12.413 0.29928 1.02777 0.0224474 4410.22 6.23286
4.8 0.72 886.372 2.51639 12.408 0.29946 1.03086 0.0223707 4386.3 6.19289
4.81 0.7215 889.064 2.51688 12.403 0.299639 1.03495 0.0222817 4360.06 6.14988
4.82 0.723 891.76 2.51736 12.397 0.299841 1.04395 0.0221262 4319.17 6.08642
4.83 0.7245 894.461 2.51782 12.392 0.300017 1.04045 0.0221347 4312.12 6.07087
4.84 0.726 897.166 2.51828 12.387 0.300192 1.04335 0.0220624 4289.38 6.03342
4.85 0.7275 899.875 2.51872 12.381 0.300391 1.04644 0.0219834 4263.68 5.992
4.86 0.729 902.588 2.51915 12.376 0.300564 1.05868 0.0217953 4218.67 5.92367
4.87 0.7305 905.306 2.51957 12.371 0.300735 1.0526 0.0218369 4218.18 5.91804
4.88 0.732 908.028 2.51998 12.366 0.300906 1.05593 0.0217612 4195.08 5.88085
4.89 0.7335 910.755 2.52038 12.36 0.301099 1.05869 0.0216882 4170.86 5.84227
4.9 0.735 913.486 2.52077 12.355 0.301268 1.07082 0.0215049 4127.26 5.77675
4.91 0.7365 916.221 2.52115 12.35 0.301435 1.06501 0.0215435 4126.3 5.77108
4.92 0.738 918.96 2.52151 12.344 0.301625 1.06662 0.0214859 4105.29 5.73751
4.93 0.7395 921.704 2.52187 12.339 0.30179 1.07043 0.0214067 4081.88 5.70076
4.94 0.741 924.452 2.52222 12.334 0.301954 1.08329 0.0212178 4037.67 5.63515
4.95 0.7425 927.204 2.52255 12.329 0.302117 1.07718 0.0212603 4037.56 5.63123
4.96 0.744 929.961 2.52288 12.323 0.302303 1.07865 0.0212062 4017.49 5.59962
4.97 0.7455 932.721 2.52319 12.318 0.302464 1.0821 0.0211331 3995.53 5.56552
4.98 0.747 935.487 2.5235 12.313 0.302623 1.09494 0.0209477 3952.45 5.50217
4.99 0.7485 938.256 2.5238 12.308 0.302782 1.08869 0.0209921 3952.8 5.49942
5 0.75 941.03 2.52409 12.303 0.302939 1.09216 0.0209202 3931.25 5.46634
5.01 0.7515 943.808 2.52436 12.297 0.30312 1.09373 0.0208666 3911.63 5.43606
5.02 0.753 946.59 2.52463 12.292 0.303276 1.10347 0.0207211 3876.46 5.38432
5.03 0.7545 949.377 2.52489 12.287 0.30343 1.10005 0.0207322 3870.66 5.37352
5.04 0.756 952.168 2.52514 12.282 0.303584 1.10366 0.0206603 3849.39 5.34134
5.05 0.7575 954.964 2.52538 12.277 0.303737 1.11515 0.0204961 3811.04 5.28561
5.06 0.759 957.763 2.52561 12.272 0.303888 1.10951 0.0205337 3810.26 5.28211
5.07 0.7605 960.567 2.52583 12.266 0.304064 1.11209 0.0204704 3789.24 5.25066
5.08 0.762 963.375 2.52605 12.261 0.304213 1.11476 0.0204111 3770.56 5.22257
5.09 0.7635 966.188 2.52625 12.256 0.304362 1.12381 0.020278 3738.34 5.17584
5.1 0.765 969.005 2.52645 12.251 0.30451 1.1217 0.0202749 3730.16 5.16252
5.11 0.7665 971.826 2.52664 12.246 0.304657 1.12427 0.0202178 3712.06 5.13555
5.12 0.768 974.652 2.52681 12.241 0.304803 1.13278 0.0200927 3681.56 5.09156
5.13 0.7695 977.481 2.52699 12.235 0.304973 1.12859 0.0201093 3675.6 5.0816
5.14 0.771 980.315 2.52715 12.23 0.305117 1.13234 0.0200397 3655.4 5.05205
5.15 0.7725 983.154 2.5273 12.225 0.305261 1.14342 0.0198868 3620.1 5.00174
5.16 0.774 985.997 2.52745 12.22 0.305403 1.13776 0.0199253 3619.69 4.99973
5.17 0.7755 988.844 2.52758 12.215 0.305545 1.14119 0.0198603 3600.51 4.97188
5.18 0.777 991.695 2.52771 12.21 0.305686 1.15256 0.019706 3565.22 4.92189
5.19 0.7785 994.551 2.52784 12.205 0.305825 1.14759 0.0197367 3563.48 4.91831
5.2 0.78 997.411 2.52795 12.2 0.305965 1.14917 0.0196938 3548.45 4.89645
5.21 0.7815 1000.27 2.52806 12.195 0.306103 1.15903 0.019558 3516.77 4.85172
5.22 0.783 1003.14 2.52816 12.19 0.30624 1.15636 0.0195632 3510.51 4.84213
5.23 0.7845 1006.02 2.52825 12.185 0.306377 1.15814 0.0195188 3495.35 4.82037
5.24 0.786 1008.89 2.52833 12.18 0.306513 1.16164 0.0194555 3476.87 4.79409
5.25 0.7875 1011.77 2.52841 12.175 0.306648 1.16441 0.0194005 3459.94 4.77002
5.26 0.789 1014.66 2.52847 12.17 0.306782 1.17632 0.0192449 3425.14 4.72141
5.27 0.7905 1017.55 2.52854 12.165 0.306916 1.16993 0.0192918 3426.44 4.72263
5.28 0.792 1020.45 2.52859 12.16 0.307049 1.17217 0.0192436 3410.87 4.70067
5.29 0.7935 1023.34 2.52864 12.155 0.307181 1.18167 0.0191161 3381.3 4.65949
5.3 0.795 1026.25 2.52868 12.15 0.307312 1.17916 0.0191205 3375.13 4.65062
5.31 0.7965 1029.15 2.52871 12.145 0.307442 1.18049 0.019083 3361.6 4.63166
5.32 0.798 1032.07 2.52874 12.14 0.307572 1.18429 0.019019 3343.42 4.60638
5.33 0.7995 1034.98 2.52875 12.135 0.307701 1.18655 0.0189718 3328.27 4.58534
5.34 0.801 1037.9 2.52877 12.13 0.30783 1.19567 0.0188508 3300.23 4.54659
5.35 0.8025 1040.83 2.52877 12.125 0.307957 1.19202 0.0188681 3296.47 4.54136
5.36 0.804 1043.76 2.52877 12.12 0.308084 1.20322 0.0187256 3264.82 4.49778
5.37 0.8055 1046.69 2.52876 12.115 0.30821 1.19873 0.0187522 3262.72 4.49494
5.38 0.807 1049.63 2.52875 12.11 0.308336 1.19959 0.0187214 3250.64 4.47842
5.39 0.8085 1052.57 2.52873 12.105 0.308461 1.20321 0.0186612 3233.5 4.455
5.4 0.81 1055.51 2.5287 12.1 0.308585 1.20509 0.0186199 3219.7 4.43622
5.41 0.8115 1058.46 2.52867 12.095 0.308709 1.21479 0.0184957 3191.61 4.39781
5.42 0.813 1061.42 2.52863 12.09 0.308831 1.21085 0.0185167 3188.63 4.39404
5.43 0.8145 1064.38 2.52858 12.085 0.308954 1.22227 0.0183751 3157.73 4.35184
5.44 0.816 1067.34 2.52853 12.08 0.309075 1.21625 0.0184183 3158.6 4.35349
5.45 0.8175 1070.31 2.52847 12.076 0.30917 1.22882 0.0182699 3127.97 4.31177
5.46 0.819 1073.28 2.52841 12.071 0.309291 1.22268 0.0183142 3129.07 4.31382
5.47 0.8205 1076.26 2.52834 12.066 0.30941 1.2339 0.0181767 3099.16 4.27318
5.48 0.822 1079.24 2.52827 12.061 0.309529 1.22778 0.0182209 3100.25 4.27533
5.49 0.8235 1082.22 2.52818 12.056 0.309648 1.23943 0.0180798 3069.88 4.23412
5.5 0.825 1085.21 2.5281 12.051 0.309766 1.23286 0.0181286 3071.78 4.23748
5.51 0.8265 1088.21 2.528 12.046 0.309883 1.24443 0.0179892 3041.85 4.19695
5.52 0.828 1091.2 2.52791 12.042 0.309974 1.23906 0.0180298 3043.66 4.20027
5.53 0.8295 1094.21 2.5278 12.037 0.31009 1.25089 0.0178887 3013.57 4.15961
5.54 0.831 1097.21 2.52769 12.032 0.310205 1.2439 0.0179418 3016.24 4.16419
5.55 0.8325 1100.22 2.52758 12.027 0.31032 1.25551 0.0178038 2986.82 4.12451
5.56 0.834 1103.24 2.52746 12.022 0.310434 1.24857 0.0178564 2989.42 4.12909
5.57 0.8355 1106.26 2.52733 12.018 0.310522 1.26137 0.0177112 2960.19 4.08973
5.58 0.837 1109.28 2.5272 12.013 0.310635 1.25488 0.017759 2962.01 4.09331
5.59 0.8385 1112.31 2.52706 12.008 0.310748 1.2642 0.017646 2937.04 4.05989
5.6 0.84 1115.34 2.52692 12.003 0.31086 1.25938 0.0176769 2936.07 4.05968
5.61 0.8415 1118.38 2.52678 11.998 0.310971 1.26162 0.0176362 2923.21 4.04308
5.62 0.843 1121.42 2.52662 11.994 0.311056 1.26536 0.0175847 2909.81 4.02575
5.63 0.8445 1124.46 2.52647 11.989 0.311167 1.26793 0.017541 2896.53 4.00863
5.64 0.846 1127.51 2.52631 11.984 0.311277 1.27908 0.0174113 2869.14 3.97198
5.65 0.8475 1130.57 2.52614 11.979 0.311386 1.27196 0.0174654 2872.04 3.97731
5.66 0.849 1133.63 2.52597 11.975 0.311469 1.27684 0.0174032 2857.05 3.9579
5.67 0.8505 1136.69 2.52579 11.97 0.311577 1.27751 0.0173794 2847.18 3.94559
5.68 0.852 1139.76 2.52561 11.965 0.311685 1.28033 0.0173342 2833.85 3.92853
5.69 0.8535 1142.83 2.52543 11.961 0.311767 1.29309 0.0171944 2806.31 3.89178
5.7 0.855 1145.9 2.52524 11.956 0.311873 1.28575 0.0172505 2809.59 3.8978
5.71 0.8565 1148.98 2.52504 11.951 0.31198 1.28882 0.0172034 2796.06 3.88053
5.72 0.858 1152.07 2.52484 11.947 0.31206 1.29081 0.0171713 2786.17 3.86832
5.73 0.8595 1155.15 2.52464 11.942 0.312165 1.29405 0.0171228 2772.49 3.85089
5.74 0.861 1158.25 2.52443 11.937 0.31227 1.30494 0.0169993 2746.74 3.81671
5.75 0.8625 1161.34 2.52422 11.933 0.312348 1.2989 0.0170466 2749.76 3.82251
5.76 0.864 1164.44 2.524 11.928 0.312452 1.30183 0.0170017 2736.78 3.80611
5.77 0.8655 1167.55 2.52378 11.923 0.312556 1.31273 0.0168792 2711.37 3.77242
5.78 0.867 1170.66 2.52355 11.919 0.312633 1.30668 0.0169264 2714.4 3.77832
5.79 0.8685 1173.77 2.52332 11.914 0.312736 1.30918 0.0168862 2702.29 3.76319
5.8 0.87 1176.89 2.52309 11.91 0.312812 1.3206 0.0167637 2678.18 3.73134
5.81 0.8715 1180.02 2.52285 11.905 0.312913 1.31404 0.0168118 2680.23 3.73597
5.82 0.873 1183.14 2.5226 11.9 0.313015 1.31607 0.0167766 2669.01 3.72211
5.83 0.8745 1186.27 2.52236 11.896 0.313089 1.32874 0.016643 2643.3 3.68807
5.84 0.876 1189.41 2.52211 11.891 0.31319 1.32107 0.0167017 2647.06 3.69515
5.85 0.8775 1192.55 2.52185 11.887 0.313264 1.32514 0.0166514 2634.65 3.67968
5.86 0.879 1195.69 2.52159 11.882 0.313363 1.32703 0.0166182 2623.87 3.66651
5.87 0.8805 1198.84 2.52133 11.877 0.313462 1.33758 0.0165023 2600.09 3.63518
5.88 0.882 1201.99 2.52106 11.873 0.313535 1.33185 0.0165462 2602.62 3.64063
5.89 0.8835 1205.15 2.52079 11.868 0.313633 1.33421 0.0165089 2591.29 3.62673
5.9 0.885 1208.31 2.52052 11.864 0.313705 1.34613 0.0163848 2567.48 3.59536
5.91 0.8865 1211.48 2.52024 11.859 0.313803 1.34818 0.0163509 2556.77 3.58234
5.92 0.888 1214.65 2.51996 11.855 0.313873 1.34188 0.0164002 2560.15 3.58908
5.93 0.8895 1217.82 2.51967 11.85 0.31397 1.34415 0.0163642 2549.17 3.57571
5.94 0.891 1221 2.51939 11.846 0.31404 1.3557 0.0162449 2526.3 3.54567
5.95 0.8925 1224.19 2.51909 11.841 0.314136 1.35789 0.0162102 2515.59 3.53268
5.96 0.894 1227.37 2.5188 11.837 0.314206 1.3518 0.0162573 2518.65 3.53906
5.97 0.8955 1230.56 2.5185 11.832 0.314301 1.35399 0.0162228 2507.99 3.52618
5.98 0.897 1233.76 2.51819 11.828 0.31437 1.35634 0.0161907 2498.8 3.51537
5.99 0.8985 1236.96 2.51789 11.823 0.314464 1.36731 0.0160743 2475.6 3.48484
6 0.9 1240.17 2.51758 11.819 0.314532 1.36133 0.0161202 2478.48 3.49105
6.01 0.9015 1243.37 2.51727 11.815 0.314599 1.36438 0.016082 2468.42 3.47905
6.02 0.903 1246.59 2.51695 11.81 0.314693 1.36596 0.0160537 2458.87 3.46776
6.03 0.9045 1249.8 2.51663 11.806 0.314759 1.36919 0.016014 2448.64 3.45553
6.04 0.906 1253.03 2.51631 11.801 0.314852 1.38005 0.0159001 2426.07 3.42588
6.05 0.9075 1256.25 2.51598 11.797 0.314918 1.38224 0.0158704 2417.45 3.41592
6.06 0.909 1259.48 2.51565 11.792 0.315011 1.37526 0.0159217 2420.12 3.42194
6.07 0.9105 1262.72 2.51532 11.788 0.315076 1.37819 0.0158853 2410.49 3.41058
6.08 0.912 1265.96 2.51498 11.784 0.315141 1.38061 0.0158537 2401.62 3.4003
6.09 0.9135 1269.2 2.51464 11.779 0.315232 1.38297 0.015819 2391.28 3.38795
6.1 0.915 1272.45 2.5143 11.775 0.315296 1.39459 0.0157034 2369.78 3.35977
6.11 0.9165 1275.7 2.51395 11.771 0.31536 1.39764 0.0156665 2360.2 3.34848
6.12 0.918 1278.96 2.51361 11.766 0.31545 1.39813 0.0156494 2352.62 3.34003
6.13 0.9195 1282.22 2.51326 11.762 0.315514 1.39224 0.0156942 2355.35 3.34625
6.14 0.921 1285.48 2.5129 11.757 0.315603 1.39432 0.0156626 2345.62 3.33477
6.15 0.9225 1288.75 2.51254 11.753 0.315666 1.39666 0.0156325 2337.14 3.32507
6.16 0.924 1292.02 2.51219 11.749 0.315728 1.39956 0.0155975 2327.93 3.31434
6.17 0.9255 1295.3 2.51182 11.744 0.315817 1.40112 0.0155709 2319.02 3.30404
6.18 0.927 1298.58 2.51146 11.74 0.315879 1.40396 0.0155365 2309.97 3.29354
6.19 0.9285 1301.87 2.51109 11.736 0.31594 1.41574 0.0154218 2289 3.26603
6.2 0.93 1305.16 2.51072 11.732 0.316001 1.41843 0.0153891 2280.26 3.25597
6.21 0.9315 1308.45 2.51034 11.727 0.316089 1.42007 0.0153623 2271.44 3.2458
6.22 0.933 1311.75 2.50997 11.723 0.316149 1.42287 0.0153289 2262.64 3.23564
6.23 0.9345 1315.06 2.50959 11.719 0.316209 1.42541 0.015298 2254.22 3.22604
6.24 0.936 1318.36 2.50921 11.714 0.316296 1.42594 0.0152814 2246.98 3.21812
6.25 0.9375 1321.68 2.50882 11.71 0.316356 1.41939 0.0153318 2250.55 3.2257
6.26 0.939 1324.99 2.50844 11.706 0.316415 1.42197 0.0153007 2242.14 3.21613
6.27 0.9405 1328.31 2.50805 11.702 0.316474 1.42446 0.0152703 2233.87 3.20676
6.28 0.942 1331.64 2.50766 11.697 0.31656 1.42581 0.0152466 2225.64 3.19744
6.29 0.9435 1334.97 2.50726 11.693 0.316618 1.42817 0.0152176 2217.62 3.18842
6.3 0.945 1338.3 2.50686 11.689 0.316677 1.4305 0.0151891 2209.67 3.17951
6.31 0.9465 1341.64 2.50646 11.685 0.316735 1.43297 0.0151593 2201.58 3.17039
6.32 0.948 1344.98 2.50606 11.681 0.316792 1.43538 0.0151302 2193.59 3.16142
6.33 0.9495 1348.33 2.50566 11.676 0.316877 1.43663 0.0151077 2185.65 3.1525
6.34 0.951 1351.68 2.50525 11.672 0.316934 1.43915 0.0150778 2177.58 3.14342
6.35 0.9525 1355.03 2.50484 11.668 0.316991 1.4415 0.0150495 2169.77 3.1347
6.36 0.954 1358.39 2.50443 11.664 0.317048 1.44368 0.0150227 2162.21 3.12634
6.37 0.9555 1361.76 2.50402 11.66 0.317104 1.44619 0.0149932 2154.25 3.11741
6.38 0.957 1365.13 2.5036 11.655 0.317187 1.4573 0.0148848 2134.1 3.09081
6.39 0.9585 1368.5 2.50319 11.651 0.317243 1.46107 0.0148445 2124.67 3.07973
6.4 0.96 1371.87 2.50277 11.647 0.317299 1.46329 0.0148178 2117.22 3.07149
6.41 0.9615 1375.25 2.50234 11.643 0.317354 1.46534 0.0147927 2110 3.06361
6.42 0.963 1378.64 2.50192 11.639 0.31741 1.46774 0.0147647 2102.39 3.05515
6.43 0.9645 1382.03 2.50149 11.635 0.317465 1.47005 0.0147375 2094.91 3.04687
6.44 0.966 1385.42 2.50106 11.631 0.317519 1.46635 0.0147624 2094.85 3.04939
6.45 0.9675 1388.82 2.50063 11.627 0.317574 1.46565 0.0147613 2091.1 3.04656
6.46 0.969 1392.22 2.5002 11.622 0.317656 1.46682 0.0147405 2083.66 3.03835
6.47 0.9705 1395.63 2.49977 11.618 0.31771 1.46901 0.0147145 2076.4 3.0304
6.48 0.972 1399.04 2.49933 11.614 0.317764 1.47022 0.014697 2070.37 3.02424
6.49 0.9735 1402.46 2.49889 11.61 0.317817 1.47259 0.0146696 2062.95 3.01606
6.5 0.975 1405.88 2.49845 11.606 0.31787 1.47493 0.0146425 2055.6 3.00798
6.51 0.9765 1409.3 2.498 11.602 0.317923 1.48721 0.0145303 2036.33 2.98244
6.52 0.978 1412.73 2.49755 11.598 0.317976 1.48944 0.0145044 2029.21 2.97467
6.53 0.9795 1416.16 2.4971 11.594 0.318028 1.49192 0.0144765 2021.82 2.9665
6.54 0.981 1419.6 2.49665 11.59 0.318081 1.48786 0.0145046 2022.24 2.9698
6.55 0.9825 1423.04 2.4962 11.586 0.318133 1.48704 0.0145049 2018.8 2.96743
6.56 0.984 1426.48 2.49575 11.582 0.318185 1.48897 0.0144818 2012.11 2.9603
6.57 0.9855 1429.93 2.49529 11.578 0.318236 1.49007 0.0144658 2006.42 2.95462
6.58 0.987 1433.39 2.49483 11.574 0.318288 1.49229 0.0144404 1999.43 2.94704
6.59 0.9885 1436.85 2.49437 11.57 0.318339 1.50509 0.0143252 1980.05 2.92117
6.6 0.99 1440.31 2.49391 11.566 0.31839 1.50684 0.014304 1973.71 2.9145
6.61 0.9915 1443.77 2.49345 11.562 0.318441 1.50295 0.0143305 1973.95 2.91757
6.62 0.993 1447.25 2.49298 11.558 0.318492 1.502 0.0143321 1970.76 2.91557
6.63 0.9945 1450.72 2.49251 11.554 0.318543 1.50306 0.0143168 1965.25 2.91015
6.64 0.996 1454.2 2.49205 11.55 0.318593 1.50581 0.0142872 1957.8 2.90184
6.65 0.9975 1457.69 2.49158 11.546 0.318643 1.51722 0.0141848 1940.4 2.87878
6.66 0.999 1461.17 2.4911 11.542 0.318693 1.51969 0.0141579 1933.37 2.87105
6.67 1.001 1464.67 2.49063 11.538 0.318743 1.51276 0.0142098 1937.1 2.87933
6.68 1.002 1468.16 2.49015 11.534 0.318793 1.51343 0.0141981 1932.14 2.87471
6.69 1.004 1471.67 2.48968 11.53 0.318843 1.52549 0.0140909 1914.23 2.85078
6.7 1.005 1475.17 2.4892 11.526 0.318892 1.52748 0.0140682 1907.84 2.84399
6.71 1.007 1478.68 2.48872 11.522 0.318941 1.52324 0.0140975 1908.5 2.84772
6.72 1.008 1482.19 2.48824 11.518 0.31899 1.5218 0.0141035 1906 2.84674
6.73 1.01 1485.71 2.48776 11.514 0.319039 1.52414 0.0140779 1899.24 2.8394
6.74 1.011 1489.24 2.48727 11.51 0.319088 1.53509 0.0139808 1882.86 2.81766
6.75 1.013 1492.76 2.48679 11.506 0.319137 1.53084 0.0140102 1883.55 2.82143
6.76 1.014 1496.29 2.4863 11.502 0.319185 1.52971 0.0140137 1880.74 2.82
6.77 1.016 1499.83 2.48581 11.498 0.319233 1.53201 0.0139886 1874.12 2.81282
6.78 1.017 1503.37 2.48532 11.495 0.319254 1.54385 0.0138881 1858.22 2.79172
6.79 1.019 1506.92 2.48483 11.491 0.319302 1.53719 0.0139374 1861.57 2.79952
6.8 1.02 1510.46 2.48434 11.487 0.31935 1.53792 0.0139256 1856.76 2.79505
6.81 1.022 1514.02 2.48384 11.483 0.319397 1.5499 0.0138209 1839.6 2.77197
6.82 1.023 1517.57 2.48335 11.479 0.319445 1.54494 0.013856 1841.07 2.77695
6.83 1.025 1521.14 2.48285 11.475 0.319492 1.54338 0.0138632 1838.81 2.77632
6.84 1.026 1524.7 2.48235 11.471 0.31954 1.55545 0.0137583 1821.72 2.75328
6.85 1.028 1528.27 2.48185 11.468 0.319559 1.55783 0.0137365 1816.45 2.74808
6.86 1.029 1531.85 2.48135 11.464 0.319606 1.55004 0.0137947 1820.97 2.7577
6.87 1.031 1535.42 2.48085 11.46 0.319653 1.56204 0.0136909 1804.12 2.73494
6.88 1.032 1539.01 2.48035 11.456 0.3197 1.56294 0.013678 1799.27 2.73036
6.89 1.034 1542.59 2.47984 11.452 0.319746 1.55523 0.0137354 1803.68 2.73983
6.9 1.035 1546.19 2.47934 11.448 0.319793 1.56706 0.0136333 1787.15 2.71749
6.91 1.037 1549.78 2.47883 11.445 0.319811 1.56322 0.0136624 1788.62 2.72251
6.92 1.038 1553.38 2.47832 11.441 0.319857 1.56093 0.0136757 1787.23 2.72317
6.93 1.04 1556.99 2.47781 11.437 0.319904 1.57343 0.0135685 1770.13 2.69989
6.94 1.041 1560.6 2.4773 11.433 0.31995 1.56487 0.0136327 1775.38 2.7107
6.95 1.043 1564.21 2.47679 11.43 0.319968 1.56824 0.0136032 1769.22 2.70408
6.96 1.044 1567.83 2.47628 11.426 0.320013 1.57911 0.0135096 1753.98 2.68356
6.97 1.046 1571.45 2.47577 11.422 0.320059 1.5709 0.0135708 1758.84 2.69379
6.98 1.047 1575.07 2.47525 11.418 0.320105 1.58277 0.0134695 1742.66 2.67178
6.99 1.049 1578.7 2.47474 11.415 0.320122 1.57525 0.0135282 1747.96 2.6827
7 1.05 1582.34 2.47422 11.411 0.320167 1.57759 0.013504 1741.78 2.67601
7.01 1.052 1585.98 2.4737 11.407 0.320213 1.58829 0.0134125 1726.94 2.65599
7.02 1.053 1589.62 2.47318 11.403 0.320258 1.58004 0.0134737 1731.79 2.66623
7.03 1.055 1593.27 2.47266 11.4 0.320275 1.59297 0.0133677 1715.9 2.64456
7.04 1.056 1596.92 2.47214 11.396 0.32032 1.58437 0.0134316 1721.08 2.65534
7.05 1.058 1600.58 2.47162 11.392 0.320365 1.59596 0.0133334 1705.5 2.63408
7.06 1.059 1604.24 2.4711 11.389 0.320381 1.58844 0.0133919 1710.73 2.64494
7.07 1.061 1607.9 2.47057 11.385 0.320426 1.59998 0.0132943 1695.28 2.62383
7.08 1.062 1611.57 2.47005 11.381 0.32047 1.59419 0.0133355 1697.55 2.63014
7.09 1.064 1615.24 2.46952 11.378 0.320487 1.59458 0.0133306 1694.69 2.6285
7.1 1.065 1618.92 2.469 11.374 0.320531 1.59913 0.0132891 1686.44 2.61851
7.11 1.067 1622.6 2.46847 11.37 0.320575 1.59793 0.0132937 1684.06 2.6176
7.12 1.068 1626.29 2.46794 11.367 0.320591 1.60322 0.0132496 1676.27 2.60828
7.13 1.07 1629.98 2.46741 11.363 0.320635 1.6019 0.0132552 1674.02 2.60758
7.14 1.071 1633.67 2.46688 11.359 0.320679 1.60609 0.0132168 1666.24 2.59825
7.15 1.073 1637.37 2.46635 11.356 0.320695 1.60586 0.0132168 1664.05 2.59762
7.16 1.074 1641.08 2.46582 11.352 0.320739 1.60925 0.013185 1657.12 2.58959
7.17 1.076 1644.78 2.46529 11.349 0.320754 1.60948 0.0131815 1654.48 2.58827
7.18 1.077 1648.5 2.46475 11.345 0.320798 1.61304 0.0131483 1647.42 2.58
7.19 1.079 1652.21 2.46422 11.341 0.320842 1.62187 0.0130736 1635.16 2.5636
7.2 1.08 1655.93 2.46369 11.338 0.320857 1.61405 0.0131337 1640.51 2.57477
7.21 1.082 1659.66 2.46315 11.334 0.3209 1.6256 0.0130376 1625.64 2.55422
7.22 1.083 1663.39 2.46261 11.331 0.320915 1.61785 0.0130971 1630.9 2.56527
7.23 1.085 1667.12 2.46208 11.327 0.320959 1.62931 0.013002 1616.2 2.54492
7.24 1.086 1670.86 2.46154 11.323 0.321002 1.6204 0.0130673 1621.45 2.55599
7.25 1.088 1674.6 2.461 11.32 0.321017 1.63238 0.0129715 1607.43 2.53665
7.26 1.089 1678.35 2.46046 11.316 0.32106 1.62495 0.0130251 1611.23 2.54544
7.27 1.091 1682.1 2.45992 11.313 0.321074 1.6292 0.0129901 1604.77 2.53802
7.28 1.092 1685.85 2.45938 11.309 0.321117 1.63767 0.012919 1593.16 2.52243
7.29 1.094 1689.61 2.45884 11.306 0.321132 1.62978 0.0129792 1598.46 2.53362
7.3 1.095 1693.37 2.45829 11.302 0.321174 1.64134 0.012884 1583.93 2.51335
7.31 1.097 1697.14 2.45775 11.299 0.321189 1.6345 0.0129359 1588.21 2.52293
7.32 1.098 1700.91 2.45721 11.295 0.321231 1.63755 0.0129074 1581.91 2.51569
7.33 1.1 1704.69 2.45666 11.292 0.321246 1.64746 0.0128285 1570.15 2.49976
7.34 1.101 1708.47 2.45612 11.288 0.321288 1.63792 0.0128983 1575.9 2.5117
7.35 1.103 1712.25 2.45557 11.285 0.321302 1.65031 0.0128002 1561.83 2.49206
7.36 1.104 1716.04 2.45503 11.281 0.321345 1.64233 0.0128577 1566.07 2.5016
7.37 1.106 1719.84 2.45448 11.278 0.321358 1.64425 0.0128413 1561.99 2.49786
7.38 1.107 1723.63 2.45393 11.274 0.321401 1.65505 0.0127527 1548.47 2.47901
7.39 1.109 1727.43 2.45338 11.271 0.321414 1.64791 0.0128068 1552.97 2.48898
7.4 1.11 1731.24 2.45283 11.267 0.321457 1.64879 0.0127953 1548.83 2.48512
7.41 1.112 1735.05 2.45228 11.264 0.32147 1.66064 0.012702 1535.49 2.46648
7.42 1.113 1738.87 2.45174 11.26 0.321512 1.65229 0.0127622 1540.02 2.47654
7.43 1.115 1742.69 2.45119 11.257 0.321526 1.65411 0.0127466 1536.1 2.47299
7.44 1.116 1746.51 2.45063 11.254 0.321539 1.66598 0.0126534 1522.83 2.45439
7.45 1.118 1750.34 2.45008 11.25 0.321581 1.6576 0.0127137 1527.37 2.46449
7.46 1.119 1754.17 2.44953 11.247 0.321594 1.65925 0.0126995 1523.63 2.46123
7.47 1.121 1758 2.44898 11.243 0.321636 1.6696 0.0126152 1510.83 2.4433
7.48 1.122 1761.84 2.44843 11.24 0.32165 1.67228 0.0125931 1506.18 2.43853
7.49 1.124 1765.69 2.44787 11.237 0.321663 1.66456 0.0126512 1511.1 2.44927
7.5 1.125 1769.54 2.44732 11.233 0.321704 1.66851 0.0126164 1504.26 2.44095
7.51 1.127 1773.39 2.44676 11.23 0.321718 1.6779 0.0125429 1493.5 2.42622
7.52 1.128 1777.25 2.44621 11.226 0.321759 1.66932 0.0126044 1498.16 2.43656
7.53 1.13 1781.11 2.44565 11.223 0.321772 1.67085 0.0125912 1494.59 2.43352
7.54 1.131 1784.98 2.4451 11.22 0.321785 1.67581 0.0125518 1487.92 2.42541
7.55 1.133 1788.85 2.44454 11.216 0.321826 1.6834 0.0124894 1477.89 2.4118
7.56 1.134 1792.72 2.44398 11.213 0.321839 1.67618 0.0125433 1482.28 2.42173
7.57 1.136 1796.6 2.44343 11.21 0.321852 1.67777 0.0125298 1478.71 2.41864
7.58 1.137 1800.48 2.44287 11.206 0.321894 1.68199 0.0124931 1471.75 2.41001
7.59 1.139 1804.37 2.44231 11.203 0.321906 1.6904 0.0124276 1462.07 2.3969
7.6 1.14 1808.26 2.44175 11.2 0.321919 1.68324 0.012481 1466.39 2.40672
7.61 1.142 1812.16 2.44119 11.196 0.32196 1.68341 0.0124754 1463.12 2.4041
7.62 1.143 1816.06 2.44064 11.193 0.321973 1.68842 0.0124358 1456.53 2.39602
7.63 1.145 1819.96 2.44008 11.19 0.321985 1.69675 0.0123712 1447.01 2.38309
7.64 1.146 1823.87 2.43952 11.186 0.322026 1.69785 0.0123586 1442.96 2.37915
7.65 1.148 1827.79 2.43896 11.183 0.322039 1.69076 0.0124112 1447.15 2.38881
7.66 1.149 1831.7 2.4384 11.18 0.322051 1.69221 0.0123989 1443.79 2.38599
7.67 1.151 1835.62 2.43783 11.176 0.322092 1.69623 0.0123641 1437.16 2.37778
7.68 1.152 1839.55 2.43727 11.173 0.322105 1.70423 0.0123022 1428.05 2.36542
7.69 1.154 1843.48 2.43671 11.17 0.322117 1.70644 0.0122842 1424.04 2.3615
7.7 1.155 1847.42 2.43615 11.167 0.322129 1.70861 0.0122666 1420.1 2.35768
7.71 1.157 1851.35 2.43559 11.163 0.32217 1.69983 0.0123289 1424.75 2.36814
7.72 1.158 1855.3 2.43502 11.16 0.322182 1.70122 0.012317 1421.47 2.36542
7.73 1.16 1859.24 2.43446 11.157 0.322194 1.70594 0.0122801 1415.31 2.35788
7.74 1.161 1863.2 2.4339 11.154 0.322206 1.71405 0.0122176 1406.21 2.34545
7.75 1.163 1867.15 2.43333 11.15 0.322247 1.71469 0.0122087 1402.67 2.34225
7.76 1.164 1871.11 2.43277 11.147 0.322259 1.71733 0.0121876 1398.36 2.33776
7.77 1.166 1875.08 2.43221 11.144 0.322271 1.71919 0.0121724 1394.74 2.33441
7.78 1.167 1879.05 2.43164 11.141 0.322283 1.71161 0.0122283 1399.25 2.34469
7.79 1.169 1883.02 2.43108 11.137 0.322324 1.71165 0.0122239 1396.25 2.34236
7.8 1.17 1887 2.43051 11.134 0.322336 1.71367 0.0122075 1392.49 2.33878
7.81 1.172 1890.98 2.42995 11.131 0.322348 1.71811 0.0121729 1386.68 2.33173
7.82 1.173 1894.96 2.42938 11.128 0.32236 1.71996 0.0121578 1383.09 2.3284
7.83 1.175 1898.95 2.42882 11.125 0.322372 1.7279 0.012097 1374.33 2.31634
7.84 1.176 1902.95 2.42825 11.122 0.322384 1.72959 0.0120832 1370.9 2.31326
7.85 1.178 1906.95 2.42768 11.118 0.322424 1.73071 0.0120708 1367.03 2.30942
7.86 1.179 1910.95 2.42712 11.115 0.322436 1.73243 0.0120567 1363.6 2.30632
7.87 1.181 1914.96 2.42655 11.112 0.322448 1.73408 0.0120432 1360.24 2.30331
7.88 1.182 1918.97 2.42599 11.109 0.32246 1.72612 0.0121016 1364.99 2.31406
7.89 1.184 1922.98 2.42542 11.106 0.322472 1.72808 0.0120858 1361.36 2.31061
7.9 1.185 1927 2.42485 11.103 0.322483 1.72993 0.0120708 1357.84 2.30733
7.91 1.187 1931.03 2.42428 11.099 0.322524 1.7296 0.0120693 1355.22 2.30557
7.92 1.188 1935.06 2.42372 11.096 0.322536 1.73101 0.0120576 1352.08 2.30291
7.93 1.19 1939.09 2.42315 11.093 0.322548 1.73294 0.012042 1348.51 2.29952
7.94 1.191 1943.13 2.42258 11.09 0.322559 1.73445 0.0120296 1345.3 2.29675
7.95 1.193 1947.17 2.42201 11.087 0.322571 1.73625 0.012015 1341.86 2.29355
7.96 1.194 1951.21 2.42145 11.084 0.322582 1.74069 0.0119808 1336.22 2.2866
7.97 1.196 1955.26 2.42088 11.081 0.322594 1.74237 0.0119672 1332.9 2.28359
7.98 1.197 1959.32 2.42031 11.078 0.322606 1.74409 0.0119533 1329.55 2.28053
7.99 1.199 1963.37 2.41974 11.074 0.322646 1.74465 0.0119451 1326.24 2.27753
8 1.2 1967.44 2.41917 11.071 0.322658 1.7462 0.0119325 1323.05 2.27472
