0.27 0.0405 38.2102 0.641057 808.575 0.00117068 1.75863 0.0254249 5.85827e+12 7.70853e+12
0.28 0.042 39.6297 0.643529 828.772 0.00114656 1.75039 0.0263191 6.86049e+12 8.85521e+12
0.29 0.0435 41.0496 0.64613 851.852 0.00112 1.74085 0.0274254 8.2013e+12 1.03746e+13
0.3 0.045 42.4698 0.648789 878.188 0.00109088 1.72982 0.0286307 9.96961e+12 1.23551e+13
0.31 0.0465 43.8904 0.651442 908.167 0.00105919 1.71705 0.0299721 1.2344e+13 1.49886e+13
0.32 0.048 45.3115 0.654016 942.21 0.00102495 1.7023 0.031679 1.56826e+13 1.86708e+13
0.33 0.0495 46.7329 0.656404 980.74 0.000988281 1.68525 0.0336401 2.03486e+13 2.37883e+13
0.34 0.051 48.1547 0.658432 1024.19 0.000949274 1.6656 0.0358776 2.69551e+13 3.10294e+13
0.35 0.0525 49.577 0.659779 1073 0.000907948 1.64305 0.0382418 3.62618e+13 4.13183e+13
0.36 0.054 50.9996 0.659863 1127.55 0.000864131 1.61738 0.0410477 4.98749e+13 5.67936e+13
0.37 0.0555 52.4227 0.65765 1188 0.00081741 1.58865 0.04448 7.01716e+13 8.12596e+13
0.38 0.057 53.8462 0.651318 1254.22 0.000766798 1.55743 0.0483183 9.9976e+13 1.21511e+14
0.39 0.0585 55.2702 0.637764 1325.34 0.00071055 1.52533 0.0515766 1.40605e+14 1.8984e+14
0.4 0.06 56.6945 0.611868 1398.61 0.000645987 1.49606 0.0572794 2.04359e+14 3.3946e+14
0.41 0.0615 58.1194 0.565199 1465.97 0.000569298 1.47808 0.0547775 2.47249e+14 6.10679e+14
0.42 0.063 59.5446 0.483399 1502.88 0.000474946 1.49148 0.0566896 2.89758e+14 1.56384e+15
0.43 0.0645 60.9703 0.345662 1430.97 0.000356684 1.58242 0.041641 1.66566e+14 4.80854e+15
0.44 0.066 62.3965 0.168495 1030.28 0.000241487 1.80438 -0.0141682 -1.0965e+13 -1.15015e+16
0.45 0.0675 63.8232 0.0978626 463.074 0.000312054 1.95926 0.00471139 6.6882e+10 1.06148e+15
0.46 0.069 65.2503 0.0904519 243.241 0.000549091 1.98759 0.00135044 7.66599e+08 1.8037e+13
0.47 0.0705 66.6778 0.0901077 159.215 0.000835681 1.99458 0.000706551 4.81917e+07 1.15571e+12
0.48 0.072 68.1059 0.0911761 117.604 0.00114478 1.99749 0.000477538 7.16189e+06 1.61923e+11
0.49 0.0735 69.5344 0.0927802 93.297 0.00146842 1.99916 0.000375725 1.77059e+06 3.66882e+10
0.5 0.075 70.9634 0.0946658 77.529 0.00180298 2.00031 0.00032793 612365 1.14744e+10
0.51 0.0765 72.3929 0.0967317 66.546 0.0021464 2.00117 0.000310064 269755 4.53744e+09
0.52 0.078 73.8229 0.0989257 58.491 0.00249737 2.00184 0.000313552 143108 2.15181e+09
0.53 0.0795 75.2533 0.10122 52.352 0.00285493 2.00233 0.000335657 87997.8 1.17986e+09
0.54 0.081 76.6843 0.103594 47.529 0.00321839 2.00264 0.000376501 60879.2 7.26915e+08
0.55 0.0825 78.1158 0.106037 43.648 0.00358719 2.00276 0.000437286 46184.5 4.90798e+08
0.56 0.084 79.5477 0.108539 40.461 0.00396105 2.00266 0.000520095 37598.9 3.55582e+08
0.57 0.0855 80.9802 0.111094 37.803 0.00433939 2.00233 0.00062699 32270.2 2.7166e+08
0.58 0.087 82.4132 0.113699 35.554 0.00472206 2.00173 0.000759978 28784.1 2.158e+08
0.59 0.0885 83.8467 0.116348 33.628 0.00510881 2.00084 0.000921681 26423.8 1.76559e+08
0.6 0.09 85.2807 0.119038 31.961 0.00549956 1.99963 0.00111384 24764.7 1.47601e+08
0.61 0.0915 86.7152 0.121769 30.506 0.00589404 1.9981 0.00133775 23561.9 1.25377e+08
0.62 0.093 88.1502 0.124536 29.226 0.00629199 1.99624 0.00159458 22667.5 1.07799e+08
0.63 0.0945 89.5858 0.127339 28.091 0.00669358 1.99399 0.00188793 22015.7 9.36707e+07
0.64 0.096 91.022 0.130178 27.078 0.00709878 1.99138 0.00221552 21501.5 8.19346e+07
0.65 0.0975 92.4586 0.13305 26.17 0.00750711 1.98837 0.00258193 21128.7 7.21923e+07
0.66 0.099 93.8958 0.135955 25.351 0.00791885 1.985 0.00298258 20819.8 6.38544e+07
0.67 0.1005 95.3336 0.138892 24.609 0.00833387 1.98119 0.00342442 20604.7 5.67887e+07
0.68 0.102 96.7718 0.14186 23.934 0.00875201 1.97699 0.00390358 20438.5 5.06795e+07
0.69 0.1035 98.2107 0.144861 23.318 0.00917324 1.97239 0.00442014 20314.3 4.53662e+07
0.7 0.105 99.6501 0.147893 22.752 0.00959822 1.96743 0.0049707 20203.4 4.06792e+07
0.71 0.1065 101.09 0.150956 22.232 0.0100262 1.96203 0.00556286 20141.9 3.66041e+07
0.72 0.108 102.531 0.154049 21.752 0.0104574 1.95623 0.00619239 20103.2 3.30103e+07
0.73 0.1095 103.972 0.157175 21.308 0.0108919 1.95011 0.00685237 20066.2 2.98009e+07
0.74 0.111 105.413 0.160331 20.896 0.0113297 1.94356 0.00755184 20057.6 2.69695e+07
0.75 0.1125 106.856 0.163519 20.513 0.0117707 1.93666 0.00828499 20060.8 2.44453e+07
0.76 0.114 108.298 0.166738 20.156 0.012215 1.92941 0.00904988 20071.2 2.21864e+07
0.77 0.1155 109.742 0.169988 19.822 0.0126629 1.92179 0.00985069 20096.2 2.01699e+07
0.78 0.117 111.186 0.173271 19.51 0.0131139 1.9138 0.010685 20135.9 1.83666e+07
0.79 0.1185 112.631 0.176578 19.218 0.0135672 1.90546 0.0115526 20189.8 1.67545e+07
0.8 0.12 114.076 0.179866 18.947 0.0140175 1.897 0.0124297 20233.6 1.53114e+07
0.81 0.1215 115.522 0.183157 18.694 0.0144671 1.8883 0.0133284 20286.1 1.40207e+07
0.82 0.123 116.968 0.186459 18.456 0.014918 1.87955 0.0142309 20315.6 1.28408e+07
0.83 0.1245 118.415 0.189778 18.233 0.0153692 1.87039 0.015172 20381.8 1.17951e+07
0.84 0.126 119.863 0.193115 18.022 0.0158225 1.86104 0.0161299 20443.6 1.08433e+07
0.85 0.1275 121.311 0.196474 17.822 0.0162784 1.85169 0.0170876 20482 9.96617e+06
0.86 0.129 122.76 0.199856 17.632 0.016737 1.84154 0.018122 20588.5 9.19867e+06
0.87 0.1305 124.209 0.203263 17.452 0.0171979 1.83192 0.0191042 20618.8 8.46566e+06
0.88 0.132 125.659 0.206696 17.282 0.0176604 1.82169 0.0201447 20703.4 7.81754e+06
0.89 0.1335 127.11 0.210156 17.119 0.018127 1.81137 0.0211939 20773.7 7.21924e+06
0.9 0.135 128.561 0.213645 16.963 0.0185974 1.80119 0.0222278 20812.3 6.66098e+06
0.91 0.1365 130.013 0.217165 16.815 0.0190702 1.79019 0.0233414 20918.1 6.16966e+06
0.92 0.138 131.466 0.220715 16.674 0.0195459 1.77981 0.0243936 20959.7 5.70047e+06
0.93 0.1395 132.919 0.224297 16.538 0.0200264 1.76874 0.0255126 21041.7 5.28012e+06
0.94 0.141 134.373 0.227913 16.408 0.0205105 1.75759 0.0266387 21120.4 4.8926e+06
0.95 0.1425 135.828 0.231563 16.284 0.0209977 1.74628 0.0277799 21205.4 4.53718e+06
0.96 0.144 137.283 0.235248 16.165 0.0214888 1.73508 0.0289098 21273.3 4.20623e+06
0.97 0.1455 138.739 0.238969 16.05 0.0219851 1.72345 0.0300809 21358.7 3.90442e+06
0.98 0.147 140.195 0.242727 15.94 0.022485 1.7124 0.0311936 21400.2 3.61835e+06
0.99 0.1485 141.653 0.246523 15.834 0.0229895 1.70086 0.0323541 21468.1 3.35888e+06
1 0.15 143.111 0.250357 15.732 0.0234984 1.68903 0.0335423 21548.8 3.12111e+06
1.01 0.1515 144.569 0.254231 15.634 0.0240116 1.67711 0.0347396 21631.4 2.90153e+06
1.02 0.153 146.029 0.258146 15.54 0.0245288 1.66513 0.0359408 21714.7 2.69846e+06
1.03 0.1545 147.489 0.262101 15.449 0.0250513 1.65302 0.0371548 21798.5 2.51055e+06
1.04 0.156 148.95 0.266098 15.362 0.0255774 1.64114 0.0383438 21869.7 2.3352e+06
1.05 0.1575 150.411 0.270138 15.277 0.0261102 1.62966 0.0394917 21908.2 2.16953e+06
1.06 0.159 151.874 0.274221 15.196 0.0266461 1.61747 0.0407091 21991.1 2.02036e+06
1.07 0.1605 153.337 0.278348 15.117 0.0271885 1.60508 0.0419463 22076.6 1.88226e+06
1.08 0.162 154.8 0.282519 15.041 0.0277354 1.59281 0.0431694 22154.9 1.75354e+06
1.09 0.1635 156.265 0.286736 14.968 0.0282866 1.58085 0.0443589 22218.2 1.633e+06
1.1 0.165 157.73 0.290998 14.897 0.0288439 1.56834 0.045603 22304.8 1.52276e+06
1.11 0.1665 159.196 0.295307 14.828 0.0294073 1.55577 0.0468519 22389.8 1.42025e+06
1.12 0.168 160.663 0.299664 14.762 0.0299745 1.54436 0.0479795 22422.9 1.32192e+06
1.13 0.1695 162.131 0.304067 14.698 0.0305473 1.53177 0.0492259 22511 1.23377e+06
1.14 0.171 163.599 0.308519 14.636 0.0311259 1.51939 0.0504493 22588 1.15121e+06
1.15 0.1725 165.069 0.313019 14.576 0.0317099 1.5069 0.051682 22669.5 1.07466e+06
1.16 0.174 166.539 0.317569 14.518 0.0322993 1.49438 0.0529151 22752.2 1.00351e+06
1.17 0.1755 168.01 0.322167 14.462 0.0328939 1.48216 0.0541144 22822.6 936796
1.18 0.177 169.482 0.326815 14.408 0.0334936 1.4701 0.0552939 22887.9 874538
1.19 0.1785 170.954 0.331515 14.356 0.0340982 1.45852 0.056422 22936.4 816015
1.2 0.18 172.428 0.336265 14.305 0.0347101 1.44619 0.0576246 23012.2 762495
1.21 0.1815 173.902 0.341066 14.256 0.0353267 1.43372 0.0588384 23097.2 712945
1.22 0.183 175.377 0.345918 14.208 0.0359503 1.42159 0.0600137 23164.6 666263
1.23 0.1845 176.853 0.350822 14.162 0.0365784 1.40945 0.0611868 23237.6 622937
1.24 0.186 178.33 0.355778 14.118 0.0372107 1.39711 0.0623781 23324.3 582907
1.25 0.1875 179.808 0.360786 14.074 0.0378525 1.38505 0.0635354 23389.1 545067
1.26 0.189 181.287 0.365847 14.033 0.0384957 1.37294 0.0646948 23471 510175
1.27 0.1905 182.767 0.370961 13.992 0.0391481 1.36076 0.0658579 23546 477487
1.28 0.192 184.247 0.376128 13.953 0.0398043 1.34865 0.067009 23625.5 447084
1.29 0.1935 185.729 0.381348 13.915 0.040467 1.33674 0.068136 23697.5 418584
1.3 0.195 187.211 0.386621 13.878 0.0411359 1.32596 0.0691379 23728 391307
1.31 0.1965 188.695 0.391948 13.843 0.0418081 1.31306 0.0703602 23844.5 367226
1.32 0.198 190.179 0.397328 13.808 0.0424895 1.30211 0.0713712 23882.9 343579
1.33 0.1995 191.665 0.402762 13.775 0.0431738 1.2902 0.0724794 23965.3 322125
1.34 0.201 193.151 0.40825 13.743 0.0438639 1.27866 0.0735433 24035.9 301935
1.35 0.2025 194.638 0.413792 13.712 0.0445599 1.26745 0.074568 24097.2 282971
1.36 0.204 196.127 0.419387 13.681 0.0452647 1.25562 0.0756521 24172.5 265418
1.37 0.2055 197.616 0.425036 13.652 0.0459719 1.24481 0.0766229 24224.2 248774
1.38 0.207 199.107 0.430739 13.624 0.0466845 1.23272 0.0777254 24321.8 233674
1.39 0.2085 200.598 0.436496 13.597 0.0474024 1.22329 0.078538 24333.6 218771
1.4 0.21 202.091 0.442306 13.57 0.0481289 1.21038 0.0797158 24454.2 205789
1.41 0.2115 203.584 0.44817 13.545 0.048857 1.19951 0.0806716 24520.3 193195
1.42 0.213 205.079 0.454088 13.52 0.0495936 1.18831 0.0816558 24591.3 181455
1.43 0.2145 206.575 0.460059 13.496 0.0503351 1.17714 0.0826307 24664.8 170489
1.44 0.216 208.071 0.466083 13.473 0.0510812 1.1683 0.0833495 24668.1 159774
1.45 0.2175 209.569 0.47216 13.45 0.0518357 1.15716 0.0843076 24739.4 150186
1.46 0.219 211.068 0.47829 13.429 0.0525908 1.14654 0.085206 24808.4 141198
1.47 0.2205 212.569 0.484472 13.408 0.053354 1.13637 0.0860489 24858.6 132684
1.48 0.222 214.07 0.490707 13.388 0.0541214 1.12586 0.086921 24923.8 124793
1.49 0.2235 215.572 0.496994 13.368 0.0548968 1.11502 0.0878223 24994.7 117430
1.5 0.225 217.076 0.503333 13.35 0.0556719 1.10509 0.0886206 25052.5 110474
1.51 0.2265 218.581 0.509723 13.331 0.0564591 1.09436 0.0894961 25120.5 104002
1.52 0.228 220.087 0.516165 13.314 0.0572456 1.08669 0.0900367 25111.5 97637.5
1.53 0.2295 221.594 0.522657 13.297 0.0580398 1.07421 0.0910877 25242.9 92202
1.54 0.231 223.102 0.5292 13.281 0.0588371 1.06655 0.0916136 25236.2 86618.6
1.55 0.2325 224.612 0.535793 13.265 0.059642 1.05517 0.0925313 25335.9 81740.2
1.56 0.234 226.122 0.542436 13.25 0.0604499 1.04507 0.0933062 25403.9 77062.4
1.57 0.2355 227.634 0.549128 13.235 0.061265 1.03796 0.0937515 25381 72414.3
1.58 0.237 229.148 0.555871 13.221 0.0620829 1.02854 0.0944377 25431.8 68264.2
1.59 0.2385 230.662 0.56266 13.207 0.0629077 1.0161 0.0954402 25566 64583.3
1.6 0.24 232.178 0.569498 13.194 0.063735 1.00922 0.0958398 25546.9 60752.6
1.61 0.2415 233.695 0.576383 13.182 0.0645643 1.00023 0.0964602 25595.6 57318.7
1.62 0.243 235.213 0.583317 13.169 0.0654056 0.990891 0.0971068 25640.4 54086
1.63 0.2445 236.733 0.590297 13.158 0.0662435 0.981957 0.0977064 25691.1 51064.2
1.64 0.246 238.254 0.597322 13.146 0.0670931 0.975785 0.0980013 25651.3 48056.4
1.65 0.2475 239.776 0.604393 13.136 0.0679389 0.966696 0.0986032 25710.9 45415.7
1.66 0.249 241.299 0.611507 13.125 0.0687962 0.957803 0.0991738 25751.6 42902.5
1.67 0.2505 242.824 0.618669 13.115 0.0696551 0.946652 0.0999776 25861.5 40648.8
1.68 0.252 244.351 0.625872 13.105 0.0705198 0.938834 0.100419 25876.9 38385.8
1.69 0.2535 245.878 0.63312 13.096 0.0713855 0.933246 0.10062 25839.6 36186.1
1.7 0.255 247.407 0.640409 13.087 0.072257 0.923932 0.101206 25901 34254.3
1.71 0.2565 248.938 0.647742 13.079 0.0731291 0.914006 0.10185 25986.4 32465.3
1.72 0.258 250.47 0.655114 13.071 0.0740066 0.906201 0.102263 26012 30709.7
1.73 0.2595 252.003 0.662527 13.063 0.0748899 0.897779 0.102733 26051.6 29073.7
1.74 0.261 253.538 0.669982 13.055 0.075779 0.892333 0.102882 26009.6 27447.6
1.75 0.2625 255.074 0.677475 13.048 0.0766676 0.884613 0.103265 26036.4 25989.7
1.76 0.264 256.611 0.685009 13.041 0.0775618 0.875174 0.103818 26105.9 24657.3
1.77 0.2655 258.15 0.692578 13.035 0.078455 0.869967 0.103926 26072.9 23309.4
1.78 0.267 259.691 0.700186 13.028 0.0793593 0.862048 0.104305 26097.9 22091.5
1.79 0.2685 261.233 0.707829 13.022 0.0802626 0.85452 0.104639 26121.2 20943
1.8 0.27 262.776 0.715509 13.016 0.0811708 0.8475 0.104913 26129.2 19848.9
1.81 0.2715 264.321 0.723222 13.011 0.0820773 0.841312 0.105096 26124.6 18809.6
1.82 0.273 265.868 0.730971 13.005 0.0829951 0.834088 0.105375 26133.7 17839.6
1.83 0.2745 267.416 0.738754 13 0.083911 0.827004 0.105636 26148.1 16928.8
1.84 0.276 268.966 0.746569 12.996 0.0848248 0.820527 0.10583 26155.9 16065.9
1.85 0.2775 270.517 0.754417 12.991 0.0857495 0.813447 0.106076 26166.2 15253.4
1.86 0.279 272.069 0.762293 12.987 0.0866714 0.807405 0.106212 26159.4 14477.8
1.87 0.2805 273.624 0.770204 12.982 0.0876045 0.799813 0.106495 26178.6 13759.5
1.88 0.282 275.18 0.778142 12.979 0.0885279 0.793951 0.106602 26174.7 13070
1.89 0.2835 276.737 0.786108 12.975 0.0894618 0.790353 0.106472 26102.4 12386.7
1.9 0.285 278.296 0.794105 12.971 0.0903997 0.781081 0.106905 26168.3 11805.2
1.91 0.2865 279.857 0.802127 12.968 0.091334 0.77855 0.10666 26078.1 11187.9
1.92 0.288 281.42 0.810175 12.964 0.0922789 0.771932 0.106814 26075.5 10642
1.93 0.2895 282.984 0.818249 12.961 0.0932201 0.763592 0.107135 26123.8 10146
1.94 0.291 284.55 0.826349 12.958 0.0941647 0.759696 0.10701 26062.9 9635.9
1.95 0.2925 286.117 0.834471 12.956 0.0951048 0.754415 0.10702 26045.3 9169.79
1.96 0.294 287.686 0.842618 12.953 0.0960556 0.749582 0.106976 26004.5 8721.29
1.97 0.2955 289.257 0.850785 12.951 0.0970016 0.742998 0.107102 26015.1 8314.07
1.98 0.297 290.83 0.858974 12.948 0.0979579 0.738766 0.106989 25957.5 7907.7
1.99 0.2985 292.404 0.867184 12.946 0.0989095 0.732926 0.107031 25947.7 7537.52
2 0.3 293.98 0.875413 12.944 0.0998636 0.728125 0.106967 25912.1 7179.97
2.01 0.3015 295.558 0.883661 12.942 0.10082 0.722764 0.106952 25888.4 6844.83
2.02 0.303 297.137 0.891925 12.94 0.101779 0.717562 0.106916 25859.7 6526.33
2.03 0.3045 298.719 0.900208 12.938 0.10274 0.712168 0.106893 25834.2 6225.38
2.04 0.306 300.302 0.908506 12.937 0.103695 0.707608 0.10679 25799.5 5938.24
2.05 0.3075 301.887 0.91682 12.935 0.10466 0.702941 0.106689 25755 5664.06
2.06 0.309 303.474 0.925147 12.934 0.105619 0.701546 0.10628 25646.5 5390.88
2.07 0.3105 305.062 0.933488 12.932 0.106587 0.696408 0.106215 25611 5147.16
2.08 0.312 306.653 0.941842 12.931 0.107549 0.68799 0.106456 25659 4932.14
2.09 0.3135 308.245 0.950208 12.93 0.108513 0.683723 0.106304 25612.5 4710.24
2.1 0.315 309.839 0.958585 12.929 0.109478 0.680429 0.106058 25543.5 4495.87
2.11 0.3165 311.435 0.966969 12.928 0.110444 0.676412 0.105877 25489.8 4295.26
2.12 0.318 313.033 0.975365 12.927 0.111412 0.67472 0.105479 25384.3 4096.52
2.13 0.3195 314.633 0.983768 12.926 0.112381 0.670495 0.10531 25333.9 3916.73
2.14 0.321 316.235 0.992178 12.925 0.11335 0.666261 0.105139 25282.9 3745.97
2.15 0.3225 317.839 1.00059 12.924 0.11432 0.662061 0.104961 25230.4 3583.59
2.16 0.324 319.444 1.00902 12.923 0.115292 0.655162 0.105021 25235.1 3437.15
2.17 0.3255 321.052 1.01744 12.922 0.116263 0.653856 0.104578 25118.9 3281.97
2.18 0.327 322.662 1.02587 12.922 0.117227 0.648124 0.104532 25107.7 3147.93
2.19 0.3285 324.273 1.03431 12.921 0.118199 0.647725 0.104006 24971.7 3005.31
2.2 0.33 325.887 1.04274 12.921 0.119163 0.644906 0.103698 24897.8 2877.15
2.21 0.3315 327.502 1.05118 12.92 0.120137 0.640992 0.103478 24835.4 2756.61
2.22 0.333 329.12 1.05961 12.919 0.12111 0.637238 0.103242 24769.1 2641.53
2.23 0.3345 330.739 1.06805 12.919 0.122075 0.631269 0.1032 24759 2537.82
2.24 0.336 332.361 1.07649 12.919 0.123039 0.630886 0.102674 24633 2427.5
2.25 0.3375 333.985 1.08492 12.918 0.124012 0.627232 0.102424 24563.3 2328.04
2.26 0.339 335.611 1.09335 12.918 0.124976 0.621324 0.102367 24549.7 2238.43
2.27 0.3405 337.238 1.10177 12.917 0.125949 0.617779 0.102102 24476.6 2147.71
2.28 0.342 338.868 1.11019 12.917 0.126911 0.614888 0.101786 24400.9 2061.1
2.29 0.3435 340.5 1.11861 12.916 0.127883 0.614486 0.101255 24264.4 1973.62
2.3 0.345 342.134 1.12702 12.916 0.128844 0.612343 0.100877 24173.6 1893.97
2.31 0.3465 343.771 1.13542 12.916 0.129805 0.60885 0.100608 24109.3 1820.08
2.32 0.348 345.409 1.14381 12.915 0.130774 0.607922 0.100124 23983.9 1745.15
2.33 0.3495 347.05 1.1522 12.915 0.131733 0.60345 0.0999336 23938.3 1679.38
2.34 0.351 348.692 1.16057 12.915 0.13269 0.601471 0.09954 23844.1 1613.28
2.35 0.3525 350.337 1.16894 12.914 0.133657 0.599668 0.0991266 23735.8 1549.31
2.36 0.354 351.984 1.17729 12.914 0.134612 0.597451 0.0987526 23646.3 1489.48
2.37 0.3555 353.634 1.18563 12.914 0.135566 0.593618 0.0985068 23587.4 1434.24
2.38 0.357 355.285 1.19396 12.913 0.136529 0.59251 0.0980389 23466.3 1377.79
2.39 0.3585 356.939 1.20227 12.913 0.13748 0.590089 0.0976813 23380.7 1325.95
2.4 0.36 358.595 1.21057 12.913 0.138429 0.5866 0.0974068 23315 1277.51
2.41 0.3615 360.253 1.21886 12.912 0.139387 0.583946 0.0970607 23223.2 1229.81
2.42 0.363 361.913 1.22713 12.912 0.140333 0.583243 0.096571 23106 1182.93
2.43 0.3645 363.576 1.23538 12.911 0.141288 0.581088 0.0961879 23005.4 1138.96
2.44 0.366 365.241 1.24362 12.911 0.14223 0.579492 0.0957691 22905.3 1096.94
2.45 0.3675 366.908 1.25184 12.911 0.14317 0.577743 0.0953631 22808.2 1056.9
2.46 0.369 368.578 1.26004 12.91 0.144119 0.57864 0.0947542 22653.8 1016.02
2.47 0.3705 370.25 1.26822 12.91 0.145054 0.574547 0.0945259 22599.2 981.308
2.48 0.372 371.924 1.27638 12.909 0.145999 0.572186 0.0941622 22503.5 946.308
2.49 0.3735 373.6 1.28452 12.909 0.14693 0.569995 0.0937932 22415.3 913.108
2.5 0.375 375.279 1.29264 12.908 0.147871 0.573412 0.0930106 22219.7 877.066
2.51 0.3765 376.961 1.30074 12.908 0.148797 0.572134 0.0925801 22116.8 846.168
2.52 0.378 378.644 1.30881 12.907 0.149732 0.565929 0.0924983 22088.7 819.342
2.53 0.3795 380.33 1.31687 12.906 0.150665 0.568602 0.091781 21909 788.13
2.54 0.381 382.019 1.32489 12.906 0.151584 0.567721 0.0913276 21800.7 760.763
2.55 0.3825 383.709 1.3329 12.905 0.152511 0.566005 0.0909285 21697 734.686
2.56 0.384 385.403 1.34088 12.904 0.153436 0.564561 0.0905119 21589.3 709.543
2.57 0.3855 387.098 1.34883 12.904 0.154346 0.563625 0.0900686 21483.5 685.494
2.58 0.387 388.796 1.35676 12.903 0.155265 0.562321 0.0896463 21374.5 662.323
2.59 0.3885 390.497 1.36466 12.902 0.156182 0.557331 0.0894781 21326.1 641.915
2.6 0.39 392.2 1.37253 12.901 0.157095 0.560407 0.0887607 21147 618.472
2.61 0.3915 393.905 1.38038 12.9 0.158005 0.555052 0.088618 21104.8 599.897
2.62 0.393 395.613 1.3882 12.899 0.158912 0.55385 0.0881956 20996 580.188
2.63 0.3945 397.324 1.39598 12.899 0.159804 0.557618 0.0874518 20819 559.425
2.64 0.396 399.037 1.40374 12.898 0.160704 0.558332 0.08691 20682 540.554
2.65 0.3975 400.752 1.41147 12.897 0.161602 0.552029 0.0868317 20655.3 525.235
2.66 0.399 402.47 1.41917 12.896 0.162496 0.551455 0.0863783 20539.5 508.275
2.67 0.4005 404.191 1.42684 12.894 0.163399 0.552829 0.085795 20385 491.04
2.68 0.402 405.914 1.43448 12.893 0.164287 0.549352 0.0855346 20315.3 476.472
2.69 0.4035 407.639 1.44208 12.892 0.165171 0.553867 0.0847654 20124.8 459.687
2.7 0.405 409.368 1.44966 12.891 0.166051 0.551378 0.0844466 20041.3 445.947
2.71 0.4065 411.098 1.4572 12.89 0.166928 0.551213 0.0839832 19923.6 431.974
2.72 0.408 412.832 1.46471 12.889 0.167801 0.550165 0.0835782 19819.8 418.822
2.73 0.4095 414.568 1.47218 12.887 0.168683 0.549314 0.0831565 19704.5 405.923
2.74 0.411 416.306 1.47962 12.886 0.169549 0.551177 0.082578 19559.8 392.912
2.75 0.4125 418.047 1.48703 12.885 0.170411 0.545585 0.0824593 19524.1 382.524
2.76 0.414 419.791 1.4944 12.883 0.171283 0.548439 0.0818204 19357.8 370.002
2.77 0.4155 421.538 1.50174 12.882 0.172137 0.550357 0.0812511 19215.7 358.4
2.78 0.417 423.287 1.50904 12.88 0.173001 0.549658 0.0808361 19102.7 347.756
2.79 0.4185 425.038 1.51631 12.879 0.173847 0.549577 0.0803944 18991 337.516
2.8 0.42 426.793 1.52354 12.877 0.174704 0.548983 0.0799792 18878.2 327.625
2.81 0.4215 428.55 1.53073 12.876 0.175542 0.549134 0.0795306 18765 318.079
2.82 0.423 430.31 1.53789 12.874 0.17639 0.54902 0.0790939 18647.5 308.799
2.83 0.4245 432.072 1.54501 12.872 0.177235 0.548571 0.0786798 18535.5 299.935
2.84 0.426 433.837 1.5521 12.87 0.178075 0.543342 0.0785421 18488.7 292.413
2.85 0.4275 435.605 1.55915 12.869 0.178898 0.549475 0.0777661 18298.9 282.929
2.86 0.429 437.376 1.56615 12.867 0.17973 0.549231 0.0773505 18187 274.962
2.87 0.4305 439.149 1.57313 12.865 0.180558 0.549492 0.0769101 18069.4 267.185
2.88 0.432 440.925 1.58006 12.863 0.181382 0.548803 0.0765259 17965.1 259.866
2.89 0.4335 442.704 1.58695 12.861 0.182202 0.549 0.0760959 17850.3 252.644
2.9 0.435 444.485 1.59381 12.859 0.183017 0.548877 0.075687 17740.6 245.737
2.91 0.4365 446.27 1.60063 12.857 0.183829 0.549981 0.0752149 17616.2 238.862
2.92 0.438 448.057 1.60741 12.855 0.184636 0.549697 0.0748219 17510.5 232.465
2.93 0.4395 449.847 1.61415 12.853 0.185439 0.550514 0.0743731 17392 226.111
2.94 0.441 451.64 1.62085 12.851 0.186237 0.550935 0.0739495 17279.5 220.043
2.95 0.4425 453.435 1.62751 12.849 0.187032 0.55149 0.0735224 17166.3 214.166
2.96 0.444 455.233 1.63413 12.846 0.187837 0.551209 0.0731356 17056.1 208.514
2.97 0.4455 457.035 1.64071 12.844 0.188622 0.552295 0.0726883 16938.6 202.958
2.98 0.447 458.838 1.64725 12.842 0.189404 0.552908 0.0722695 16827.9 197.661
2.99 0.4485 460.645 1.65375 12.839 0.190196 0.552736 0.0718874 16719.3 192.556
3 0.45 462.455 1.66021 12.837 0.190969 0.552991 0.071494 16614.9 187.659
3.01 0.4515 464.267 1.66663 12.835 0.191737 0.553606 0.071086 16507.2 182.879
3.02 0.453 466.083 1.67301 12.832 0.192516 0.55488 0.0706415 16384.8 178.089
3.03 0.4545 467.901 1.67935 12.83 0.193275 0.555612 0.0702354 16277.9 173.613
3.04 0.456 469.722 1.68565 12.827 0.194046 0.561869 0.0695538 16101.1 168.542
3.05 0.4575 471.546 1.6919 12.824 0.194812 0.556267 0.0694594 16060.5 165.031
3.06 0.459 473.373 1.69812 12.822 0.195558 0.559429 0.0689462 15929.4 160.709
3.07 0.4605 475.203 1.7043 12.819 0.196315 0.558045 0.0686503 15842.5 156.957
3.08 0.462 477.036 1.71043 12.816 0.197068 0.564309 0.0679908 15672 152.503
3.09 0.4635 478.871 1.71653 12.814 0.197801 0.561626 0.0677708 15609.1 149.214
3.1 0.465 480.71 1.72258 12.811 0.198545 0.562509 0.0673767 15500.1 145.588
3.11 0.4665 482.551 1.72859 12.808 0.199285 0.561378 0.0670807 15414 142.278
3.12 0.468 484.396 1.73456 12.805 0.20002 0.562345 0.0666894 15306.1 138.867
3.13 0.4695 486.243 1.74049 12.802 0.200751 0.564849 0.0662308 15183.1 135.42
3.14 0.471 488.094 1.74638 12.799 0.201477 0.565524 0.0658608 15080.6 132.253
3.15 0.4725 489.947 1.75223 12.796 0.202199 0.566861 0.0654642 14972.2 129.127
3.16 0.474 491.803 1.75804 12.793 0.202917 0.572021 0.064899 14825.5 125.764
3.17 0.4755 493.662 1.7638 12.79 0.20363 0.569334 0.0646915 14760.8 123.182
3.18 0.477 495.525 1.76953 12.787 0.204339 0.574151 0.0641516 14620.5 120.05
3.19 0.4785 497.39 1.77521 12.784 0.205043 0.571509 0.0639469 14556.7 117.625
3.2 0.48 499.258 1.78085 12.781 0.205743 0.576348 0.0634157 14418.9 114.677
3.21 0.4815 501.129 1.78645 12.778 0.206439 0.574437 0.0631841 14349.4 112.347
3.22 0.483 503.004 1.79201 12.775 0.20713 0.575314 0.0628335 14253 109.871
3.23 0.4845 504.881 1.79753 12.771 0.207833 0.575293 0.0625177 14159.2 107.482
3.24 0.486 506.761 1.80301 12.768 0.208515 0.574545 0.062243 14080.4 105.271
3.25 0.4875 508.644 1.80845 12.765 0.209194 0.582442 0.0616047 13919.6 102.512
3.26 0.489 510.531 1.81385 12.762 0.209867 0.57952 0.0614285 13863.5 100.59
3.27 0.4905 512.42 1.81921 12.758 0.210553 0.58044 0.0610856 13764.6 98.4097
3.28 0.492 514.313 1.82452 12.755 0.211218 0.581926 0.0607299 13668.3 96.306
3.29 0.4935 516.208 1.8298 12.751 0.211896 0.583169 0.0603805 13568.4 94.2315
3.3 0.495 518.107 1.83503 12.748 0.212552 0.589823 0.059821 13426.9 91.9261
3.31 0.4965 520.009 1.84023 12.744 0.21322 0.586475 0.059666 13371.1 90.2596
3.32 0.498 521.913 1.84539 12.741 0.213868 0.591541 0.0591801 13246.6 88.1766
3.33 0.4995 523.821 1.8505 12.737 0.214529 0.589322 0.0589836 13181.9 86.5394
3.34 0.501 525.732 1.85558 12.734 0.215167 0.595189 0.0584752 13052.9 84.5276
3.35 0.5025 527.646 1.86061 12.73 0.215819 0.592347 0.058308 12995.1 83.021
3.36 0.504 529.563 1.86561 12.726 0.216467 0.599828 0.0577382 12847.9 80.9874
3.37 0.5055 531.483 1.87056 12.723 0.217093 0.599201 0.0574969 12779.2 79.4924
3.38 0.507 533.407 1.87548 12.719 0.217732 0.601449 0.0571398 12679.8 77.8461
3.39 0.5085 535.333 1.88036 12.715 0.218367 0.598461 0.0569869 12626 76.5158
3.4 0.51 537.263 1.88519 12.711 0.218997 0.599759 0.0566717 12536.5 75.0034
3.41 0.5115 539.195 1.89 12.708 0.219607 0.601642 0.0563446 12449.4 73.5409
3.42 0.513 541.131 1.89476 12.704 0.220229 0.603303 0.0560221 12358.7 72.0929
3.43 0.5145 543.07 1.89947 12.7 0.220847 0.604843 0.0557073 12269.9 70.6902
3.44 0.516 545.012 1.90416 12.696 0.221462 0.610861 0.0552297 12145.6 69.1171
3.45 0.5175 546.958 1.9088 12.692 0.222072 0.614296 0.0548526 12043.7 67.7078
3.46 0.519 548.906 1.91341 12.688 0.222678 0.609424 0.0547826 12009.3 66.7057
3.47 0.5205 550.858 1.91798 12.684 0.22328 0.611103 0.054475 11923.1 65.4421
3.48 0.522 552.813 1.92251 12.68 0.223878 0.619497 0.0539286 11784.9 63.9255
3.49 0.5235 554.771 1.927 12.676 0.224472 0.614531 0.0538663 11752.7 63.0109
3.5 0.525 556.732 1.93145 12.672 0.225062 0.620746 0.0534065 11634 61.6589
3.51 0.5265 558.696 1.93587 12.668 0.225648 0.61843 0.0532529 11582.3 60.6871
3.52 0.528 560.664 1.94025 12.664 0.22623 0.626203 0.0527467 11454.1 59.3414
3.53 0.5295 562.634 1.94459 12.66 0.226807 0.62191 0.0526665 11418.6 58.5002
3.54 0.531 564.608 1.9489 12.656 0.227381 0.630382 0.0521447 11287.6 57.1934
3.55 0.5325 566.585 1.95316 12.652 0.227951 0.631944 0.0518663 11209.6 56.1804
3.56 0.534 568.566 1.95739 12.648 0.228517 0.631898 0.0516455 11144.3 55.2517
3.57 0.5355 570.549 1.96159 12.643 0.229098 0.628685 0.0515271 11096.8 54.4303
3.58 0.537 572.536 1.96575 12.639 0.229656 0.630598 0.0512435 11018.3 53.4758
3.59 0.5385 574.526 1.96987 12.635 0.230211 0.63935 0.0507339 10891.4 52.3093
3.6 0.54 576.519 1.97396 12.631 0.230762 0.641849 0.0504379 10810.8 51.3864
3.61 0.5415 578.516 1.97801 12.627 0.231308 0.644775 0.050131 10728 50.473
3.62 0.543 580.515 1.98203 12.622 0.23187 0.645888 0.0498796 10653.1 49.6151
3.63 0.5445 582.518 1.98601 12.618 0.232409 0.648447 0.0495903 10574.5 48.7573
3.64 0.546 584.525 1.98995 12.614 0.232945 0.642991 0.0495637 10552.1 48.1736
3.65 0.5475 586.534 1.99386 12.609 0.233495 0.644457 0.0493068 10476.6 47.3618
3.66 0.549 588.547 1.99774 12.605 0.234023 0.653511 0.0488167 10356 46.3647
3.67 0.5505 590.563 2.00158 12.601 0.234547 0.65548 0.0485571 10284.6 45.6047
3.68 0.552 592.582 2.00538 12.596 0.235086 0.658362 0.0482645 10202.4 44.8124
3.69 0.5535 594.604 2.00916 12.592 0.235604 0.654017 0.0482082 10174.3 44.2709
3.7 0.555 596.63 2.0129 12.587 0.236136 0.660983 0.0477924 10066.6 43.3968
3.71 0.5565 598.659 2.0166 12.583 0.236645 0.664546 0.0474937 9987.74 42.6632
3.72 0.558 600.691 2.02027 12.578 0.237171 0.665093 0.0472836 9923.83 42.0063
3.73 0.5595 602.727 2.02391 12.574 0.237673 0.668032 0.0470094 9850.6 41.323
3.74 0.561 604.766 2.02751 12.569 0.238191 0.669982 0.046761 9779.08 40.6597
3.75 0.5625 606.808 2.03109 12.565 0.238687 0.672361 0.0465089 9710.89 40.0224
3.76 0.564 608.854 2.03463 12.56 0.239198 0.674619 0.046256 9638.88 39.3812
3.77 0.5655 610.902 2.03813 12.556 0.239686 0.669538 0.0462315 9618.44 38.9609
3.78 0.567 612.955 2.04161 12.551 0.240191 0.67799 0.0457984 9509.38 38.1925
3.79 0.5685 615.01 2.04505 12.547 0.240672 0.681253 0.0455297 9438.55 37.59
3.8 0.57 617.069 2.04846 12.542 0.24117 0.675628 0.0455174 9417.2 37.194
3.81 0.5715 619.131 2.05184 12.537 0.241664 0.684257 0.0450894 9310.07 36.4692
3.82 0.573 621.196 2.05518 12.533 0.242135 0.687996 0.0448144 9238.54 35.8953
3.83 0.5745 623.265 2.0585 12.528 0.242623 0.689875 0.0445887 9173.7 35.3571
3.84 0.576 625.337 2.06178 12.523 0.243107 0.686015 0.0445293 9143.2 34.9598
3.85 0.5775 627.412 2.06504 12.519 0.243568 0.686392 0.0443565 9093.18 34.4955
3.86 0.579 629.491 2.06826 12.514 0.244046 0.695788 0.0439236 8986.46 33.826
3.87 0.5805 631.573 2.07145 12.509 0.24452 0.698525 0.0436822 8919.25 33.3152
3.88 0.582 633.658 2.07461 12.505 0.244972 0.701778 0.0434356 8854.71 32.8228
3.89 0.5835 635.747 2.07774 12.5 0.245439 0.703701 0.0432215 8793.47 32.351
3.9 0.585 637.839 2.08085 12.495 0.245904 0.705734 0.0430062 8732.19 31.8866
3.91 0.5865 639.934 2.08392 12.491 0.246346 0.708637 0.042776 8671.55 31.4326
3.92 0.588 642.033 2.08696 12.486 0.246805 0.710743 0.042563 8611.11 30.9866
3.93 0.5895 644.135 2.08997 12.481 0.24726 0.712768 0.0423541 8551.7 30.5516
3.94 0.591 646.24 2.09296 12.476 0.247713 0.709967 0.042277 8519.06 30.2185
3.95 0.5925 648.349 2.09592 12.471 0.248162 0.715599 0.0419746 8441.18 29.7317
3.96 0.594 650.461 2.09884 12.467 0.248588 0.718498 0.0417547 8383.5 29.3233
3.97 0.5955 652.577 2.10174 12.462 0.249031 0.722084 0.0415119 8318.06 28.8942
3.98 0.597 654.696 2.10461 12.457 0.249471 0.724325 0.041307 8260.4 28.4989
3.99 0.5985 656.818 2.10745 12.452 0.249909 0.728807 0.0410452 8191.59 28.0714
4 0.6 658.943 2.11027 12.447 0.250343 0.728519 0.0409101 8148.24 27.7372
4.01 0.6015 661.072 2.11306 12.443 0.250754 0.730833 0.0407152 8096.41 27.3794
4.02 0.603 663.205 2.11582 12.438 0.251183 0.733655 0.0405026 8037.96 27.0049
4.03 0.6045 665.341 2.11855 12.433 0.251608 0.736086 0.040302 7982.09 26.6448
4.04 0.606 667.48 2.12125 12.428 0.252031 0.737653 0.0401251 7931.09 26.3061
4.05 0.6075 669.622 2.12393 12.423 0.25245 0.743231 0.0398485 7860.58 25.9084
4.06 0.609 671.768 2.12658 12.418 0.252867 0.743157 0.0397165 7818.79 25.6103
4.07 0.6105 673.918 2.12921 12.413 0.253282 0.745418 0.0395272 7765.88 25.2806
4.08 0.612 676.071 2.13181 12.408 0.253693 0.747605 0.0393415 7713.84 24.9585
4.09 0.6135 678.227 2.13438 12.404 0.254081 0.750678 0.039142 7662.36 24.6428
4.1 0.615 680.386 2.13693 12.399 0.254487 0.748101 0.0390769 7634.22 24.4063
4.11 0.6165 682.549 2.13945 12.394 0.25489 0.755769 0.0387614 7557.32 24.0184
4.12 0.618 684.716 2.14194 12.389 0.25529 0.75314 0.0386997 7530.07 23.7927
4.13 0.6195 686.885 2.14441 12.384 0.255688 0.760707 0.0383914 7455.03 23.4202
4.14 0.621 689.059 2.14686 12.379 0.256083 0.762148 0.0382335 7409.39 23.1445
4.15 0.6225 691.235 2.14928 12.374 0.256475 0.767698 0.0379787 7345.16 22.815
4.16 0.624 693.415 2.15168 12.369 0.256865 0.767267 0.0378686 7309.08 22.5768
4.17 0.6255 695.599 2.15405 12.364 0.257252 0.772369 0.0376284 7248.05 22.2653
4.18 0.627 697.786 2.1564 12.359 0.257637 0.772414 0.0375094 7210.53 22.0296
4.19 0.6285 699.976 2.15872 12.354 0.258019 0.774457 0.0373446 7164.35 21.7711
4.2 0.63 702.17 2.16102 12.349 0.258398 0.779812 0.0371041 7103.81 21.4725
4.21 0.6315 704.367 2.1633 12.344 0.258775 0.780085 0.0369835 7066.39 21.2472
4.22 0.633 706.568 2.16555 12.339 0.25915 0.782067 0.0368245 7021.78 21.0036
4.23 0.6345 708.772 2.16778 12.334 0.259522 0.787451 0.0365888 6962.72 20.72
4.24 0.636 710.979 2.16998 12.329 0.259891 0.789824 0.036424 6917.32 20.4805
4.25 0.6375 713.19 2.17217 12.324 0.260258 0.789748 0.0363162 6882.86 20.2763
4.26 0.639 715.405 2.17433 12.319 0.260622 0.791895 0.036159 6839.18 20.0478
4.27 0.6405 717.622 2.17646 12.314 0.260985 0.797193 0.0359323 6782.53 19.7843
4.28 0.642 719.844 2.17858 12.309 0.261344 0.799577 0.0357728 6738.72 19.5613
4.29 0.6435 722.068 2.18067 12.304 0.261702 0.800051 0.0356571 6703.3 19.3653
4.3 0.645 724.297 2.18274 12.299 0.262057 0.802289 0.0355033 6660.83 19.1515
4.31 0.6465 726.528 2.18479 12.294 0.262409 0.805451 0.0353305 6614.95 18.9306
4.32 0.648 728.763 2.18682 12.289 0.262759 0.810074 0.0351271 6563.51 18.6965
4.33 0.6495 731.002 2.18882 12.284 0.263107 0.812392 0.0349758 6521.95 18.4932
4.34 0.651 733.244 2.19081 12.279 0.263453 0.814773 0.0348243 6480.49 18.2926
4.35 0.6525 735.489 2.19277 12.274 0.263796 0.815309 0.0347139 6446.81 18.1162
4.36 0.654 737.738 2.19471 12.269 0.264138 0.817589 0.034567 6406.45 17.9233
4.37 0.6555 739.991 2.19663 12.264 0.264477 0.820848 0.0344002 6362.57 17.7229
4.38 0.657 742.246 2.19853 12.259 0.264813 0.82288 0.034261 6323.92 17.5392
4.39 0.6585 744.506 2.20041 12.254 0.265148 0.825159 0.0341177 6284.63 17.356
4.4 0.66 746.769 2.20227 12.249 0.26548 0.82788 0.0339663 6243.98 17.171
4.41 0.6615 749.035 2.20411 12.244 0.26581 0.833458 0.0337563 6192.72 16.9592
4.42 0.663 751.305 2.20592 12.239 0.266138 0.835901 0.0336134 6153.93 16.7836
4.43 0.6645 753.578 2.20772 12.234 0.266464 0.838452 0.0334694 6115.06 16.6097
4.44 0.666 755.854 2.2095 12.229 0.266788 0.841025 0.0333261 6076.46 16.4385
4.45 0.6675 758.135 2.21126 12.224 0.26711 0.843414 0.0331878 6038.87 16.2719
4.46 0.669 760.418 2.213 12.219 0.267429 0.846072 0.0330451 6000.62 16.1054
4.47 0.6705 762.705 2.21472 12.214 0.267747 0.848791 0.0329023 5962.48 15.941
4.48 0.672 764.996 2.21643 12.209 0.268062 0.851839 0.032754 5923.46 15.776
4.49 0.6735 767.29 2.21811 12.204 0.268376 0.854377 0.0326172 5886.65 15.6185
4.5 0.675 769.588 2.21977 12.198 0.268709 0.855953 0.0324948 5850.15 15.4636
4.51 0.6765 771.889 2.22142 12.193 0.269019 0.858304 0.0323638 5814.63 15.3129
4.52 0.678 774.193 2.22304 12.188 0.269326 0.860923 0.0322284 5778.46 15.162
4.53 0.6795 776.501 2.22465 12.183 0.269632 0.863617 0.0320927 5742.33 15.0128
4.54 0.681 778.813 2.22624 12.178 0.269935 0.863715 0.0320092 5715.64 14.8897
4.55 0.6825 781.128 2.22782 12.173 0.270237 0.866448 0.0318746 5679.93 14.7445
4.56 0.684 783.447 2.22937 12.168 0.270536 0.869224 0.0317402 5644.38 14.6012
4.57 0.6855 785.769 2.23091 12.163 0.270834 0.871798 0.0316108 5609.82 14.4619
4.58 0.687 788.094 2.23243 12.158 0.27113 0.874594 0.0314781 5574.8 14.3228
4.59 0.6885 790.423 2.23393 12.153 0.271424 0.877128 0.0313514 5540.97 14.1881
4.6 0.69 792.756 2.23542 12.148 0.271716 0.883005 0.0311616 5496.1 14.0265
4.61 0.6915 795.092 2.23688 12.143 0.272007 0.885897 0.0310304 5461.7 13.8931
4.62 0.693 797.431 2.23833 12.138 0.272295 0.888716 0.0309015 5427.83 13.7622
4.63 0.6945 799.774 2.23977 12.133 0.272582 0.891643 0.0307716 5393.89 13.6324
4.64 0.696 802.121 2.24118 12.128 0.272867 0.898512 0.0305686 5347.26 13.4719
4.65 0.6975 804.471 2.24258 12.123 0.27315 0.893342 0.0305927 5340.46 13.4128
4.66 0.699 806.825 2.24397 12.118 0.273431 0.89534 0.0304828 5310.3 13.296
4.67 0.7005 809.182 2.24534 12.113 0.273711 0.900531 0.0303142 5270.05 13.1551
4.68 0.702 811.542 2.24669 12.108 0.273989 0.903702 0.0301844 5236.67 13.0325
4.69 0.7035 813.906 2.24802 12.103 0.274265 0.907057 0.0300522 5202.97 12.9102
4.7 0.705 816.274 2.24934 12.098 0.27454 0.909723 0.0299336 5171.75 12.7951
4.71 0.7065 818.645 2.25065 12.093 0.274812 0.917725 0.0297185 5123.99 12.6402
4.72 0.708 821.02 2.25194 12.088 0.275083 0.911306 0.0297673 5121.8 12.5987
4.73 0.7095 823.398 2.25321 12.083 0.275353 0.914611 0.0296395 5089.26 12.4834
4.74 0.711 825.78 2.25447 12.078 0.275621 0.919198 0.0294894 5053.03 12.36
4.75 0.7125 828.165 2.25571 12.072 0.27591 0.922314 0.0293613 5018.59 12.2419
4.76 0.714 830.554 2.25694 12.067 0.276174 0.924884 0.0292495 4989.14 12.137
4.77 0.7155 832.946 2.25815 12.062 0.276437 0.924534 0.0291906 4968.78 12.0551
4.78 0.717 835.342 2.25935 12.057 0.276698 0.926382 0.029093 4941.92 11.9582
4.79 0.7185 837.741 2.26053 12.052 0.276958 0.931308 0.0289417 4906.03 11.8403
4.8 0.72 840.144 2.2617 12.047 0.277216 0.934098 0.0288292 4876.82 11.7395
4.81 0.7215 842.55 2.26285 12.042 0.277473 0.937974 0.0286983 4844.63 11.6322
4.82 0.723 844.96 2.26399 12.037 0.277728 0.937658 0.0286417 4825.04 11.5561
4.83 0.7245 847.374 2.26512 12.032 0.277981 0.940735 0.0285264 4795.64 11.4572
4.84 0.726 849.791 2.26623 12.027 0.278233 0.944502 0.0284 4764.47 11.3548
4.85 0.7275 852.211 2.26733 12.022 0.278484 0.947651 0.0282851 4735.35 11.2581
4.86 0.729 854.635 2.26841 12.017 0.278733 0.951276 0.0281629 4705.09 11.1595
4.87 0.7305 857.063 2.26948 12.012 0.27898 0.951167 0.0281054 4685.73 11.0874
4.88 0.732 859.494 2.27054 12.007 0.279227 0.955732 0.0279686 4653.23 10.9849
4.89 0.7335 861.928 2.27158 12.002 0.279471 0.957654 0.0278777 4628.45 10.9014
4.9 0.735 864.367 2.27261 11.997 0.279714 0.960866 0.0277656 4600.24 10.8104
4.91 0.7365 866.808 2.27363 11.993 0.279933 0.970465 0.0275523 4557.3 10.6856
4.92 0.738 869.254 2.27463 11.988 0.280173 0.965146 0.0275852 4553.23 10.6525
4.93 0.7395 871.702 2.27562 11.983 0.280412 0.969255 0.0274602 4523.16 10.5592
4.94 0.741 874.155 2.2766 11.978 0.280649 0.971826 0.0273617 4497.55 10.4769
4.95 0.7425 876.611 2.27756 11.973 0.280885 0.980655 0.0271602 4455.11 10.3561
4.96 0.744 879.07 2.27851 11.968 0.28112 0.975141 0.027197 4451.83 10.3269
4.97 0.7455 881.533 2.27945 11.963 0.281354 0.980309 0.0270576 4419.78 10.2314
4.98 0.747 883.999 2.28038 11.958 0.281586 0.982289 0.0269715 4396.51 10.1569
4.99 0.7485 886.469 2.28129 11.953 0.281816 0.985231 0.0268702 4370.86 10.0774
5 0.75 888.943 2.28219 11.948 0.282046 0.98535 0.0268156 4352.85 10.0161
5.01 0.7515 891.42 2.28308 11.943 0.282274 0.990576 0.0266785 4321.54 9.92469
5.02 0.753 893.901 2.28396 11.938 0.282501 0.992661 0.026593 4298.69 9.85327
5.03 0.7545 896.385 2.28482 11.933 0.282726 0.995026 0.0265036 4275.28 9.78105
5.04 0.756 898.873 2.28568 11.928 0.28295 0.995733 0.0264414 4256.31 9.7195
5.05 0.7575 901.364 2.28652 11.923 0.283173 1.00087 0.0263088 4226.09 9.63274
5.06 0.759 903.859 2.28735 11.918 0.283395 1.00372 0.0262135 4201.97 9.56038
5.07 0.7605 906.358 2.28817 11.913 0.283615 1.00518 0.0261408 4181.53 9.49686
5.08 0.762 908.86 2.28898 11.909 0.283811 1.00678 0.0260718 4163.49 9.43924
5.09 0.7635 911.365 2.28977 11.904 0.284028 1.01218 0.025938 4133.44 9.35483
5.1 0.765 913.874 2.29056 11.899 0.284245 1.01455 0.0258526 4111.18 9.28853
5.11 0.7665 916.387 2.29133 11.894 0.284461 1.01592 0.0257834 4091.58 9.22865
5.12 0.768 918.903 2.29209 11.889 0.284675 1.01684 0.0257216 4073.2 9.17193
5.13 0.7695 921.423 2.29284 11.884 0.284888 1.0219 0.0255959 4044.77 9.09301
5.14 0.771 923.946 2.29358 11.879 0.2851 1.02447 0.0255096 4022.66 9.02872
5.15 0.7725 926.473 2.29431 11.874 0.285311 1.02592 0.025441 4003.42 8.97123
5.16 0.774 929.004 2.29503 11.869 0.28552 1.0257 0.0253987 3988.34 8.92347
5.17 0.7755 931.538 2.29574 11.865 0.285705 1.0329 0.0252481 3958.02 8.84197
5.18 0.777 934.075 2.29644 11.86 0.285912 1.03564 0.0251614 3936.12 8.7797
5.19 0.7785 936.616 2.29713 11.855 0.286118 1.03802 0.0250805 3915.21 8.72
5.2 0.78 939.161 2.2978 11.85 0.286324 1.04464 0.0249362 3884.48 8.63881
5.21 0.7815 941.709 2.29847 11.845 0.286528 1.04247 0.0249252 3874.58 8.60429
5.22 0.783 944.261 2.29913 11.84 0.28673 1.04496 0.0248443 3853.86 8.54608
5.23 0.7845 946.816 2.29977 11.835 0.286932 1.0475 0.0247631 3833.16 8.48822
5.24 0.786 949.375 2.30041 11.831 0.287109 1.05543 0.024607 3802.56 8.40881
5.25 0.7875 951.938 2.30104 11.826 0.287308 1.05331 0.0245964 3792.9 8.37605
5.26 0.789 954.504 2.30165 11.821 0.287507 1.05539 0.0245234 3773.66 8.32238
5.27 0.7905 957.073 2.30226 11.816 0.287705 1.05835 0.024438 3752.57 8.26497
5.28 0.792 959.647 2.30286 11.811 0.287901 1.06536 0.0242934 3722.48 8.18805
5.29 0.7935 962.223 2.30345 11.807 0.288072 1.06264 0.0242976 3716.82 8.16519
5.3 0.795 964.804 2.30403 11.802 0.288267 1.06623 0.0242043 3694.72 8.10645
5.31 0.7965 967.388 2.3046 11.797 0.28846 1.06873 0.0241275 3675.2 8.05366
5.32 0.798 969.975 2.30515 11.792 0.288652 1.07115 0.0240523 3655.98 8.00183
5.33 0.7995 972.566 2.30571 11.787 0.288844 1.06948 0.0240369 3645.91 7.97025
5.34 0.801 975.161 2.30625 11.783 0.28901 1.07656 0.0239001 3619.01 7.90217
5.35 0.8025 977.759 2.30678 11.778 0.289199 1.07891 0.0238272 3600.32 7.8523
5.36 0.804 980.361 2.3073 11.773 0.289388 1.08202 0.0237438 3580.11 7.79936
5.37 0.8055 982.966 2.30782 11.768 0.289575 1.08916 0.0236033 3551.38 7.72815
5.38 0.807 985.575 2.30832 11.764 0.289737 1.08602 0.0236152 3547.13 7.71046
5.39 0.8085 988.187 2.30882 11.759 0.289923 1.08921 0.023532 3527.13 7.65874
5.4 0.81 990.803 2.30931 11.754 0.290107 1.09151 0.0234619 3509.15 7.61164
5.41 0.8115 993.423 2.30979 11.749 0.290291 1.09407 0.0233885 3490.74 7.56386
5.42 0.813 996.046 2.31026 11.745 0.290449 1.10313 0.023229 3461.03 7.49184
5.43 0.8145 998.673 2.31072 11.74 0.290631 1.09836 0.0232596 3458.22 7.47827
5.44 0.816 1001.3 2.31117 11.735 0.290812 1.10139 0.0231809 3439.2 7.42982
5.45 0.8175 1003.94 2.31162 11.73 0.290992 1.10421 0.0231055 3420.7 7.38275
5.46 0.819 1006.57 2.31206 11.726 0.291146 1.10769 0.0230263 3403.17 7.33796
5.47 0.8205 1009.22 2.31249 11.721 0.291325 1.11528 0.0228855 3375.16 7.27081
5.48 0.822 1011.86 2.31291 11.716 0.291502 1.11032 0.0229192 3372.93 7.25939
5.49 0.8235 1014.51 2.31332 11.712 0.291654 1.11451 0.0228313 3354.26 7.21277
5.5 0.825 1017.16 2.31373 11.707 0.291829 1.11686 0.0227643 3337.29 7.16999
5.51 0.8265 1019.82 2.31412 11.702 0.292004 1.1197 0.0226911 3319.45 7.12554
5.52 0.828 1022.47 2.31451 11.698 0.292153 1.12864 0.0225398 3291.69 7.06
5.53 0.8295 1025.14 2.3149 11.693 0.292326 1.12419 0.0225668 3288.59 7.04755
5.54 0.831 1027.8 2.31527 11.688 0.292499 1.12527 0.0225186 3274.56 7.01181
5.55 0.8325 1030.47 2.31564 11.683 0.29267 1.12899 0.0224347 3255.39 6.96526
5.56 0.834 1033.15 2.316 11.679 0.292816 1.13224 0.0223626 3239.37 6.9256
5.57 0.8355 1035.82 2.31635 11.674 0.292986 1.13471 0.0222965 3222.9 6.88517
5.58 0.837 1038.5 2.31669 11.67 0.29313 1.14344 0.0221516 3196.47 6.82364
5.59 0.8385 1041.19 2.31703 11.665 0.293298 1.13963 0.0221705 3192.35 6.8099
5.6 0.84 1043.87 2.31736 11.66 0.293465 1.1405 0.0221268 3179.23 6.7771
5.61 0.8415 1046.57 2.31768 11.656 0.293607 1.14456 0.0220457 3162.15 6.73601
5.62 0.843 1049.26 2.31799 11.651 0.293773 1.1469 0.0219831 3146.41 6.69793
5.63 0.8445 1051.96 2.3183 11.646 0.293938 1.14919 0.0219214 3130.85 6.66038
5.64 0.846 1054.66 2.3186 11.642 0.294077 1.15801 0.0217787 3105.14 6.6014
5.65 0.8475 1057.37 2.31889 11.637 0.294241 1.16256 0.0216882 3085.59 6.5557
5.66 0.849 1060.08 2.31918 11.633 0.294378 1.15746 0.0217294 3086.15 6.55283
5.67 0.8505 1062.79 2.31946 11.628 0.29454 1.15797 0.0216923 3074.27 6.52366
5.68 0.852 1065.5 2.31973 11.623 0.294702 1.16103 0.021622 3057.72 6.48474
5.69 0.8535 1068.22 2.32 11.619 0.294837 1.1644 0.021553 3042.72 6.44921
5.7 0.855 1070.95 2.32026 11.614 0.294997 1.16643 0.0214968 3028.27 6.415
5.71 0.8565 1073.67 2.32051 11.61 0.295131 1.16977 0.0214287 3013.47 6.38018
5.72 0.858 1076.41 2.32076 11.605 0.295289 1.17698 0.0213063 2989.82 6.32674
5.73 0.8595 1079.14 2.321 11.601 0.295421 1.18252 0.0212108 2971.28 6.28428
5.74 0.861 1081.88 2.32123 11.596 0.295578 1.176 0.0212658 2972.57 6.28385
5.75 0.8625 1084.62 2.32146 11.592 0.295709 1.17936 0.0211987 2958.1 6.25019
5.76 0.864 1087.36 2.32168 11.587 0.295865 1.18158 0.0211418 2943.8 6.21703
5.77 0.8655 1090.11 2.32189 11.583 0.295995 1.18347 0.0210941 2932.08 6.18943
5.78 0.867 1092.86 2.3221 11.578 0.296149 1.18672 0.0210247 2916.14 6.15302
5.79 0.8685 1095.62 2.3223 11.574 0.296277 1.1897 0.0209636 2902.65 6.12189
5.8 0.87 1098.38 2.3225 11.569 0.29643 1.19152 0.020913 2889.39 6.09137
5.81 0.8715 1101.14 2.32269 11.565 0.296557 1.20004 0.0207827 2866.43 6.0405
5.82 0.873 1103.91 2.32287 11.56 0.296708 1.20143 0.0207381 2854.1 6.01215
5.83 0.8745 1106.68 2.32305 11.556 0.296834 1.20624 0.0206555 2837.82 5.97556
5.84 0.876 1109.45 2.32322 11.551 0.296984 1.20873 0.0205977 2823.76 5.94377
5.85 0.8775 1112.23 2.32339 11.547 0.297108 1.20342 0.0206419 2824.92 5.94409
5.86 0.879 1115.01 2.32355 11.542 0.297257 1.20529 0.0205921 2812.01 5.91489
5.87 0.8805 1117.79 2.3237 11.538 0.29738 1.20822 0.0205339 2799.2 5.88601
5.88 0.882 1120.58 2.32385 11.533 0.297528 1.21008 0.0204846 2786.45 5.85731
5.89 0.8835 1123.37 2.32399 11.529 0.297649 1.21311 0.0204258 2773.63 5.82858
5.9 0.885 1126.17 2.32413 11.524 0.297796 1.21467 0.0203807 2761.51 5.80141
5.91 0.8865 1128.97 2.32426 11.52 0.297916 1.2179 0.0203198 2748.49 5.77242
5.92 0.888 1131.77 2.32438 11.515 0.298062 1.21977 0.0202714 2735.99 5.74463
5.93 0.8895 1134.58 2.3245 11.511 0.298181 1.22138 0.020231 2725.79 5.72173
5.94 0.891 1137.38 2.32462 11.507 0.298299 1.2243 0.0201747 2713.48 5.69449
5.95 0.8925 1140.2 2.32473 11.502 0.298443 1.2268 0.0201193 2700.16 5.66519
5.96 0.894 1143.01 2.32483 11.498 0.29856 1.22975 0.0200631 2687.95 5.6383
5.97 0.8955 1145.83 2.32493 11.493 0.298703 1.23136 0.0200189 2676.2 5.61247
5.98 0.897 1148.66 2.32502 11.489 0.298819 1.23418 0.0199648 2664.32 5.58644
5.99 0.8985 1151.49 2.32511 11.485 0.298934 1.23701 0.0199108 2652.5 5.5606
6 0.9 1154.32 2.3252 11.48 0.299075 1.23869 0.0198665 2640.83 5.53514
6.01 0.9015 1157.15 2.32527 11.476 0.299189 1.24145 0.0198139 2629.25 5.50996
6.02 0.903 1159.99 2.32535 11.472 0.299303 1.24419 0.0197616 2617.75 5.48499
6.03 0.9045 1162.83 2.32541 11.467 0.299442 1.24612 0.0197149 2605.87 5.45931
6.04 0.906 1165.68 2.32548 11.463 0.299555 1.24881 0.0196638 2594.6 5.43495
6.05 0.9075 1168.53 2.32553 11.458 0.299693 1.25042 0.0196213 2583.34 5.4107
6.06 0.909 1171.38 2.32559 11.454 0.299804 1.25351 0.0195658 2571.55 5.38539
6.07 0.9105 1174.24 2.32564 11.45 0.299915 1.25629 0.0195142 2560.29 5.36127
6.08 0.912 1177.09 2.32568 11.445 0.300052 1.25769 0.0194748 2549.54 5.33825
6.09 0.9135 1179.96 2.32572 11.441 0.300162 1.2604 0.0194245 2538.52 5.31473
6.1 0.915 1182.83 2.32575 11.437 0.300271 1.26295 0.0193763 2527.79 5.2919
6.11 0.9165 1185.7 2.32578 11.433 0.30038 1.26557 0.0193274 2517.01 5.26899
6.12 0.918 1188.57 2.3258 11.428 0.300514 1.267 0.0192884 2506.44 5.24659
6.13 0.9195 1191.45 2.32582 11.424 0.300622 1.26949 0.0192415 2495.97 5.22446
6.14 0.921 1194.33 2.32584 11.42 0.30073 1.27206 0.0191938 2485.43 5.20222
6.15 0.9225 1197.21 2.32585 11.415 0.300863 1.27349 0.0191552 2475.01 5.1803
6.16 0.924 1200.1 2.32586 11.411 0.300969 1.27571 0.0191119 2465.1 5.15948
6.17 0.9255 1202.99 2.32586 11.407 0.301075 1.27857 0.0190615 2454.28 5.13683
6.18 0.927 1205.89 2.32585 11.403 0.30118 1.2896 0.0189173 2431.45 5.08907
6.19 0.9285 1208.79 2.32585 11.398 0.301311 1.29106 0.0188792 2421.24 5.06778
6.2 0.93 1211.69 2.32584 11.394 0.301415 1.29334 0.0188363 2411.5 5.04752
6.21 0.9315 1214.6 2.32582 11.39 0.301519 1.28803 0.0188803 2412.89 5.0506
6.22 0.933 1217.51 2.3258 11.386 0.301622 1.2908 0.0188318 2402.47 5.02901
6.23 0.9345 1220.42 2.32578 11.381 0.301752 1.29214 0.0187956 2392.6 5.0086
6.24 0.936 1223.34 2.32575 11.377 0.301854 1.29463 0.0187508 2382.7 4.98819
6.25 0.9375 1226.26 2.32571 11.373 0.301956 1.29716 0.0187057 2372.79 4.96779
6.26 0.939 1229.19 2.32568 11.369 0.302058 1.29957 0.018662 2363.09 4.94788
6.27 0.9405 1232.11 2.32564 11.365 0.302159 1.30212 0.0186171 2353.26 4.92772
6.28 0.942 1235.05 2.32559 11.36 0.302286 1.31155 0.0184905 2332.12 4.88393
6.29 0.9435 1237.98 2.32554 11.356 0.302386 1.31356 0.0184521 2323.19 4.86574
6.3 0.945 1240.92 2.32549 11.352 0.302485 1.30912 0.0184862 2323.38 4.8667
6.31 0.9465 1243.86 2.32543 11.348 0.302585 1.31107 0.0184486 2314.58 4.84885
6.32 0.948 1246.81 2.32537 11.344 0.302683 1.31324 0.0184088 2305.51 4.83048
6.33 0.9495 1249.76 2.32531 11.34 0.302782 1.31514 0.018372 2296.85 4.81302
6.34 0.951 1252.71 2.32524 11.335 0.302906 1.31656 0.0183366 2287.37 4.79385
6.35 0.9525 1255.67 2.32517 11.331 0.303004 1.32749 0.0181999 2266.32 4.75047
6.36 0.954 1258.63 2.32509 11.327 0.303101 1.32973 0.01816 2257.36 4.73247
6.37 0.9555 1261.59 2.32501 11.323 0.303198 1.32419 0.0182063 2259.12 4.73697
6.38 0.957 1264.56 2.32493 11.319 0.303294 1.32637 0.0181672 2250.29 4.7193
6.39 0.9585 1267.53 2.32484 11.315 0.30339 1.3285 0.0181288 2241.58 4.70192
6.4 0.96 1270.51 2.32475 11.311 0.303485 1.33095 0.0180871 2232.46 4.68372
6.41 0.9615 1273.48 2.32465 11.306 0.303607 1.34048 0.0179637 2212.33 4.64243
6.42 0.963 1276.47 2.32455 11.302 0.303702 1.34138 0.0179393 2205.43 4.62893
6.43 0.9645 1279.45 2.32445 11.298 0.303796 1.33659 0.0179773 2206.19 4.63153
6.44 0.966 1282.44 2.32435 11.294 0.30389 1.33912 0.0179353 2197.14 4.61358
6.45 0.9675 1285.43 2.32424 11.29 0.303983 1.3412 0.0178982 2188.72 4.59698
6.46 0.969 1288.43 2.32413 11.286 0.304076 1.3523 0.0177635 2168.4 4.5554
6.47 0.9705 1291.43 2.32401 11.282 0.304169 1.35163 0.0177567 2163.73 4.54672
6.48 0.972 1294.43 2.32389 11.278 0.304261 1.34828 0.017779 2162.61 4.54554
6.49 0.9735 1297.44 2.32377 11.274 0.304353 1.3504 0.0177421 2154.3 4.52925
6.5 0.975 1300.45 2.32364 11.27 0.304444 1.35235 0.0177072 2146.25 4.51355
6.51 0.9765 1303.47 2.32351 11.266 0.304536 1.36418 0.0175663 2125.39 4.47094
6.52 0.978 1306.48 2.32338 11.262 0.304626 1.35747 0.0176247 2128.68 4.47912
6.53 0.9795 1309.51 2.32325 11.258 0.304717 1.35951 0.0175892 2120.62 4.46347
6.54 0.981 1312.53 2.32311 11.254 0.304807 1.36063 0.0175637 2113.79 4.45043
6.55 0.9825 1315.56 2.32296 11.25 0.304897 1.37312 0.017417 2092.41 4.40676
6.56 0.984 1318.59 2.32282 11.246 0.304986 1.36623 0.0174772 2095.91 4.41551
6.57 0.9855 1321.63 2.32267 11.242 0.305075 1.36809 0.0174441 2088.22 4.40072
6.58 0.987 1324.67 2.32252 11.238 0.305164 1.36946 0.0174164 2081.2 4.38736
6.59 0.9885 1327.71 2.32236 11.234 0.305252 1.38051 0.0172862 2061.97 4.34827
6.6 0.99 1330.76 2.32221 11.23 0.30534 1.3745 0.0173368 2064.33 4.35472
6.61 0.9915 1333.81 2.32205 11.226 0.305428 1.37636 0.0173043 2056.79 4.34031
6.62 0.993 1336.86 2.32188 11.222 0.305515 1.38779 0.017171 2037.32 4.30074
6.63 0.9945 1339.92 2.32171 11.218 0.305602 1.38061 0.0172338 2041.12 4.31032
6.64 0.996 1342.98 2.32155 11.214 0.305688 1.38285 0.0171976 2033.21 4.29519
6.65 0.9975 1346.04 2.32137 11.21 0.305775 1.39302 0.0170784 2015.52 4.2594
6.66 0.999 1349.11 2.3212 11.206 0.305861 1.39231 0.0170734 2011.33 4.25216
6.67 1.001 1352.19 2.32102 11.202 0.305946 1.38903 0.0170953 2010.32 4.25165
6.68 1.002 1355.26 2.32084 11.198 0.306032 1.39058 0.0170667 2003.38 4.23863
6.69 1.004 1358.34 2.32065 11.194 0.306117 1.40119 0.016944 1985.43 4.20232
6.7 1.005 1361.42 2.32047 11.19 0.306202 1.39506 0.0169954 1987.9 4.20924
6.71 1.007 1364.51 2.32028 11.186 0.306286 1.39652 0.0169681 1981.16 4.19669
6.72 1.008 1367.6 2.32008 11.182 0.30637 1.40738 0.0168437 1963.11 4.16019
6.73 1.01 1370.69 2.31989 11.178 0.306454 1.40118 0.0168957 1965.66 4.16734
6.74 1.011 1373.79 2.31969 11.175 0.30651 1.40339 0.0168649 1959.44 4.15593
6.75 1.013 1376.89 2.31949 11.171 0.306593 1.40843 0.0168011 1948.54 4.1346
6.76 1.014 1379.99 2.31929 11.167 0.306676 1.40781 0.0167956 1944.42 4.12766
6.77 1.016 1383.1 2.31908 11.163 0.306759 1.41904 0.0166688 1926.28 4.09097
6.78 1.017 1386.21 2.31887 11.159 0.306841 1.41189 0.0167303 1929.93 4.10056
6.79 1.019 1389.33 2.31866 11.155 0.306923 1.4134 0.0167032 1923.35 4.08846
6.8 1.02 1392.45 2.31845 11.151 0.307005 1.42376 0.016586 1906.43 4.05437
6.81 1.022 1395.57 2.31823 11.147 0.307087 1.4173 0.0166404 1909.26 4.06226
6.82 1.023 1398.7 2.31801 11.144 0.30714 1.42024 0.0166029 1902.39 4.04957
6.83 1.025 1401.82 2.31779 11.14 0.307221 1.42481 0.0165451 1892.37 4.03015
6.84 1.026 1404.96 2.31757 11.136 0.307302 1.42454 0.0165365 1888 4.02278
6.85 1.028 1408.09 2.31734 11.132 0.307382 1.43427 0.0164268 1872.11 3.99088
6.86 1.029 1411.23 2.31711 11.128 0.307462 1.42779 0.0164813 1874.94 3.99889
6.87 1.031 1414.38 2.31688 11.124 0.307542 1.43908 0.0163563 1857.38 3.96342
6.88 1.032 1417.53 2.31665 11.121 0.307594 1.43265 0.0164139 1861.4 3.974
6.89 1.034 1420.68 2.31641 11.117 0.307674 1.43432 0.0163861 1854.92 3.96218
6.9 1.035 1423.83 2.31617 11.113 0.307753 1.4445 0.016273 1838.81 3.92978
6.91 1.037 1426.99 2.31593 11.109 0.307831 1.43791 0.0163282 1841.72 3.93806
6.92 1.038 1430.15 2.31569 11.106 0.307882 1.44927 0.0162076 1825.65 3.90573
6.93 1.04 1433.32 2.31544 11.102 0.307961 1.44227 0.0162668 1829.02 3.91503
6.94 1.041 1436.49 2.31519 11.098 0.308039 1.45378 0.0161414 1811.66 3.87993
6.95 1.043 1439.66 2.31494 11.094 0.308117 1.44619 0.0162064 1815.68 3.89064
6.96 1.044 1442.84 2.31469 11.09 0.308194 1.44848 0.016173 1808.67 3.87774
6.97 1.046 1446.02 2.31444 11.087 0.308244 1.45083 0.016143 1802.87 3.86742
6.98 1.047 1449.2 2.31418 11.083 0.308321 1.45314 0.0161095 1795.89 3.85458
6.99 1.049 1452.39 2.31392 11.079 0.308398 1.45637 0.0160672 1787.94 3.83967
7 1.05 1455.58 2.31366 11.075 0.308474 1.45552 0.0160652 1784.5 3.83444
7.01 1.052 1458.77 2.3134 11.072 0.308523 1.46101 0.0160045 1775.35 3.81693
7.02 1.053 1461.97 2.31314 11.068 0.308599 1.46013 0.0160029 1771.97 3.81185
7.03 1.055 1465.17 2.31287 11.064 0.308675 1.46408 0.0159538 1763.34 3.79549
7.04 1.056 1468.37 2.3126 11.061 0.308723 1.46439 0.0159444 1759.91 3.79031
7.05 1.058 1471.58 2.31233 11.057 0.308798 1.46878 0.0158912 1750.87 3.77304
7.06 1.059 1474.8 2.31205 11.053 0.308873 1.46876 0.0158814 1746.63 3.76613
7.07 1.061 1478.01 2.31178 11.05 0.30892 1.47331 0.0158306 1738.68 3.75123
7.08 1.062 1481.23 2.3115 11.046 0.308995 1.47289 0.0158248 1734.89 3.7453
7.09 1.064 1484.45 2.31122 11.042 0.30907 1.47392 0.0158048 1729.58 3.73608
7.1 1.065 1487.68 2.31094 11.038 0.309144 1.47594 0.0157753 1723.22 3.72462
7.11 1.067 1490.91 2.31066 11.035 0.30919 1.47795 0.0157497 1718.08 3.71579
7.12 1.068 1494.14 2.31037 11.031 0.309264 1.48789 0.0156436 1703.42 3.68634
7.13 1.07 1497.38 2.31009 11.027 0.309338 1.48073 0.0157032 1706.82 3.69599
7.14 1.071 1500.62 2.3098 11.024 0.309384 1.49209 0.0155874 1691.92 3.66603
7.15 1.073 1503.87 2.30951 11.02 0.309457 1.4843 0.015653 1695.97 3.67711
7.16 1.074 1507.12 2.30921 11.017 0.309502 1.49636 0.0155308 1680.44 3.64575
7.17 1.076 1510.37 2.30892 11.013 0.309575 1.48978 0.0155848 1683.21 3.6541
7.18 1.077 1513.62 2.30862 11.009 0.309648 1.49123 0.0155614 1677.64 3.64434
7.19 1.079 1516.88 2.30833 11.006 0.309692 1.50276 0.0154449 1662.81 3.61445
7.2 1.08 1520.14 2.30803 11.002 0.309764 1.4948 0.0155119 1667 3.62591
7.21 1.082 1523.41 2.30772 10.998 0.309837 1.50479 0.0154069 1652.7 3.59717
7.22 1.083 1526.68 2.30742 10.995 0.30988 1.49843 0.0154622 1656.37 3.60752
7.23 1.085 1529.95 2.30712 10.991 0.309952 1.50299 0.0154094 1647.71 3.59104
7.24 1.086 1533.23 2.30681 10.988 0.309996 1.50295 0.0154041 1644.91 3.58731
7.25 1.088 1536.51 2.3065 10.984 0.310067 1.50444 0.0153807 1639.42 3.57774
7.26 1.089 1539.79 2.30619 10.981 0.31011 1.5153 0.015272 1625.61 3.54998
7.27 1.091 1543.08 2.30588 10.977 0.310181 1.50879 0.0153248 1628.26 3.55818
7.28 1.092 1546.37 2.30556 10.973 0.310252 1.50978 0.0153063 1623.34 3.54983
7.29 1.094 1549.67 2.30525 10.97 0.310294 1.52028 0.0152016 1610.02 3.52312
7.3 1.095 1552.97 2.30493 10.966 0.310365 1.51307 0.0152608 1613.35 3.53284
7.31 1.097 1556.27 2.30461 10.963 0.310407 1.52387 0.0151535 1599.82 3.50563
7.32 1.098 1559.57 2.30429 10.959 0.310477 1.52658 0.0151191 1593.28 3.49373
7.33 1.1 1562.88 2.30397 10.956 0.310519 1.51961 0.0151796 1597.47 3.50535
7.34 1.101 1566.2 2.30365 10.952 0.310588 1.52916 0.015081 1584.19 3.47866
7.35 1.103 1569.51 2.30332 10.949 0.31063 1.52429 0.0151216 1586.29 3.48572
7.36 1.104 1572.83 2.303 10.945 0.310699 1.52473 0.0151088 1582.04 3.47886
7.37 1.106 1576.16 2.30267 10.942 0.31074 1.53517 0.0150058 1569.11 3.45287
7.38 1.107 1579.48 2.30234 10.938 0.310809 1.52904 0.0150546 1571.34 3.46025
7.39 1.109 1582.82 2.30201 10.935 0.31085 1.53035 0.0150372 1567.37 3.454
7.4 1.11 1586.15 2.30168 10.931 0.310919 1.54031 0.0149358 1553.95 3.4269
7.41 1.112 1589.49 2.30134 10.928 0.310959 1.54256 0.0149098 1549.13 3.41873
7.42 1.113 1592.83 2.30101 10.924 0.311028 1.53519 0.0149701 1552.54 3.42876
7.43 1.115 1596.17 2.30067 10.921 0.311067 1.54063 0.0149145 1544.65 3.41385
7.44 1.116 1599.52 2.30033 10.917 0.311136 1.54736 0.0148436 1534.5 3.3939
7.45 1.118 1602.88 2.29999 10.914 0.311175 1.54189 0.0148895 1537.13 3.40222
7.46 1.119 1606.23 2.29965 10.91 0.311243 1.54264 0.0148742 1532.74 3.39503
7.47 1.121 1609.59 2.29931 10.907 0.311282 1.55323 0.0147715 1520.06 3.36945
7.48 1.122 1612.95 2.29897 10.903 0.31135 1.54573 0.0148325 1523.54 3.3797
7.49 1.124 1616.32 2.29862 10.9 0.311389 1.54925 0.0147952 1517.63 3.3691
7.5 1.125 1619.69 2.29827 10.896 0.311456 1.5519 0.0147626 1511.51 3.35804
7.51 1.127 1623.07 2.29793 10.893 0.311495 1.55999 0.0146835 1501.33 3.33796
7.52 1.128 1626.44 2.29758 10.89 0.311533 1.55469 0.0147275 1503.76 3.34591
7.53 1.13 1629.82 2.29723 10.886 0.3116 1.55525 0.0147143 1499.66 3.33933
7.54 1.131 1633.21 2.29687 10.883 0.311639 1.56015 0.0146647 1492.54 3.32602
7.55 1.133 1636.6 2.29652 10.879 0.311705 1.56663 0.0145974 1482.96 3.30722
7.56 1.134 1639.99 2.29617 10.876 0.311743 1.56031 0.0146506 1486.32 3.31727
7.57 1.136 1643.38 2.29581 10.873 0.311781 1.56375 0.0146146 1480.62 3.30711
7.58 1.137 1646.78 2.29545 10.869 0.311847 1.5644 0.0146008 1476.5 3.30047
7.59 1.139 1650.19 2.2951 10.866 0.311884 1.57419 0.014507 1465 3.27731
7.6 1.14 1653.59 2.29474 10.863 0.311922 1.57652 0.0144815 1460.4 3.26958
7.61 1.142 1657 2.29438 10.859 0.311988 1.57002 0.0145327 1462.88 3.2777
7.62 1.143 1660.42 2.29402 10.856 0.312025 1.57139 0.0145159 1459.16 3.27196
7.63 1.145 1663.83 2.29365 10.852 0.31209 1.57514 0.014474 1452.28 3.2591
7.64 1.146 1667.25 2.29329 10.849 0.312127 1.58268 0.0144014 1442.99 3.24083
7.65 1.148 1670.68 2.29292 10.846 0.312164 1.58522 0.0143741 1438.26 3.23279
7.66 1.149 1674.11 2.29256 10.842 0.312229 1.57864 0.0144259 1440.79 3.24105
7.67 1.151 1677.54 2.29219 10.839 0.312265 1.58097 0.0144006 1436.27 3.23349
7.68 1.152 1680.97 2.29182 10.836 0.312301 1.58182 0.0143886 1433.1 3.22893
7.69 1.154 1684.41 2.29145 10.832 0.312366 1.59069 0.0143011 1421.75 3.20595
7.7 1.155 1687.85 2.29108 10.829 0.312402 1.59324 0.014274 1417.09 3.19804
7.71 1.157 1691.3 2.29071 10.826 0.312438 1.59551 0.0142495 1412.7 3.19071
7.72 1.158 1694.75 2.29033 10.822 0.312503 1.58912 0.0142993 1415.02 3.19856
7.73 1.16 1698.2 2.28996 10.819 0.312538 1.59096 0.0142786 1411.02 3.19213
7.74 1.161 1701.66 2.28958 10.816 0.312574 1.59219 0.0142635 1407.57 3.18693
7.75 1.163 1705.12 2.28921 10.812 0.312638 1.59536 0.0142277 1401.44 3.17567
7.76 1.164 1708.58 2.28883 10.809 0.312673 1.60308 0.0141547 1392.32 3.15758
7.77 1.166 1712.05 2.28845 10.806 0.312708 1.60544 0.0141295 1387.92 3.15021
7.78 1.167 1715.52 2.28807 10.803 0.312743 1.60762 0.0141061 1383.69 3.14323
7.79 1.169 1718.99 2.28769 10.799 0.312807 1.6005 0.0141622 1386.63 3.15251
7.8 1.17 1722.47 2.28731 10.796 0.312842 1.60236 0.0141417 1382.7 3.1462
7.81 1.172 1725.95 2.28693 10.793 0.312876 1.60451 0.0141185 1378.51 3.13931
7.82 1.173 1729.44 2.28654 10.79 0.312911 1.60531 0.0141075 1375.52 3.13512
7.83 1.175 1732.93 2.28616 10.786 0.312974 1.60885 0.0140688 1369.21 3.12337
7.84 1.176 1736.42 2.28577 10.783 0.313009 1.61653 0.0139969 1360.32 3.1057
7.85 1.178 1739.92 2.28539 10.78 0.313043 1.61855 0.0139751 1356.31 3.09917
7.86 1.179 1743.42 2.285 10.777 0.313077 1.62048 0.0139542 1352.4 3.09284
7.87 1.181 1746.92 2.28461 10.773 0.31314 1.62165 0.0139368 1348.21 3.08589
7.88 1.182 1750.43 2.28422 10.77 0.313174 1.6145 0.0139961 1352.06 3.09734
7.89 1.184 1753.94 2.28383 10.767 0.313208 1.61666 0.0139732 1347.97 3.09059
7.9 1.185 1757.45 2.28344 10.764 0.313241 1.61967 0.0139428 1343.17 3.08224
7.91 1.187 1760.97 2.28305 10.761 0.313275 1.62144 0.0139235 1339.43 3.0763
7.92 1.188 1764.49 2.28266 10.757 0.313337 1.62226 0.0139092 1335.58 3.07009
7.93 1.19 1768.01 2.28226 10.754 0.313371 1.6238 0.013892 1332.07 3.06466
7.94 1.191 1771.54 2.28187 10.751 0.313404 1.62575 0.0138711 1328.21 3.05844
7.95 1.193 1775.07 2.28147 10.748 0.313437 1.6266 0.01386 1325.29 3.05436
7.96 1.194 1778.61 2.28108 10.745 0.31347 1.63081 0.0138194 1319.57 3.04381
7.97 1.196 1782.15 2.28068 10.741 0.313532 1.63165 0.0138052 1315.76 3.03766
7.98 1.197 1785.69 2.28028 10.738 0.313565 1.63362 0.0137842 1311.93 3.03147
7.99 1.199 1789.24 2.27989 10.735 0.313598 1.64078 0.0137182 1303.82 3.01535
8 1.2 1792.79 2.27949 10.732 0.313631 1.64251 0.0136995 1300.23 3.00968
