0.27 0.0405 38.2737 0.650201 914.388 0.00104998 1.71502 0.0302536 1.28925e+13 1.58047e+13
0.28 0.042 39.6968 0.652071 951.345 0.00101209 1.69925 0.0319978 1.66234e+13 2.00877e+13
0.29 0.0435 41.1203 0.653503 989.628 0.000975076 1.68256 0.033987 2.1507e+13 2.57056e+13
0.3 0.045 42.544 0.654451 1029.1 0.000939038 1.66499 0.035997 2.76988e+13 3.2867e+13
0.31 0.0465 43.9681 0.654796 1069.65 0.000903915 1.64658 0.0382217 3.568e+13 4.2226e+13
0.32 0.048 45.3926 0.654352 1111.14 0.000869571 1.62745 0.040167 4.53549e+13 5.38584e+13
0.33 0.0495 46.8173 0.652862 1153.39 0.00083581 1.60777 0.0424102 5.77114e+13 6.93172e+13
0.34 0.051 48.2423 0.649983 1196.21 0.000802337 1.58776 0.0448801 7.32831e+13 8.99869e+13
0.35 0.0525 49.6676 0.645265 1239.41 0.000768752 1.56774 0.0476572 9.29199e+13 1.18333e+14
0.36 0.054 51.0933 0.638165 1282.62 0.000734678 1.54815 0.0496155 1.14821e+14 1.5454e+14
0.37 0.0555 52.5192 0.628011 1325.43 0.000699638 1.52956 0.0515695 1.40632e+14 2.05085e+14
0.38 0.057 53.9454 0.613961 1367.21 0.000663084 1.51275 0.0527491 1.67996e+14 2.74335e+14
0.39 0.0585 55.3719 0.595024 1406.87 0.000624516 1.49883 0.0586535 2.15511e+14 4.11608e+14
0.4 0.06 56.7987 0.569944 1442.64 0.00058336 1.48943 0.0573705 2.38996e+14 5.66126e+14
0.41 0.0615 58.2257 0.537068 1471.59 0.000538897 1.48698 0.0572831 2.63553e+14 8.40246e+14
0.42 0.063 59.6531 0.494371 1488.6 0.000490386 1.49513 0.0633489 3.08701e+14 1.48921e+15
0.43 0.0645 61.0807 0.439472 1484.85 0.00043703 1.51922 0.0468199 2.25295e+14 1.95786e+15
0.44 0.066 62.5086 0.370355 1444.82 0.000378503 1.56658 0.117686 4.93963e+14 1.00992e+16
0.45 0.0675 63.9368 0.287807 1342.11 0.000316648 1.64524 0.166639 4.83753e+14 3.48981e+16
0.46 0.069 65.3652 0.201742 1141.89 0.000260876 1.75547 0.0103507 1.33967e+13 5.71088e+15
0.47 0.0705 66.794 0.136426 847.72 0.000237633 1.86854 -0.0203214 -5.93096e+12 -1.78784e+16
0.48 0.072 68.223 0.106274 571.717 0.000274478 1.93913 0.0050798 2.06853e+11 2.17381e+15
0.49 0.0735 69.6524 0.0961226 393.568 0.000360636 1.9698 0.00328572 2.06842e+10 3.59084e+14
0.5 0.075 71.082 0.092628 288.767 0.00047365 1.9829 0.0017913 2.39781e+09 5.00944e+13
0.51 0.0765 72.5119 0.0913712 224.202 0.000601773 1.98929 0.00118969 4.49305e+08 1.00503e+13
0.52 0.078 73.9421 0.0910333 181.613 0.000740144 1.99286 0.000860186 1.13302e+08 2.58178e+12
0.53 0.0795 75.3726 0.0911528 151.817 0.000886569 1.99509 0.000665719 3.57933e+07 8.10285e+11
0.54 0.081 76.8035 0.0915407 129.947 0.00104019 1.99663 0.000542418 1.33991e+07 2.96953e+11
0.55 0.0825 78.2346 0.092106 113.282 0.00120058 1.99777 0.000460432 5.72637e+06 1.23062e+11
0.56 0.084 79.6661 0.0928004 100.192 0.00136766 1.99867 0.000404113 2.72005e+06 5.63007e+10
0.57 0.0855 81.0978 0.0935987 89.655 0.00154155 1.99941 0.000364907 1.40917e+06 2.79448e+10
0.58 0.087 82.53 0.0944845 80.996 0.0017225 2.00004 0.000337907 785280 1.48562e+10
0.59 0.0885 83.9624 0.09545 73.761 0.00191079 2.0006 0.000320287 466211 8.38277e+09
0.6 0.09 85.3952 0.0964893 67.628 0.00210676 2.00109 0.000310435 292761 4.98659e+09
0.61 0.0915 86.8284 0.0976007 62.364 0.0023109 2.00153 0.000307531 193405 3.11092e+09
0.62 0.093 88.262 0.0987816 57.801 0.0025235 2.00191 0.000311373 133927 2.02849e+09
0.63 0.0945 89.6959 0.100034 53.809 0.00274509 2.00225 0.000322084 96861.9 1.37751e+09
0.64 0.096 91.1302 0.101359 50.289 0.00297613 2.00253 0.000340221 72951.6 9.7143e+08
0.65 0.0975 92.5649 0.102756 47.164 0.00321708 2.00274 0.00036665 57044.5 7.09339e+08
0.66 0.099 94 0.104231 44.373 0.0034685 2.00288 0.00040245 46154.6 5.34456e+08
0.67 0.1005 95.4355 0.105784 41.868 0.00373078 2.00293 0.00044904 38512.9 4.14184e+08
0.68 0.102 96.8715 0.107419 39.61 0.00400443 2.00287 0.000507992 33021 3.28899e+08
0.69 0.1035 98.3079 0.109139 37.564 0.00429014 2.00269 0.000581542 28996.8 2.66769e+08
0.7 0.105 99.7447 0.110947 35.706 0.00458815 2.00237 0.000671304 25973.8 2.2011e+08
0.71 0.1065 101.182 0.112846 34.012 0.00489912 2.00187 0.0007802 23674.3 1.843e+08
0.72 0.108 102.62 0.114841 32.464 0.00522345 2.00117 0.000910941 21898.3 1.56175e+08
0.73 0.1095 104.058 0.116935 31.045 0.0055618 2.00024 0.00106654 20504.3 1.33601e+08
0.74 0.111 105.497 0.119132 29.743 0.00591432 1.99906 0.00124918 19384.7 1.15082e+08
0.75 0.1125 106.936 0.121431 28.546 0.00628129 1.99757 0.00146343 18493.1 9.97788e+07
0.76 0.114 108.376 0.123813 27.455 0.00665896 1.99578 0.00170838 17766.5 8.69887e+07
0.77 0.1155 109.816 0.126286 26.454 0.00704899 1.99362 0.00198958 17184.2 7.62142e+07
0.78 0.117 111.257 0.128862 25.53 0.00745312 1.99108 0.00231051 16705.9 6.6977e+07
0.79 0.1185 112.699 0.131547 24.676 0.00787169 1.98813 0.00267131 16293.2 5.89242e+07
0.8 0.12 114.141 0.134343 23.885 0.00830528 1.98472 0.00307883 15955.9 5.19428e+07
0.81 0.1215 115.584 0.137256 23.151 0.00875433 1.9808 0.00353724 15682.8 4.58625e+07
0.82 0.123 117.027 0.140289 22.468 0.00921981 1.97629 0.00405264 15469.3 4.05543e+07
0.83 0.1245 118.471 0.143447 21.833 0.00970156 1.97127 0.00461887 15276.1 3.58292e+07
0.84 0.126 119.916 0.146733 21.242 0.0101999 1.96559 0.00524951 15135.8 3.1699e+07
0.85 0.1275 121.361 0.150152 20.69 0.010716 1.9593 0.00593997 15014 2.8024e+07
0.86 0.129 122.807 0.153705 20.176 0.0112491 1.95222 0.00670639 14947.7 2.48208e+07
0.87 0.1305 124.253 0.157398 19.696 0.0118 1.94457 0.00752825 14876.3 2.19374e+07
0.88 0.132 125.701 0.161233 19.247 0.0123696 1.93603 0.00843602 14854.7 1.94212e+07
0.89 0.1335 127.149 0.165215 18.828 0.0129571 1.92676 0.00941319 14848 1.71834e+07
0.9 0.135 128.597 0.169346 18.436 0.0135634 1.91686 0.0104522 14840.6 1.51799e+07
0.91 0.1365 130.047 0.173629 18.07 0.0141882 1.90597 0.0115854 14880.4 1.34335e+07
0.92 0.138 131.497 0.178068 17.727 0.0148325 1.89424 0.012799 14937 1.18856e+07
0.93 0.1395 132.948 0.182667 17.406 0.0154961 1.88194 0.0140673 14983.6 1.04956e+07
0.94 0.141 134.4 0.187427 17.106 0.0161788 1.86869 0.0154264 15063.2 9.27767e+06
0.95 0.1425 135.853 0.192353 16.825 0.0168814 1.85455 0.0168718 15165.1 8.20413e+06
0.96 0.144 137.307 0.197447 16.561 0.0176046 1.83925 0.018427 15303.8 7.26487e+06
0.97 0.1455 138.761 0.202713 16.315 0.0183467 1.82364 0.0200123 15422.1 6.41828e+06
0.98 0.147 140.217 0.208153 16.084 0.0191096 1.80704 0.0216921 15566.2 5.67483e+06
0.99 0.1485 141.673 0.213771 15.868 0.0198925 1.78996 0.0234176 15705.9 5.01194e+06
1 0.15 143.131 0.219569 15.666 0.0206955 1.77172 0.0252549 15887.2 4.43481e+06
1.01 0.1515 144.589 0.22555 15.477 0.0215188 1.7529 0.0271475 16072.1 3.92236e+06
1.02 0.153 146.048 0.231717 15.3 0.022363 1.73303 0.0291413 16288.3 3.47352e+06
1.03 0.1545 147.508 0.238074 15.134 0.0232284 1.71322 0.0311268 16474.5 3.06862e+06
1.04 0.156 148.97 0.244622 14.979 0.0241143 1.69238 0.033213 16696.7 2.71545e+06
1.05 0.1575 150.432 0.251364 14.834 0.0250212 1.67078 0.0353716 16937.8 2.4045e+06
1.06 0.159 151.896 0.258305 14.699 0.0259482 1.64873 0.0375724 17187.7 2.12933e+06
1.07 0.1605 153.36 0.265445 14.572 0.0268979 1.62596 0.0398412 17451.7 1.88648e+06
1.08 0.162 154.826 0.272788 14.454 0.0278676 1.60339 0.0420871 17701.1 1.66939e+06
1.09 0.1635 156.293 0.280337 14.344 0.0288585 1.57981 0.0444312 17986.6 1.4799e+06
1.1 0.165 157.761 0.288095 14.241 0.0298715 1.55597 0.0467978 18274.2 1.31174e+06
1.11 0.1665 159.231 0.296063 14.145 0.030906 1.5315 0.0492231 18582.1 1.16375e+06
1.12 0.168 160.701 0.304245 14.056 0.0319613 1.50667 0.0516801 18903.5 1.03303e+06
1.13 0.1695 162.173 0.312644 13.973 0.0330387 1.48295 0.0540151 19181.1 914769
1.14 0.171 163.646 0.321261 13.896 0.0341374 1.45677 0.0565995 19551.1 813896
1.15 0.1725 165.121 0.3301 13.825 0.0352568 1.43274 0.058951 19848.5 721420
1.16 0.174 166.597 0.339162 13.759 0.0363985 1.40711 0.0614618 20204.6 641355
1.17 0.1755 168.074 0.348451 13.698 0.0375618 1.38165 0.0639456 20559.2 570144
1.18 0.177 169.552 0.357968 13.641 0.038749 1.35627 0.0664099 20911 506804
1.19 0.1785 171.033 0.367717 13.59 0.0399536 1.33186 0.0687605 21249.4 450263
1.2 0.18 172.514 0.377698 13.542 0.0411836 1.30603 0.0712494 21632.4 400928
1.21 0.1815 173.997 0.387914 13.499 0.0424323 1.27922 0.0738311 22062.7 357821
1.22 0.183 175.482 0.398368 13.459 0.0437053 1.25504 0.0761163 22410.5 318212
1.23 0.1845 176.968 0.409061 13.423 0.0449988 1.22959 0.0785221 22811.3 283724
1.24 0.186 178.456 0.419995 13.39 0.0463154 1.2045 0.0808724 23206.7 252977
1.25 0.1875 179.945 0.431171 13.361 0.0476511 1.18172 0.0829538 23547.3 225102
1.26 0.189 181.436 0.442591 13.335 0.0490085 1.15666 0.0852655 23968.9 201059
1.27 0.1905 182.929 0.454256 13.311 0.050391 1.13149 0.087567 24395.2 179674
1.28 0.192 184.424 0.466169 13.291 0.0517902 1.10708 0.0897675 24820.9 160616
1.29 0.1935 185.92 0.478328 13.273 0.0532132 1.08327 0.0918782 25233 143557
1.3 0.195 187.418 0.490736 13.257 0.0546594 1.05935 0.0939778 25654.4 128413
1.31 0.1965 188.918 0.503393 13.244 0.0561242 1.03739 0.0958371 26033.9 114734
1.32 0.198 190.42 0.516299 13.234 0.0576066 1.0147 0.0977538 26454.5 102726
1.33 0.1995 191.924 0.529454 13.225 0.0591147 0.991773 0.0996677 26880.9 92042.1
1.34 0.201 193.43 0.542859 13.218 0.0606435 0.966707 0.101793 27381.4 82738.1
1.35 0.2025 194.938 0.556513 13.214 0.0621876 0.9472 0.103274 27737.8 74025.4
1.36 0.204 196.448 0.570415 13.211 0.0637556 0.923717 0.105167 28214.2 66557.6
1.37 0.2055 197.96 0.584565 13.21 0.065342 0.903244 0.106696 28613.7 59716.7
1.38 0.207 199.474 0.598961 13.21 0.0669511 0.882514 0.108222 29022.9 53633.4
1.39 0.2085 200.99 0.613601 13.212 0.0685773 0.86339 0.10954 29398.5 48148.1
1.4 0.21 202.509 0.628482 13.216 0.0702191 0.841078 0.111183 29884.6 43417.8
1.41 0.2115 204.029 0.643608 13.221 0.0718819 0.823081 0.112312 30245.4 39015.7
1.42 0.213 205.552 0.65897 13.227 0.0735642 0.802576 0.113688 30685.4 35179.5
1.43 0.2145 207.078 0.674569 13.234 0.0752658 0.784364 0.114776 31061.1 31679
1.44 0.216 208.605 0.6904 13.243 0.0769798 0.765593 0.115896 31471.1 28582.1
1.45 0.2175 210.136 0.706457 13.253 0.0787108 0.74711 0.116952 31877.9 25807.5
1.46 0.219 211.668 0.722744 13.264 0.0804587 0.728847 0.11795 32283.6 23320.8
1.47 0.2205 213.203 0.739247 13.275 0.0822276 0.712336 0.11872 32629.3 21054.5
1.48 0.222 214.741 0.755968 13.288 0.0840053 0.693195 0.11975 33073.8 19083.2
1.49 0.2235 216.282 0.772901 13.301 0.085803 0.677469 0.12037 33408 17255
1.5 0.225 217.825 0.790036 13.315 0.0876129 0.660764 0.121067 33778.6 15634.8
1.51 0.2265 219.37 0.807374 13.33 0.089435 0.644258 0.121711 34150 14180.9
1.52 0.228 220.919 0.824905 13.346 0.0912674 0.630523 0.122027 34444.7 12846.6
1.53 0.2295 222.47 0.842626 13.362 0.0931164 0.613244 0.122691 34840.2 11684
1.54 0.231 224.024 0.860531 13.379 0.0949741 0.5998 0.122916 35126.8 10604.5
1.55 0.2325 225.581 0.878607 13.396 0.0968461 0.587407 0.123001 35374.9 9625.12
1.56 0.234 227.141 0.896849 13.414 0.0987242 0.573642 0.123207 35672.8 8758.43
1.57 0.2355 228.703 0.915252 13.432 0.100615 0.560644 0.123304 35940.9 7972.06
1.58 0.237 230.269 0.933811 13.451 0.10251 0.546889 0.123456 36240.6 7270.88
1.59 0.2385 231.838 0.952508 13.47 0.104415 0.534175 0.123474 36502.6 6632.32
1.6 0.24 233.41 0.971346 13.489 0.10633 0.521738 0.123438 36749.9 6054.42
1.61 0.2415 234.985 0.990308 13.509 0.108245 0.514135 0.122893 36859.8 5512.99
1.62 0.243 236.564 1.00939 13.529 0.110168 0.497415 0.123248 37240.7 5062.96
1.63 0.2445 238.145 1.02859 13.548 0.112106 0.487 0.122939 37409 4628.7
1.64 0.246 239.73 1.04788 13.568 0.11404 0.474699 0.122803 37644.4 4244.53
1.65 0.2475 241.318 1.06727 13.589 0.115971 0.468118 0.122092 37716.9 3880.18
1.66 0.249 242.91 1.08674 13.609 0.117913 0.45459 0.122039 37978.7 3569.49
1.67 0.2505 244.505 1.10628 13.629 0.119857 0.44422 0.12166 38139.9 3278.97
1.68 0.252 246.104 1.12589 13.65 0.121794 0.434889 0.121174 38280.9 3014.3
1.69 0.2535 247.706 1.14556 13.67 0.12374 0.428619 0.12038 38309.5 2766.35
1.7 0.255 249.311 1.16527 13.69 0.125686 0.420618 0.119742 38386 2545.24
1.71 0.2565 250.92 1.18502 13.71 0.127629 0.407236 0.119592 38618.8 2354.27
1.72 0.258 252.533 1.2048 13.731 0.129561 0.403785 0.118524 38568.1 2164.43
1.73 0.2595 254.15 1.2246 13.751 0.131499 0.395439 0.117894 38643.2 1998.92
1.74 0.261 255.77 1.2444 13.771 0.133431 0.387613 0.117211 38699.7 1847.54
1.75 0.2625 257.394 1.26421 13.79 0.135368 0.379556 0.116538 38743.4 1709.19
1.76 0.264 259.022 1.28401 13.81 0.137289 0.372516 0.115778 38770.8 1582.53
1.77 0.2655 260.653 1.30379 13.83 0.139203 0.365478 0.115017 38795.6 1466.99
1.78 0.267 262.289 1.32355 13.849 0.141119 0.361293 0.114004 38719 1358.02
1.79 0.2685 263.928 1.34328 13.868 0.143026 0.353376 0.113312 38748.6 1262.16
1.8 0.27 265.572 1.36296 13.887 0.144923 0.347237 0.112471 38725.2 1172.9
1.81 0.2715 267.219 1.3826 13.905 0.146821 0.341962 0.111555 38659.2 1090.09
1.82 0.273 268.871 1.40217 13.923 0.148707 0.339595 0.110408 38510.2 1012.17
1.83 0.2745 270.526 1.42169 13.941 0.150582 0.33009 0.109845 38562 945.855
1.84 0.276 272.186 1.44113 13.959 0.152444 0.324526 0.108968 38501.8 882.375
1.85 0.2775 273.85 1.46049 13.977 0.154293 0.319453 0.10806 38427.6 823.825
1.86 0.279 275.518 1.47977 13.994 0.15614 0.315801 0.107042 38297.7 768.935
1.87 0.2805 277.19 1.49895 14.011 0.157972 0.316446 0.105709 38051.2 716.335
1.88 0.282 278.866 1.51804 14.027 0.159801 0.311334 0.10482 37947.2 670.584
1.89 0.2835 280.547 1.53702 14.044 0.161603 0.308772 0.10376 37791.5 627.604
1.9 0.285 282.232 1.55589 14.06 0.163401 0.299132 0.103223 37810.4 590.756
1.91 0.2865 283.922 1.57464 14.075 0.165194 0.300022 0.10192 37532.8 552.318
1.92 0.288 285.616 1.59327 14.09 0.166971 0.293335 0.101177 37458.1 519.735
1.93 0.2895 287.314 1.61178 14.105 0.168731 0.293923 0.0999314 37194.4 487.122
1.94 0.291 289.017 1.63015 14.12 0.170473 0.290809 0.098963 37030.2 458.248
1.95 0.2925 290.724 1.64839 14.134 0.17221 0.288113 0.0979725 36841.7 431.246
1.96 0.294 292.436 1.66649 14.148 0.173928 0.28132 0.0972725 36760 407.425
1.97 0.2955 294.152 1.68444 14.162 0.175628 0.278028 0.0963484 36591.3 384.398
1.98 0.297 295.873 1.70225 14.175 0.177322 0.282807 0.0949029 36208.1 360.887
1.99 0.2985 297.598 1.71991 14.188 0.178997 0.275166 0.0942866 36138.2 342.078
2 0.3 299.328 1.73741 14.2 0.180666 0.278549 0.0929686 35783.9 322.006
2.01 0.3015 301.063 1.75475 14.212 0.182315 0.275554 0.092076 35590.4 304.747
2.02 0.303 302.802 1.77194 14.224 0.183946 0.272943 0.0911747 35391 288.627
2.03 0.3045 304.546 1.78896 14.236 0.185556 0.266987 0.090493 35274.8 274.252
2.04 0.306 306.295 1.80581 14.247 0.18716 0.270782 0.0892267 34915.8 259.026
2.05 0.3075 308.048 1.8225 14.257 0.188757 0.265299 0.0885277 34764 246.306
2.06 0.309 309.806 1.83902 14.268 0.190321 0.26909 0.0873062 34416.8 233.088
2.07 0.3105 311.569 1.85537 14.278 0.191878 0.269649 0.0862883 34134.9 221.172
2.08 0.312 313.337 1.87155 14.288 0.193416 0.268852 0.0853673 33889 210.252
2.09 0.3135 315.11 1.88755 14.297 0.194947 0.266853 0.0845228 33659.6 200.124
2.1 0.315 316.887 1.90338 14.306 0.196458 0.265135 0.0836786 33428.4 190.622
2.11 0.3165 318.67 1.91903 14.315 0.197949 0.272602 0.0823516 33001.9 180.64
2.12 0.318 320.457 1.93451 14.323 0.199434 0.26595 0.0818016 32873.2 172.853
2.13 0.3195 322.249 1.94981 14.332 0.200885 0.266962 0.0808637 32598.5 164.788
2.14 0.321 324.046 1.96493 14.339 0.202344 0.269442 0.0798519 32269.3 156.944
2.15 0.3225 325.848 1.97987 14.347 0.203769 0.26886 0.0790271 32025.2 149.967
2.16 0.324 327.655 1.99463 14.354 0.205188 0.265407 0.0783556 31830.6 143.62
2.17 0.3255 329.467 2.00922 14.361 0.206588 0.26631 0.0774789 31551.3 137.267
2.18 0.327 331.284 2.02363 14.368 0.207968 0.266326 0.0766642 31295.7 131.377
2.19 0.3285 333.106 2.03786 14.374 0.209343 0.269092 0.0757238 30976.4 125.559
2.2 0.33 334.934 2.05191 14.38 0.210698 0.268779 0.0749511 30724.4 120.332
2.21 0.3315 336.766 2.06578 14.386 0.212035 0.277213 0.0737811 30307.9 114.768
2.22 0.333 338.603 2.07948 14.391 0.213366 0.26987 0.0733639 30188.9 110.602
2.23 0.3345 340.445 2.093 14.396 0.214679 0.273346 0.0724558 29867.1 105.934
2.24 0.336 342.293 2.10634 14.401 0.215973 0.274952 0.0716521 29587.1 101.659
2.25 0.3375 344.145 2.11951 14.406 0.217248 0.276889 0.0708505 29306.9 97.6063
2.26 0.339 346.003 2.13251 14.41 0.218519 0.276843 0.0701451 29055.4 93.856
2.27 0.3405 347.866 2.14533 14.414 0.219772 0.276297 0.0694757 28818.1 90.3409
2.28 0.342 349.734 2.15798 14.418 0.221006 0.284007 0.0684652 28438.4 86.5681
2.29 0.3435 351.607 2.17045 14.422 0.222222 0.281554 0.067908 28246.1 83.5393
2.3 0.345 353.485 2.18276 14.425 0.223436 0.288317 0.0669679 27884.1 80.1696
2.31 0.3465 355.369 2.1949 14.428 0.224632 0.284718 0.066476 27708 77.4848
2.32 0.348 357.258 2.20687 14.431 0.22581 0.290982 0.0655917 27367.9 74.4803
2.33 0.3495 359.152 2.21868 14.434 0.226971 0.287729 0.0651093 27194.9 72.0616
2.34 0.351 361.051 2.23032 14.436 0.22813 0.293802 0.0642576 26857.7 69.3304
2.35 0.3525 362.955 2.24179 14.438 0.229272 0.292243 0.0637234 26652.9 67.0586
2.36 0.354 364.865 2.2531 14.44 0.230397 0.30046 0.0628217 26293.9 64.5114
2.37 0.3555 366.78 2.26425 14.442 0.231505 0.295797 0.0624312 26148.6 62.5905
2.38 0.357 368.701 2.27525 14.443 0.232613 0.301339 0.061655 25832.4 60.3544
2.39 0.3585 370.626 2.28608 14.445 0.233688 0.306974 0.0609002 25533.9 58.2565
2.4 0.36 372.557 2.29676 14.446 0.234763 0.301721 0.0605533 25397.2 56.6103
2.41 0.3615 374.493 2.30728 14.447 0.235822 0.312343 0.0596364 25021.3 54.5123
2.42 0.363 376.435 2.31765 14.447 0.236882 0.312884 0.0590926 24793.1 52.8176
2.43 0.3645 378.382 2.32787 14.448 0.23791 0.318124 0.0584016 24511.7 51.0822
2.44 0.366 380.334 2.33793 14.448 0.238939 0.310557 0.0581647 24412.3 49.7891
2.45 0.3675 382.291 2.34785 14.448 0.239952 0.321952 0.0572762 24039.4 48.0018
2.46 0.369 384.254 2.35762 14.448 0.240951 0.325316 0.056681 23789.6 46.5268
2.47 0.3705 386.223 2.36725 14.448 0.241935 0.32027 0.0563812 23663.7 45.3473
2.48 0.372 388.196 2.37673 14.448 0.242904 0.327414 0.0556806 23369.7 43.8975
2.49 0.3735 390.175 2.38607 14.447 0.243875 0.324327 0.0553237 23211.9 42.7546
2.5 0.375 392.16 2.39526 14.447 0.244815 0.327876 0.0547653 22977.6 41.5169
2.51 0.3765 394.15 2.40432 14.446 0.245758 0.331211 0.0542169 22739.6 40.3187
2.52 0.378 396.145 2.41324 14.445 0.246687 0.340767 0.0534819 22423.6 39.0289
2.53 0.3795 398.146 2.42203 14.443 0.24762 0.334724 0.0532441 22308.4 38.129
2.54 0.381 400.152 2.43068 14.442 0.248521 0.338628 0.0527092 22076.7 37.0664
2.55 0.3825 402.163 2.4392 14.441 0.249409 0.342082 0.0521985 21855.2 36.0581
2.56 0.384 404.18 2.44759 14.439 0.250302 0.345886 0.0516796 21622.9 35.0677
2.57 0.3855 406.203 2.45585 14.437 0.251181 0.357384 0.05094 21298.8 33.965
2.58 0.387 408.23 2.46399 14.435 0.252048 0.350507 0.0507604 21208.9 33.267
2.59 0.3885 410.264 2.47199 14.433 0.252902 0.353622 0.0502905 20998.1 32.4065
2.6 0.39 412.303 2.47987 14.431 0.253744 0.357767 0.0497997 20778.7 31.5617
2.61 0.3915 414.347 2.48763 14.429 0.254573 0.361808 0.0493211 20564.8 30.7524
2.62 0.393 416.397 2.49527 14.426 0.255408 0.373017 0.0486411 20260.2 29.8361
2.63 0.3945 418.452 2.50279 14.424 0.256213 0.366468 0.0484803 20179.2 29.273
2.64 0.396 420.512 2.51019 14.421 0.257024 0.37885 0.0477886 19870.6 28.4031
2.65 0.3975 422.579 2.51747 14.418 0.257823 0.382512 0.0473503 19667.9 27.709
2.66 0.399 424.65 2.52465 14.415 0.258612 0.38563 0.0469346 19475 27.0496
2.67 0.4005 426.727 2.5317 14.412 0.259388 0.390585 0.0464775 19265.2 26.3875
2.68 0.402 428.81 2.53865 14.409 0.260154 0.385239 0.046303 19172.9 25.9038
2.69 0.4035 430.898 2.54548 14.406 0.260909 0.395825 0.0457117 18908.4 25.2055
2.7 0.405 432.992 2.5522 14.403 0.261653 0.395882 0.0454059 18762.4 24.6829
2.71 0.4065 435.091 2.55882 14.399 0.262404 0.403356 0.0449071 18530.5 24.0643
2.72 0.408 437.196 2.56533 14.396 0.263126 0.407397 0.0445123 18348.5 23.5271
2.73 0.4095 439.306 2.57174 14.392 0.263857 0.41174 0.0441099 18157.3 22.9933
2.74 0.411 441.422 2.57805 14.388 0.264578 0.408699 0.0438992 18045.5 22.5736
2.75 0.4125 443.544 2.58453 14.384 0.265317 0.417138 0.0433962 17814 22.0057
2.76 0.414 445.671 2.59092 14.38 0.266046 0.421586 0.0430004 17626.9 21.5077
2.77 0.4155 447.804 2.59719 14.376 0.266764 0.425483 0.0426254 17448.9 21.0348
2.78 0.417 449.942 2.60335 14.372 0.267472 0.431626 0.0422035 17252.2 20.5526
2.79 0.4185 452.087 2.60941 14.368 0.268169 0.434424 0.041869 17091.7 20.1261
2.8 0.42 454.237 2.61536 14.363 0.268874 0.437994 0.0415153 16917.8 19.6957
2.81 0.4215 456.393 2.62121 14.359 0.269551 0.443501 0.0411299 16737.4 19.2692
2.82 0.423 458.554 2.62696 14.354 0.270236 0.445266 0.0408308 16586.8 18.8878
2.83 0.4245 460.721 2.63261 14.349 0.270911 0.451967 0.0404243 16393.1 18.4678
2.84 0.426 462.894 2.63816 14.345 0.271559 0.45664 0.0400779 16230 18.0924
2.85 0.4275 465.073 2.64362 14.34 0.272215 0.451895 0.0399415 16146.6 17.8145
2.86 0.429 467.258 2.64898 14.335 0.272862 0.462585 0.039465 15926.1 17.3941
2.87 0.4305 469.448 2.65425 14.33 0.273501 0.466791 0.0391393 15767.2 17.0503
2.88 0.432 471.644 2.65943 14.325 0.27413 0.471125 0.0388166 15609.9 16.7166
2.89 0.4335 473.845 2.66452 14.32 0.27475 0.475166 0.0385058 15457.9 16.3963
2.9 0.435 476.053 2.66951 14.315 0.275361 0.480127 0.0381806 15300.7 16.0781
2.91 0.4365 478.266 2.67443 14.309 0.275984 0.484168 0.0378736 15145.8 15.7697
2.92 0.438 480.485 2.67925 14.304 0.276579 0.491629 0.037507 14973 15.45
2.93 0.4395 482.709 2.684 14.299 0.277165 0.49096 0.0373151 14870.4 15.209
2.94 0.441 484.939 2.68866 14.294 0.277743 0.495897 0.0370112 14723.5 14.9287
2.95 0.4425 487.175 2.69323 14.288 0.278333 0.50285 0.0366646 14555.1 14.6329
2.96 0.444 489.417 2.69773 14.283 0.278895 0.504906 0.0364292 14436.3 14.393
2.97 0.4455 491.664 2.70215 14.277 0.27947 0.508094 0.0361683 14302.9 14.1438
2.98 0.447 493.918 2.70649 14.272 0.280017 0.516161 0.0358214 14140.9 13.8718
2.99 0.4485 496.177 2.71075 14.266 0.280576 0.520529 0.0355464 14002.9 13.6287
3 0.45 498.441 2.71494 14.26 0.281127 0.521663 0.0353389 13891.9 13.4167
3.01 0.4515 500.711 2.71906 14.255 0.281652 0.5245 0.0351081 13777 13.2053
3.02 0.453 502.987 2.72309 14.249 0.28219 0.528646 0.0348495 13646.7 12.9838
3.03 0.4545 505.269 2.72707 14.243 0.28272 0.533013 0.0345906 13516.8 12.7668
3.04 0.456 507.557 2.73096 14.237 0.283244 0.541043 0.0342666 13362.1 12.5308
3.05 0.4575 509.85 2.73479 14.232 0.28374 0.545388 0.0340231 13243.9 12.3332
3.06 0.459 512.149 2.73855 14.226 0.28425 0.546529 0.0338365 13143.4 12.156
3.07 0.4605 514.454 2.74225 14.22 0.284754 0.551703 0.0335783 13015.7 11.957
3.08 0.462 516.764 2.74587 14.214 0.285251 0.558962 0.0332861 12875.2 11.75
3.09 0.4635 519.08 2.74943 14.208 0.285741 0.560395 0.0331038 12777.7 11.5857
3.1 0.465 521.402 2.75293 14.202 0.286225 0.567931 0.0328146 12639.3 11.3876
3.11 0.4665 523.729 2.75636 14.196 0.286704 0.569451 0.0326369 12544.4 11.2319
3.12 0.468 526.063 2.75973 14.19 0.287176 0.574637 0.032397 12425.9 11.058
3.13 0.4695 528.402 2.76305 14.184 0.287642 0.578799 0.0321785 12316 10.8947
3.14 0.471 530.746 2.76629 14.177 0.288122 0.583158 0.0319536 12199.8 10.7287
3.15 0.4725 533.097 2.76948 14.171 0.288576 0.588096 0.0317282 12088.1 10.5694
3.16 0.474 535.453 2.77261 14.165 0.289025 0.589513 0.0315663 12001 10.4341
3.17 0.4755 537.815 2.77569 14.159 0.289468 0.594182 0.0313514 11894.1 10.2841
3.18 0.477 540.183 2.7787 14.153 0.289905 0.598429 0.0311468 11791.4 10.1401
3.19 0.4785 542.556 2.78166 14.146 0.290358 0.612955 0.0307667 11618.7 9.93856
3.2 0.48 544.935 2.78457 14.14 0.290784 0.610922 0.0306733 11558.9 9.83592
3.21 0.4815 547.32 2.78742 14.134 0.291205 0.615737 0.0304682 11457.3 9.6997
3.22 0.483 549.71 2.79022 14.127 0.291642 0.619165 0.0302827 11359.4 9.56867
3.23 0.4845 552.106 2.79296 14.121 0.292053 0.625256 0.0300624 11252.8 9.43243
3.24 0.486 554.508 2.79565 14.114 0.29248 0.625027 0.0299412 11179.7 9.3261
3.25 0.4875 556.916 2.79829 14.108 0.29288 0.630205 0.0297408 11081.3 9.20049
3.26 0.489 559.329 2.80088 14.102 0.293276 0.634403 0.0295588 10990.1 9.08263
3.27 0.4905 561.748 2.80342 14.095 0.293688 0.642098 0.029318 10873.5 8.94564
3.28 0.492 564.173 2.80592 14.089 0.294074 0.644261 0.0291731 10796.8 8.84312
3.29 0.4935 566.604 2.80836 14.082 0.294477 0.655537 0.0288822 10662.6 8.69528
3.3 0.495 569.04 2.81076 14.076 0.294854 0.650386 0.0288555 10630.1 8.63186
3.31 0.4965 571.482 2.81311 14.069 0.295247 0.660069 0.0285949 10507.9 8.49705
3.32 0.498 573.93 2.81541 14.063 0.295615 0.669406 0.0283489 10395.3 8.37168
3.33 0.4995 576.383 2.81767 14.056 0.296 0.663104 0.0283377 10365.4 8.31416
3.34 0.501 578.842 2.81989 14.05 0.296359 0.669217 0.0281451 10272.9 8.20772
3.35 0.5025 581.307 2.82206 14.043 0.296735 0.67209 0.0279978 10193.7 8.11316
3.36 0.504 583.777 2.82418 14.037 0.297085 0.680872 0.02777 10089.2 7.99981
3.37 0.5055 586.254 2.82627 14.03 0.297453 0.681534 0.0276596 10024.1 7.91888
3.38 0.507 588.736 2.82831 14.023 0.297816 0.688845 0.0274527 9924.29 7.81178
3.39 0.5085 591.223 2.83031 14.017 0.298155 0.68835 0.0273682 9872.62 7.74368
3.4 0.51 593.717 2.83227 14.01 0.29851 0.698142 0.0271296 9762.12 7.63054
3.41 0.5115 596.216 2.83419 14.003 0.298862 0.696395 0.0270605 9712.96 7.56644
3.42 0.513 598.721 2.83607 13.997 0.299188 0.705082 0.0268481 9616.11 7.46619
3.43 0.5145 601.231 2.83791 13.99 0.299532 0.71127 0.0266684 9527.86 7.3737
3.44 0.516 603.747 2.83972 13.983 0.299873 0.709979 0.0265968 9478.53 7.31226
3.45 0.5175 606.269 2.84148 13.977 0.300188 0.720614 0.0263636 9375.29 7.2102
3.46 0.519 608.797 2.84321 13.97 0.300521 0.722272 0.0262533 9312.71 7.14033
3.47 0.5205 611.33 2.8449 13.963 0.30085 0.722743 0.0261608 9256.68 7.0763
3.48 0.522 613.869 2.84655 13.957 0.301155 0.734261 0.0259221 9152.52 6.97637
3.49 0.5235 616.414 2.84817 13.95 0.301477 0.73587 0.0258169 9092.54 6.91098
3.5 0.525 618.965 2.84976 13.943 0.301796 0.739386 0.0256868 9024.06 6.83989
3.51 0.5265 621.521 2.85131 13.937 0.30209 0.741092 0.0255884 8970.16 6.78058
3.52 0.528 624.083 2.85282 13.93 0.302403 0.749173 0.0253994 8881.56 6.69581
3.53 0.5295 626.65 2.8543 13.923 0.302712 0.753392 0.0252644 8812.19 6.6263
3.54 0.531 629.224 2.85575 13.917 0.302996 0.758738 0.0251214 8743.43 6.55795
3.55 0.5325 631.803 2.85716 13.91 0.303299 0.762387 0.024997 8678.29 6.49299
3.56 0.534 634.388 2.85855 13.903 0.303598 0.76077 0.0249437 8638.01 6.44724
3.57 0.5355 636.978 2.8599 13.896 0.303895 0.777741 0.0246467 8513.7 6.33946
3.58 0.537 639.574 2.86122 13.89 0.304166 0.775663 0.0246071 8481.67 6.30105
3.59 0.5385 642.176 2.86251 13.883 0.304457 0.779833 0.0244814 8417.12 6.23904
3.6 0.54 644.784 2.86376 13.876 0.304744 0.781703 0.0243868 8363.49 6.18568
3.61 0.5415 647.397 2.86499 13.869 0.305029 0.785494 0.0242686 8301.96 6.12703
3.62 0.543 650.016 2.86619 13.863 0.305288 0.79096 0.0241355 8238.58 6.06754
3.63 0.5445 652.641 2.86736 13.856 0.305567 0.794731 0.02402 8178.49 6.01102
3.64 0.546 655.271 2.8685 13.849 0.305843 0.7988 0.023902 8117.78 5.95455
3.65 0.5475 657.907 2.86961 13.842 0.306117 0.7997 0.0238252 8071.24 5.90894
3.66 0.549 660.549 2.8707 13.836 0.306365 0.818413 0.0235314 7954.48 5.81247
3.67 0.5505 663.197 2.87175 13.829 0.306633 0.821893 0.0234251 7898.51 5.76097
3.68 0.552 665.85 2.87278 13.822 0.306898 0.823118 0.0233477 7852.51 5.71715
3.69 0.5535 668.509 2.87379 13.815 0.307161 0.827155 0.0232365 7795.34 5.66563
3.7 0.555 671.174 2.87476 13.809 0.307399 0.832693 0.0231132 7737.15 5.6138
3.71 0.5565 673.844 2.87571 13.802 0.307656 0.829884 0.0230877 7709.06 5.58418
3.72 0.558 676.52 2.87664 13.795 0.307912 0.833875 0.02298 7653.66 5.53514
3.73 0.5595 679.202 2.87754 13.788 0.308164 0.837516 0.0228776 7600.23 5.48792
3.74 0.561 681.889 2.87841 13.782 0.308392 0.84254 0.0227647 7546.28 5.44069
3.75 0.5625 684.582 2.87926 13.775 0.30864 0.847 0.0226545 7490.7 5.39265
3.76 0.564 687.281 2.88009 13.768 0.308885 0.850401 0.022558 7439.86 5.34838
3.77 0.5655 689.986 2.88089 13.762 0.309106 0.855932 0.0224422 7385.58 5.30197
3.78 0.567 692.696 2.88167 13.755 0.309347 0.859609 0.0223444 7334.7 5.25834
3.79 0.5685 695.412 2.88242 13.748 0.309586 0.870739 0.0221601 7255.71 5.1949
3.8 0.57 698.134 2.88316 13.741 0.309822 0.874261 0.0220663 7206.63 5.15321
3.81 0.5715 700.861 2.88387 13.735 0.310034 0.879617 0.0219571 7155.33 5.11023
3.82 0.573 703.594 2.88455 13.728 0.310266 0.883485 0.0218612 7105.92 5.0689
3.83 0.5745 706.333 2.88522 13.721 0.310496 0.887862 0.0217603 7055.1 5.02685
3.84 0.576 709.077 2.88586 13.715 0.310701 0.893061 0.0216558 7005.89 4.98622
3.85 0.5775 711.828 2.88648 13.708 0.310926 0.896864 0.0215632 6958.17 4.94692
3.86 0.579 714.584 2.88709 13.701 0.31115 0.89239 0.0215655 6941.15 4.92968
3.87 0.5805 717.345 2.88767 13.695 0.311349 0.896927 0.0214708 6895.56 4.89238
3.88 0.582 720.112 2.88823 13.688 0.311569 0.900562 0.0213823 6849.58 4.85505
3.89 0.5835 722.885 2.88877 13.681 0.311786 0.904155 0.0212949 6804.18 4.81837
3.9 0.585 725.664 2.88929 13.674 0.312002 0.907938 0.0212062 6758.52 4.78173
3.91 0.5865 728.448 2.88979 13.668 0.312193 0.913514 0.0211033 6710.96 4.74397
3.92 0.588 731.238 2.89027 13.661 0.312405 0.918003 0.0210084 6663.69 4.70664
3.93 0.5895 734.034 2.89073 13.654 0.312615 0.921291 0.0209275 6621.06 4.67279
3.94 0.591 736.835 2.89117 13.648 0.3128 0.923315 0.0208661 6587.13 4.64529
3.95 0.5925 739.643 2.8916 13.641 0.313007 0.927051 0.0207816 6543.67 4.61125
3.96 0.594 742.455 2.892 13.635 0.313189 0.931907 0.0206905 6500.66 4.57773
3.97 0.5955 745.274 2.89239 13.628 0.313392 0.935817 0.0206056 6457.39 4.54421
3.98 0.597 748.098 2.89276 13.621 0.313593 0.939434 0.0205246 6415.5 4.51184
3.99 0.5985 750.928 2.89311 13.615 0.313769 0.944014 0.0204387 6374.58 4.48033
4 0.6 753.764 2.89345 13.608 0.313967 0.947971 0.0203554 6332.3 4.44803
4.01 0.6015 756.605 2.89377 13.601 0.314163 0.951475 0.0202776 6291.89 4.41722
4.02 0.603 759.452 2.89407 13.595 0.314335 0.955856 0.0201958 6252.71 4.38743
4.03 0.6045 762.305 2.89435 13.588 0.314527 0.959522 0.0201176 6212.47 4.35705
4.04 0.606 765.163 2.89462 13.582 0.314696 0.964491 0.020031 6172.07 4.32671
4.05 0.6075 768.027 2.89487 13.575 0.314885 0.968798 0.0199473 6130.46 4.29567
4.06 0.609 770.897 2.89511 13.569 0.31505 0.973193 0.019868 6092.61 4.2674
4.07 0.6105 773.772 2.89533 13.562 0.315237 0.983888 0.0197191 6031.37 4.2229
4.08 0.612 776.653 2.89554 13.555 0.315422 0.987235 0.0196476 5994 4.19525
4.09 0.6135 779.54 2.89573 13.549 0.315582 0.989238 0.0195951 5964.77 4.17342
4.1 0.615 782.433 2.8959 13.542 0.315764 0.992281 0.0195277 5928.92 4.14709
4.11 0.6165 785.331 2.89606 13.536 0.315922 0.996859 0.0194497 5892.16 4.12025
4.12 0.618 788.235 2.8962 13.529 0.316101 1.0008 0.0193742 5854.14 4.09264
4.13 0.6195 791.144 2.89633 13.523 0.316256 1.00484 0.0193028 5819.64 4.0676
4.14 0.621 794.059 2.89645 13.516 0.316432 1.00754 0.0192411 5786.02 4.04329
4.15 0.6225 796.98 2.89655 13.51 0.316584 1.01191 0.0191674 5751.09 4.01817
4.16 0.624 799.907 2.89664 13.503 0.316758 1.01568 0.0190958 5714.78 3.9922
4.17 0.6255 802.839 2.89672 13.497 0.316906 1.02033 0.0190205 5679.6 3.96711
4.18 0.627 805.777 2.89678 13.49 0.317078 1.02362 0.0189547 5645.3 3.94274
4.19 0.6285 808.721 2.89682 13.484 0.317224 1.02805 0.0188825 5611.29 3.91867
4.2 0.63 811.67 2.89686 13.477 0.317392 1.02409 0.0188897 5598.89 3.90977
4.21 0.6315 814.625 2.89688 13.471 0.317536 1.02829 0.0188206 5566.01 3.88667
4.22 0.633 817.586 2.89689 13.465 0.317679 1.03247 0.0187522 5533.44 3.86387
4.23 0.6345 820.552 2.89688 13.458 0.317843 1.03572 0.018689 5500.47 3.84087
4.24 0.636 823.524 2.89687 13.452 0.317983 1.04034 0.0186172 5467.13 3.8177
4.25 0.6375 826.502 2.89684 13.445 0.318146 1.04564 0.0185349 5428.8 3.79112
4.26 0.639 829.486 2.8968 13.439 0.318283 1.0494 0.0184725 5398.47 3.77021
4.27 0.6405 832.475 2.89675 13.433 0.31842 1.05166 0.0184251 5372.61 3.75249
4.28 0.642 835.469 2.89668 13.426 0.318578 1.05446 0.0183684 5342.14 3.73162
4.29 0.6435 838.47 2.8966 13.42 0.318713 1.05801 0.0183093 5313.05 3.7118
4.3 0.645 841.476 2.89652 13.413 0.318869 1.06082 0.0182533 5283 3.69136
4.31 0.6465 844.488 2.89642 13.407 0.319001 1.0654 0.0181851 5251.5 3.66998
4.32 0.648 847.505 2.89631 13.401 0.319132 1.08122 0.0180101 5189.34 3.62723
4.33 0.6495 850.529 2.89619 13.394 0.319285 1.08379 0.0179579 5160.81 3.60805
4.34 0.651 853.558 2.89605 13.388 0.319414 1.08479 0.0179252 5139.87 3.59422
4.35 0.6525 856.592 2.89591 13.382 0.319541 1.07895 0.0179574 5137.59 3.59352
4.36 0.654 859.632 2.89576 13.375 0.319691 1.08402 0.0178823 5102.73 3.57008
4.37 0.6555 862.678 2.89559 13.369 0.319817 1.08792 0.017823 5074.42 3.55128
4.38 0.657 865.73 2.89542 13.363 0.319941 1.09211 0.0177613 5045.51 3.53212
4.39 0.6585 868.787 2.89523 13.357 0.320064 1.09602 0.0177027 5017.58 3.51368
4.4 0.66 871.85 2.89504 13.35 0.320211 1.10974 0.017549 4960.99 3.47522
4.41 0.6615 874.919 2.89483 13.344 0.320332 1.11039 0.0175216 4942.12 3.46322
4.42 0.663 877.993 2.89462 13.338 0.320452 1.10473 0.0175527 4939.8 3.46287
4.43 0.6645 881.073 2.8944 13.332 0.320572 1.11079 0.0174756 4907.03 3.44124
4.44 0.666 884.159 2.89416 13.326 0.32069 1.11466 0.0174191 4880.17 3.42378
4.45 0.6675 887.25 2.89392 13.319 0.320832 1.1171 0.0173719 4854.18 3.40697
4.46 0.669 890.347 2.89367 13.313 0.320949 1.12907 0.017242 4807.04 3.37536
4.47 0.6705 893.449 2.89341 13.307 0.321064 1.12925 0.0172204 4790.19 3.36504
4.48 0.672 896.558 2.89314 13.301 0.321179 1.12878 0.0172047 4775.07 3.35598
4.49 0.6735 899.672 2.89286 13.295 0.321293 1.13266 0.0171498 4749.1 3.33934
4.5 0.675 902.791 2.89257 13.288 0.32143 1.13474 0.0171073 4724.87 3.32396
4.51 0.6765 905.917 2.89227 13.282 0.321543 1.14688 0.0169786 4678.75 3.29319
4.52 0.678 909.048 2.89197 13.276 0.321654 1.14252 0.0169988 4673.73 3.2914
4.53 0.6795 912.185 2.89166 13.27 0.321765 1.14603 0.0169483 4649.35 3.276
4.54 0.681 915.327 2.89134 13.264 0.321874 1.14692 0.0169217 4631.55 3.26528
4.55 0.6825 918.475 2.89101 13.258 0.321983 1.16142 0.0167739 4580.73 3.23129
4.56 0.684 921.629 2.89067 13.252 0.322092 1.15723 0.0167929 4575.55 3.22952
4.57 0.6855 924.788 2.89032 13.246 0.322199 1.16049 0.0167459 4552.43 3.21512
4.58 0.687 927.953 2.88997 13.24 0.322306 1.16149 0.0167191 4534.86 3.20467
4.59 0.6885 931.124 2.88961 13.234 0.322411 1.17264 0.016603 4493.18 3.1772
4.6 0.69 934.3 2.88924 13.228 0.322516 1.17107 0.0165993 4482 3.17132
4.61 0.6915 937.482 2.88886 13.222 0.322621 1.17204 0.0165735 4464.88 3.16126
4.62 0.693 940.67 2.88848 13.215 0.322749 1.1854 0.0164353 4415.95 3.12869
4.63 0.6945 943.863 2.88809 13.209 0.322852 1.1803 0.0164629 4413.33 3.12896
4.64 0.696 947.062 2.88769 13.203 0.322954 1.18089 0.0164409 4397.43 3.11983
4.65 0.6975 950.267 2.88728 13.198 0.323031 1.19686 0.0162895 4348.7 3.08743
4.66 0.699 953.477 2.88687 13.192 0.323132 1.19195 0.0163157 4345.78 3.08756
4.67 0.7005 956.693 2.88645 13.186 0.323232 1.19209 0.0162981 4331.25 3.07948
4.68 0.702 959.915 2.88603 13.18 0.323331 1.20953 0.0161317 4277.28 3.04335
4.69 0.7035 963.142 2.88559 13.174 0.32343 1.19913 0.0162052 4286.98 3.05254
4.7 0.705 966.375 2.88515 13.168 0.323528 1.21329 0.0160679 4240.99 3.02209
4.71 0.7065 969.614 2.88471 13.162 0.323625 1.20859 0.0160924 4237.81 3.02216
4.72 0.708 972.858 2.88426 13.156 0.323722 1.20842 0.0160783 4224.44 3.01499
4.73 0.7095 976.108 2.8838 13.15 0.323818 1.22567 0.0159161 4172.3 2.98015
4.74 0.711 979.364 2.88333 13.144 0.323914 1.21504 0.0159912 4182.43 2.98979
4.75 0.7125 982.625 2.88286 13.138 0.324009 1.22947 0.0158538 4137.05 2.95978
4.76 0.714 985.892 2.88238 13.132 0.324103 1.22119 0.0159089 4141.94 2.96573
4.77 0.7155 989.165 2.8819 13.127 0.324172 1.22545 0.0158619 4121.87 2.95383
4.78 0.717 992.443 2.88141 13.121 0.324265 1.22934 0.0158144 4100.14 2.94076
4.79 0.7185 995.727 2.88091 13.115 0.324358 1.23161 0.0157807 4082.06 2.93031
4.8 0.72 999.017 2.88041 13.109 0.32445 1.23553 0.0157335 4060.53 2.91739
4.81 0.7215 1002.31 2.87991 13.103 0.324541 1.23789 0.0156994 4042.46 2.90697
4.82 0.723 1005.61 2.87939 13.097 0.324632 1.24159 0.0156543 4021.64 2.89457
4.83 0.7245 1008.92 2.87888 13.092 0.324698 1.24534 0.0156129 4003.34 2.88399
4.84 0.726 1012.23 2.87835 13.086 0.324788 1.24851 0.0155725 3983.86 2.87257
4.85 0.7275 1015.55 2.87782 13.08 0.324877 1.25113 0.015537 3965.67 2.86208
4.86 0.729 1018.87 2.87729 13.074 0.324966 1.25412 0.0154985 3946.78 2.8511
4.87 0.7305 1022.2 2.87675 13.069 0.325029 1.25753 0.0154606 3929.61 2.84135
4.88 0.732 1025.54 2.8762 13.063 0.325117 1.26127 0.0154164 3909.38 2.8294
4.89 0.7335 1028.88 2.87565 13.057 0.325204 1.27155 0.0153186 3875.67 2.80769
4.9 0.735 1032.22 2.8751 13.051 0.325291 1.26666 0.0153455 3873.57 2.80888
4.91 0.7365 1035.58 2.87454 13.046 0.325352 1.28138 0.0152159 3833.49 2.78252
4.92 0.738 1038.93 2.87398 13.04 0.325438 1.27302 0.0152712 3838.58 2.78895
4.93 0.7395 1042.3 2.87341 13.034 0.325523 1.27629 0.0152316 3819.83 2.77808
4.94 0.741 1045.67 2.87283 13.029 0.325583 1.28875 0.0151214 3784.92 2.75544
4.95 0.7425 1049.04 2.87225 13.023 0.325667 1.28298 0.0151556 3784.76 2.7581
4.96 0.744 1052.42 2.87167 13.017 0.325751 1.29595 0.0150382 3746.79 2.73321
4.97 0.7455 1055.81 2.87108 13.012 0.32581 1.28913 0.0150845 3751.12 2.73917
4.98 0.747 1059.2 2.87049 13.006 0.325893 1.29177 0.0150508 3734.13 2.72958
4.99 0.7485 1062.59 2.86989 13.001 0.32595 1.30679 0.0149215 3694.93 2.70374
5 0.75 1066 2.86929 12.995 0.326032 1.29772 0.0149822 3701.4 2.71131
5.01 0.7515 1069.41 2.86869 12.989 0.326114 1.30035 0.014949 3684.68 2.70191
5.02 0.753 1072.82 2.86808 12.984 0.32617 1.31521 0.014822 3646.35 2.67665
5.03 0.7545 1076.24 2.86746 12.978 0.326251 1.30452 0.0148954 3655.96 2.68658
5.04 0.756 1079.66 2.86684 12.973 0.326307 1.31011 0.0148427 3636.01 2.6748
5.05 0.7575 1083.1 2.86622 12.967 0.326387 1.32417 0.0147194 3597.47 2.64932
5.06 0.759 1086.53 2.8656 12.962 0.326441 1.32499 0.014705 3587.03 2.64452
5.07 0.7605 1089.97 2.86497 12.956 0.326521 1.31895 0.0147413 3587.58 2.64783
5.08 0.762 1093.42 2.86433 12.951 0.326575 1.32355 0.0146971 3569.92 2.63771
5.09 0.7635 1096.88 2.86369 12.945 0.326653 1.33612 0.0145867 3534.92 2.61476
5.1 0.765 1100.34 2.86305 12.94 0.326706 1.32581 0.0146603 3545.88 2.62581
5.11 0.7665 1103.8 2.86241 12.934 0.326784 1.32831 0.0146294 3530.21 2.61716
5.12 0.768 1107.27 2.86176 12.929 0.326836 1.33447 0.0145735 3509.92 2.60507
5.13 0.7695 1110.75 2.86111 12.923 0.326914 1.34772 0.0144588 3474.23 2.58152
5.14 0.771 1114.23 2.86045 12.918 0.326965 1.3511 0.0144252 3459.46 2.57349
5.15 0.7725 1117.72 2.85979 12.913 0.327016 1.34073 0.0144988 3470.39 2.5846
5.16 0.774 1121.21 2.85913 12.907 0.327093 1.34287 0.0144713 3455.76 2.57669
5.17 0.7755 1124.71 2.85846 12.902 0.327143 1.34939 0.0144134 3435.27 2.5644
5.18 0.777 1128.21 2.85779 12.896 0.327219 1.35493 0.0143597 3414.53 2.55191
5.19 0.7785 1131.72 2.85712 12.891 0.327268 1.36537 0.014272 3387.1 2.53439
5.2 0.78 1135.24 2.85644 12.886 0.327318 1.36901 0.014237 3372.25 2.52627
5.21 0.7815 1138.76 2.85576 12.88 0.327392 1.35708 0.0143187 3383.7 2.53786
5.22 0.783 1142.29 2.85508 12.875 0.327441 1.36027 0.0142872 3369.72 2.5304
5.23 0.7845 1145.82 2.85439 12.87 0.32749 1.36323 0.0142576 3356.22 2.52329
5.24 0.786 1149.36 2.8537 12.864 0.327564 1.36519 0.0142323 3342.46 2.51598
5.25 0.7875 1152.9 2.85301 12.859 0.327611 1.36905 0.014196 3327.45 2.50772
5.26 0.789 1156.45 2.85232 12.854 0.327659 1.37853 0.0141168 3302.46 2.49192
5.27 0.7905 1160.01 2.85162 12.848 0.327732 1.3878 0.014036 3275.91 2.47491
5.28 0.792 1163.57 2.85092 12.843 0.327779 1.39151 0.0140014 3261.48 2.46704
5.29 0.7935 1167.13 2.85022 12.838 0.327826 1.39419 0.0139747 3248.93 2.46057
5.3 0.795 1170.7 2.84951 12.833 0.327872 1.39736 0.0139444 3235.56 2.45349
5.31 0.7965 1174.28 2.8488 12.827 0.327944 1.39928 0.0139201 3222.39 2.44654
5.32 0.798 1177.87 2.84809 12.822 0.32799 1.40253 0.0138894 3209.01 2.43943
5.33 0.7995 1181.46 2.84738 12.817 0.328036 1.40552 0.0138607 3196.15 2.4327
5.34 0.801 1185.05 2.84666 12.812 0.328081 1.40836 0.0138332 3183.59 2.4262
5.35 0.8025 1188.65 2.84594 12.807 0.328126 1.41102 0.0138071 3171.39 2.41995
5.36 0.804 1192.26 2.84522 12.801 0.328197 1.41253 0.0137863 3159.22 2.41372
5.37 0.8055 1195.87 2.84449 12.796 0.328241 1.41557 0.0137576 3146.48 2.40706
5.38 0.807 1199.48 2.84377 12.791 0.328286 1.4186 0.013729 3133.81 2.40043
5.39 0.8085 1203.11 2.84304 12.786 0.32833 1.42127 0.0137032 3121.81 2.3943
5.4 0.81 1206.74 2.84231 12.781 0.328374 1.42435 0.0136744 3109.15 2.38766
5.41 0.8115 1210.37 2.84157 12.776 0.328417 1.4243 0.013669 3101.85 2.38514
5.42 0.813 1214.01 2.84084 12.771 0.328461 1.42724 0.0136414 3089.54 2.37875
5.43 0.8145 1217.66 2.8401 12.765 0.32853 1.42148 0.0136752 3089.93 2.38214
5.44 0.816 1221.31 2.83936 12.76 0.328573 1.42131 0.0136708 3082.88 2.37981
5.45 0.8175 1224.96 2.83861 12.755 0.328616 1.42373 0.0136471 3071.52 2.37415
5.46 0.819 1228.62 2.83787 12.75 0.328658 1.42618 0.0136233 3060.15 2.36847
5.47 0.8205 1232.29 2.83712 12.745 0.328701 1.42867 0.0135993 3048.77 2.36277
5.48 0.822 1235.97 2.83637 12.74 0.328743 1.43138 0.0135736 3037.05 2.3568
5.49 0.8235 1239.65 2.83562 12.735 0.328785 1.4479 0.0134462 3002.65 2.33319
5.5 0.825 1243.33 2.83487 12.73 0.328827 1.44774 0.0134419 2995.81 2.33097
5.51 0.8265 1247.02 2.83411 12.725 0.328868 1.44279 0.013473 2996.85 2.33488
5.52 0.828 1250.72 2.83336 12.72 0.328909 1.44233 0.0134711 2990.53 2.33307
5.53 0.8295 1254.42 2.8326 12.715 0.328951 1.44503 0.0134458 2979.07 2.32725
5.54 0.831 1258.13 2.83183 12.71 0.328992 1.44675 0.0134279 2969.25 2.3227
5.55 0.8325 1261.84 2.83107 12.705 0.329033 1.46074 0.0133202 2939.63 2.30263
5.56 0.834 1265.56 2.83031 12.7 0.329073 1.46328 0.0132964 2928.62 2.29711
5.57 0.8355 1269.28 2.82954 12.695 0.329114 1.45511 0.013351 2934.86 2.30512
5.58 0.837 1273.01 2.82877 12.69 0.329154 1.45663 0.0133347 2925.51 2.30089
5.59 0.8385 1276.75 2.828 12.685 0.329194 1.46242 0.0132874 2909.39 2.29133
5.6 0.84 1280.49 2.82723 12.68 0.329234 1.47286 0.0132063 2885.95 2.27597
5.61 0.8415 1284.23 2.82646 12.675 0.329274 1.46474 0.0132603 2892.03 2.28389
5.62 0.843 1287.99 2.82568 12.67 0.329313 1.46698 0.013239 2881.7 2.27886
5.63 0.8445 1291.74 2.82491 12.666 0.329327 1.48131 0.0131334 2854.21 2.26022
5.64 0.846 1295.51 2.82413 12.661 0.329366 1.48356 0.0131122 2843.99 2.25523
5.65 0.8475 1299.28 2.82335 12.656 0.329405 1.47549 0.0131657 2849.95 2.26308
5.66 0.849 1303.05 2.82257 12.651 0.329444 1.47678 0.0131514 2841.24 2.25928
5.67 0.8505 1306.83 2.82179 12.646 0.329483 1.48998 0.0130513 2814.04 2.24076
5.68 0.852 1310.62 2.821 12.641 0.329522 1.48232 0.0131017 2819.33 2.24809
5.69 0.8535 1314.41 2.82022 12.636 0.329561 1.48411 0.013084 2809.95 2.24374
5.7 0.855 1318.21 2.81943 12.632 0.329573 1.49842 0.0129796 2783.13 2.22542
5.71 0.8565 1322.01 2.81864 12.627 0.329611 1.48999 0.0130354 2789.56 2.23369
5.72 0.858 1325.82 2.81785 12.622 0.32965 1.48933 0.0130354 2784.05 2.23239
5.73 0.8595 1329.63 2.81706 12.617 0.329688 1.50482 0.0129197 2753.87 2.2113
5.74 0.861 1333.45 2.81627 12.612 0.329726 1.49686 0.012972 2759.54 2.21897
5.75 0.8625 1337.28 2.81548 12.608 0.329737 1.51044 0.0128735 2734.25 2.20173
5.76 0.864 1341.11 2.81468 12.603 0.329775 1.5049 0.0129085 2736.24 2.20645
5.77 0.8655 1344.95 2.81389 12.598 0.329813 1.50363 0.0129129 2731.76 2.20595
5.78 0.867 1348.79 2.81309 12.594 0.329824 1.51728 0.0128144 2706.61 2.18874
5.79 0.8685 1352.64 2.81229 12.589 0.329861 1.50923 0.0128671 2712.35 2.1965
5.8 0.87 1356.49 2.81149 12.584 0.329899 1.52155 0.012775 2687.6 2.17955
5.81 0.8715 1360.35 2.81069 12.579 0.329936 1.5133 0.0128291 2693.62 2.18754
5.82 0.873 1364.22 2.80989 12.575 0.329947 1.51619 0.0128073 2684.77 2.18346
5.83 0.8745 1368.09 2.80909 12.57 0.329984 1.52141 0.0127658 2670.76 2.17518
5.84 0.876 1371.96 2.80828 12.565 0.330021 1.51701 0.0127925 2671.03 2.17851
5.85 0.8775 1375.84 2.80748 12.561 0.330031 1.52613 0.0127268 2653.07 2.16697
5.86 0.879 1379.73 2.80667 12.556 0.330068 1.52166 0.0127539 2653.44 2.17038
5.87 0.8805 1383.62 2.80587 12.551 0.330104 1.53004 0.0126904 2634.97 2.15837
5.88 0.882 1387.52 2.80506 12.547 0.330115 1.52735 0.0127081 2634.46 2.16106
5.89 0.8835 1391.43 2.80425 12.542 0.330151 1.53479 0.0126514 2617.47 2.15022
5.9 0.885 1395.34 2.80344 12.538 0.330161 1.53475 0.0126504 2613.11 2.14974
5.91 0.8865 1399.25 2.80263 12.533 0.330197 1.53935 0.0126138 2600.35 2.14233
5.92 0.888 1403.17 2.80182 12.528 0.330233 1.54925 0.0125401 2580.01 2.12866
5.93 0.8895 1407.1 2.80101 12.524 0.330243 1.54084 0.0125979 2587.77 2.13815
5.94 0.891 1411.03 2.8002 12.519 0.330279 1.55394 0.012502 2562.94 2.12072
5.95 0.8925 1414.97 2.79938 12.515 0.330289 1.54322 0.0125758 2573.96 2.13293
5.96 0.894 1418.91 2.79857 12.51 0.330325 1.55791 0.012469 2547 2.11367
5.97 0.8955 1422.86 2.79775 12.506 0.330334 1.54739 0.0125414 2557.68 2.12562
5.98 0.897 1426.82 2.79694 12.501 0.33037 1.55514 0.012483 2540.7 2.11459
5.99 0.8985 1430.78 2.79612 12.497 0.330379 1.56515 0.0124123 2522.27 2.10232
6 0.9 1434.74 2.7953 12.492 0.330415 1.55364 0.0124883 2532.64 2.11405
6.01 0.9015 1438.71 2.79448 12.488 0.330424 1.56961 0.0123762 2505.89 2.09478
6.02 0.903 1442.69 2.79367 12.483 0.330459 1.55999 0.0124389 2513.55 2.10427
6.03 0.9045 1446.67 2.79285 12.479 0.330468 1.56081 0.0124322 2508.17 2.10284
6.04 0.906 1450.66 2.79203 12.474 0.330504 1.57571 0.0123248 2481.52 2.08356
6.05 0.9075 1454.66 2.79121 12.47 0.330513 1.56698 0.0123842 2489.5 2.09333
6.06 0.909 1458.66 2.79038 12.465 0.330548 1.56662 0.0123826 2484.19 2.09194
6.07 0.9105 1462.66 2.78956 12.461 0.330557 1.58253 0.0122716 2457.98 2.07292
6.08 0.912 1466.67 2.78874 12.456 0.330592 1.57285 0.0123344 2465.6 2.08242
6.09 0.9135 1470.69 2.78792 12.452 0.3306 1.57341 0.0123296 2460.68 2.08133
6.1 0.915 1474.71 2.78709 12.448 0.330609 1.58907 0.0122206 2435.02 2.06267
6.11 0.9165 1478.74 2.78627 12.443 0.330644 1.59041 0.0122074 2427.51 2.05935
6.12 0.918 1482.77 2.78545 12.439 0.330652 1.57999 0.0122782 2437.66 2.07102
6.13 0.9195 1486.81 2.78462 12.434 0.330687 1.58107 0.0122668 2430.5 2.068
6.14 0.921 1490.85 2.7838 12.43 0.330696 1.59694 0.0121568 2404.83 2.0492
6.15 0.9225 1494.9 2.78297 12.426 0.330704 1.5994 0.012139 2397.45 2.04594
6.16 0.924 1498.96 2.78214 12.421 0.330739 1.58752 0.0122166 2407.92 2.05793
6.17 0.9255 1503.02 2.78132 12.417 0.330747 1.58957 0.0122016 2401.1 2.05515
6.18 0.927 1507.09 2.78049 12.413 0.330756 1.60553 0.0120914 2375.58 2.03633
6.19 0.9285 1511.16 2.77966 12.408 0.33079 1.60676 0.0120791 2368.39 2.03319
6.2 0.93 1515.24 2.77883 12.404 0.330798 1.59827 0.0121362 2375.76 2.04256
6.21 0.9315 1519.32 2.77801 12.4 0.330807 1.59851 0.0121336 2371.43 2.04187
6.22 0.933 1523.41 2.77718 12.395 0.330841 1.59971 0.0121216 2364.3 2.03878
6.23 0.9345 1527.51 2.77635 12.391 0.330849 1.60836 0.0120616 2348.81 2.02844
6.24 0.936 1531.61 2.77552 12.387 0.330857 1.61697 0.0120021 2333.45 2.01819
6.25 0.9375 1535.71 2.77469 12.383 0.330865 1.6201 0.01198 2325.39 2.01422
6.26 0.939 1539.83 2.77386 12.378 0.3309 1.61033 0.0120426 2332.83 2.0237
6.27 0.9405 1543.94 2.77303 12.374 0.330908 1.60987 0.0120448 2329.5 2.02383
6.28 0.942 1548.07 2.7722 12.37 0.330916 1.61188 0.0120303 2322.93 2.02115
6.29 0.9435 1552.19 2.77137 12.366 0.330924 1.61434 0.0120127 2315.78 2.01795
6.3 0.945 1556.33 2.77054 12.361 0.330958 1.61856 0.0119802 2304.85 2.01144
6.31 0.9465 1560.47 2.76971 12.357 0.330966 1.6305 0.0118985 2285.43 1.99748
6.32 0.948 1564.61 2.76888 12.353 0.330974 1.63319 0.0118794 2278.08 1.99405
6.33 0.9495 1568.76 2.76805 12.349 0.330982 1.63585 0.0118606 2270.79 1.99066
6.34 0.951 1572.92 2.76722 12.345 0.33099 1.63814 0.0118443 2264 1.98768
6.35 0.9525 1577.08 2.76638 12.341 0.330998 1.63964 0.0118333 2258.24 1.9856
6.36 0.954 1581.25 2.76555 12.336 0.331032 1.62996 0.011895 2265.41 1.99491
6.37 0.9555 1585.42 2.76472 12.332 0.33104 1.63185 0.0118813 2259.14 1.99238
6.38 0.957 1589.6 2.76389 12.328 0.331048 1.63129 0.0118843 2256.05 1.99265
6.39 0.9585 1593.79 2.76306 12.324 0.331055 1.63359 0.0118679 2249.28 1.98967
6.4 0.96 1597.98 2.76222 12.32 0.331063 1.63541 0.0118549 2243.16 1.98724
6.41 0.9615 1602.17 2.76139 12.316 0.331071 1.63777 0.011838 2236.35 1.98419
6.42 0.963 1606.38 2.76056 12.312 0.331079 1.6397 0.0118242 2230.11 1.98164
6.43 0.9645 1610.58 2.75973 12.307 0.331113 1.64022 0.0118171 2224.24 1.97941
6.44 0.966 1614.79 2.75889 12.303 0.331121 1.64213 0.0118034 2218.05 1.97689
6.45 0.9675 1619.01 2.75806 12.299 0.331129 1.64394 0.0117903 2212 1.97447
6.46 0.969 1623.24 2.75723 12.295 0.331137 1.64581 0.0117769 2205.9 1.972
6.47 0.9705 1627.47 2.7564 12.291 0.331144 1.64766 0.0117637 2199.84 1.96955
6.48 0.972 1631.7 2.75557 12.287 0.331152 1.65246 0.0117307 2190.1 1.96379
6.49 0.9735 1635.94 2.75473 12.283 0.33116 1.65436 0.0117171 2184 1.96128
6.5 0.975 1640.19 2.7539 12.279 0.331167 1.65649 0.011702 2177.64 1.95854
6.51 0.9765 1644.44 2.75307 12.275 0.331175 1.66965 0.0116132 2157.6 1.94344
6.52 0.978 1648.7 2.75224 12.271 0.331183 1.67143 0.0116006 2151.75 1.94111
6.53 0.9795 1652.96 2.7514 12.267 0.331191 1.67291 0.0115899 2146.26 1.93908
6.54 0.981 1657.23 2.75057 12.263 0.331199 1.67187 0.0115961 2143.9 1.93989
6.55 0.9825 1661.5 2.74974 12.259 0.331206 1.67321 0.0115863 2138.61 1.93803
6.56 0.984 1665.78 2.74891 12.255 0.331214 1.6679 0.0116208 2141.48 1.94357
6.57 0.9855 1670.07 2.74807 12.251 0.331222 1.66649 0.0116295 2139.58 1.94478
6.58 0.987 1674.36 2.74724 12.247 0.33123 1.66809 0.011618 2133.97 1.94262
6.59 0.9885 1678.65 2.74641 12.243 0.331238 1.67206 0.0115907 2125.48 1.93783
6.6 0.99 1682.96 2.74558 12.239 0.331246 1.67368 0.0115791 2119.9 1.93566
6.61 0.9915 1687.26 2.74475 12.235 0.331254 1.68675 0.0114915 2100.42 1.92078
6.62 0.993 1691.58 2.74392 12.231 0.331262 1.68564 0.011498 2098.18 1.92165
6.63 0.9945 1695.9 2.74309 12.227 0.33127 1.68012 0.0115338 2101.27 1.92739
6.64 0.996 1700.22 2.74225 12.224 0.331251 1.67974 0.0115383 2099.52 1.92871
6.65 0.9975 1704.55 2.74142 12.22 0.331259 1.68051 0.0115323 2095 1.92748
6.66 0.999 1708.89 2.74059 12.216 0.331267 1.68458 0.0115045 2086.53 1.9226
6.67 1.001 1713.23 2.73976 12.212 0.331275 1.69534 0.0114324 2070.06 1.91031
6.68 1.002 1717.58 2.73893 12.208 0.331283 1.6964 0.0114246 2065.26 1.90877
6.69 1.004 1721.93 2.7381 12.204 0.331291 1.68705 0.0114857 2072.9 1.91873
6.7 1.005 1726.29 2.73727 12.2 0.331299 1.69103 0.0114584 2064.59 1.91395
6.71 1.007 1730.65 2.73644 12.197 0.331281 1.70463 0.0113705 2046.24 1.89981
6.72 1.008 1735.02 2.73561 12.193 0.331289 1.70398 0.011374 2043.51 1.90015
6.73 1.01 1739.39 2.73478 12.189 0.331297 1.69781 0.0114139 2047.31 1.90658
6.74 1.011 1743.77 2.73395 12.185 0.331305 1.69589 0.0114257 2046.07 1.90832
6.75 1.013 1748.16 2.73312 12.181 0.331313 1.71036 0.0113295 2025.51 1.89201
6.76 1.014 1752.55 2.7323 12.177 0.331322 1.70954 0.011334 2023 1.89252
6.77 1.016 1756.95 2.73147 12.174 0.331303 1.70177 0.0113871 2029.97 1.90192
6.78 1.017 1761.35 2.73064 12.17 0.331311 1.70552 0.0113616 2022.1 1.89743
6.79 1.019 1765.76 2.72981 12.166 0.33132 1.71519 0.011297 2007.31 1.8864
6.8 1.02 1770.17 2.72899 12.162 0.331328 1.70922 0.0113355 2010.83 1.89258
6.81 1.022 1774.59 2.72816 12.159 0.33131 1.70825 0.0113437 2009.81 1.89448
6.82 1.023 1779.02 2.72733 12.155 0.331318 1.71998 0.0112658 1992.72 1.88123
6.83 1.025 1783.45 2.72651 12.151 0.331327 1.71417 0.0113031 1996.03 1.88721
6.84 1.026 1787.88 2.72568 12.147 0.331336 1.71208 0.0113159 1995.02 1.88911
6.85 1.028 1792.33 2.72485 12.144 0.331317 1.72521 0.0112316 1977.69 1.87555
6.86 1.029 1796.77 2.72403 12.14 0.331326 1.71944 0.0112685 1980.94 1.88148
6.87 1.031 1801.23 2.7232 12.136 0.331335 1.71933 0.0112684 1977.66 1.88121
6.88 1.032 1805.69 2.72238 12.132 0.331344 1.72891 0.0112047 1963.24 1.87032
6.89 1.034 1810.15 2.72155 12.129 0.331325 1.72423 0.0112372 1966.5 1.87626
6.9 1.035 1814.62 2.72073 12.125 0.331334 1.7249 0.011232 1962.34 1.87514
6.91 1.037 1819.1 2.71991 12.121 0.331343 1.73391 0.0111721 1948.66 1.86489
6.92 1.038 1823.58 2.71908 12.118 0.331325 1.72587 0.0112265 1955.73 1.87448
6.93 1.04 1828.06 2.71826 12.114 0.331334 1.73671 0.0111547 1940.02 1.86224
6.94 1.041 1832.55 2.71744 12.11 0.331343 1.7318 0.0111859 1942.23 1.86719
6.95 1.043 1837.05 2.71662 12.107 0.331325 1.7325 0.0111831 1939.35 1.86724
6.96 1.044 1841.56 2.71579 12.103 0.331334 1.74219 0.0111189 1925.03 1.85626
6.97 1.046 1846.06 2.71497 12.099 0.331344 1.73508 0.0111644 1929.72 1.86359
6.98 1.047 1850.58 2.71415 12.096 0.331326 1.74531 0.0110994 1916.09 1.85324
6.99 1.049 1855.1 2.71333 12.092 0.331335 1.73613 0.0111584 1923.1 1.86283
7 1.05 1859.62 2.71251 12.089 0.331317 1.74871 0.011078 1906.89 1.84992
7.01 1.052 1864.16 2.71169 12.085 0.331327 1.7396 0.0111365 1913.79 1.85942
7.02 1.053 1868.69 2.71087 12.081 0.331336 1.75106 0.0110609 1897.65 1.84653
7.03 1.055 1873.23 2.71005 12.078 0.331318 1.74583 0.0110967 1901.43 1.853
7.04 1.056 1877.78 2.70924 12.074 0.331328 1.75416 0.0110415 1888.85 1.84352
7.05 1.058 1882.34 2.70842 12.071 0.33131 1.74891 0.0110774 1892.63 1.85
7.06 1.059 1886.9 2.7076 12.067 0.33132 1.75731 0.0110218 1880.01 1.84044
7.07 1.061 1891.46 2.70678 12.064 0.331302 1.75192 0.0110586 1883.94 1.84708
7.08 1.062 1896.03 2.70597 12.06 0.331312 1.76058 0.0110013 1871.08 1.83723
7.09 1.064 1900.61 2.70515 12.057 0.331295 1.75203 0.0110586 1878.48 1.84729
7.1 1.065 1905.19 2.70434 12.053 0.331305 1.76323 0.0109848 1862.86 1.83469
7.11 1.067 1909.77 2.70352 12.049 0.331315 1.75387 0.0110447 1869.9 1.8444
7.12 1.068 1914.37 2.70271 12.046 0.331298 1.76634 0.0109654 1854.16 1.83163
7.13 1.07 1918.96 2.70189 12.042 0.331308 1.75696 0.0110252 1861.2 1.84135
7.14 1.071 1923.57 2.70108 12.039 0.331291 1.76919 0.0109476 1845.78 1.82886
7.15 1.073 1928.18 2.70027 12.035 0.331301 1.76193 0.0109937 1850.47 1.83627
7.16 1.074 1932.79 2.69945 12.032 0.331284 1.7646 0.0109779 1845.52 1.83411
7.17 1.076 1937.41 2.69864 12.029 0.331267 1.77423 0.0109172 1833.02 1.82443
7.18 1.077 1942.04 2.69783 12.025 0.331278 1.76469 0.010978 1840.17 1.8343
7.19 1.079 1946.67 2.69702 12.022 0.331261 1.77677 0.0109013 1825.03 1.82195
7.2 1.08 1951.31 2.69621 12.018 0.331271 1.76971 0.010946 1829.47 1.82913
7.21 1.082 1955.95 2.6954 12.015 0.331255 1.77228 0.0109309 1824.67 1.82707
7.22 1.083 1960.6 2.69459 12.011 0.331265 1.78024 0.0108785 1812.9 1.81801
7.23 1.085 1965.25 2.69378 12.008 0.331249 1.77199 0.0109333 1819.77 1.82763
7.24 1.086 1969.91 2.69297 12.004 0.33126 1.78271 0.010863 1805.05 1.81558
7.25 1.088 1974.58 2.69217 12.001 0.331243 1.7739 0.0109215 1812.51 1.82582
7.26 1.089 1979.25 2.69136 11.998 0.331227 1.77646 0.0109064 1807.75 1.82375
7.27 1.091 1983.92 2.69055 11.994 0.331238 1.78726 0.0108357 1793.02 1.81161
7.28 1.092 1988.61 2.68975 11.991 0.331221 1.77809 0.0108964 1800.82 1.82222
7.29 1.094 1993.29 2.68894 11.987 0.331233 1.78299 0.0108637 1792.42 1.81642
7.3 1.095 1997.99 2.68814 11.984 0.331217 1.7917 0.010809 1781.16 1.80772
7.31 1.097 2002.68 2.68733 11.981 0.3312 1.78214 0.0108722 1789.34 1.81874
7.32 1.098 2007.39 2.68653 11.977 0.331212 1.78369 0.0108611 1784.53 1.81656
7.33 1.1 2012.1 2.68573 11.974 0.331196 1.79567 0.0107853 1769.86 1.80433
7.34 1.101 2016.81 2.68492 11.971 0.33118 1.79701 0.0107781 1766.46 1.80356
7.35 1.103 2021.53 2.68412 11.967 0.331192 1.78755 0.0108381 1773.32 1.81327
7.36 1.104 2026.26 2.68332 11.964 0.331176 1.79297 0.0108045 1765.63 1.8081
7.37 1.106 2030.99 2.68252 11.961 0.33116 1.80158 0.0107505 1754.6 1.79949
7.38 1.107 2035.73 2.68172 11.957 0.331172 1.79109 0.010817 1762.5 1.81029
7.39 1.109 2040.47 2.68092 11.954 0.331156 1.79323 0.0108046 1758.27 1.80864
7.4 1.11 2045.22 2.68012 11.951 0.331141 1.80551 0.010727 1743.45 1.79606
7.41 1.112 2049.98 2.67932 11.947 0.331153 1.80602 0.0107226 1739.82 1.79499
7.42 1.113 2054.74 2.67853 11.944 0.331138 1.79686 0.010783 1747.42 1.80553
7.43 1.115 2059.5 2.67773 11.941 0.331122 1.79835 0.0107747 1743.9 1.80457
7.44 1.116 2064.27 2.67693 11.938 0.331107 1.80352 0.0107428 1736.55 1.79963
7.45 1.118 2069.05 2.67614 11.934 0.33112 1.81165 0.0106894 1725.02 1.79035
7.46 1.119 2073.83 2.67534 11.931 0.331105 1.81271 0.010684 1721.98 1.78985
7.47 1.121 2078.62 2.67455 11.928 0.331089 1.80598 0.0107286 1727 1.79773
7.48 1.122 2083.41 2.67375 11.925 0.331074 1.80525 0.0107347 1725.81 1.79916
7.49 1.124 2088.21 2.67296 11.921 0.331087 1.81615 0.0106635 1711.48 1.78688
7.5 1.125 2093.01 2.67217 11.918 0.331072 1.81835 0.0106507 1707.28 1.78513
7.51 1.127 2097.82 2.67138 11.915 0.331058 1.81916 0.0106468 1704.51 1.78488
7.52 1.128 2102.64 2.67059 11.912 0.331043 1.80997 0.0107071 1712.01 1.79539
7.53 1.13 2107.46 2.6698 11.909 0.331028 1.81193 0.0106959 1708.06 1.7939
7.54 1.131 2112.29 2.66901 11.905 0.331042 1.81538 0.0106725 1701.46 1.78962
7.55 1.133 2117.12 2.66822 11.902 0.331027 1.82368 0.0106206 1691.05 1.7813
7.56 1.134 2121.96 2.66743 11.899 0.331013 1.8255 0.0106102 1687.27 1.77995
7.57 1.136 2126.8 2.66664 11.896 0.330999 1.82732 0.0105998 1683.49 1.77858
7.58 1.137 2131.65 2.66585 11.893 0.330984 1.81744 0.0106644 1691.62 1.78981
7.59 1.139 2136.5 2.66507 11.889 0.330998 1.81782 0.0106608 1688.2 1.78883
7.6 1.14 2141.36 2.66428 11.886 0.330984 1.8197 0.0106499 1684.36 1.78739
7.61 1.142 2146.23 2.6635 11.883 0.33097 1.82145 0.0106399 1680.66 1.78609
7.62 1.143 2151.1 2.66271 11.88 0.330956 1.82604 0.0106117 1674.09 1.78174
7.63 1.145 2155.98 2.66193 11.877 0.330942 1.83382 0.0105631 1664.31 1.77394
7.64 1.146 2160.86 2.66115 11.874 0.330929 1.83563 0.0105527 1660.58 1.77256
7.65 1.148 2165.75 2.66036 11.871 0.330915 1.837 0.0105451 1657.29 1.77166
7.66 1.149 2170.64 2.65958 11.868 0.330901 1.83801 0.0105399 1654.37 1.77114
7.67 1.151 2175.54 2.6588 11.864 0.330916 1.83802 0.0105385 1651.38 1.77052
7.68 1.152 2180.44 2.65802 11.861 0.330902 1.83924 0.0105319 1648.26 1.76978
7.69 1.154 2185.35 2.65724 11.858 0.330889 1.82993 0.0105927 1655.67 1.78035
7.7 1.155 2190.27 2.65646 11.855 0.330876 1.83117 0.0105859 1652.52 1.77957
7.71 1.157 2195.19 2.65568 11.852 0.330862 1.83265 0.0105776 1649.14 1.77853
7.72 1.158 2200.12 2.65491 11.849 0.330849 1.83416 0.0105691 1645.72 1.77745
7.73 1.16 2205.05 2.65413 11.846 0.330836 1.83542 0.0105622 1642.56 1.77663
7.74 1.161 2209.99 2.65335 11.843 0.330823 1.83919 0.0105391 1636.91 1.7731
7.75 1.163 2214.93 2.65258 11.84 0.33081 1.83825 0.0105463 1635.94 1.77464
7.76 1.164 2219.88 2.6518 11.837 0.330798 1.83938 0.0105402 1632.92 1.77396
7.77 1.166 2224.83 2.65103 11.834 0.330785 1.84061 0.0105334 1629.81 1.77316
7.78 1.167 2229.79 2.65026 11.831 0.330772 1.84181 0.0105268 1626.72 1.77239
7.79 1.169 2234.76 2.64949 11.828 0.33076 1.84296 0.0105205 1623.69 1.77166
7.8 1.17 2239.73 2.64871 11.825 0.330747 1.84401 0.0105149 1620.76 1.77105
7.81 1.172 2244.71 2.64794 11.822 0.330735 1.84251 0.0105256 1620.36 1.77318
7.82 1.173 2249.69 2.64717 11.819 0.330723 1.84626 0.0105026 1614.77 1.76964
7.83 1.175 2254.68 2.6464 11.816 0.330711 1.84743 0.0104961 1611.73 1.76888
7.84 1.176 2259.67 2.64564 11.813 0.330699 1.84852 0.0104902 1608.78 1.7682
7.85 1.178 2264.67 2.64487 11.81 0.330686 1.84955 0.0104847 1605.89 1.76759
7.86 1.179 2269.67 2.6441 11.807 0.330674 1.85028 0.0104811 1603.3 1.7673
7.87 1.181 2274.68 2.64333 11.804 0.330663 1.85084 0.0104785 1600.86 1.76718
7.88 1.182 2279.7 2.64257 11.801 0.330651 1.86263 0.0104042 1587.5 1.75496
7.89 1.184 2284.72 2.6418 11.798 0.330639 1.86418 0.0103953 1584.12 1.75377
7.9 1.185 2289.75 2.64104 11.795 0.330628 1.86516 0.01039 1581.3 1.75318
7.91 1.187 2294.78 2.64027 11.792 0.330616 1.86664 0.0103815 1578.01 1.75206
7.92 1.188 2299.82 2.63951 11.789 0.330605 1.86753 0.0103768 1575.29 1.75157
7.93 1.19 2304.86 2.63875 11.786 0.330593 1.86172 0.0104149 1579.05 1.75829
7.94 1.191 2309.91 2.63799 11.783 0.330582 1.86271 0.0104095 1576.23 1.75768
7.95 1.193 2314.96 2.63723 11.78 0.330571 1.86063 0.0104237 1576.37 1.76038
7.96 1.194 2320.02 2.63647 11.777 0.33056 1.86113 0.0104215 1574.03 1.7603
7.97 1.196 2325.09 2.63571 11.774 0.330549 1.86167 0.010419 1571.65 1.76016
7.98 1.197 2330.16 2.63495 11.771 0.330538 1.86237 0.0104154 1569.11 1.75985
7.99 1.199 2335.24 2.63419 11.768 0.330528 1.87419 0.0103409 1555.9 1.74755
8 1.2 2340.32 2.63344 11.766 0.330489 1.87647 0.0103296 1552.88 1.74667
