0.27 0.0405 38.207 0.64014 801.305 0.00117961 1.76156 0.0251459 5.53816e+12 7.33965e+12
0.28 0.042 39.6263 0.642487 819.423 0.00115776 1.75419 0.0259325 6.38694e+12 8.31105e+12
0.29 0.0435 41.0459 0.645037 840.215 0.00113359 1.74561 0.026877 7.50312e+12 9.57204e+12
0.3 0.045 42.4658 0.647707 864.133 0.00110678 1.73562 0.0279271 8.97093e+12 1.12107e+13
0.31 0.0465 43.8862 0.65043 891.562 0.00107724 1.724 0.029219 1.09732e+13 1.34282e+13
0.32 0.048 45.307 0.653137 922.959 0.00104492 1.71048 0.0307613 1.37349e+13 1.64624e+13
0.33 0.0495 46.7281 0.65574 958.776 0.0010099 1.69478 0.0326262 1.76222e+13 2.07057e+13
0.34 0.051 48.1497 0.658108 999.496 0.000972252 1.67654 0.0347279 2.30936e+13 2.66498e+13
0.35 0.0525 49.5716 0.660004 1045.61 0.000932049 1.65543 0.037016 3.08426e+13 3.50837e+13
0.36 0.054 50.994 0.660995 1097.59 0.000889246 1.63113 0.0399508 4.24258e+13 4.78989e+13
0.37 0.0555 52.4168 0.66028 1155.8 0.000843544 1.60351 0.0430945 5.92578e+13 6.72653e+13
0.38 0.057 53.8401 0.656422 1220.36 0.00079425 1.57278 0.0460329 8.3065e+13 9.70934e+13
0.39 0.0585 55.2638 0.646875 1290.87 0.000739947 1.53997 0.0504455 1.20543e+14 1.5161e+14
0.4 0.06 56.6879 0.62728 1365.69 0.000678221 1.50771 0.0557845 1.76681e+14 2.59159e+14
0.41 0.0615 58.1125 0.5904 1439.62 0.000605567 1.48219 0.0612541 2.5251e+14 5.01456e+14
0.42 0.063 59.5375 0.523743 1496.48 0.000516784 1.47829 0.0588341 2.94373e+14 1.06412e+15
0.43 0.0645 60.963 0.406388 1483.4 0.000404526 1.53267 0.0650308 3.11397e+14 4.00217e+15
0.44 0.066 62.389 0.226159 1224.71 0.000272674 1.71552 -0.0578083 -1.06185e+14 -2.5567e+16
0.45 0.0675 63.8154 0.106046 596.534 0.000262497 1.93423 0.00537801 2.70836e+11 2.87682e+15
0.46 0.069 65.2423 0.0908079 280.478 0.000478066 1.98388 0.00172102 1.99154e+09 4.59471e+13
0.47 0.0705 66.6697 0.0896706 172.507 0.000767549 1.9936 0.000791011 8.0561e+07 1.97952e+12
0.48 0.072 68.0975 0.0906045 123.255 0.00108545 1.99711 0.000503465 9.54774e+06 2.22761e+11
0.49 0.0735 69.5259 0.0922115 95.86 0.0014204 1.99898 0.000383706 2.0706e+06 4.42442e+10
0.5 0.075 70.9547 0.0941509 78.637 0.00176791 2.00022 0.000329092 659723 1.27035e+10
0.51 0.0765 72.3841 0.0962952 66.898 0.00212547 2.00115 0.000308546 275610 4.74195e+09
0.52 0.078 73.8139 0.0985839 58.425 0.00249155 2.00185 0.000311477 141361 2.16264e+09
0.53 0.0795 75.2443 0.100982 52.047 0.00286492 2.00236 0.000334704 85221.3 1.15614e+09
0.54 0.081 76.6751 0.103468 47.084 0.00324487 2.00268 0.000378359 58368.7 7.01173e+08
0.55 0.0825 78.1065 0.106031 43.124 0.00363057 2.00278 0.000443902 44135.9 4.6916e+08
0.56 0.084 79.5384 0.108657 39.894 0.00402174 2.00265 0.000533659 35951 3.38146e+08
0.57 0.0855 80.9708 0.111342 37.215 0.00441777 2.00225 0.000650123 30938.2 2.57567e+08
0.58 0.087 82.4037 0.114078 34.96 0.00481829 2.00155 0.000796054 27714.6 2.04356e+08
0.59 0.0885 83.8372 0.116862 33.037 0.00522319 2.00054 0.00097282 25523.8 1.66825e+08
0.6 0.09 85.2712 0.119689 31.381 0.00563185 1.99918 0.00118334 24007.9 1.39239e+08
0.61 0.0915 86.7057 0.122558 29.94 0.0060444 1.99745 0.00142966 22929.8 1.18133e+08
0.62 0.093 88.1408 0.125466 28.676 0.00646054 1.99533 0.00171406 22157.8 1.01529e+08
0.63 0.0945 89.5764 0.128409 27.559 0.00688009 1.9928 0.00203738 21592.3 8.81069e+07
0.64 0.096 91.0126 0.131388 26.567 0.00730256 1.9899 0.0023964 21143.7 7.69297e+07
0.65 0.0975 92.4493 0.134399 25.678 0.00772855 1.98656 0.00279757 20820.7 6.76394e+07
0.66 0.099 93.8866 0.137442 24.879 0.00815735 1.98275 0.0032426 20604.8 5.9849e+07
0.67 0.1005 95.3245 0.140515 24.158 0.00858867 1.9786 0.00371936 20402.5 5.30576e+07
0.68 0.102 96.7629 0.14362 23.502 0.00902344 1.97393 0.00424567 20294.6 4.73145e+07
0.69 0.1035 98.2018 0.146753 22.905 0.00946062 1.96891 0.00480465 20194 4.22642e+07
0.7 0.105 99.6414 0.149913 22.359 0.00990034 1.96342 0.00540808 20147.2 3.79053e+07
0.71 0.1065 101.081 0.153102 21.857 0.0103432 1.95749 0.00605321 20130.2 3.409e+07
0.72 0.108 102.522 0.156318 21.396 0.0107879 1.95131 0.00671994 20088.1 3.06607e+07
0.73 0.1095 103.963 0.159561 20.969 0.011236 1.9446 0.00743724 20100.7 2.76865e+07
0.74 0.111 105.405 0.162829 20.575 0.0116857 1.93761 0.00818091 20109.9 2.5029e+07
0.75 0.1125 106.848 0.166123 20.208 0.0121386 1.93003 0.00897938 20173.1 2.27148e+07
0.76 0.114 108.291 0.169443 19.867 0.0125938 1.92243 0.0097782 20175.8 2.05774e+07
0.77 0.1155 109.734 0.172789 19.549 0.0130513 1.91424 0.0106339 20240.7 1.8721e+07
0.78 0.117 111.179 0.176159 19.252 0.0135112 1.90577 0.0115147 20302.1 1.7049e+07
0.79 0.1185 112.624 0.179556 18.974 0.0139735 1.89729 0.0123957 20322.4 1.55117e+07
0.8 0.12 114.069 0.182936 18.716 0.0144327 1.88815 0.0133389 20421.9 1.42e+07
0.81 0.1215 115.515 0.186299 18.476 0.014889 1.87916 0.0142655 20475.6 1.29978e+07
0.82 0.123 116.962 0.189663 18.251 0.0153447 1.86976 0.01523 20561 1.19348e+07
0.83 0.1245 118.409 0.193033 18.04 0.0158 1.86051 0.016179 20608.4 1.09539e+07
0.84 0.126 119.857 0.196412 17.841 0.0162559 1.8505 0.0172015 20728.7 1.01023e+07
0.85 0.1275 121.305 0.199801 17.653 0.0167125 1.84114 0.018159 20753.7 9.28525e+06
0.86 0.129 122.754 0.203203 17.475 0.0171702 1.83052 0.0192387 20901.2 8.59432e+06
0.87 0.1305 124.204 0.206619 17.306 0.0176294 1.82076 0.0202332 20939.1 7.9212e+06
0.88 0.132 125.654 0.210051 17.146 0.0180894 1.81083 0.0212432 20986.7 7.31152e+06
0.89 0.1335 127.105 0.213498 16.994 0.0185507 1.80004 0.022337 21106.4 6.7785e+06
0.9 0.135 128.557 0.216963 16.849 0.019014 1.79016 0.0233403 21129.4 6.26102e+06
0.91 0.1365 130.009 0.220445 16.71 0.0194799 1.77868 0.0245007 21279.9 5.82312e+06
0.92 0.138 131.462 0.223947 16.578 0.0199469 1.76867 0.0255149 21299.3 5.38675e+06
0.93 0.1395 132.915 0.227469 16.452 0.0204158 1.75775 0.0266182 21388.6 5.00336e+06
0.94 0.141 134.37 0.23101 16.331 0.0208873 1.74715 0.027689 21442.8 4.6431e+06
0.95 0.1425 135.824 0.234573 16.216 0.0213598 1.7361 0.0288034 21531.4 4.31883e+06
0.96 0.144 137.28 0.238158 16.105 0.0218357 1.72506 0.0299166 21608.6 4.01779e+06
0.97 0.1455 138.736 0.241765 15.998 0.0223146 1.7134 0.0310899 21719.9 3.7461e+06
0.98 0.147 140.192 0.245395 15.896 0.022795 1.70305 0.0321323 21741.6 3.48057e+06
0.99 0.1485 141.65 0.249049 15.798 0.023278 1.69169 0.0332742 21828.8 3.24557e+06
1 0.15 143.108 0.252726 15.703 0.0237646 1.67984 0.0344655 21938.6 3.03138e+06
1.01 0.1515 144.567 0.256429 15.612 0.0242533 1.66896 0.0355572 21985.2 2.82475e+06
1.02 0.153 146.026 0.260157 15.525 0.0247438 1.65778 0.0366792 22054.1 2.63632e+06
1.03 0.1545 147.486 0.26391 15.44 0.025239 1.64589 0.0378705 22153.8 2.46519e+06
1.04 0.156 148.947 0.26769 15.359 0.0257355 1.63543 0.0389178 22175.5 2.29824e+06
1.05 0.1575 150.408 0.271496 15.28 0.0262363 1.62384 0.0400771 22254.8 2.14926e+06
1.06 0.159 151.87 0.27533 15.204 0.0267398 1.613 0.0411591 22292.8 2.00716e+06
1.07 0.1605 153.333 0.279191 15.131 0.0272456 1.60149 0.0423089 22370.7 1.87871e+06
1.08 0.162 154.797 0.28308 15.06 0.0277553 1.59018 0.0434359 22432.8 1.75802e+06
1.09 0.1635 156.261 0.286997 14.992 0.028267 1.57771 0.0446804 22559.3 1.65053e+06
1.1 0.165 157.726 0.290943 14.926 0.0287824 1.56712 0.0457316 22586.2 1.54345e+06
1.11 0.1665 159.192 0.294917 14.862 0.0293012 1.55565 0.0468716 22657.2 1.44674e+06
1.12 0.168 160.659 0.298922 14.8 0.0298235 1.54502 0.0479235 22686.5 1.35415e+06
1.13 0.1695 162.126 0.302955 14.74 0.0303489 1.53347 0.049068 22761.2 1.27055e+06
1.14 0.171 163.594 0.307019 14.682 0.0308775 1.52199 0.0502047 22833.9 1.19245e+06
1.15 0.1725 165.062 0.311113 14.625 0.0314112 1.5119 0.051195 22835.8 1.11613e+06
1.16 0.174 166.532 0.315237 14.571 0.0319456 1.50053 0.0523158 22908.2 1.04831e+06
1.17 0.1755 168.002 0.319392 14.518 0.0324848 1.48913 0.0534382 22977.1 984826
1.18 0.177 169.473 0.323579 14.467 0.0330266 1.47783 0.0545478 23045.2 925478
1.19 0.1785 170.945 0.327796 14.417 0.033573 1.46534 0.0557801 23161.4 871836
1.2 0.18 172.418 0.332045 14.369 0.0341219 1.45527 0.0567573 23177.4 818026
1.21 0.1815 173.891 0.336325 14.322 0.0346751 1.4452 0.0577321 23192.4 767777
1.22 0.183 175.365 0.340637 14.277 0.0352304 1.43418 0.0588049 23254.6 722324
1.23 0.1845 176.84 0.344981 14.232 0.0357925 1.42325 0.0598642 23302.7 679384
1.24 0.186 178.316 0.349358 14.19 0.0363538 1.41146 0.0610124 23401.3 640583
1.25 0.1875 179.793 0.353766 14.148 0.0369219 1.4013 0.0619857 23424.9 602258
1.26 0.189 181.27 0.358207 14.108 0.0374914 1.3905 0.0630246 23482.7 567235
1.27 0.1905 182.748 0.36268 14.068 0.0380675 1.38123 0.0638995 23473.1 532889
1.28 0.192 184.227 0.367186 14.03 0.0386448 1.37138 0.0648318 23495.6 501463
1.29 0.1935 185.707 0.371725 13.993 0.0392259 1.35967 0.0659579 23590.2 473488
1.3 0.195 187.188 0.376296 13.957 0.0398107 1.35046 0.0668171 23591.6 445448
1.31 0.1965 188.67 0.3809 13.922 0.0403991 1.33837 0.0679772 23701.8 421128
1.32 0.198 190.152 0.385536 13.888 0.0409909 1.32934 0.0688099 23700.6 396387
1.33 0.1995 191.636 0.390205 13.855 0.0415862 1.31897 0.0697819 23751.2 374029
1.34 0.201 193.12 0.394907 13.823 0.0421847 1.30747 0.0708704 23844.4 353669
1.35 0.2025 194.605 0.399642 13.791 0.0427896 1.29856 0.0716792 23838.7 333130
1.36 0.204 196.091 0.404409 13.761 0.0433944 1.28783 0.0726794 23909.6 314885
1.37 0.2055 197.578 0.409209 13.731 0.0440054 1.27808 0.0735713 23940.3 297227
1.38 0.207 199.066 0.414041 13.702 0.0446193 1.26789 0.0745059 23989.5 280859
1.39 0.2085 200.555 0.418907 13.674 0.045236 1.25792 0.075414 24034.8 265424
1.4 0.21 202.044 0.423804 13.647 0.0458554 1.24974 0.0761266 24023.3 250318
1.41 0.2115 203.535 0.428733 13.621 0.0464773 1.23829 0.0771856 24126.3 237269
1.42 0.213 205.027 0.433696 13.595 0.0471051 1.22835 0.0780779 24173.2 224437
1.43 0.2145 206.519 0.43869 13.57 0.0477353 1.22237 0.0785438 24094.7 211261
1.44 0.216 208.013 0.443715 13.545 0.0483713 1.2132 0.079345 24117.1 199751
1.45 0.2175 209.507 0.448773 13.522 0.0490059 1.20008 0.0805671 24281.4 190031
1.46 0.219 211.002 0.453862 13.498 0.0496498 1.19033 0.0814216 24321.9 179912
1.47 0.2205 212.499 0.458983 13.476 0.0502919 1.18299 0.082016 24300.4 169948
1.48 0.222 213.996 0.464136 13.454 0.0509397 1.17563 0.0826065 24276.2 160562
1.49 0.2235 215.494 0.469319 13.433 0.051589 1.16651 0.0833833 24313.9 152125
1.5 0.225 216.994 0.474533 13.412 0.0522438 1.15597 0.0843056 24391.3 144408
1.51 0.2265 218.494 0.479777 13.392 0.0529002 1.14825 0.0849227 24387.2 136662
1.52 0.228 219.995 0.485052 13.372 0.0535618 1.13931 0.0856648 24417.1 129550
1.53 0.2295 221.497 0.490358 13.353 0.0542247 1.13118 0.0863163 24428.5 122749
1.54 0.231 223.001 0.495693 13.334 0.0548927 1.12159 0.0871179 24480.5 116531
1.55 0.2325 224.505 0.501057 13.316 0.0555618 1.11585 0.0875047 24423.7 110169
1.56 0.234 226.011 0.506452 13.298 0.056236 1.1048 0.0884537 24522.1 104846
1.57 0.2355 227.517 0.511875 13.281 0.0569109 1.09854 0.0888865 24485 99258.1
1.58 0.237 229.024 0.517327 13.264 0.0575908 1.09013 0.0895442 24508.7 94227.9
1.59 0.2385 230.533 0.522808 13.248 0.0582713 1.08169 0.0902008 24539.9 89505
1.6 0.24 232.043 0.528317 13.232 0.0589565 1.07356 0.0908187 24559.1 85001.7
1.61 0.2415 233.553 0.533853 13.217 0.0596419 1.06624 0.0913465 24562.2 80694.4
1.62 0.243 235.065 0.539417 13.202 0.060332 1.05988 0.0917653 24535.1 76533
1.63 0.2445 236.578 0.54501 13.187 0.0610268 1.04915 0.0926461 24630.2 72968.1
1.64 0.246 238.092 0.550628 13.173 0.0617214 1.04386 0.0929426 24578.1 69174.3
1.65 0.2475 239.607 0.556271 13.159 0.0624203 1.03581 0.0935281 24601.8 65799.5
1.66 0.249 241.123 0.561941 13.146 0.0631189 1.02668 0.0942248 24662.9 62701.3
1.67 0.2505 242.641 0.567637 13.132 0.0638267 1.02136 0.0945087 24605.7 59479.5
1.68 0.252 244.159 0.57336 13.12 0.0645291 1.01072 0.0953562 24713.2 56817
1.69 0.2535 245.679 0.579106 13.107 0.0652406 1.00636 0.0955281 24635.3 53883
1.7 0.255 247.199 0.584877 13.095 0.065951 0.99901 0.0960155 24647.9 51302.9
1.71 0.2565 248.721 0.590674 13.083 0.0666658 0.994212 0.0962268 24589.1 48718.1
1.72 0.258 250.244 0.596492 13.072 0.0673791 0.987305 0.0966583 24595.7 46400.4
1.73 0.2595 251.768 0.602335 13.06 0.0681016 0.979801 0.0971452 24606.4 44212.3
1.74 0.261 253.294 0.608201 13.05 0.0688175 0.973227 0.0975329 24610.1 42127.4
1.75 0.2625 254.82 0.614089 13.039 0.0695424 0.964188 0.0981727 24667.3 40239.4
1.76 0.264 256.348 0.619999 13.029 0.0702655 0.959192 0.0983834 24625.7 38293
1.77 0.2655 257.877 0.625929 13.018 0.0709975 0.95022 0.0990047 24676.7 36588.8
1.78 0.267 259.407 0.631882 13.009 0.0717223 0.949528 0.0987569 24530 34689.9
1.79 0.2685 260.939 0.637856 12.999 0.0724562 0.939107 0.0995206 24624.8 33223.4
1.8 0.27 262.471 0.643849 12.99 0.0731876 0.932492 0.0998833 24629.1 31711.3
1.81 0.2715 264.005 0.649864 12.981 0.0739226 0.929722 0.0998397 24533.2 30152.8
1.82 0.273 265.54 0.655896 12.972 0.0746604 0.923576 0.100143 24522.7 28779.3
1.83 0.2745 267.076 0.661948 12.963 0.0754017 0.917172 0.100469 24517.1 27481.2
1.84 0.276 268.614 0.668018 12.955 0.0761401 0.911027 0.100765 24513.6 26251.4
1.85 0.2775 270.153 0.674107 12.946 0.0768875 0.901658 0.101387 24579.4 25154.4
1.86 0.279 271.693 0.680211 12.938 0.0776317 0.898599 0.101354 24495.5 23963.6
1.87 0.2805 273.234 0.686333 12.931 0.0783728 0.889988 0.101892 24559 22973.1
1.88 0.282 274.776 0.692472 12.923 0.0791228 0.886883 0.101855 24474.2 21896.9
1.89 0.2835 276.32 0.698626 12.915 0.0798754 0.880872 0.102112 24460.2 20937.3
1.9 0.285 277.866 0.704798 12.908 0.0806247 0.875323 0.10232 24443.7 20023
1.91 0.2865 279.412 0.710984 12.901 0.0813765 0.870663 0.102433 24404.4 19136.2
1.92 0.288 280.96 0.717183 12.894 0.0821306 0.867051 0.102435 24338.8 18274
1.93 0.2895 282.509 0.723397 12.888 0.0828807 0.859836 0.102802 24369.2 17524.4
1.94 0.291 284.059 0.729625 12.881 0.0836397 0.854027 0.103019 24354.2 16778.8
1.95 0.2925 285.611 0.735866 12.875 0.0843945 0.851077 0.102945 24280.1 16030.3
1.96 0.294 287.164 0.74212 12.868 0.085158 0.845623 0.103117 24254.6 15350
1.97 0.2955 288.719 0.748385 12.862 0.085917 0.841183 0.103185 24214.2 14693.7
1.98 0.297 290.275 0.754661 12.856 0.0866779 0.836261 0.103299 24184.4 14075.4
1.99 0.2985 291.832 0.760949 12.85 0.087441 0.827781 0.103763 24236.5 13532.5
2 0.3 293.39 0.767246 12.845 0.0881989 0.824239 0.103733 24182.4 12957.2
2.01 0.3015 294.95 0.773555 12.839 0.0889657 0.821334 0.103633 24102.7 12396.4
2.02 0.303 296.511 0.779873 12.834 0.0897272 0.814394 0.103934 24125.6 11913.6
2.03 0.3045 298.074 0.7862 12.828 0.0904975 0.809276 0.104046 24095.1 11427.5
2.04 0.306 299.638 0.792536 12.823 0.0912624 0.807197 0.103858 24004.8 10936.8
2.05 0.3075 301.204 0.798879 12.818 0.0920287 0.806936 0.10349 23873.1 10451.7
2.06 0.309 302.771 0.805231 12.813 0.0927966 0.802399 0.103538 23837.8 10031.1
2.07 0.3105 304.339 0.811589 12.808 0.0935659 0.794437 0.103917 23878.4 9660.71
2.08 0.312 305.909 0.817955 12.804 0.0943293 0.792697 0.10369 23789 9255.8
2.09 0.3135 307.48 0.824326 12.799 0.095101 0.785879 0.103949 23801.9 8908.47
2.1 0.315 309.053 0.830702 12.794 0.0958741 0.780383 0.104076 23784.4 8565.47
2.11 0.3165 310.627 0.837083 12.79 0.0966409 0.777384 0.103962 23721.2 8222.02
2.12 0.318 312.202 0.84347 12.785 0.0974162 0.772981 0.103976 23678.1 7901.07
2.13 0.3195 313.779 0.84986 12.781 0.0981849 0.768833 0.103967 23639 7595.91
2.14 0.321 315.358 0.856255 12.777 0.0989547 0.768644 0.103577 23513.7 7277.65
2.15 0.3225 316.938 0.86265 12.773 0.099725 0.764656 0.103548 23470.3 6998.92
2.16 0.324 318.519 0.869051 12.769 0.100496 0.761976 0.103393 23398.3 6724.25
2.17 0.3255 320.102 0.875453 12.765 0.101269 0.753385 0.103792 23451.9 6496.8
2.18 0.327 321.687 0.881857 12.761 0.102041 0.75326 0.10339 23324.6 6230.29
2.19 0.3285 323.273 0.888261 12.757 0.102815 0.749581 0.103321 23272.5 5995.5
2.2 0.33 324.86 0.894668 12.753 0.103589 0.749305 0.102933 23148.7 5753.11
2.21 0.3315 326.449 0.901073 12.75 0.104355 0.74369 0.103044 23146.4 5550.98
2.22 0.333 328.04 0.907479 12.746 0.10513 0.740102 0.102959 23091.2 5345.01
2.23 0.3345 329.632 0.913885 12.742 0.105905 0.736271 0.102895 23040.6 5148.99
2.24 0.336 331.226 0.920288 12.739 0.106672 0.735849 0.10252 22929.6 4948.38
2.25 0.3375 332.821 0.926691 12.735 0.107448 0.73221 0.102435 22874.5 4768.28
2.26 0.339 334.418 0.933091 12.732 0.108216 0.726368 0.102552 22873.7 4606.83
2.27 0.3405 336.016 0.93949 12.728 0.108992 0.721959 0.102531 22833.2 4444.18
2.28 0.342 337.616 0.945885 12.725 0.10976 0.720081 0.102283 22751.2 4280.52
2.29 0.3435 339.217 0.952277 12.722 0.110527 0.719797 0.101892 22637.4 4118.1
2.3 0.345 340.821 0.958666 12.719 0.111295 0.716743 0.101748 22578.9 3972.4
2.31 0.3465 342.425 0.965049 12.715 0.112072 0.713281 0.101635 22518.4 3832.45
2.32 0.348 344.031 0.971429 12.712 0.112839 0.710341 0.101479 22457.1 3698.16
2.33 0.3495 345.639 0.977803 12.709 0.113606 0.707854 0.10128 22386.8 3567.97
2.34 0.351 347.249 0.984172 12.706 0.114373 0.706124 0.101015 22301.8 3440.89
2.35 0.3525 348.86 0.990535 12.703 0.11514 0.699543 0.101174 22310.5 3333.07
2.36 0.354 350.473 0.996892 12.7 0.115906 0.700807 0.100644 22167.5 3207.46
2.37 0.3555 352.087 1.00324 12.697 0.116672 0.698164 0.100455 22099.8 3097.74
2.38 0.357 353.703 1.00958 12.694 0.117437 0.695498 0.100268 22032.5 2992.52
2.39 0.3585 355.321 1.01592 12.691 0.118203 0.692559 0.100103 21970.3 2892.15
2.4 0.36 356.94 1.02225 12.688 0.118967 0.689102 0.099981 21917.6 2797.02
2.41 0.3615 358.561 1.02857 12.685 0.119731 0.683969 0.100001 21896.1 2709.49
2.42 0.363 360.184 1.03488 12.682 0.120494 0.6853 0.0994684 21753.8 2610.79
2.43 0.3645 361.808 1.04118 12.679 0.121256 0.682751 0.0992664 21683.9 2524.59
2.44 0.366 363.434 1.04747 12.676 0.122018 0.680386 0.0990482 21610.7 2441.4
2.45 0.3675 365.062 1.05376 12.674 0.122769 0.678746 0.0987739 21533.8 2361.05
2.46 0.369 366.691 1.06003 12.671 0.123529 0.676423 0.0985513 21459.9 2284.15
2.47 0.3705 368.323 1.06629 12.668 0.124288 0.675479 0.0982137 21361.1 2207.64
2.48 0.372 369.955 1.07254 12.665 0.125047 0.671664 0.098114 21314.1 2139.34
2.49 0.3735 371.59 1.07878 12.662 0.125804 0.669588 0.0978696 21235.9 2070.55
2.5 0.375 373.226 1.08501 12.66 0.12655 0.667883 0.0976 21160.6 2004.66
2.51 0.3765 374.864 1.09123 12.657 0.127306 0.665638 0.0973691 21085.6 1941.3
2.52 0.378 376.504 1.09743 12.654 0.12806 0.663479 0.0971311 21009.1 1880.2
2.53 0.3795 378.145 1.10363 12.651 0.128813 0.661493 0.0968788 20929.7 1821.13
2.54 0.381 379.789 1.1098 12.649 0.129555 0.660374 0.0965624 20844.9 1763.82
2.55 0.3825 381.434 1.11597 12.646 0.130305 0.659621 0.0962118 20744.6 1707.37
2.56 0.384 383.081 1.12212 12.643 0.131055 0.660737 0.0957137 20612.7 1650.51
2.57 0.3855 384.729 1.12826 12.641 0.131793 0.656381 0.0956565 20584.1 1603.87
2.58 0.387 386.379 1.13439 12.638 0.13254 0.65745 0.0951649 20454 1551.17
2.59 0.3885 388.031 1.1405 12.635 0.133285 0.655578 0.0949061 20374.2 1504.17
2.6 0.39 389.685 1.14659 12.633 0.134019 0.656031 0.0944722 20265 1456.75
2.61 0.3915 391.341 1.15267 12.63 0.134761 0.654031 0.0942245 20187.9 1413.33
2.62 0.393 392.999 1.15874 12.627 0.135503 0.652606 0.0939327 20101.5 1370.84
2.63 0.3945 394.658 1.16479 12.624 0.136243 0.650916 0.0936618 20019.7 1330.17
2.64 0.396 396.319 1.17082 12.622 0.13697 0.652961 0.0931124 19886.5 1287.63
2.65 0.3975 397.982 1.17684 12.619 0.137707 0.648173 0.0930788 19855.7 1253.09
2.66 0.399 399.647 1.18284 12.616 0.138442 0.646756 0.0927888 19770.3 1216.37
2.67 0.4005 401.313 1.18883 12.614 0.139164 0.6445 0.0925686 19707.8 1182.31
2.68 0.402 402.982 1.19479 12.611 0.139896 0.644451 0.0921774 19601.2 1146.84
2.69 0.4035 404.652 1.20075 12.608 0.140627 0.643038 0.0918893 19516.7 1113.87
2.7 0.405 406.324 1.20668 12.605 0.141355 0.641751 0.0915929 19430.6 1081.96
2.71 0.4065 407.998 1.2126 12.603 0.142071 0.640962 0.0912666 19346 1051.23
2.72 0.408 409.674 1.21849 12.6 0.142796 0.635327 0.0912908 19328.1 1025.08
2.73 0.4095 411.352 1.22437 12.597 0.143519 0.638507 0.0906695 19173.8 992.709
2.74 0.411 413.031 1.23024 12.594 0.144241 0.637325 0.0903691 19087.5 964.923
2.75 0.4125 414.713 1.23608 12.592 0.144949 0.63696 0.0900168 18998 937.909
2.76 0.414 416.396 1.2419 12.589 0.145666 0.635883 0.0897112 18911 911.923
2.77 0.4155 418.082 1.24771 12.586 0.146382 0.634599 0.0894215 18827.4 886.969
2.78 0.417 419.769 1.2535 12.583 0.147096 0.633675 0.0891071 18738.9 862.608
2.79 0.4185 421.458 1.25926 12.58 0.147808 0.633999 0.0887058 18632.3 838.241
2.8 0.42 423.149 1.26501 12.578 0.148506 0.636844 0.088136 18497.9 813.46
2.81 0.4215 424.842 1.27074 12.575 0.149214 0.636026 0.0878198 18409.5 791.492
2.82 0.423 426.537 1.27645 12.572 0.149921 0.630419 0.0878377 18391.3 773.185
2.83 0.4245 428.233 1.28214 12.569 0.150625 0.629918 0.0875004 18298.9 752.385
2.84 0.426 429.932 1.2878 12.566 0.151327 0.633475 0.0868859 18148.7 729.933
2.85 0.4275 431.633 1.29345 12.563 0.152026 0.632892 0.0865589 18058.8 710.6
2.86 0.429 433.335 1.29908 12.561 0.152712 0.632827 0.0862047 17970.6 691.947
2.87 0.4305 435.04 1.30468 12.558 0.153408 0.632034 0.0858954 17884.7 673.975
2.88 0.432 436.746 1.31027 12.555 0.154101 0.631451 0.0855731 17796.4 656.473
2.89 0.4335 438.455 1.31583 12.552 0.154793 0.627464 0.0854803 17755.8 641.245
2.9 0.435 440.165 1.32137 12.549 0.155482 0.630267 0.0849347 17621.4 623.156
2.91 0.4365 441.878 1.3269 12.546 0.156169 0.629904 0.0846026 17531.6 607.186
2.92 0.438 443.592 1.3324 12.543 0.156854 0.626088 0.0844996 17489.3 593.324
2.93 0.4395 445.308 1.33787 12.54 0.157536 0.629008 0.0839548 17355.8 576.839
2.94 0.441 447.027 1.34333 12.537 0.158216 0.625154 0.0838552 17314.5 563.873
2.95 0.4425 448.747 1.34876 12.534 0.158895 0.630004 0.0831913 17156.8 547.573
2.96 0.444 450.47 1.35418 12.531 0.15957 0.62822 0.0829598 17088.6 534.585
2.97 0.4455 452.194 1.35957 12.528 0.160244 0.627672 0.0826501 17004.5 521.491
2.98 0.447 453.92 1.36493 12.525 0.160915 0.627334 0.0823286 16918 508.719
2.99 0.4485 455.649 1.37028 12.522 0.161584 0.626883 0.0820159 16833.6 496.383
3 0.45 457.379 1.3756 12.519 0.16225 0.631926 0.0813592 16678.8 482.377
3.01 0.4515 459.112 1.3809 12.516 0.162915 0.631847 0.0810286 16591.1 470.704
3.02 0.453 460.846 1.38618 12.512 0.163589 0.62594 0.0810559 16570.2 461.23
3.03 0.4545 462.583 1.39143 12.509 0.164249 0.627813 0.0806062 16458.6 449.537
3.04 0.456 464.321 1.39667 12.506 0.164906 0.622664 0.0805926 16436.1 440.576
3.05 0.4575 466.062 1.40187 12.503 0.165561 0.626384 0.0800335 16302.5 428.938
3.06 0.459 467.805 1.40706 12.5 0.166213 0.627717 0.0796246 16199.7 418.437
3.07 0.4605 469.55 1.41222 12.497 0.166863 0.626285 0.0793862 16131.9 409.124
3.08 0.462 471.296 1.41736 12.493 0.167524 0.632735 0.0786674 15960.2 397.486
3.09 0.4635 473.045 1.42248 12.49 0.168169 0.625805 0.0787629 15960.4 390.395
3.1 0.465 474.796 1.42757 12.487 0.168811 0.622645 0.0786316 15914.7 382.382
3.11 0.4665 476.549 1.43264 12.484 0.169451 0.628234 0.0779808 15764 372.109
3.12 0.468 478.305 1.43768 12.48 0.170103 0.627511 0.0777015 15682.4 363.732
3.13 0.4695 480.062 1.44271 12.477 0.170738 0.627772 0.0773727 15597.3 355.506
3.14 0.471 481.821 1.4477 12.474 0.171371 0.628225 0.0770347 15510.5 347.467
3.15 0.4725 483.583 1.45268 12.47 0.172015 0.633122 0.0764348 15365.1 338.355
3.16 0.474 485.346 1.45763 12.467 0.172642 0.633791 0.0760903 15277.4 330.751
3.17 0.4755 487.112 1.46255 12.464 0.173268 0.628783 0.0760734 15255.6 324.755
3.18 0.477 488.88 1.46746 12.46 0.173904 0.628582 0.0757745 15171.3 317.601
3.19 0.4785 490.65 1.47234 12.457 0.174524 0.629189 0.0754384 15085.9 310.613
3.2 0.48 492.422 1.47719 12.453 0.175156 0.627551 0.0752245 15019 304.188
3.21 0.4815 494.196 1.48202 12.45 0.175771 0.63497 0.0745103 14858.5 296.064
3.22 0.483 495.972 1.48683 12.447 0.176384 0.630539 0.0744633 14831.2 290.775
3.23 0.4845 497.751 1.49161 12.443 0.177008 0.63041 0.0741701 14749.1 284.558
3.24 0.486 499.532 1.49637 12.44 0.177616 0.636503 0.0735426 14606.7 277.358
3.25 0.4875 501.314 1.50111 12.436 0.178235 0.631244 0.073536 14581.9 272.549
3.26 0.489 503.099 1.50582 12.433 0.178837 0.637729 0.0728948 14437.3 265.652
3.27 0.4905 504.886 1.5105 12.429 0.179452 0.63235 0.0728956 14414.3 261.139
3.28 0.492 506.676 1.51516 12.426 0.180049 0.632838 0.0725856 14335.7 255.744
3.29 0.4935 508.467 1.5198 12.422 0.180658 0.638226 0.0720081 14198.7 249.459
3.3 0.495 510.261 1.52442 12.418 0.181265 0.640291 0.0716129 14098.1 243.966
3.31 0.4965 512.057 1.52901 12.415 0.181855 0.63456 0.0716408 14086.6 240.13
3.32 0.498 513.855 1.53357 12.411 0.182457 0.634902 0.0713402 14004.9 235.204
3.33 0.4995 515.655 1.53811 12.407 0.183056 0.635169 0.0710454 13924.5 230.424
3.34 0.501 517.457 1.54263 12.404 0.183638 0.635845 0.0707382 13847.6 225.815
3.35 0.5025 519.262 1.54712 12.4 0.184232 0.63812 0.0703431 13748 220.955
3.36 0.504 521.069 1.55159 12.396 0.184824 0.642249 0.0698556 13630.7 215.934
3.37 0.5055 522.878 1.55603 12.393 0.185398 0.637927 0.0698127 13605.9 212.48
3.38 0.507 524.689 1.56045 12.389 0.185985 0.643707 0.0692466 13473.8 207.454
3.39 0.5085 526.502 1.56485 12.385 0.186569 0.644349 0.0689463 13393.7 203.341
3.4 0.51 528.318 1.56922 12.382 0.187135 0.645231 0.0686429 13318.6 199.4
3.41 0.5115 530.136 1.57357 12.378 0.187714 0.646157 0.0683325 13237 195.455
3.42 0.513 531.956 1.57789 12.374 0.188291 0.648427 0.0679573 13143.1 191.424
3.43 0.5145 533.778 1.58219 12.37 0.188865 0.64145 0.0680441 13138.6 188.773
3.44 0.516 535.603 1.58647 12.366 0.189437 0.649967 0.0673637 12986.2 184.083
3.45 0.5175 537.43 1.59072 12.363 0.18999 0.643532 0.0674307 12983.4 181.597
3.46 0.519 539.259 1.59494 12.359 0.190557 0.655383 0.0665965 12802 176.7
3.47 0.5205 541.09 1.59915 12.355 0.191121 0.64693 0.0667554 12811.8 174.524
3.48 0.522 542.924 1.60333 12.351 0.191682 0.645999 0.0665487 12751.5 171.45
3.49 0.5235 544.76 1.60748 12.347 0.192241 0.657746 0.0657344 12575.1 166.904
3.5 0.525 546.598 1.61161 12.343 0.192798 0.654591 0.065639 12536.5 164.271
3.51 0.5265 548.438 1.61572 12.339 0.193352 0.650012 0.0656117 12511 161.864
3.52 0.528 550.281 1.6198 12.335 0.193903 0.651008 0.0653202 12435.2 158.866
3.53 0.5295 552.126 1.62386 12.331 0.194452 0.65003 0.0651237 12377.7 156.165
3.54 0.531 553.973 1.6279 12.327 0.194999 0.656588 0.0645755 12253.7 152.692
3.55 0.5325 555.823 1.63191 12.323 0.195542 0.657642 0.0642886 12179.4 149.913
3.56 0.534 557.675 1.6359 12.319 0.196084 0.658422 0.0640162 12108.1 147.226
3.57 0.5355 559.529 1.63986 12.315 0.196623 0.661332 0.063648 12019 144.384
3.58 0.537 561.385 1.6438 12.311 0.19716 0.662373 0.063368 11946.7 141.804
3.59 0.5385 563.244 1.64772 12.307 0.197694 0.657417 0.063363 11926.3 139.887
3.6 0.54 565.105 1.65161 12.303 0.198225 0.662591 0.0628987 11819.7 137.011
3.61 0.5415 566.968 1.65548 12.299 0.198754 0.657788 0.0628877 11798.5 135.173
3.62 0.543 568.834 1.65933 12.295 0.199281 0.666326 0.0622781 11665.1 132.103
3.63 0.5445 570.702 1.66315 12.291 0.199805 0.667865 0.061986 11591.5 129.767
3.64 0.546 572.572 1.66695 12.287 0.200327 0.666887 0.0618076 11539.4 127.718
3.65 0.5475 574.445 1.67073 12.283 0.200846 0.669623 0.0614666 11457 125.381
3.66 0.549 576.32 1.67448 12.279 0.201363 0.674777 0.0610226 11355.8 122.885
3.67 0.5505 578.197 1.67821 12.275 0.201877 0.666438 0.0611703 11364.7 121.622
3.68 0.552 580.077 1.68192 12.271 0.202389 0.677736 0.0604641 11215.2 118.705
3.69 0.5535 581.959 1.6856 12.266 0.202915 0.668298 0.0606518 11227.1 117.538
3.7 0.555 583.843 1.68927 12.262 0.203423 0.679484 0.059959 11080.8 114.754
3.71 0.5565 585.73 1.6929 12.258 0.203927 0.67112 0.0601068 11090 113.621
3.72 0.558 587.619 1.69652 12.254 0.204429 0.682535 0.0594129 10944.1 110.937
3.73 0.5595 589.51 1.70011 12.25 0.204929 0.683223 0.0591781 10883.1 109.158
3.74 0.561 591.404 1.70368 12.245 0.205443 0.674364 0.0593389 10890.4 108.091
3.75 0.5625 593.3 1.70722 12.241 0.205938 0.681765 0.0588249 10778.4 105.874
3.76 0.564 595.199 1.71075 12.237 0.206431 0.687011 0.0584051 10684.1 103.869
3.77 0.5655 597.1 1.71425 12.233 0.206921 0.678797 0.0585452 10692.2 102.891
3.78 0.567 599.003 1.71773 12.228 0.207426 0.679266 0.0583194 10629.2 101.253
3.79 0.5685 600.908 1.72119 12.224 0.207911 0.686759 0.0578141 10519.9 99.209
3.8 0.57 602.816 1.72463 12.22 0.208395 0.688233 0.0575587 10456.3 97.6311
3.81 0.5715 604.727 1.72804 12.216 0.208875 0.689756 0.0573031 10392.8 96.0839
3.82 0.573 606.64 1.73143 12.211 0.209371 0.696434 0.0568354 10286.9 94.1779
3.83 0.5745 608.555 1.7348 12.207 0.209847 0.697983 0.0565838 10224.6 92.7024
3.84 0.576 610.472 1.73814 12.203 0.21032 0.699609 0.0563309 10162.3 91.2534
3.85 0.5775 612.392 1.74147 12.198 0.210809 0.700489 0.0561025 10100.3 89.8348
3.86 0.579 614.315 1.74477 12.194 0.211278 0.695942 0.0560963 10082.7 88.8315
3.87 0.5805 616.239 1.74805 12.19 0.211745 0.697787 0.055839 10020 87.454
3.88 0.582 618.167 1.75131 12.185 0.212227 0.698639 0.0556156 9959.44 86.1197
3.89 0.5835 620.096 1.75455 12.181 0.212689 0.700762 0.0553514 9895.87 84.7839
3.9 0.585 622.028 1.75777 12.177 0.213149 0.706145 0.0549632 9810.34 83.2844
3.91 0.5865 623.963 1.76096 12.172 0.213624 0.702921 0.0549021 9779.33 82.2708
3.92 0.588 625.9 1.76414 12.168 0.21408 0.704753 0.0546545 9719.24 81.0324
3.93 0.5895 627.839 1.76729 12.163 0.21455 0.706077 0.0544213 9657.91 79.8059
3.94 0.591 629.781 1.77042 12.159 0.215001 0.711788 0.0540307 9572.84 78.4062
3.95 0.5925 631.725 1.77353 12.155 0.215449 0.715468 0.0537199 9502.13 77.147
3.96 0.594 633.671 1.77662 12.15 0.215913 0.710248 0.0537378 9485.76 76.3467
3.97 0.5955 635.62 1.77968 12.146 0.216357 0.716615 0.0533302 9398.32 74.9935
3.98 0.597 637.572 1.78273 12.141 0.216817 0.71938 0.0530529 9330.22 73.816
3.99 0.5985 639.526 1.78576 12.137 0.217257 0.715219 0.0530396 9312.53 73.0538
4 0.6 641.482 1.78876 12.132 0.217712 0.722473 0.0526006 9216.44 71.695
4.01 0.6015 643.441 1.79175 12.128 0.218147 0.712195 0.0528122 9238.27 71.2677
4.02 0.603 645.402 1.79471 12.123 0.218598 0.725209 0.0521678 9106.75 69.6754
4.03 0.6045 647.366 1.79765 12.119 0.219029 0.715113 0.0523719 9127.3 69.2624
4.04 0.606 649.332 1.80058 12.114 0.219476 0.728537 0.05172 8995.11 67.7071
4.05 0.6075 651.301 1.80348 12.11 0.219902 0.718209 0.0519314 9016.98 67.3272
4.06 0.609 653.272 1.80636 12.105 0.220345 0.73188 0.051278 8885.17 65.815
4.07 0.6105 655.246 1.80923 12.101 0.220767 0.731485 0.0511361 8845.95 65.0079
4.08 0.612 657.222 1.81207 12.096 0.221205 0.729007 0.0510617 8814.85 64.2728
4.09 0.6135 659.2 1.81489 12.092 0.221623 0.736831 0.0506329 8726.37 63.1342
4.1 0.615 661.181 1.81769 12.087 0.222057 0.726151 0.0508474 8745.24 62.7845
4.11 0.6165 663.165 1.82048 12.083 0.222471 0.734415 0.0504069 8655.15 61.6642
4.12 0.618 665.151 1.82324 12.078 0.222901 0.741635 0.0500001 8567.55 60.5788
4.13 0.6195 667.14 1.82599 12.074 0.22331 0.735473 0.0500638 8564.27 60.1022
4.14 0.621 669.131 1.82871 12.069 0.223736 0.738838 0.0497933 8500.37 59.2103
4.15 0.6225 671.124 1.83142 12.064 0.22416 0.745927 0.0493983 8415.49 58.1877
4.16 0.624 673.12 1.8341 12.06 0.224563 0.748433 0.0491685 8362.46 57.3986
4.17 0.6255 675.119 1.83677 12.055 0.224983 0.743512 0.0491844 8347.83 56.8836
4.18 0.627 677.12 1.83942 12.051 0.225382 0.749915 0.048826 8273.26 55.9708
4.19 0.6285 679.123 1.84204 12.046 0.225798 0.747004 0.0487753 8247.54 55.4
4.2 0.63 681.129 1.84465 12.041 0.226212 0.748199 0.0485879 8198.82 54.6843
4.21 0.6315 683.138 1.84725 12.037 0.226605 0.756771 0.0481643 8113.85 53.7391
4.22 0.633 685.149 1.84982 12.032 0.227015 0.758089 0.0479765 8065.45 53.0479
4.23 0.6345 687.162 1.85237 12.028 0.227404 0.754011 0.0479737 8051.57 52.5927
4.24 0.636 689.178 1.85491 12.023 0.22781 0.75539 0.0477857 8003.37 51.9215
4.25 0.6375 691.197 1.85742 12.018 0.228213 0.763274 0.0473879 7920.25 51.0353
4.26 0.639 693.218 1.85992 12.014 0.228596 0.765423 0.0471852 7873.26 50.3928
4.27 0.6405 695.242 1.8624 12.009 0.228996 0.767059 0.046994 7825.05 49.7516
4.28 0.642 697.268 1.86486 12.005 0.229375 0.769002 0.0468008 7779.92 49.1392
4.29 0.6435 699.297 1.8673 12 0.229772 0.770537 0.0466155 7732.99 48.5241
4.3 0.645 701.328 1.86973 11.995 0.230166 0.771986 0.0464342 7686.87 47.9225
4.31 0.6465 703.362 1.87214 11.991 0.230539 0.7743 0.0462334 7640.88 47.3304
4.32 0.648 705.398 1.87453 11.986 0.23093 0.775853 0.0460514 7594.95 46.7468
4.33 0.6495 707.437 1.8769 11.981 0.231319 0.777626 0.0458638 7548.24 46.1664
4.34 0.651 709.478 1.87925 11.977 0.231686 0.773456 0.045869 7536.51 45.8067
4.35 0.6525 711.522 1.88159 11.972 0.232071 0.77469 0.0456999 7493.05 45.2605
4.36 0.654 713.569 1.88391 11.967 0.232454 0.776786 0.0455052 7445.58 44.6977
4.37 0.6555 715.618 1.88621 11.963 0.232816 0.785208 0.0451242 7370.91 43.9799
4.38 0.657 717.67 1.88849 11.958 0.233195 0.786587 0.0449552 7327.96 43.46
4.39 0.6585 719.724 1.89076 11.953 0.233573 0.787875 0.04479 7285.78 42.9512
4.4 0.66 721.78 1.89301 11.949 0.233929 0.791109 0.0445735 7238.44 42.4192
4.41 0.6615 723.84 1.89525 11.944 0.234303 0.792594 0.0444049 7195.99 41.9227
4.42 0.663 725.902 1.89746 11.939 0.234675 0.789218 0.0443832 7177.43 41.571
4.43 0.6645 727.966 1.89966 11.935 0.235026 0.796069 0.0440624 7113.62 40.9634
4.44 0.666 730.033 1.90184 11.93 0.235395 0.797889 0.0438872 7070.51 40.482
4.45 0.6675 732.103 1.90401 11.925 0.235762 0.799775 0.0437113 7027.42 40.007
4.46 0.669 734.175 1.90616 11.92 0.236127 0.789863 0.0438846 7040.51 39.8559
4.47 0.6705 736.25 1.90829 11.916 0.23647 0.80332 0.0433762 6947.27 39.1089
4.48 0.672 738.327 1.91041 11.911 0.236832 0.805289 0.0432014 6904.77 38.6548
4.49 0.6735 740.407 1.91251 11.906 0.237192 0.802025 0.04318 6886.88 38.3435
4.5 0.675 742.489 1.91459 11.902 0.23753 0.809177 0.0428633 6824.89 37.792
4.51 0.6765 744.574 1.91666 11.897 0.237887 0.810691 0.0427052 6785.44 37.3713
4.52 0.678 746.662 1.91871 11.892 0.238241 0.808237 0.0426619 6764.34 37.0563
4.53 0.6795 748.752 1.92075 11.888 0.238575 0.814566 0.0423742 6707.43 36.5502
4.54 0.681 750.845 1.92277 11.883 0.238926 0.816812 0.0421986 6665.59 36.1319
4.55 0.6825 752.941 1.92477 11.878 0.239276 0.813809 0.0421726 6647.49 35.8464
4.56 0.684 755.039 1.92676 11.873 0.239624 0.819587 0.0418991 6590.48 35.3561
4.57 0.6855 757.139 1.92873 11.869 0.23995 0.822543 0.0417132 6550.2 34.9606
4.58 0.687 759.243 1.93069 11.864 0.240295 0.824393 0.0415532 6511.34 34.5774
4.59 0.6885 761.348 1.93263 11.859 0.240638 0.825752 0.0414079 6474.92 34.2116
4.6 0.69 763.457 1.93456 11.855 0.240959 0.823975 0.0413567 6456.02 33.9422
4.61 0.6915 765.568 1.93647 11.85 0.241299 0.829989 0.0410845 6400.01 33.4819
4.62 0.693 767.682 1.93837 11.845 0.241637 0.827335 0.0410524 6381.53 33.2222
4.63 0.6945 769.798 1.94025 11.84 0.241974 0.833514 0.0407788 6325.62 32.7719
4.64 0.696 771.917 1.94212 11.836 0.242289 0.837815 0.0405646 6281.77 32.3885
4.65 0.6975 774.038 1.94397 11.831 0.242622 0.837891 0.0404602 6252.38 32.0839
4.66 0.699 776.162 1.9458 11.826 0.242954 0.841263 0.0402674 6209.45 31.7134
4.67 0.7005 778.289 1.94763 11.822 0.243263 0.842162 0.0401487 6180.69 31.4192
4.68 0.702 780.419 1.94943 11.817 0.243592 0.845724 0.0399533 6137.61 31.0558
4.69 0.7035 782.551 1.95123 11.812 0.24392 0.845483 0.0398604 6110.4 30.7764
4.7 0.705 784.685 1.953 11.807 0.244245 0.849172 0.039664 6067.43 30.4211
4.71 0.7065 786.822 1.95477 11.803 0.244549 0.849817 0.0395555 6040.59 30.1501
4.72 0.708 788.962 1.95652 11.798 0.244871 0.847099 0.0395299 6023.91 29.9327
4.73 0.7095 791.105 1.95825 11.793 0.245192 0.853342 0.0392694 5971.54 29.5412
4.74 0.711 793.25 1.95997 11.788 0.245512 0.850302 0.0392532 5956.43 29.3373
4.75 0.7125 795.398 1.96168 11.784 0.245809 0.86432 0.0387999 5877.66 28.8235
4.76 0.714 797.548 1.96337 11.779 0.246126 0.859531 0.0388302 5869.78 28.6611
4.77 0.7155 799.701 1.96505 11.774 0.246441 0.862753 0.0386537 5830.72 28.3488
4.78 0.717 801.857 1.96672 11.77 0.246734 0.863772 0.0385412 5803.87 28.0991
4.79 0.7185 804.015 1.96837 11.765 0.247046 0.867842 0.0383452 5762.11 27.78
4.8 0.72 806.176 1.97001 11.76 0.247357 0.867534 0.038262 5737.39 27.546
4.81 0.7215 808.34 1.97163 11.755 0.247666 0.868809 0.0381391 5706.82 27.2865
4.82 0.723 810.506 1.97325 11.751 0.247953 0.880691 0.0377557 5639.84 26.8563
4.83 0.7245 812.675 1.97484 11.746 0.248259 0.873001 0.0378604 5643.47 26.7651
4.84 0.726 814.847 1.97643 11.741 0.248564 0.870743 0.0378285 5626.72 26.5789
4.85 0.7275 817.021 1.978 11.736 0.248868 0.877264 0.0375775 5577.49 26.2418
4.86 0.729 819.198 1.97956 11.732 0.249149 0.879616 0.037438 5547.32 25.9973
4.87 0.7305 821.377 1.9811 11.727 0.249449 0.883212 0.0372625 5509.57 25.7199
4.88 0.732 823.56 1.98263 11.722 0.249749 0.883473 0.0371704 5484.24 25.5029
4.89 0.7335 825.745 1.98415 11.718 0.250026 0.885738 0.0370357 5455.05 25.2701
4.9 0.735 827.932 1.98566 11.713 0.250322 0.896908 0.0366784 5390.91 24.8784
4.91 0.7365 830.122 1.98715 11.708 0.250617 0.889486 0.0367758 5393.7 24.7979
4.92 0.738 832.315 1.98863 11.703 0.250911 0.890952 0.036657 5364.8 24.5733
4.93 0.7395 834.511 1.9901 11.699 0.251182 0.902985 0.03629 5302.01 24.1963
4.94 0.741 836.709 1.99156 11.694 0.251474 0.895693 0.036384 5304.4 24.1188
4.95 0.7425 838.91 1.993 11.689 0.251764 0.897307 0.0362639 5275.6 23.9012
4.96 0.744 841.113 1.99443 11.685 0.252031 0.90207 0.0360754 5239.2 23.6512
4.97 0.7455 843.32 1.99585 11.68 0.252318 0.904205 0.0359447 5209.06 23.4317
4.98 0.747 845.529 1.99726 11.675 0.252604 0.903643 0.0358786 5188.37 23.2565
4.99 0.7485 847.74 1.99865 11.671 0.252867 0.905732 0.0357563 5161.83 23.057
5 0.75 849.954 2.00004 11.666 0.25315 0.910366 0.035569 5123.79 22.8081
5.01 0.7515 852.171 2.00141 11.661 0.253432 0.910153 0.0354964 5102.39 22.6352
5.02 0.753 854.391 2.00276 11.656 0.253713 0.911712 0.0353828 5075.17 22.4382
5.03 0.7545 856.613 2.00411 11.652 0.253971 0.909781 0.0353571 5062.79 22.3084
5.04 0.756 858.838 2.00545 11.647 0.254249 0.918159 0.0350866 5013.28 22.0167
5.05 0.7575 861.066 2.00677 11.642 0.254526 0.91789 0.0350174 4992.67 21.854
5.06 0.759 863.296 2.00808 11.638 0.25478 0.920271 0.0348937 4966.49 21.6685
5.07 0.7605 865.529 2.00938 11.633 0.255054 0.924742 0.034717 4930.73 21.443
5.08 0.762 867.765 2.01067 11.628 0.255328 0.92649 0.0346035 4904.06 21.2588
5.09 0.7635 870.004 2.01195 11.624 0.255578 0.92689 0.0345272 4884.84 21.1083
5.1 0.765 872.245 2.01321 11.619 0.255849 0.935371 0.0342626 4836.99 20.8359
5.11 0.7665 874.489 2.01447 11.614 0.256118 0.933023 0.0342439 4823.94 20.7151
5.12 0.768 876.735 2.01571 11.61 0.256365 0.935176 0.0341299 4799.61 20.5472
5.13 0.7695 878.984 2.01694 11.605 0.256632 0.935092 0.0340608 4779.6 20.3991
5.14 0.771 881.236 2.01816 11.6 0.256898 0.943489 0.0338031 4733.22 20.1401
5.15 0.7725 883.491 2.01937 11.596 0.257141 0.939153 0.0338356 4729.62 20.0645
5.16 0.774 885.748 2.02057 11.591 0.257404 0.943162 0.0336773 4697.34 19.8685
5.17 0.7755 888.008 2.02176 11.586 0.257667 0.944961 0.0335687 4672.11 19.7037
5.18 0.777 890.271 2.02294 11.582 0.257906 0.945493 0.0334944 4653.72 19.5691
5.19 0.7785 892.536 2.02411 11.577 0.258166 0.947601 0.0333802 4627.85 19.4043
5.2 0.78 894.805 2.02526 11.572 0.258426 0.951682 0.0332236 4596.2 19.2167
5.21 0.7815 897.075 2.02641 11.568 0.258661 0.953999 0.0331121 4572.87 19.0651
5.22 0.783 899.349 2.02754 11.563 0.258918 0.955163 0.0330205 4550.37 18.9182
5.23 0.7845 901.625 2.02867 11.558 0.259174 0.962521 0.0327958 4509.64 18.697
5.24 0.786 903.904 2.02978 11.554 0.259406 0.958186 0.0328296 4506.48 18.6326
5.25 0.7875 906.186 2.03089 11.549 0.25966 0.961949 0.0326838 4476.77 18.4595
5.26 0.789 908.47 2.03198 11.544 0.259912 0.963397 0.0325884 4454.05 18.3164
5.27 0.7905 910.758 2.03307 11.54 0.260141 0.966012 0.0324743 4430.77 18.1722
5.28 0.792 913.048 2.03414 11.535 0.260391 0.973055 0.0322614 4392.2 17.9665
5.29 0.7935 915.34 2.0352 11.531 0.260617 0.968612 0.0322982 4389.59 17.9089
5.3 0.795 917.635 2.03626 11.526 0.260866 0.972754 0.0321481 4359.72 17.7411
5.31 0.7965 919.933 2.0373 11.521 0.261113 0.97426 0.0320543 4337.58 17.6058
5.32 0.798 922.234 2.03834 11.517 0.261336 0.976922 0.0319425 4314.95 17.4696
5.33 0.7995 924.538 2.03936 11.512 0.261581 0.983743 0.0317391 4278.18 17.2772
5.34 0.801 926.844 2.04038 11.507 0.261825 0.97799 0.0317979 4276.81 17.2288
5.35 0.8025 929.153 2.04138 11.503 0.262045 0.980532 0.0316903 4254.93 17.0985
5.36 0.804 931.465 2.04238 11.498 0.262287 0.984467 0.0315489 4226.74 16.9439
5.37 0.8055 933.779 2.04336 11.494 0.262504 0.987385 0.0314348 4204.15 16.8127
5.38 0.807 936.096 2.04434 11.489 0.262744 0.995947 0.0312004 4163.73 16.6113
5.39 0.8085 938.416 2.04531 11.484 0.262983 0.988919 0.0312854 4165.99 16.5811
5.4 0.81 940.739 2.04626 11.48 0.263198 0.991314 0.0311838 4145.23 16.4599
5.41 0.8115 943.064 2.04721 11.475 0.263435 0.995161 0.0310476 4118.15 16.3145
5.42 0.813 945.392 2.04815 11.471 0.263647 0.997939 0.0309395 4096.66 16.1922
5.43 0.8145 947.723 2.04908 11.466 0.263882 1.00651 0.0307099 4057.41 16.0007
5.44 0.816 950.056 2.05 11.462 0.264093 1.00026 0.0307844 4060.17 15.9756
5.45 0.8175 952.393 2.05092 11.457 0.264326 1.00153 0.0307026 4040.54 15.863
5.46 0.819 954.732 2.05182 11.452 0.264558 1.00325 0.0306121 4019.85 15.7471
5.47 0.8205 957.073 2.05271 11.448 0.264765 1.00845 0.0304584 3992.69 15.6067
5.48 0.822 959.418 2.0536 11.443 0.264995 1.01697 0.0302348 3954.73 15.425
5.49 0.8235 961.765 2.05447 11.439 0.265201 1.0123 0.0302778 3953.44 15.3871
5.5 0.825 964.115 2.05534 11.434 0.265429 1.01172 0.030235 3939.23 15.2994
5.51 0.8265 966.468 2.0562 11.43 0.265633 1.01473 0.030127 3918.3 15.1864
5.52 0.828 968.823 2.05705 11.425 0.265859 1.02342 0.0299035 3880.73 15.0097
5.53 0.8295 971.182 2.05789 11.421 0.266061 1.02134 0.0298963 3873.01 14.9492
5.54 0.831 973.543 2.05873 11.416 0.266285 1.02986 0.0296781 3836.33 14.7777
5.55 0.8325 975.906 2.05955 11.412 0.266485 1.02569 0.029712 3834 14.7392
5.56 0.834 978.273 2.06037 11.407 0.266708 1.02485 0.0296759 3820.96 14.66
5.57 0.8355 980.642 2.06118 11.403 0.266906 1.02719 0.0295845 3802.51 14.5606
5.58 0.837 983.014 2.06198 11.398 0.267127 1.03601 0.0293637 3765.87 14.3923
5.59 0.8385 985.389 2.06277 11.393 0.267347 1.03996 0.0292374 3741.44 14.2716
5.6 0.84 987.766 2.06355 11.389 0.267542 1.03573 0.0292728 3739.41 14.2368
5.61 0.8415 990.147 2.06433 11.384 0.26776 1.03697 0.0291987 3721.76 14.143
5.62 0.843 992.53 2.0651 11.38 0.267954 1.03766 0.0291408 3707.87 14.064
5.63 0.8445 994.916 2.06586 11.376 0.268147 1.03979 0.0290561 3690.59 13.9728
5.64 0.846 997.304 2.06661 11.371 0.268362 1.04396 0.028928 3666.26 13.8554
5.65 0.8475 999.695 2.06735 11.366 0.268577 1.05271 0.0287149 3631.25 13.6985
5.66 0.849 1002.09 2.06809 11.362 0.268767 1.04812 0.0287574 3630.23 13.6703
5.67 0.8505 1004.49 2.06881 11.358 0.268956 1.05031 0.0286736 3613.28 13.5825
5.68 0.852 1006.89 2.06953 11.353 0.269169 1.04998 0.0286315 3600.05 13.5093
5.69 0.8535 1009.29 2.07025 11.349 0.269356 1.05226 0.0285466 3583.06 13.4224
5.7 0.855 1011.69 2.07095 11.344 0.269567 1.0637 0.0282878 3542.75 13.2488
5.71 0.8565 1014.1 2.07165 11.34 0.269752 1.05857 0.0283406 3543.11 13.2279
5.72 0.858 1016.51 2.07234 11.335 0.269961 1.0604 0.0282601 3525.27 13.1394
5.73 0.8595 1018.93 2.07302 11.331 0.270145 1.06279 0.028175 3508.46 13.0552
5.74 0.861 1021.34 2.07369 11.326 0.270353 1.06233 0.028137 3496 12.9877
5.75 0.8625 1023.76 2.07436 11.322 0.270535 1.07901 0.0277932 3447.19 12.7858
5.76 0.864 1026.18 2.07502 11.317 0.270741 1.06898 0.0279297 3456.47 12.7999
5.77 0.8655 1028.61 2.07567 11.313 0.270922 1.07112 0.0278507 3440.62 12.7211
5.78 0.867 1031.03 2.07632 11.309 0.271102 1.0734 0.0277699 3424.57 12.6422
5.79 0.8685 1033.46 2.07696 11.304 0.271305 1.07254 0.0277406 3413.4 12.5816
5.8 0.87 1035.9 2.07759 11.3 0.271484 1.08963 0.027395 3364.92 12.384
5.81 0.8715 1038.33 2.07821 11.295 0.271685 1.08682 0.0274014 3358.27 12.341
5.82 0.873 1040.77 2.07883 11.291 0.271862 1.08178 0.0274528 3358.61 12.324
5.83 0.8745 1043.21 2.07944 11.287 0.272038 1.08394 0.0273761 3343.29 12.2498
5.84 0.876 1045.66 2.08004 11.282 0.272238 1.08505 0.027313 3328.21 12.1769
5.85 0.8775 1048.1 2.08064 11.278 0.272412 1.09311 0.0271327 3300.38 12.0578
5.86 0.879 1050.55 2.08123 11.273 0.27261 1.08971 0.02715 3295.17 12.0217
5.87 0.8805 1053 2.08181 11.269 0.272784 1.09214 0.0270699 3279.62 11.9482
5.88 0.882 1055.46 2.08239 11.265 0.272956 1.09425 0.0269958 3264.84 11.878
5.89 0.8835 1057.92 2.08295 11.26 0.273152 1.09552 0.0269316 3249.86 11.8073
5.9 0.885 1060.38 2.08352 11.256 0.273322 1.10325 0.0267604 3223.47 11.6957
5.91 0.8865 1062.84 2.08407 11.252 0.273493 1.1013 0.0267582 3217.48 11.6584
5.92 0.888 1065.31 2.08462 11.247 0.273686 1.10246 0.0266968 3202.98 11.5906
5.93 0.8895 1067.78 2.08516 11.243 0.273855 1.10451 0.0266256 3188.75 11.5241
5.94 0.891 1070.25 2.0857 11.238 0.274047 1.10557 0.0265667 3174.63 11.4583
5.95 0.8925 1072.72 2.08623 11.234 0.274214 1.12071 0.0262718 3133.81 11.2966
5.96 0.894 1075.2 2.08675 11.23 0.274381 1.11129 0.0263981 3143.27 11.3165
5.97 0.8955 1077.68 2.08727 11.225 0.274571 1.11239 0.0263394 3129.31 11.2523
5.98 0.897 1080.16 2.08778 11.221 0.274736 1.11476 0.0262644 3114.84 11.1866
5.99 0.8985 1082.65 2.08828 11.217 0.2749 1.1222 0.0261038 3090.28 11.085
6 0.9 1085.14 2.08878 11.212 0.275088 1.11856 0.0261263 3086.05 11.0567
6.01 0.9015 1087.63 2.08927 11.208 0.275251 1.12109 0.0260496 3071.51 10.9917
6.02 0.903 1090.12 2.08976 11.204 0.275413 1.12352 0.0259751 3057.26 10.928
6.03 0.9045 1092.62 2.09024 11.2 0.275575 1.13292 0.0257839 3029.35 10.8158
6.04 0.906 1095.12 2.09071 11.195 0.27576 1.13211 0.0257595 3019.73 10.7693
6.05 0.9075 1097.62 2.09118 11.191 0.275921 1.12971 0.0257667 3015.19 10.7411
6.06 0.909 1100.13 2.09164 11.187 0.27608 1.1315 0.0257042 3002.49 10.6841
6.07 0.9105 1102.63 2.09209 11.182 0.276264 1.1404 0.0255188 2974.19 10.5718
6.08 0.912 1105.15 2.09254 11.178 0.276422 1.14066 0.0254824 2964.64 10.5266
6.09 0.9135 1107.66 2.09299 11.174 0.276579 1.1379 0.0254962 2960.93 10.5023
6.1 0.915 1110.18 2.09342 11.17 0.276736 1.14017 0.0254268 2947.6 10.4441
6.11 0.9165 1112.69 2.09385 11.165 0.276917 1.14864 0.0252511 2920.68 10.338
6.12 0.918 1115.22 2.09428 11.161 0.277073 1.14898 0.0252143 2911.21 10.294
6.13 0.9195 1117.74 2.0947 11.157 0.277228 1.14627 0.0252274 2907.51 10.2706
6.14 0.921 1120.27 2.09512 11.153 0.277382 1.14869 0.025157 2894.2 10.2135
6.15 0.9225 1122.8 2.09552 11.148 0.277561 1.15664 0.0249921 2868.78 10.1139
6.16 0.924 1125.33 2.09593 11.144 0.277714 1.15708 0.0249545 2859.34 10.0709
6.17 0.9255 1127.87 2.09633 11.14 0.277866 1.15455 0.0249651 2855.43 10.0476
6.18 0.927 1130.41 2.09672 11.136 0.278018 1.15651 0.0249033 2843.24 9.99538
6.19 0.9285 1132.95 2.0971 11.131 0.278194 1.16532 0.0247266 2816.74 9.8931
6.2 0.93 1135.49 2.09749 11.127 0.278345 1.16517 0.0246994 2808.58 9.85548
6.21 0.9315 1138.04 2.09786 11.123 0.278495 1.16225 0.0247166 2805.49 9.83581
6.22 0.933 1140.59 2.09823 11.119 0.278644 1.17226 0.0245275 2779.03 9.73444
6.23 0.9345 1143.14 2.0986 11.115 0.278793 1.1645 0.024622 2784.72 9.7459
6.24 0.936 1145.7 2.09896 11.11 0.278966 1.16841 0.0245257 2767.6 9.67767
6.25 0.9375 1148.26 2.09931 11.106 0.279114 1.16988 0.0244736 2756.75 9.63161
6.26 0.939 1150.82 2.09966 11.102 0.279261 1.17975 0.024289 2731.04 9.53383
6.27 0.9405 1153.38 2.10001 11.098 0.279408 1.18007 0.0242557 2722.38 9.49581
6.28 0.942 1155.95 2.10034 11.094 0.279553 1.17673 0.02428 2720.19 9.48054
6.29 0.9435 1158.52 2.10068 11.089 0.279724 1.18541 0.0241109 2695.17 9.38588
6.3 0.945 1161.09 2.10101 11.085 0.279869 1.17841 0.0241926 2699.43 9.39333
6.31 0.9465 1163.67 2.10133 11.081 0.280013 1.18246 0.0241016 2684.42 9.33393
6.32 0.948 1166.25 2.10165 11.077 0.280156 1.19182 0.0239283 2660.32 9.2431
6.33 0.9495 1168.83 2.10196 11.073 0.280299 1.18672 0.0239803 2661.28 9.23957
6.34 0.951 1171.41 2.10227 11.069 0.280442 1.18934 0.0239124 2648.97 9.19004
6.35 0.9525 1174 2.10258 11.065 0.280584 1.1985 0.0237438 2625.54 9.1022
6.36 0.954 1176.59 2.10287 11.06 0.280751 1.19216 0.02381 2626.91 9.10047
6.37 0.9555 1179.18 2.10317 11.056 0.280891 1.19981 0.0236656 2606.27 9.02265
6.38 0.957 1181.77 2.10346 11.052 0.281032 1.19621 0.0236944 2604.72 9.01111
6.39 0.9585 1184.37 2.10374 11.048 0.281172 1.19881 0.0236282 2592.75 8.96361
6.4 0.96 1186.97 2.10402 11.044 0.281311 1.20586 0.0234944 2573.4 8.8908
6.41 0.9615 1189.58 2.1043 11.04 0.28145 1.20296 0.0235125 2570.72 8.87575
6.42 0.963 1192.18 2.10457 11.036 0.281588 1.20541 0.0234493 2559.17 8.8302
6.43 0.9645 1194.79 2.10483 11.032 0.281725 1.21211 0.0233222 2540.69 8.76089
6.44 0.966 1197.4 2.10509 11.028 0.281863 1.21669 0.0232275 2525.79 8.70411
6.45 0.9675 1200.02 2.10535 11.024 0.281999 1.21143 0.0232815 2527.08 8.70325
6.46 0.969 1202.63 2.1056 11.019 0.282161 1.21266 0.023233 2516.1 8.66026
6.47 0.9705 1205.26 2.10585 11.015 0.282296 1.22158 0.0230741 2494.35 8.58037
6.48 0.972 1207.88 2.10609 11.011 0.282432 1.21667 0.0231227 2495.07 8.5779
6.49 0.9735 1210.5 2.10633 11.007 0.282566 1.21859 0.0230693 2484.79 8.53771
6.5 0.975 1213.13 2.10657 11.003 0.2827 1.22801 0.0229043 2462.54 8.45655
6.51 0.9765 1215.76 2.1068 10.999 0.282834 1.22999 0.0228505 2452.29 8.41678
6.52 0.978 1218.4 2.10702 10.995 0.282967 1.22472 0.0229044 2453.61 8.41682
6.53 0.9795 1221.04 2.10724 10.991 0.2831 1.22652 0.0228536 2443.72 8.37847
6.54 0.981 1223.68 2.10746 10.987 0.283232 1.23398 0.0227193 2424.95 8.30985
6.55 0.9825 1226.32 2.10767 10.983 0.283364 1.23824 0.0226328 2411.31 8.25897
6.56 0.984 1228.97 2.10788 10.979 0.283495 1.23284 0.0226885 2412.85 8.26017
6.57 0.9855 1231.61 2.10808 10.975 0.283626 1.23469 0.0226378 2403.07 8.22272
6.58 0.987 1234.26 2.10828 10.971 0.283756 1.24413 0.0224762 2381.57 8.14529
6.59 0.9885 1236.92 2.10848 10.967 0.283886 1.244 0.0224548 2374.98 8.11897
6.6 0.99 1239.58 2.10867 10.963 0.284015 1.24879 0.0223621 2360.86 8.06704
6.61 0.9915 1242.24 2.10886 10.959 0.284144 1.24221 0.0224347 2364.21 8.0749
6.62 0.993 1244.9 2.10904 10.955 0.284272 1.24514 0.0223692 2353.01 8.03318
6.63 0.9945 1247.56 2.10922 10.951 0.2844 1.25415 0.0222161 2332.64 7.96024
6.64 0.996 1250.23 2.10939 10.947 0.284528 1.25342 0.0222041 2327.12 7.93814
6.65 0.9975 1252.9 2.10956 10.943 0.284655 1.25825 0.0221122 2313.26 7.88766
6.66 0.999 1255.58 2.10973 10.939 0.284782 1.25228 0.0221757 2315.67 7.89273
6.67 1.001 1258.25 2.10989 10.935 0.284908 1.25469 0.0221189 2305.51 7.85508
6.68 1.002 1260.93 2.11005 10.931 0.285033 1.256 0.022078 2297.05 7.82329
6.69 1.004 1263.62 2.11021 10.927 0.285159 1.26313 0.0219541 2279.98 7.76231
6.7 1.005 1266.3 2.11036 10.923 0.285284 1.26742 0.0218712 2267.22 7.71608
6.71 1.007 1268.99 2.11051 10.919 0.285408 1.26902 0.0218269 2258.49 7.68368
6.72 1.008 1271.68 2.11065 10.915 0.285532 1.27143 0.0217713 2248.61 7.64748
6.73 1.01 1274.37 2.11079 10.911 0.285656 1.26531 0.0218366 2251.22 7.65381
6.74 1.011 1277.07 2.11093 10.907 0.285779 1.27532 0.0216738 2230.34 7.58039
6.75 1.013 1279.77 2.11106 10.904 0.285876 1.27047 0.0217255 2232.59 7.58565
6.76 1.014 1282.47 2.11119 10.9 0.285998 1.28022 0.0215672 2212.27 7.51431
6.77 1.016 1285.18 2.11131 10.896 0.28612 1.27402 0.0216334 2214.99 7.52132
6.78 1.017 1287.89 2.11143 10.892 0.286241 1.28131 0.0215103 2198.35 7.46266
6.79 1.019 1290.6 2.11155 10.888 0.286362 1.27754 0.0215423 2197.57 7.45795
6.8 1.02 1293.31 2.11167 10.884 0.286483 1.28502 0.0214173 2180.81 7.39908
6.81 1.022 1296.03 2.11178 10.88 0.286604 1.28148 0.0214462 2179.74 7.3935
6.82 1.023 1298.75 2.11188 10.876 0.286723 1.29097 0.0212939 2160.29 7.32567
6.83 1.025 1301.47 2.11199 10.872 0.286843 1.29273 0.0212494 2151.82 7.29516
6.84 1.026 1304.19 2.11209 10.869 0.286936 1.2953 0.0211983 2143.68 7.26583
6.85 1.028 1306.92 2.11218 10.865 0.287055 1.29743 0.021149 2134.76 7.23398
6.86 1.029 1309.65 2.11228 10.861 0.287173 1.29894 0.0211084 2126.74 7.2052
6.87 1.031 1312.39 2.11237 10.857 0.287291 1.30059 0.0210661 2118.57 7.17601
6.88 1.032 1315.12 2.11245 10.853 0.287409 1.30238 0.0210218 2110.23 7.1463
6.89 1.034 1317.86 2.11254 10.849 0.287526 1.30423 0.0209771 2101.86 7.11655
6.9 1.035 1320.6 2.11261 10.845 0.287643 1.30568 0.0209379 2094.07 7.08884
6.91 1.037 1323.35 2.11269 10.842 0.287733 1.30876 0.020881 2085.49 7.05854
6.92 1.038 1326.1 2.11276 10.838 0.287849 1.31023 0.0208418 2077.75 7.0311
6.93 1.04 1328.85 2.11283 10.834 0.287964 1.30474 0.0208972 2079.43 7.03564
6.94 1.041 1331.6 2.1129 10.83 0.28808 1.31363 0.0207577 2061.73 6.97467
6.95 1.043 1334.36 2.11296 10.826 0.288195 1.30833 0.0208103 2063.15 6.97842
6.96 1.044 1337.11 2.11302 10.823 0.288283 1.3159 0.0206937 2048.74 6.92872
6.97 1.046 1339.88 2.11308 10.819 0.288397 1.31272 0.0207178 2047.34 6.92304
6.98 1.047 1342.64 2.11313 10.815 0.288511 1.32686 0.0205092 2022.98 6.83983
6.99 1.049 1345.41 2.11318 10.811 0.288625 1.31599 0.0206364 2031.77 6.86871
7 1.05 1348.18 2.11323 10.807 0.288738 1.32512 0.0204957 2014.18 6.8085
7.01 1.052 1350.95 2.11327 10.804 0.288824 1.32045 0.0205441 2016.14 6.81442
7.02 1.053 1353.73 2.11331 10.8 0.288937 1.32942 0.0204062 1998.9 6.75549
7.03 1.055 1356.51 2.11335 10.796 0.289049 1.32346 0.0204674 2001.19 6.76262
7.04 1.056 1359.29 2.11339 10.792 0.289161 1.32563 0.0204204 1992.89 6.73404
7.05 1.058 1362.07 2.11342 10.789 0.289246 1.33492 0.0202835 1976.79 6.6791
7.06 1.059 1364.86 2.11345 10.785 0.289357 1.32973 0.0203344 1978.07 6.683
7.07 1.061 1367.65 2.11347 10.781 0.289468 1.34347 0.0201352 1955.07 6.60488
7.08 1.062 1370.44 2.1135 10.777 0.289578 1.33288 0.0202571 1963.26 6.63219
7.09 1.064 1373.24 2.11351 10.774 0.289662 1.34294 0.0201114 1946.43 6.57502
7.1 1.065 1376.04 2.11353 10.77 0.289771 1.33654 0.020178 1949.24 6.58428
7.11 1.067 1378.84 2.11355 10.766 0.289881 1.33871 0.020132 1941.19 6.55686
7.12 1.068 1381.64 2.11356 10.762 0.28999 1.35448 0.0199086 1916.09 6.4719
7.13 1.07 1384.45 2.11356 10.759 0.290072 1.34242 0.020053 1927.3 6.50964
7.14 1.071 1387.26 2.11357 10.755 0.290181 1.35207 0.0199101 1910.01 6.45115
7.15 1.073 1390.07 2.11357 10.751 0.290289 1.34541 0.0199797 1913.12 6.46164
7.16 1.074 1392.89 2.11357 10.748 0.29037 1.34842 0.0199277 1905.48 6.43584
7.17 1.076 1395.71 2.11357 10.744 0.290478 1.36473 0.0196997 1880.19 6.35044
7.18 1.077 1398.53 2.11356 10.74 0.290585 1.35126 0.019857 1891.67 6.38933
7.19 1.079 1401.36 2.11355 10.736 0.290692 1.36059 0.0197198 1875.11 6.3335
7.2 1.08 1404.18 2.11354 10.733 0.290772 1.36281 0.0196789 1868.6 6.3117
7.21 1.082 1407.01 2.11353 10.729 0.290878 1.35658 0.0197424 1871.14 6.3205
7.22 1.083 1409.85 2.11351 10.725 0.290985 1.36654 0.019598 1854 6.26284
7.23 1.085 1412.68 2.11349 10.722 0.291063 1.36061 0.0196618 1857.43 6.27472
7.24 1.086 1415.52 2.11347 10.718 0.291169 1.36237 0.019623 1850.31 6.25098
7.25 1.088 1418.36 2.11345 10.715 0.291247 1.3775 0.0194178 1828.4 6.17732
7.26 1.089 1421.21 2.11342 10.711 0.291352 1.36583 0.0195504 1837.46 6.20832
7.27 1.091 1424.05 2.11339 10.707 0.291457 1.36798 0.0195068 1829.93 6.18334
7.28 1.092 1426.9 2.11336 10.704 0.291534 1.38494 0.0192798 1806.11 6.10331
7.29 1.094 1429.76 2.11332 10.7 0.291638 1.37144 0.019435 1817.25 6.14146
7.3 1.095 1432.61 2.11328 10.696 0.291742 1.37308 0.0193982 1810.42 6.11893
7.31 1.097 1435.47 2.11324 10.693 0.291818 1.39052 0.0191665 1786.29 6.03795
7.32 1.098 1438.33 2.1132 10.689 0.291922 1.37693 0.0193221 1797.42 6.07619
7.33 1.1 1441.2 2.11316 10.685 0.292025 1.37842 0.0192877 1790.87 6.05468
7.34 1.101 1444.06 2.11311 10.682 0.2921 1.39553 0.0190614 1767.38 5.97593
7.35 1.103 1446.93 2.11306 10.678 0.292203 1.38196 0.0192161 1778.39 6.01387
7.36 1.104 1449.81 2.11301 10.675 0.292277 1.38451 0.0191728 1771.88 5.99263
7.37 1.106 1452.68 2.11295 10.671 0.292379 1.39856 0.018982 1750.96 5.92264
7.38 1.107 1455.56 2.11289 10.668 0.292454 1.38806 0.0191019 1759.55 5.9525
7.39 1.109 1458.44 2.11283 10.664 0.292555 1.38989 0.0190638 1752.75 5.93033
7.4 1.11 1461.32 2.11277 10.66 0.292656 1.39864 0.0189397 1738.09 5.88157
7.41 1.112 1464.21 2.11271 10.657 0.29273 1.40815 0.018811 1723.84 5.83427
7.42 1.113 1467.1 2.11264 10.653 0.29283 1.39465 0.0189634 1734.55 5.87142
7.43 1.115 1469.99 2.11257 10.65 0.292903 1.39743 0.018918 1727.96 5.85008
7.44 1.116 1472.89 2.1125 10.646 0.293003 1.41299 0.0187112 1705.86 5.77624
7.45 1.118 1475.79 2.11243 10.643 0.293076 1.40028 0.0188572 1716.76 5.81415
7.46 1.119 1478.69 2.11235 10.639 0.293176 1.40224 0.0188182 1709.99 5.79227
7.47 1.121 1481.59 2.11227 10.636 0.293247 1.40452 0.0187796 1704.08 5.77331
7.48 1.122 1484.5 2.11219 10.632 0.293346 1.42045 0.0185697 1681.87 5.69915
7.49 1.124 1487.41 2.11211 10.629 0.293418 1.40774 0.0187149 1692.62 5.73671
7.5 1.125 1490.32 2.11202 10.625 0.293516 1.40937 0.0186805 1686.33 5.71655
7.51 1.127 1493.24 2.11194 10.621 0.293615 1.41062 0.0186508 1680.48 5.6979
7.52 1.128 1496.16 2.11185 10.618 0.293685 1.42765 0.018433 1658.52 5.62463
7.53 1.13 1499.08 2.11176 10.614 0.293783 1.41367 0.0185889 1669.39 5.66272
7.54 1.131 1502 2.11166 10.611 0.293853 1.41612 0.0185489 1663.46 5.64383
7.55 1.133 1504.93 2.11157 10.607 0.293951 1.41764 0.0185162 1657.39 5.62453
7.56 1.134 1507.86 2.11147 10.604 0.29402 1.43486 0.0182979 1635.54 5.55166
7.57 1.136 1510.79 2.11137 10.601 0.29409 1.42958 0.0183517 1638.03 5.56143
7.58 1.137 1513.73 2.11127 10.597 0.294187 1.42299 0.0184173 1640.78 5.57212
7.59 1.139 1516.67 2.11116 10.594 0.294255 1.42563 0.0183755 1634.75 5.55299
7.6 1.14 1519.61 2.11106 10.59 0.294352 1.43928 0.0181976 1615.86 5.49022
7.61 1.142 1522.55 2.11095 10.587 0.29442 1.44405 0.0181308 1607.65 5.46373
7.62 1.143 1525.5 2.11084 10.583 0.294516 1.42975 0.0182885 1618.58 5.50229
7.63 1.145 1528.45 2.11073 10.58 0.294584 1.43218 0.0182498 1612.86 5.48431
7.64 1.146 1531.4 2.11061 10.576 0.294679 1.43348 0.0182205 1607.24 5.46667
7.65 1.148 1534.36 2.1105 10.573 0.294747 1.4503 0.0180104 1586.44 5.39744
7.66 1.149 1537.32 2.11038 10.569 0.294842 1.45158 0.0179819 1580.94 5.38023
7.67 1.151 1540.28 2.11026 10.566 0.294909 1.43877 0.0181248 1591.25 5.41684
7.68 1.152 1543.24 2.11014 10.563 0.294975 1.44095 0.0180895 1585.89 5.40016
7.69 1.154 1546.21 2.11001 10.559 0.29507 1.44254 0.0180572 1580.07 5.38192
7.7 1.155 1549.18 2.10989 10.556 0.295136 1.44464 0.0180229 1574.83 5.36567
7.71 1.157 1552.15 2.10976 10.552 0.29523 1.46011 0.0178271 1554.76 5.29892
7.72 1.158 1555.13 2.10963 10.549 0.295296 1.45501 0.017878 1556.99 5.30815
7.73 1.16 1558.1 2.1095 10.546 0.295361 1.4492 0.0179374 1559.95 5.31987
7.74 1.161 1561.08 2.10936 10.542 0.295455 1.45054 0.0179085 1554.48 5.30291
7.75 1.163 1564.07 2.10923 10.539 0.29552 1.45286 0.0178722 1549.12 5.28632
7.76 1.164 1567.06 2.10909 10.535 0.295613 1.45433 0.0178419 1543.56 5.26907
7.77 1.166 1570.05 2.10895 10.532 0.295677 1.47077 0.0176405 1523.97 5.20389
7.78 1.167 1573.04 2.10881 10.529 0.295742 1.47311 0.0176043 1518.68 5.18757
7.79 1.169 1576.03 2.10867 10.525 0.295834 1.46618 0.0176725 1521.67 5.19953
7.8 1.17 1579.03 2.10852 10.522 0.295898 1.4607 0.0177277 1524.25 5.21013
7.81 1.172 1582.03 2.10838 10.519 0.295962 1.4631 0.0176909 1518.91 5.19369
7.82 1.173 1585.04 2.10823 10.515 0.296054 1.46407 0.017667 1513.98 5.17863
7.83 1.175 1588.04 2.10808 10.512 0.296118 1.46674 0.0176271 1508.41 5.16142
7.84 1.176 1591.05 2.10793 10.509 0.296181 1.47392 0.0175352 1498.41 5.12903
7.85 1.178 1594.07 2.10778 10.505 0.296272 1.48401 0.0174062 1484.55 5.08344
7.86 1.179 1597.08 2.10762 10.502 0.296335 1.48604 0.0173744 1479.72 5.06879
7.87 1.181 1600.1 2.10746 10.498 0.296426 1.47941 0.0174386 1482.36 5.07972
7.88 1.182 1603.12 2.10731 10.495 0.296488 1.48166 0.0174042 1477.33 5.06435
7.89 1.184 1606.15 2.10715 10.492 0.296551 1.47611 0.0174597 1479.92 5.07518
7.9 1.185 1609.17 2.10698 10.488 0.296641 1.47732 0.0174334 1474.88 5.05984
7.91 1.187 1612.2 2.10682 10.485 0.296703 1.4793 0.0174024 1470.15 5.04556
7.92 1.188 1615.24 2.10666 10.482 0.296765 1.48107 0.0173737 1465.63 5.032
7.93 1.19 1618.27 2.10649 10.479 0.296826 1.48297 0.0173436 1461 5.01809
7.94 1.191 1621.31 2.10632 10.475 0.296916 1.48415 0.0173181 1456.06 5.00313
7.95 1.193 1624.35 2.10615 10.472 0.296977 1.4933 0.0172055 1444.53 4.96549
7.96 1.194 1627.39 2.10598 10.469 0.297038 1.49525 0.0171751 1439.91 4.95165
7.97 1.196 1630.44 2.10581 10.465 0.297127 1.50347 0.0170699 1428.36 4.91394
7.98 1.197 1633.49 2.10563 10.462 0.297188 1.50546 0.0170394 1423.77 4.90015
7.99 1.199 1636.54 2.10546 10.459 0.297248 1.50732 0.0170105 1419.31 4.88687
8 1.2 1639.6 2.10528 10.456 0.297308 1.50183 0.0170647 1421.8 4.89749
